
*** Running vivado
    with args -log bd_0_wrapper.vds -m64 -product Vivado -mode batch -messageDb vivado.pb -notrace -source bd_0_wrapper.tcl


****** Vivado v2019.1 (64-bit)
  **** SW Build 2552052 on Fri May 24 14:47:09 MDT 2019
  **** IP Build 2548770 on Fri May 24 18:01:18 MDT 2019
    ** Copyright 1986-2019 Xilinx, Inc. All Rights Reserved.

source bd_0_wrapper.tcl -notrace
INFO: [IP_Flow 19-234] Refreshing IP repositories
INFO: [IP_Flow 19-1700] Loaded user IP repository '/mnt/side_windows/UPSUD/A2/HLS/Kmeans_HLS/Kmeans_HLS/solution1/impl/ip'.
INFO: [IP_Flow 19-2313] Loaded Vivado IP repository '/mnt/side_windows/Vivado_linux/Vivado/2019.1/data/ip'.
Command: synth_design -top bd_0_wrapper -part xc7z010iclg225-1L -mode out_of_context
Starting synth_design
Attempting to get a license for feature 'Synthesis' and/or device 'xc7z010i'
INFO: [Common 17-349] Got license for feature 'Synthesis' and/or device 'xc7z010i'
INFO: [Device 21-403] Loading part xc7z010iclg225-1L
INFO: Launching helper process for spawning children vivado processes
INFO: Helper process launched with PID 14866 
---------------------------------------------------------------------------------
Starting RTL Elaboration : Time (s): cpu = 00:00:03 ; elapsed = 00:00:04 . Memory (MB): peak = 1683.812 ; gain = 152.715 ; free physical = 460 ; free virtual = 10288
---------------------------------------------------------------------------------
INFO: [Synth 8-638] synthesizing module 'bd_0_wrapper' [/mnt/side_windows/UPSUD/A2/HLS/Kmeans_HLS/Kmeans_HLS/solution1/impl/vhdl/project.srcs/sources_1/bd/bd_0/hdl/bd_0_wrapper.vhd:109]
INFO: [Synth 8-3491] module 'bd_0' declared at '/mnt/side_windows/UPSUD/A2/HLS/Kmeans_HLS/Kmeans_HLS/solution1/impl/vhdl/project.srcs/sources_1/bd/bd_0/synth/bd_0.vhd:14' bound to instance 'bd_0_i' of component 'bd_0' [/mnt/side_windows/UPSUD/A2/HLS/Kmeans_HLS/Kmeans_HLS/solution1/impl/vhdl/project.srcs/sources_1/bd/bd_0/hdl/bd_0_wrapper.vhd:205]
INFO: [Synth 8-638] synthesizing module 'bd_0' [/mnt/side_windows/UPSUD/A2/HLS/Kmeans_HLS/Kmeans_HLS/solution1/impl/vhdl/project.srcs/sources_1/bd/bd_0/synth/bd_0.vhd:113]
INFO: [Synth 8-3491] module 'bd_0_hls_inst_0' declared at '/mnt/side_windows/UPSUD/A2/HLS/Kmeans_HLS/Kmeans_HLS/solution1/impl/vhdl/project.runs/synth_1/.Xil/Vivado-14861-port/realtime/bd_0_hls_inst_0_stub.vhdl:5' bound to instance 'hls_inst' of component 'bd_0_hls_inst_0' [/mnt/side_windows/UPSUD/A2/HLS/Kmeans_HLS/Kmeans_HLS/solution1/impl/vhdl/project.srcs/sources_1/bd/bd_0/synth/bd_0.vhd:487]
INFO: [Synth 8-638] synthesizing module 'bd_0_hls_inst_0' [/mnt/side_windows/UPSUD/A2/HLS/Kmeans_HLS/Kmeans_HLS/solution1/impl/vhdl/project.runs/synth_1/.Xil/Vivado-14861-port/realtime/bd_0_hls_inst_0_stub.vhdl:101]
INFO: [Synth 8-256] done synthesizing module 'bd_0' (1#1) [/mnt/side_windows/UPSUD/A2/HLS/Kmeans_HLS/Kmeans_HLS/solution1/impl/vhdl/project.srcs/sources_1/bd/bd_0/synth/bd_0.vhd:113]
INFO: [Synth 8-256] done synthesizing module 'bd_0_wrapper' (2#1) [/mnt/side_windows/UPSUD/A2/HLS/Kmeans_HLS/Kmeans_HLS/solution1/impl/vhdl/project.srcs/sources_1/bd/bd_0/hdl/bd_0_wrapper.vhd:109]
---------------------------------------------------------------------------------
Finished RTL Elaboration : Time (s): cpu = 00:00:04 ; elapsed = 00:00:05 . Memory (MB): peak = 1740.531 ; gain = 209.434 ; free physical = 485 ; free virtual = 10296
---------------------------------------------------------------------------------

Report Check Netlist: 
+------+------------------+-------+---------+-------+------------------+
|      |Item              |Errors |Warnings |Status |Description       |
+------+------------------+-------+---------+-------+------------------+
|1     |multi_driven_nets |      0|        0|Passed |Multi driven nets |
+------+------------------+-------+---------+-------+------------------+
---------------------------------------------------------------------------------
Start Handling Custom Attributes
---------------------------------------------------------------------------------
---------------------------------------------------------------------------------
Finished Handling Custom Attributes : Time (s): cpu = 00:00:04 ; elapsed = 00:00:05 . Memory (MB): peak = 1743.500 ; gain = 212.402 ; free physical = 482 ; free virtual = 10294
---------------------------------------------------------------------------------
---------------------------------------------------------------------------------
Finished RTL Optimization Phase 1 : Time (s): cpu = 00:00:04 ; elapsed = 00:00:05 . Memory (MB): peak = 1743.500 ; gain = 212.402 ; free physical = 482 ; free virtual = 10294
---------------------------------------------------------------------------------
INFO: [Project 1-570] Preparing netlist for logic optimization

Processing XDC Constraints
Initializing timing engine
Parsing XDC File [/mnt/side_windows/UPSUD/A2/HLS/Kmeans_HLS/Kmeans_HLS/solution1/impl/vhdl/project.srcs/sources_1/bd/bd_0/ip/bd_0_hls_inst_0/bd_0_hls_inst_0/bd_0_hls_inst_0_in_context.xdc] for cell 'bd_0_i/hls_inst'
Finished Parsing XDC File [/mnt/side_windows/UPSUD/A2/HLS/Kmeans_HLS/Kmeans_HLS/solution1/impl/vhdl/project.srcs/sources_1/bd/bd_0/ip/bd_0_hls_inst_0/bd_0_hls_inst_0/bd_0_hls_inst_0_in_context.xdc] for cell 'bd_0_i/hls_inst'
Parsing XDC File [/mnt/side_windows/UPSUD/A2/HLS/Kmeans_HLS/Kmeans_HLS/solution1/impl/vhdl/kmeans.xdc]
Finished Parsing XDC File [/mnt/side_windows/UPSUD/A2/HLS/Kmeans_HLS/Kmeans_HLS/solution1/impl/vhdl/kmeans.xdc]
Parsing XDC File [/mnt/side_windows/UPSUD/A2/HLS/Kmeans_HLS/Kmeans_HLS/solution1/impl/vhdl/project.runs/synth_1/dont_touch.xdc]
Finished Parsing XDC File [/mnt/side_windows/UPSUD/A2/HLS/Kmeans_HLS/Kmeans_HLS/solution1/impl/vhdl/project.runs/synth_1/dont_touch.xdc]
Completed Processing XDC Constraints

Netlist sorting complete. Time (s): cpu = 00:00:00 ; elapsed = 00:00:00 . Memory (MB): peak = 1831.312 ; gain = 0.000 ; free physical = 389 ; free virtual = 10177
INFO: [Project 1-111] Unisim Transformation Summary:
No Unisim elements were transformed.

Constraint Validation Runtime : Time (s): cpu = 00:00:00.05 ; elapsed = 00:00:00.03 . Memory (MB): peak = 1838.250 ; gain = 6.938 ; free physical = 390 ; free virtual = 10178
---------------------------------------------------------------------------------
Finished Constraint Validation : Time (s): cpu = 00:00:09 ; elapsed = 00:00:11 . Memory (MB): peak = 1838.250 ; gain = 307.152 ; free physical = 457 ; free virtual = 10306
---------------------------------------------------------------------------------
---------------------------------------------------------------------------------
Start Loading Part and Timing Information
---------------------------------------------------------------------------------
Loading part: xc7z010iclg225-1L
---------------------------------------------------------------------------------
Finished Loading Part and Timing Information : Time (s): cpu = 00:00:09 ; elapsed = 00:00:11 . Memory (MB): peak = 1838.250 ; gain = 307.152 ; free physical = 457 ; free virtual = 10306
---------------------------------------------------------------------------------
---------------------------------------------------------------------------------
Start Applying 'set_property' XDC Constraints
---------------------------------------------------------------------------------
Applied set_property DONT_TOUCH = true for bd_0_i. (constraint file  auto generated constraint, line ).
Applied set_property DONT_TOUCH = true for bd_0_i/hls_inst. (constraint file  auto generated constraint, line ).
---------------------------------------------------------------------------------
Finished applying 'set_property' XDC Constraints : Time (s): cpu = 00:00:09 ; elapsed = 00:00:11 . Memory (MB): peak = 1838.250 ; gain = 307.152 ; free physical = 458 ; free virtual = 10307
---------------------------------------------------------------------------------
---------------------------------------------------------------------------------
Finished RTL Optimization Phase 2 : Time (s): cpu = 00:00:09 ; elapsed = 00:00:11 . Memory (MB): peak = 1838.250 ; gain = 307.152 ; free physical = 455 ; free virtual = 10307
---------------------------------------------------------------------------------

Report RTL Partitions: 
+-+--------------+------------+----------+
| |RTL Partition |Replication |Instances |
+-+--------------+------------+----------+
+-+--------------+------------+----------+
---------------------------------------------------------------------------------
Start RTL Component Statistics 
---------------------------------------------------------------------------------
Detailed RTL Component Info : 
---------------------------------------------------------------------------------
Finished RTL Component Statistics 
---------------------------------------------------------------------------------
---------------------------------------------------------------------------------
Start RTL Hierarchical Component Statistics 
---------------------------------------------------------------------------------
Hierarchical RTL Component report 
---------------------------------------------------------------------------------
Finished RTL Hierarchical Component Statistics
---------------------------------------------------------------------------------
---------------------------------------------------------------------------------
Start Part Resource Summary
---------------------------------------------------------------------------------
Part Resources:
DSPs: 80 (col length:40)
BRAMs: 120 (col length: RAMB18 40 RAMB36 20)
---------------------------------------------------------------------------------
Finished Part Resource Summary
---------------------------------------------------------------------------------
---------------------------------------------------------------------------------
Start Cross Boundary and Area Optimization
---------------------------------------------------------------------------------
Warning: Parallel synthesis criteria is not met 
---------------------------------------------------------------------------------
Finished Cross Boundary and Area Optimization : Time (s): cpu = 00:00:09 ; elapsed = 00:00:12 . Memory (MB): peak = 1838.250 ; gain = 307.152 ; free physical = 452 ; free virtual = 10288
---------------------------------------------------------------------------------

Report RTL Partitions: 
+-+--------------+------------+----------+
| |RTL Partition |Replication |Instances |
+-+--------------+------------+----------+
+-+--------------+------------+----------+
---------------------------------------------------------------------------------
Start Applying XDC Timing Constraints
---------------------------------------------------------------------------------
---------------------------------------------------------------------------------
Finished Applying XDC Timing Constraints : Time (s): cpu = 00:00:15 ; elapsed = 00:00:17 . Memory (MB): peak = 1838.250 ; gain = 307.152 ; free physical = 332 ; free virtual = 10168
---------------------------------------------------------------------------------
---------------------------------------------------------------------------------
Start Timing Optimization
---------------------------------------------------------------------------------
---------------------------------------------------------------------------------
Finished Timing Optimization : Time (s): cpu = 00:00:15 ; elapsed = 00:00:17 . Memory (MB): peak = 1838.250 ; gain = 307.152 ; free physical = 332 ; free virtual = 10168
---------------------------------------------------------------------------------

Report RTL Partitions: 
+-+--------------+------------+----------+
| |RTL Partition |Replication |Instances |
+-+--------------+------------+----------+
+-+--------------+------------+----------+
---------------------------------------------------------------------------------
Start Technology Mapping
---------------------------------------------------------------------------------
---------------------------------------------------------------------------------
Finished Technology Mapping : Time (s): cpu = 00:00:15 ; elapsed = 00:00:17 . Memory (MB): peak = 1838.250 ; gain = 307.152 ; free physical = 333 ; free virtual = 10169
---------------------------------------------------------------------------------

Report RTL Partitions: 
+-+--------------+------------+----------+
| |RTL Partition |Replication |Instances |
+-+--------------+------------+----------+
+-+--------------+------------+----------+
---------------------------------------------------------------------------------
Start IO Insertion
---------------------------------------------------------------------------------
---------------------------------------------------------------------------------
Start Flattening Before IO Insertion
---------------------------------------------------------------------------------
---------------------------------------------------------------------------------
Finished Flattening Before IO Insertion
---------------------------------------------------------------------------------
---------------------------------------------------------------------------------
Start Final Netlist Cleanup
---------------------------------------------------------------------------------
---------------------------------------------------------------------------------
Finished Final Netlist Cleanup
---------------------------------------------------------------------------------
---------------------------------------------------------------------------------
Finished IO Insertion : Time (s): cpu = 00:00:16 ; elapsed = 00:00:18 . Memory (MB): peak = 1843.125 ; gain = 312.027 ; free physical = 332 ; free virtual = 10168
---------------------------------------------------------------------------------

Report Check Netlist: 
+------+------------------+-------+---------+-------+------------------+
|      |Item              |Errors |Warnings |Status |Description       |
+------+------------------+-------+---------+-------+------------------+
|1     |multi_driven_nets |      0|        0|Passed |Multi driven nets |
+------+------------------+-------+---------+-------+------------------+
---------------------------------------------------------------------------------
Start Renaming Generated Instances
---------------------------------------------------------------------------------
---------------------------------------------------------------------------------
Finished Renaming Generated Instances : Time (s): cpu = 00:00:16 ; elapsed = 00:00:18 . Memory (MB): peak = 1843.125 ; gain = 312.027 ; free physical = 332 ; free virtual = 10168
---------------------------------------------------------------------------------

Report RTL Partitions: 
+-+--------------+------------+----------+
| |RTL Partition |Replication |Instances |
+-+--------------+------------+----------+
+-+--------------+------------+----------+
---------------------------------------------------------------------------------
Start Rebuilding User Hierarchy
---------------------------------------------------------------------------------
---------------------------------------------------------------------------------
Finished Rebuilding User Hierarchy : Time (s): cpu = 00:00:16 ; elapsed = 00:00:18 . Memory (MB): peak = 1843.125 ; gain = 312.027 ; free physical = 332 ; free virtual = 10168
---------------------------------------------------------------------------------
---------------------------------------------------------------------------------
Start Renaming Generated Ports
---------------------------------------------------------------------------------
---------------------------------------------------------------------------------
Finished Renaming Generated Ports : Time (s): cpu = 00:00:16 ; elapsed = 00:00:18 . Memory (MB): peak = 1843.125 ; gain = 312.027 ; free physical = 332 ; free virtual = 10168
---------------------------------------------------------------------------------
---------------------------------------------------------------------------------
Start Handling Custom Attributes
---------------------------------------------------------------------------------
---------------------------------------------------------------------------------
Finished Handling Custom Attributes : Time (s): cpu = 00:00:16 ; elapsed = 00:00:18 . Memory (MB): peak = 1843.125 ; gain = 312.027 ; free physical = 332 ; free virtual = 10168
---------------------------------------------------------------------------------
---------------------------------------------------------------------------------
Start Renaming Generated Nets
---------------------------------------------------------------------------------
---------------------------------------------------------------------------------
Finished Renaming Generated Nets : Time (s): cpu = 00:00:16 ; elapsed = 00:00:18 . Memory (MB): peak = 1843.125 ; gain = 312.027 ; free physical = 332 ; free virtual = 10168
---------------------------------------------------------------------------------
---------------------------------------------------------------------------------
Start Writing Synthesis Report
---------------------------------------------------------------------------------

Report BlackBoxes: 
+------+----------------+----------+
|      |BlackBox name   |Instances |
+------+----------------+----------+
|1     |bd_0_hls_inst_0 |         1|
+------+----------------+----------+

Report Cell Usage: 
+------+-----------------------+------+
|      |Cell                   |Count |
+------+-----------------------+------+
|1     |bd_0_hls_inst_0_bbox_0 |     1|
+------+-----------------------+------+

Report Instance Areas: 
+------+---------+-------+------+
|      |Instance |Module |Cells |
+------+---------+-------+------+
|1     |top      |       |   374|
|2     |  bd_0_i |bd_0   |   374|
+------+---------+-------+------+
---------------------------------------------------------------------------------
Finished Writing Synthesis Report : Time (s): cpu = 00:00:16 ; elapsed = 00:00:18 . Memory (MB): peak = 1843.125 ; gain = 312.027 ; free physical = 332 ; free virtual = 10168
---------------------------------------------------------------------------------
Synthesis finished with 0 errors, 0 critical warnings and 0 warnings.
Synthesis Optimization Runtime : Time (s): cpu = 00:00:15 ; elapsed = 00:00:17 . Memory (MB): peak = 1843.125 ; gain = 217.277 ; free physical = 386 ; free virtual = 10222
Synthesis Optimization Complete : Time (s): cpu = 00:00:16 ; elapsed = 00:00:19 . Memory (MB): peak = 1843.133 ; gain = 312.027 ; free physical = 395 ; free virtual = 10231
INFO: [Project 1-571] Translating synthesized netlist
INFO: [Project 1-570] Preparing netlist for logic optimization
INFO: [Opt 31-138] Pushed 0 inverter(s) to 0 load pin(s).
Netlist sorting complete. Time (s): cpu = 00:00:00 ; elapsed = 00:00:00 . Memory (MB): peak = 1856.000 ; gain = 0.000 ; free physical = 335 ; free virtual = 10171
INFO: [Project 1-111] Unisim Transformation Summary:
No Unisim elements were transformed.

INFO: [Common 17-83] Releasing license: Synthesis
19 Infos, 0 Warnings, 0 Critical Warnings and 0 Errors encountered.
synth_design completed successfully
synth_design: Time (s): cpu = 00:00:20 ; elapsed = 00:00:22 . Memory (MB): peak = 1856.000 ; gain = 452.250 ; free physical = 422 ; free virtual = 10258
Netlist sorting complete. Time (s): cpu = 00:00:00 ; elapsed = 00:00:00 . Memory (MB): peak = 1856.000 ; gain = 0.000 ; free physical = 422 ; free virtual = 10258
WARNING: [Constraints 18-5210] No constraints selected for write.
Resolution: This message can indicate that there are no constraints for the design, or it can indicate that the used_in flags are set such that the constraints are ignored. This later case is used when running synth_design to not write synthesis constraints to the resulting checkpoint. Instead, project constraints are read when the synthesized design is opened.
INFO: [Common 17-1381] The checkpoint '/mnt/side_windows/UPSUD/A2/HLS/Kmeans_HLS/Kmeans_HLS/solution1/impl/vhdl/project.runs/synth_1/bd_0_wrapper.dcp' has been generated.
INFO: [runtcl-4] Executing : report_utilization -file bd_0_wrapper_utilization_synth.rpt -pb bd_0_wrapper_utilization_synth.pb
INFO: [Common 17-206] Exiting Vivado at Tue Feb 11 20:35:22 2020...
