Copyright 1986-2019 Xilinx, Inc. All Rights Reserved.
--------------------------------------------------------------------------------------
| Tool Version : Vivado v.2019.1.3 (win64) Build 2644227 Wed Sep  4 09:45:24 MDT 2019
| Date         : Sun Mar  1 02:10:40 2020
| Host         : Qlala-Blade running 64-bit major release  (build 9200)
| Command      : report_control_sets -file init_report_control_sets_0.rpt
| Design       : design_IP_wrapper
| Device       : xc7z020
--------------------------------------------------------------------------------------

Control Set Information

Table of Contents
-----------------
1. Summary
2. Histogram
3. Flip-Flop Distribution

1. Summary
----------

+---------------------------------------------------+-------+
|                       Status                      | Count |
+---------------------------------------------------+-------+
| Total control sets                                |   569 |
|    Minimum number of control sets                 |   569 |
|    Addition due to synthesis replication          |     0 |
|    Addition due to physical synthesis replication |     0 |
+---------------------------------------------------+-------+
* Control sets can be merged at opt_design using control_set_merge or merge_equivalent_drivers
** Run report_qor_suggestions for automated merging and remapping suggestions


2. Histogram
------------

+--------------------+-------+
|       Fanout       | Count |
+--------------------+-------+
| Total control sets |   569 |
| >= 0 to < 4        |    41 |
| >= 4 to < 6        |    52 |
| >= 6 to < 8        |    88 |
| >= 8 to < 10       |    79 |
| >= 10 to < 12      |    35 |
| >= 12 to < 14      |    30 |
| >= 14 to < 16      |     9 |
| >= 16              |   235 |
+--------------------+-------+
* Control sets can be remapped at either synth_design or opt_design


3. Flip-Flop Distribution
-------------------------

+--------------+-----------------------+------------------------+-----------------+--------------+
| Clock Enable | Synchronous Set/Reset | Asynchronous Set/Reset | Total Registers | Total Slices |
+--------------+-----------------------+------------------------+-----------------+--------------+
| No           | No                    | No                     |            1733 |            0 |
| No           | No                    | Yes                    |             462 |            0 |
| No           | Yes                   | No                     |             743 |            0 |
| Yes          | No                    | No                     |            7978 |            0 |
| Yes          | No                    | Yes                    |             360 |            0 |
| Yes          | Yes                   | No                     |            2623 |            0 |
+--------------+-----------------------+------------------------+-----------------+--------------+


