19:19:06 **** Build of project standalone_bsp_0 ****
make -k all 
Running Make include in ps7_cortexa9_0/libsrc/qspips_v3_3/src
make -C ps7_cortexa9_0/libsrc/qspips_v3_3/src -s include  "SHELL=/bin/sh" "COMPILER=arm-none-eabi-gcc" "ARCHIVER=arm-none-eabi-ar" "COMPILER_FLAGS=  -O2 -c" "EXTRA_COMPILER_FLAGS=-mcpu=cortex-a9 -mfpu=vfpv3 -mfloat-abi=hard -nostartfiles"
Running Make include in ps7_cortexa9_0/libsrc/dmaps_v2_3/src
make -C ps7_cortexa9_0/libsrc/dmaps_v2_3/src -s include  "SHELL=/bin/sh" "COMPILER=arm-none-eabi-gcc" "ARCHIVER=arm-none-eabi-ar" "COMPILER_FLAGS=  -O2 -c" "EXTRA_COMPILER_FLAGS=-mcpu=cortex-a9 -mfpu=vfpv3 -mfloat-abi=hard -nostartfiles"
Running Make include in ps7_cortexa9_0/libsrc/ddrps_v1_0/src
make -C ps7_cortexa9_0/libsrc/ddrps_v1_0/src -s include  "SHELL=/bin/sh" "COMPILER=arm-none-eabi-gcc" "ARCHIVER=arm-none-eabi-ar" "COMPILER_FLAGS=  -O2 -c" "EXTRA_COMPILER_FLAGS=-mcpu=cortex-a9 -mfpu=vfpv3 -mfloat-abi=hard -nostartfiles"
Running Make include in ps7_cortexa9_0/libsrc/sdps_v3_1/src
make -C ps7_cortexa9_0/libsrc/sdps_v3_1/src -s include  "SHELL=/bin/sh" "COMPILER=arm-none-eabi-gcc" "ARCHIVER=arm-none-eabi-ar" "COMPILER_FLAGS=  -O2 -c" "EXTRA_COMPILER_FLAGS=-mcpu=cortex-a9 -mfpu=vfpv3 -mfloat-abi=hard -nostartfiles"
Running Make include in ps7_cortexa9_0/libsrc/cpu_cortexa9_v2_3/src
make -C ps7_cortexa9_0/libsrc/cpu_cortexa9_v2_3/src -s include  "SHELL=/bin/sh" "COMPILER=arm-none-eabi-gcc" "ARCHIVER=arm-none-eabi-ar" "COMPILER_FLAGS=  -O2 -c" "EXTRA_COMPILER_FLAGS=-mcpu=cortex-a9 -mfpu=vfpv3 -mfloat-abi=hard -nostartfiles"
Running Make include in ps7_cortexa9_0/libsrc/ttcps_v3_2/src
make -C ps7_cortexa9_0/libsrc/ttcps_v3_2/src -s include  "SHELL=/bin/sh" "COMPILER=arm-none-eabi-gcc" "ARCHIVER=arm-none-eabi-ar" "COMPILER_FLAGS=  -O2 -c" "EXTRA_COMPILER_FLAGS=-mcpu=cortex-a9 -mfpu=vfpv3 -mfloat-abi=hard -nostartfiles"
Running Make include in ps7_cortexa9_0/libsrc/emacps_v3_3/src
make -C ps7_cortexa9_0/libsrc/emacps_v3_3/src -s include  "SHELL=/bin/sh" "COMPILER=arm-none-eabi-gcc" "ARCHIVER=arm-none-eabi-ar" "COMPILER_FLAGS=  -O2 -c" "EXTRA_COMPILER_FLAGS=-mcpu=cortex-a9 -mfpu=vfpv3 -mfloat-abi=hard -nostartfiles"
Running Make include in ps7_cortexa9_0/libsrc/scuwdt_v2_1/src
make -C ps7_cortexa9_0/libsrc/scuwdt_v2_1/src -s include  "SHELL=/bin/sh" "COMPILER=arm-none-eabi-gcc" "ARCHIVER=arm-none-eabi-ar" "COMPILER_FLAGS=  -O2 -c" "EXTRA_COMPILER_FLAGS=-mcpu=cortex-a9 -mfpu=vfpv3 -mfloat-abi=hard -nostartfiles"
Running Make include in ps7_cortexa9_0/libsrc/xadcps_v2_2/src
make -C ps7_cortexa9_0/libsrc/xadcps_v2_2/src -s include  "SHELL=/bin/sh" "COMPILER=arm-none-eabi-gcc" "ARCHIVER=arm-none-eabi-ar" "COMPILER_FLAGS=  -O2 -c" "EXTRA_COMPILER_FLAGS=-mcpu=cortex-a9 -mfpu=vfpv3 -mfloat-abi=hard -nostartfiles"
Running Make include in ps7_cortexa9_0/libsrc/scugic_v3_5/src
make -C ps7_cortexa9_0/libsrc/scugic_v3_5/src -s include  "SHELL=/bin/sh" "COMPILER=arm-none-eabi-gcc" "ARCHIVER=arm-none-eabi-ar" "COMPILER_FLAGS=  -O2 -c" "EXTRA_COMPILER_FLAGS=-mcpu=cortex-a9 -mfpu=vfpv3 -mfloat-abi=hard -nostartfiles"
Running Make include in ps7_cortexa9_0/libsrc/devcfg_v3_4/src
make -C ps7_cortexa9_0/libsrc/devcfg_v3_4/src -s include  "SHELL=/bin/sh" "COMPILER=arm-none-eabi-gcc" "ARCHIVER=arm-none-eabi-ar" "COMPILER_FLAGS=  -O2 -c" "EXTRA_COMPILER_FLAGS=-mcpu=cortex-a9 -mfpu=vfpv3 -mfloat-abi=hard -nostartfiles"
Running Make include in ps7_cortexa9_0/libsrc/sobel_v1_0/src
make -C ps7_cortexa9_0/libsrc/sobel_v1_0/src -s include  "SHELL=/bin/sh" "COMPILER=arm-none-eabi-gcc" "ARCHIVER=arm-none-eabi-ar" "COMPILER_FLAGS=  -O2 -c" "EXTRA_COMPILER_FLAGS=-mcpu=cortex-a9 -mfpu=vfpv3 -mfloat-abi=hard -nostartfiles"
Running Make include in ps7_cortexa9_0/libsrc/gpiops_v3_1/src
make -C ps7_cortexa9_0/libsrc/gpiops_v3_1/src -s include  "SHELL=/bin/sh" "COMPILER=arm-none-eabi-gcc" "ARCHIVER=arm-none-eabi-ar" "COMPILER_FLAGS=  -O2 -c" "EXTRA_COMPILER_FLAGS=-mcpu=cortex-a9 -mfpu=vfpv3 -mfloat-abi=hard -nostartfiles"
Running Make include in ps7_cortexa9_0/libsrc/standalone_v6_1/src
make -C ps7_cortexa9_0/libsrc/standalone_v6_1/src -s include  "SHELL=/bin/sh" "COMPILER=arm-none-eabi-gcc" "ARCHIVER=arm-none-eabi-ar" "COMPILER_FLAGS=  -O2 -c" "EXTRA_COMPILER_FLAGS=-mcpu=cortex-a9 -mfpu=vfpv3 -mfloat-abi=hard -nostartfiles"
Running Make include in ps7_cortexa9_0/libsrc/xilffs_v3_5/src
make -C ps7_cortexa9_0/libsrc/xilffs_v3_5/src -s include  "SHELL=/bin/sh" "COMPILER=arm-none-eabi-gcc" "ARCHIVER=arm-none-eabi-ar" "COMPILER_FLAGS=  -O2 -c" "EXTRA_COMPILER_FLAGS=-mcpu=cortex-a9 -mfpu=vfpv3 -mfloat-abi=hard -nostartfiles"
Running Make include in ps7_cortexa9_0/libsrc/uartps_v3_3/src
make -C ps7_cortexa9_0/libsrc/uartps_v3_3/src -s include  "SHELL=/bin/sh" "COMPILER=arm-none-eabi-gcc" "ARCHIVER=arm-none-eabi-ar" "COMPILER_FLAGS=  -O2 -c" "EXTRA_COMPILER_FLAGS=-mcpu=cortex-a9 -mfpu=vfpv3 -mfloat-abi=hard -nostartfiles"
Running Make include in ps7_cortexa9_0/libsrc/coresightps_dcc_v1_3/src
make -C ps7_cortexa9_0/libsrc/coresightps_dcc_v1_3/src -s include  "SHELL=/bin/sh" "COMPILER=arm-none-eabi-gcc" "ARCHIVER=arm-none-eabi-ar" "COMPILER_FLAGS=  -O2 -c" "EXTRA_COMPILER_FLAGS=-mcpu=cortex-a9 -mfpu=vfpv3 -mfloat-abi=hard -nostartfiles"
Running Make include in ps7_cortexa9_0/libsrc/usbps_v2_4/src
make -C ps7_cortexa9_0/libsrc/usbps_v2_4/src -s include  "SHELL=/bin/sh" "COMPILER=arm-none-eabi-gcc" "ARCHIVER=arm-none-eabi-ar" "COMPILER_FLAGS=  -O2 -c" "EXTRA_COMPILER_FLAGS=-mcpu=cortex-a9 -mfpu=vfpv3 -mfloat-abi=hard -nostartfiles"
Running Make include in ps7_cortexa9_0/libsrc/scutimer_v2_1/src
make -C ps7_cortexa9_0/libsrc/scutimer_v2_1/src -s include  "SHELL=/bin/sh" "COMPILER=arm-none-eabi-gcc" "ARCHIVER=arm-none-eabi-ar" "COMPILER_FLAGS=  -O2 -c" "EXTRA_COMPILER_FLAGS=-mcpu=cortex-a9 -mfpu=vfpv3 -mfloat-abi=hard -nostartfiles"
Running Make libs in ps7_cortexa9_0/libsrc/qspips_v3_3/src
make -C ps7_cortexa9_0/libsrc/qspips_v3_3/src -s libs  "SHELL=/bin/sh" "COMPILER=arm-none-eabi-gcc" "ARCHIVER=arm-none-eabi-ar" "COMPILER_FLAGS=  -O2 -c" "EXTRA_COMPILER_FLAGS=-mcpu=cortex-a9 -mfpu=vfpv3 -mfloat-abi=hard -nostartfiles"
Compiling qspips
arm-none-eabi-ar: creating ../../../lib/libxil.a
Running Make libs in ps7_cortexa9_0/libsrc/dmaps_v2_3/src
make -C ps7_cortexa9_0/libsrc/dmaps_v2_3/src -s libs  "SHELL=/bin/sh" "COMPILER=arm-none-eabi-gcc" "ARCHIVER=arm-none-eabi-ar" "COMPILER_FLAGS=  -O2 -c" "EXTRA_COMPILER_FLAGS=-mcpu=cortex-a9 -mfpu=vfpv3 -mfloat-abi=hard -nostartfiles"
Compiling dmaps
Running Make libs in ps7_cortexa9_0/libsrc/ddrps_v1_0/src
make -C ps7_cortexa9_0/libsrc/ddrps_v1_0/src -s libs  "SHELL=/bin/sh" "COMPILER=arm-none-eabi-gcc" "ARCHIVER=arm-none-eabi-ar" "COMPILER_FLAGS=  -O2 -c" "EXTRA_COMPILER_FLAGS=-mcpu=cortex-a9 -mfpu=vfpv3 -mfloat-abi=hard -nostartfiles"
Compiling ddrps
Running Make libs in ps7_cortexa9_0/libsrc/sdps_v3_1/src
make -C ps7_cortexa9_0/libsrc/sdps_v3_1/src -s libs  "SHELL=/bin/sh" "COMPILER=arm-none-eabi-gcc" "ARCHIVER=arm-none-eabi-ar" "COMPILER_FLAGS=  -O2 -c" "EXTRA_COMPILER_FLAGS=-mcpu=cortex-a9 -mfpu=vfpv3 -mfloat-abi=hard -nostartfiles"
Compiling sdps
Running Make libs in ps7_cortexa9_0/libsrc/cpu_cortexa9_v2_3/src
make -C ps7_cortexa9_0/libsrc/cpu_cortexa9_v2_3/src -s libs  "SHELL=/bin/sh" "COMPILER=arm-none-eabi-gcc" "ARCHIVER=arm-none-eabi-ar" "COMPILER_FLAGS=  -O2 -c" "EXTRA_COMPILER_FLAGS=-mcpu=cortex-a9 -mfpu=vfpv3 -mfloat-abi=hard -nostartfiles"
Compiling cpu_cortexa9
Running Make libs in ps7_cortexa9_0/libsrc/ttcps_v3_2/src
make -C ps7_cortexa9_0/libsrc/ttcps_v3_2/src -s libs  "SHELL=/bin/sh" "COMPILER=arm-none-eabi-gcc" "ARCHIVER=arm-none-eabi-ar" "COMPILER_FLAGS=  -O2 -c" "EXTRA_COMPILER_FLAGS=-mcpu=cortex-a9 -mfpu=vfpv3 -mfloat-abi=hard -nostartfiles"
Compiling ttcps
Running Make libs in ps7_cortexa9_0/libsrc/emacps_v3_3/src
make -C ps7_cortexa9_0/libsrc/emacps_v3_3/src -s libs  "SHELL=/bin/sh" "COMPILER=arm-none-eabi-gcc" "ARCHIVER=arm-none-eabi-ar" "COMPILER_FLAGS=  -O2 -c" "EXTRA_COMPILER_FLAGS=-mcpu=cortex-a9 -mfpu=vfpv3 -mfloat-abi=hard -nostartfiles"
Compiling emacps
Running Make libs in ps7_cortexa9_0/libsrc/scuwdt_v2_1/src
make -C ps7_cortexa9_0/libsrc/scuwdt_v2_1/src -s libs  "SHELL=/bin/sh" "COMPILER=arm-none-eabi-gcc" "ARCHIVER=arm-none-eabi-ar" "COMPILER_FLAGS=  -O2 -c" "EXTRA_COMPILER_FLAGS=-mcpu=cortex-a9 -mfpu=vfpv3 -mfloat-abi=hard -nostartfiles"
Compiling scuwdt
Running Make libs in ps7_cortexa9_0/libsrc/xadcps_v2_2/src
make -C ps7_cortexa9_0/libsrc/xadcps_v2_2/src -s libs  "SHELL=/bin/sh" "COMPILER=arm-none-eabi-gcc" "ARCHIVER=arm-none-eabi-ar" "COMPILER_FLAGS=  -O2 -c" "EXTRA_COMPILER_FLAGS=-mcpu=cortex-a9 -mfpu=vfpv3 -mfloat-abi=hard -nostartfiles"
Compiling xadcps
Running Make libs in ps7_cortexa9_0/libsrc/scugic_v3_5/src
make -C ps7_cortexa9_0/libsrc/scugic_v3_5/src -s libs  "SHELL=/bin/sh" "COMPILER=arm-none-eabi-gcc" "ARCHIVER=arm-none-eabi-ar" "COMPILER_FLAGS=  -O2 -c" "EXTRA_COMPILER_FLAGS=-mcpu=cortex-a9 -mfpu=vfpv3 -mfloat-abi=hard -nostartfiles"
Compiling scugic
Running Make libs in ps7_cortexa9_0/libsrc/devcfg_v3_4/src
make -C ps7_cortexa9_0/libsrc/devcfg_v3_4/src -s libs  "SHELL=/bin/sh" "COMPILER=arm-none-eabi-gcc" "ARCHIVER=arm-none-eabi-ar" "COMPILER_FLAGS=  -O2 -c" "EXTRA_COMPILER_FLAGS=-mcpu=cortex-a9 -mfpu=vfpv3 -mfloat-abi=hard -nostartfiles"
Compiling devcfg
Running Make libs in ps7_cortexa9_0/libsrc/sobel_v1_0/src
make -C ps7_cortexa9_0/libsrc/sobel_v1_0/src -s libs  "SHELL=/bin/sh" "COMPILER=arm-none-eabi-gcc" "ARCHIVER=arm-none-eabi-ar" "COMPILER_FLAGS=  -O2 -c" "EXTRA_COMPILER_FLAGS=-mcpu=cortex-a9 -mfpu=vfpv3 -mfloat-abi=hard -nostartfiles"
Compiling sobel
Running Make libs in ps7_cortexa9_0/libsrc/gpiops_v3_1/src
make -C ps7_cortexa9_0/libsrc/gpiops_v3_1/src -s libs  "SHELL=/bin/sh" "COMPILER=arm-none-eabi-gcc" "ARCHIVER=arm-none-eabi-ar" "COMPILER_FLAGS=  -O2 -c" "EXTRA_COMPILER_FLAGS=-mcpu=cortex-a9 -mfpu=vfpv3 -mfloat-abi=hard -nostartfiles"
Compiling gpiops
Running Make libs in ps7_cortexa9_0/libsrc/standalone_v6_1/src
make -C ps7_cortexa9_0/libsrc/standalone_v6_1/src -s libs  "SHELL=/bin/sh" "COMPILER=arm-none-eabi-gcc" "ARCHIVER=arm-none-eabi-ar" "COMPILER_FLAGS=  -O2 -c" "EXTRA_COMPILER_FLAGS=-mcpu=cortex-a9 -mfpu=vfpv3 -mfloat-abi=hard -nostartfiles"
Compiling standalone
Running Make libs in ps7_cortexa9_0/libsrc/xilffs_v3_5/src
make -C ps7_cortexa9_0/libsrc/xilffs_v3_5/src -s libs  "SHELL=/bin/sh" "COMPILER=arm-none-eabi-gcc" "ARCHIVER=arm-none-eabi-ar" "COMPILER_FLAGS=  -O2 -c" "EXTRA_COMPILER_FLAGS=-mcpu=cortex-a9 -mfpu=vfpv3 -mfloat-abi=hard -nostartfiles"
Compiling XilFFs Library
Running Make libs in ps7_cortexa9_0/libsrc/uartps_v3_3/src
make -C ps7_cortexa9_0/libsrc/uartps_v3_3/src -s libs  "SHELL=/bin/sh" "COMPILER=arm-none-eabi-gcc" "ARCHIVER=arm-none-eabi-ar" "COMPILER_FLAGS=  -O2 -c" "EXTRA_COMPILER_FLAGS=-mcpu=cortex-a9 -mfpu=vfpv3 -mfloat-abi=hard -nostartfiles"
Compiling uartps
Running Make libs in ps7_cortexa9_0/libsrc/coresightps_dcc_v1_3/src
make -C ps7_cortexa9_0/libsrc/coresightps_dcc_v1_3/src -s libs  "SHELL=/bin/sh" "COMPILER=arm-none-eabi-gcc" "ARCHIVER=arm-none-eabi-ar" "COMPILER_FLAGS=  -O2 -c" "EXTRA_COMPILER_FLAGS=-mcpu=cortex-a9 -mfpu=vfpv3 -mfloat-abi=hard -nostartfiles"
Compiling coresightps_dcc
Running Make libs in ps7_cortexa9_0/libsrc/usbps_v2_4/src
make -C ps7_cortexa9_0/libsrc/usbps_v2_4/src -s libs  "SHELL=/bin/sh" "COMPILER=arm-none-eabi-gcc" "ARCHIVER=arm-none-eabi-ar" "COMPILER_FLAGS=  -O2 -c" "EXTRA_COMPILER_FLAGS=-mcpu=cortex-a9 -mfpu=vfpv3 -mfloat-abi=hard -nostartfiles"
Compiling usbps
Running Make libs in ps7_cortexa9_0/libsrc/scutimer_v2_1/src
make -C ps7_cortexa9_0/libsrc/scutimer_v2_1/src -s libs  "SHELL=/bin/sh" "COMPILER=arm-none-eabi-gcc" "ARCHIVER=arm-none-eabi-ar" "COMPILER_FLAGS=  -O2 -c" "EXTRA_COMPILER_FLAGS=-mcpu=cortex-a9 -mfpu=vfpv3 -mfloat-abi=hard -nostartfiles"
Compiling scutimer
Finished building libraries
19:19:17 **** Build of configuration Debug for project sobel ****
make pre-build main-build 
a9-linaro-pre-build-step
 
Building file: ../src/helloworld.c
Invoking: ARM v7 gcc compiler
arm-none-eabi-gcc -Wall -O0 -g3 -c -fmessage-length=0 -MT"src/helloworld.o" -mcpu=cortex-a9 -mfpu=vfpv3 -mfloat-abi=hard -I../../standalone_bsp_0/ps7_cortexa9_0/include -MMD -MP -MF"src/helloworld.d" -MT"src/helloworld.o" -o "src/helloworld.o" "../src/helloworld.c"
Finished building: ../src/helloworld.c
 
Building file: ../src/platform.c
Invoking: ARM v7 gcc compiler
arm-none-eabi-gcc -Wall -O0 -g3 -c -fmessage-length=0 -MT"src/platform.o" -mcpu=cortex-a9 -mfpu=vfpv3 -mfloat-abi=hard -I../../standalone_bsp_0/ps7_cortexa9_0/include -MMD -MP -MF"src/platform.d" -MT"src/platform.o" -o "src/platform.o" "../src/platform.c"
Finished building: ../src/platform.c
 
Building target: sobel.elf
Invoking: ARM v7 gcc linker
arm-none-eabi-gcc -mcpu=cortex-a9 -mfpu=vfpv3 -mfloat-abi=hard -Wl,-build-id=none -specs=Xilinx.spec -Wl,-T -Wl,../src/lscript.ld -L../../standalone_bsp_0/ps7_cortexa9_0/lib -o "sobel.elf"  ./src/helloworld.o ./src/platform.o   -Wl,--start-group,-lxil,-lgcc,-lc,--end-group -Wl,--start-group,-lxilffs,-lxil,-lgcc,-lc,--end-group
Finished building target: sobel.elf
 
Invoking: ARM v7 Print Size
arm-none-eabi-size sobel.elf  |tee "sobel.elf.size"
   text	   data	    bss	    dec	    hex	filename
  22328	   1148	  22568	  46044	   b3dc	sobel.elf
Finished building: sobel.elf.size
 
19:19:27 **** Auto Build of configuration Debug for project sobel ****
make pre-build main-build 
a9-linaro-pre-build-step
 
Building file: ../src/helloworld.c
Invoking: ARM v7 gcc compiler
arm-none-eabi-gcc -Wall -O0 -g3 -c -fmessage-length=0 -MT"src/helloworld.o" -mcpu=cortex-a9 -mfpu=vfpv3 -mfloat-abi=hard -I../../standalone_bsp_0/ps7_cortexa9_0/include -MMD -MP -MF"src/helloworld.d" -MT"src/helloworld.o" -o "src/helloworld.o" "../src/helloworld.c"
Finished building: ../src/helloworld.c
 
Building target: sobel.elf
Invoking: ARM v7 gcc linker
arm-none-eabi-gcc -mcpu=cortex-a9 -mfpu=vfpv3 -mfloat-abi=hard -Wl,-build-id=none -specs=Xilinx.spec -Wl,-T -Wl,../src/lscript.ld -L../../standalone_bsp_0/ps7_cortexa9_0/lib -o "sobel.elf"  ./src/helloworld.o ./src/platform.o   -Wl,--start-group,-lxil,-lgcc,-lc,--end-group -Wl,--start-group,-lxilffs,-lxil,-lgcc,-lc,--end-group
./src/helloworld.o: In function `sobel':
/home/nikkatsa/Working_Projects/Sobel_Filter_HLS_System/Sobel_System/Sobel_system_ddr/Sobel_system_ddr.sdk/sobel/Debug/../src/helloworld.c:191: undefined reference to `pow'
/home/nikkatsa/Working_Projects/Sobel_Filter_HLS_System/Sobel_System/Sobel_system_ddr/Sobel_system_ddr.sdk/sobel/Debug/../src/helloworld.c:197: undefined reference to `log10'
collect2: error: ld returned 1 exit status
make: *** [sobel.elf] Error 1
makefile:39: recipe for target 'sobel.elf' failed
19:20:07 **** Clean-only build of configuration Debug for project sobel ****
make clean 
rm -rf  ./src/helloworld.o ./src/platform.o  ./src/helloworld.d ./src/platform.d  sobel.elf.size  sobel.elf
 
19:20:07 **** Auto Build of configuration Debug for project sobel ****
make pre-build main-build 
a9-linaro-pre-build-step
 
Building file: ../src/helloworld.c
Invoking: ARM v7 gcc compiler
arm-none-eabi-gcc -Wall -O0 -g3 -c -fmessage-length=0 -MT"src/helloworld.o" -mcpu=cortex-a9 -mfpu=vfpv3 -mfloat-abi=hard -I../../standalone_bsp_0/ps7_cortexa9_0/include -MMD -MP -MF"src/helloworld.d" -MT"src/helloworld.o" -o "src/helloworld.o" "../src/helloworld.c"
Finished building: ../src/helloworld.c
 
Building file: ../src/platform.c
Invoking: ARM v7 gcc compiler
arm-none-eabi-gcc -Wall -O0 -g3 -c -fmessage-length=0 -MT"src/platform.o" -mcpu=cortex-a9 -mfpu=vfpv3 -mfloat-abi=hard -I../../standalone_bsp_0/ps7_cortexa9_0/include -MMD -MP -MF"src/platform.d" -MT"src/platform.o" -o "src/platform.o" "../src/platform.c"
Finished building: ../src/platform.c
 
Building target: sobel.elf
Invoking: ARM v7 gcc linker
arm-none-eabi-gcc -mcpu=cortex-a9 -mfpu=vfpv3 -mfloat-abi=hard -Wl,-build-id=none -specs=Xilinx.spec -Wl,-T -Wl,../src/lscript.ld -L../../standalone_bsp_0/ps7_cortexa9_0/lib -o "sobel.elf"  ./src/helloworld.o ./src/platform.o   -lm -Wl,--start-group,-lxil,-lgcc,-lc,--end-group -Wl,--start-group,-lxilffs,-lxil,-lgcc,-lc,--end-group
Finished building target: sobel.elf
 
Invoking: ARM v7 Print Size
arm-none-eabi-size sobel.elf  |tee "sobel.elf.size"
   text	   data	    bss	    dec	    hex	filename
 110892	   2736	3172784	3286412	 32258c	sobel.elf
Finished building: sobel.elf.size
 
19:20:38 **** Incremental Build of configuration Debug for project sobel ****
make pre-build main-build 
a9-linaro-pre-build-step
 
make: Nothing to be done for 'main-build'.
19:21:06 **** Incremental Build of configuration Debug for project sobel ****
make pre-build main-build 
a9-linaro-pre-build-step
 
make: Nothing to be done for 'main-build'.
19:21:19 **** Incremental Build of configuration Debug for project sobel ****
make pre-build main-build 
a9-linaro-pre-build-step
 
make: Nothing to be done for 'main-build'.
19:21:27 **** Incremental Build of configuration Debug for project sobel ****
make pre-build main-build 
a9-linaro-pre-build-step
 
make: Nothing to be done for 'main-build'.
19:34:45 **** Auto Build of project standalone_bsp_0 ****
make -k all 
"Running Make include in ps7_cortexa9_0/libsrc/coresightps_dcc_v1_3/src"
make -C ps7_cortexa9_0/libsrc/coresightps_dcc_v1_3/src -s include  "SHELL=CMD" "COMPILER=arm-none-eabi-gcc" "ARCHIVER=arm-none-eabi-ar" "COMPILER_FLAGS=  -O2 -c" "EXTRA_COMPILER_FLAGS=-mcpu=cortex-a9 -mfpu=vfpv3 -mfloat-abi=hard -nostartfiles"
"Running Make include in ps7_cortexa9_0/libsrc/cpu_cortexa9_v2_3/src"
make -C ps7_cortexa9_0/libsrc/cpu_cortexa9_v2_3/src -s include  "SHELL=CMD" "COMPILER=arm-none-eabi-gcc" "ARCHIVER=arm-none-eabi-ar" "COMPILER_FLAGS=  -O2 -c" "EXTRA_COMPILER_FLAGS=-mcpu=cortex-a9 -mfpu=vfpv3 -mfloat-abi=hard -nostartfiles"
"Running Make include in ps7_cortexa9_0/libsrc/ddrps_v1_0/src"
make -C ps7_cortexa9_0/libsrc/ddrps_v1_0/src -s include  "SHELL=CMD" "COMPILER=arm-none-eabi-gcc" "ARCHIVER=arm-none-eabi-ar" "COMPILER_FLAGS=  -O2 -c" "EXTRA_COMPILER_FLAGS=-mcpu=cortex-a9 -mfpu=vfpv3 -mfloat-abi=hard -nostartfiles"
"Running Make include in ps7_cortexa9_0/libsrc/devcfg_v3_4/src"
make -C ps7_cortexa9_0/libsrc/devcfg_v3_4/src -s include  "SHELL=CMD" "COMPILER=arm-none-eabi-gcc" "ARCHIVER=arm-none-eabi-ar" "COMPILER_FLAGS=  -O2 -c" "EXTRA_COMPILER_FLAGS=-mcpu=cortex-a9 -mfpu=vfpv3 -mfloat-abi=hard -nostartfiles"
"Running Make include in ps7_cortexa9_0/libsrc/dmaps_v2_3/src"
make -C ps7_cortexa9_0/libsrc/dmaps_v2_3/src -s include  "SHELL=CMD" "COMPILER=arm-none-eabi-gcc" "ARCHIVER=arm-none-eabi-ar" "COMPILER_FLAGS=  -O2 -c" "EXTRA_COMPILER_FLAGS=-mcpu=cortex-a9 -mfpu=vfpv3 -mfloat-abi=hard -nostartfiles"
"Running Make include in ps7_cortexa9_0/libsrc/emacps_v3_3/src"
make -C ps7_cortexa9_0/libsrc/emacps_v3_3/src -s include  "SHELL=CMD" "COMPILER=arm-none-eabi-gcc" "ARCHIVER=arm-none-eabi-ar" "COMPILER_FLAGS=  -O2 -c" "EXTRA_COMPILER_FLAGS=-mcpu=cortex-a9 -mfpu=vfpv3 -mfloat-abi=hard -nostartfiles"
"Running Make include in ps7_cortexa9_0/libsrc/gpiops_v3_1/src"
make -C ps7_cortexa9_0/libsrc/gpiops_v3_1/src -s include  "SHELL=CMD" "COMPILER=arm-none-eabi-gcc" "ARCHIVER=arm-none-eabi-ar" "COMPILER_FLAGS=  -O2 -c" "EXTRA_COMPILER_FLAGS=-mcpu=cortex-a9 -mfpu=vfpv3 -mfloat-abi=hard -nostartfiles"
"Running Make include in ps7_cortexa9_0/libsrc/qspips_v3_3/src"
make -C ps7_cortexa9_0/libsrc/qspips_v3_3/src -s include  "SHELL=CMD" "COMPILER=arm-none-eabi-gcc" "ARCHIVER=arm-none-eabi-ar" "COMPILER_FLAGS=  -O2 -c" "EXTRA_COMPILER_FLAGS=-mcpu=cortex-a9 -mfpu=vfpv3 -mfloat-abi=hard -nostartfiles"
"Running Make include in ps7_cortexa9_0/libsrc/scugic_v3_5/src"
make -C ps7_cortexa9_0/libsrc/scugic_v3_5/src -s include  "SHELL=CMD" "COMPILER=arm-none-eabi-gcc" "ARCHIVER=arm-none-eabi-ar" "COMPILER_FLAGS=  -O2 -c" "EXTRA_COMPILER_FLAGS=-mcpu=cortex-a9 -mfpu=vfpv3 -mfloat-abi=hard -nostartfiles"
"Running Make include in ps7_cortexa9_0/libsrc/scutimer_v2_1/src"
make -C ps7_cortexa9_0/libsrc/scutimer_v2_1/src -s include  "SHELL=CMD" "COMPILER=arm-none-eabi-gcc" "ARCHIVER=arm-none-eabi-ar" "COMPILER_FLAGS=  -O2 -c" "EXTRA_COMPILER_FLAGS=-mcpu=cortex-a9 -mfpu=vfpv3 -mfloat-abi=hard -nostartfiles"
"Running Make include in ps7_cortexa9_0/libsrc/scuwdt_v2_1/src"
make -C ps7_cortexa9_0/libsrc/scuwdt_v2_1/src -s include  "SHELL=CMD" "COMPILER=arm-none-eabi-gcc" "ARCHIVER=arm-none-eabi-ar" "COMPILER_FLAGS=  -O2 -c" "EXTRA_COMPILER_FLAGS=-mcpu=cortex-a9 -mfpu=vfpv3 -mfloat-abi=hard -nostartfiles"
"Running Make include in ps7_cortexa9_0/libsrc/sdps_v3_1/src"
make -C ps7_cortexa9_0/libsrc/sdps_v3_1/src -s include  "SHELL=CMD" "COMPILER=arm-none-eabi-gcc" "ARCHIVER=arm-none-eabi-ar" "COMPILER_FLAGS=  -O2 -c" "EXTRA_COMPILER_FLAGS=-mcpu=cortex-a9 -mfpu=vfpv3 -mfloat-abi=hard -nostartfiles"
"Running Make include in ps7_cortexa9_0/libsrc/sobel_v1_0/src"
make -C ps7_cortexa9_0/libsrc/sobel_v1_0/src -s include  "SHELL=CMD" "COMPILER=arm-none-eabi-gcc" "ARCHIVER=arm-none-eabi-ar" "COMPILER_FLAGS=  -O2 -c" "EXTRA_COMPILER_FLAGS=-mcpu=cortex-a9 -mfpu=vfpv3 -mfloat-abi=hard -nostartfiles"
"Running Make include in ps7_cortexa9_0/libsrc/standalone_v6_1/src"
make -C ps7_cortexa9_0/libsrc/standalone_v6_1/src -s include  "SHELL=CMD" "COMPILER=arm-none-eabi-gcc" "ARCHIVER=arm-none-eabi-ar" "COMPILER_FLAGS=  -O2 -c" "EXTRA_COMPILER_FLAGS=-mcpu=cortex-a9 -mfpu=vfpv3 -mfloat-abi=hard -nostartfiles"
"Running Make include in ps7_cortexa9_0/libsrc/ttcps_v3_2/src"
make -C ps7_cortexa9_0/libsrc/ttcps_v3_2/src -s include  "SHELL=CMD" "COMPILER=arm-none-eabi-gcc" "ARCHIVER=arm-none-eabi-ar" "COMPILER_FLAGS=  -O2 -c" "EXTRA_COMPILER_FLAGS=-mcpu=cortex-a9 -mfpu=vfpv3 -mfloat-abi=hard -nostartfiles"
"Running Make include in ps7_cortexa9_0/libsrc/uartps_v3_3/src"
make -C ps7_cortexa9_0/libsrc/uartps_v3_3/src -s include  "SHELL=CMD" "COMPILER=arm-none-eabi-gcc" "ARCHIVER=arm-none-eabi-ar" "COMPILER_FLAGS=  -O2 -c" "EXTRA_COMPILER_FLAGS=-mcpu=cortex-a9 -mfpu=vfpv3 -mfloat-abi=hard -nostartfiles"
"Running Make include in ps7_cortexa9_0/libsrc/usbps_v2_4/src"
make -C ps7_cortexa9_0/libsrc/usbps_v2_4/src -s include  "SHELL=CMD" "COMPILER=arm-none-eabi-gcc" "ARCHIVER=arm-none-eabi-ar" "COMPILER_FLAGS=  -O2 -c" "EXTRA_COMPILER_FLAGS=-mcpu=cortex-a9 -mfpu=vfpv3 -mfloat-abi=hard -nostartfiles"
"Running Make include in ps7_cortexa9_0/libsrc/xadcps_v2_2/src"
make -C ps7_cortexa9_0/libsrc/xadcps_v2_2/src -s include  "SHELL=CMD" "COMPILER=arm-none-eabi-gcc" "ARCHIVER=arm-none-eabi-ar" "COMPILER_FLAGS=  -O2 -c" "EXTRA_COMPILER_FLAGS=-mcpu=cortex-a9 -mfpu=vfpv3 -mfloat-abi=hard -nostartfiles"
"Running Make include in ps7_cortexa9_0/libsrc/xilffs_v3_5/src"
make -C ps7_cortexa9_0/libsrc/xilffs_v3_5/src -s include  "SHELL=CMD" "COMPILER=arm-none-eabi-gcc" "ARCHIVER=arm-none-eabi-ar" "COMPILER_FLAGS=  -O2 -c" "EXTRA_COMPILER_FLAGS=-mcpu=cortex-a9 -mfpu=vfpv3 -mfloat-abi=hard -nostartfiles"
"Running Make libs in ps7_cortexa9_0/libsrc/coresightps_dcc_v1_3/src"
make -C ps7_cortexa9_0/libsrc/coresightps_dcc_v1_3/src -s libs  "SHELL=CMD" "COMPILER=arm-none-eabi-gcc" "ARCHIVER=arm-none-eabi-ar" "COMPILER_FLAGS=  -O2 -c" "EXTRA_COMPILER_FLAGS=-mcpu=cortex-a9 -mfpu=vfpv3 -mfloat-abi=hard -nostartfiles"
"Compiling coresightps_dcc"
"Running Make libs in ps7_cortexa9_0/libsrc/cpu_cortexa9_v2_3/src"
make -C ps7_cortexa9_0/libsrc/cpu_cortexa9_v2_3/src -s libs  "SHELL=CMD" "COMPILER=arm-none-eabi-gcc" "ARCHIVER=arm-none-eabi-ar" "COMPILER_FLAGS=  -O2 -c" "EXTRA_COMPILER_FLAGS=-mcpu=cortex-a9 -mfpu=vfpv3 -mfloat-abi=hard -nostartfiles"
"Compiling cpu_cortexa9"
"Running Make libs in ps7_cortexa9_0/libsrc/ddrps_v1_0/src"
make -C ps7_cortexa9_0/libsrc/ddrps_v1_0/src -s libs  "SHELL=CMD" "COMPILER=arm-none-eabi-gcc" "ARCHIVER=arm-none-eabi-ar" "COMPILER_FLAGS=  -O2 -c" "EXTRA_COMPILER_FLAGS=-mcpu=cortex-a9 -mfpu=vfpv3 -mfloat-abi=hard -nostartfiles"
"Compiling ddrps"
"Running Make libs in ps7_cortexa9_0/libsrc/devcfg_v3_4/src"
make -C ps7_cortexa9_0/libsrc/devcfg_v3_4/src -s libs  "SHELL=CMD" "COMPILER=arm-none-eabi-gcc" "ARCHIVER=arm-none-eabi-ar" "COMPILER_FLAGS=  -O2 -c" "EXTRA_COMPILER_FLAGS=-mcpu=cortex-a9 -mfpu=vfpv3 -mfloat-abi=hard -nostartfiles"
"Compiling devcfg"
"Running Make libs in ps7_cortexa9_0/libsrc/dmaps_v2_3/src"
make -C ps7_cortexa9_0/libsrc/dmaps_v2_3/src -s libs  "SHELL=CMD" "COMPILER=arm-none-eabi-gcc" "ARCHIVER=arm-none-eabi-ar" "COMPILER_FLAGS=  -O2 -c" "EXTRA_COMPILER_FLAGS=-mcpu=cortex-a9 -mfpu=vfpv3 -mfloat-abi=hard -nostartfiles"
"Compiling dmaps"
"Running Make libs in ps7_cortexa9_0/libsrc/emacps_v3_3/src"
make -C ps7_cortexa9_0/libsrc/emacps_v3_3/src -s libs  "SHELL=CMD" "COMPILER=arm-none-eabi-gcc" "ARCHIVER=arm-none-eabi-ar" "COMPILER_FLAGS=  -O2 -c" "EXTRA_COMPILER_FLAGS=-mcpu=cortex-a9 -mfpu=vfpv3 -mfloat-abi=hard -nostartfiles"
"Compiling emacps"
"Running Make libs in ps7_cortexa9_0/libsrc/gpiops_v3_1/src"
make -C ps7_cortexa9_0/libsrc/gpiops_v3_1/src -s libs  "SHELL=CMD" "COMPILER=arm-none-eabi-gcc" "ARCHIVER=arm-none-eabi-ar" "COMPILER_FLAGS=  -O2 -c" "EXTRA_COMPILER_FLAGS=-mcpu=cortex-a9 -mfpu=vfpv3 -mfloat-abi=hard -nostartfiles"
"Compiling gpiops"
"Running Make libs in ps7_cortexa9_0/libsrc/qspips_v3_3/src"
make -C ps7_cortexa9_0/libsrc/qspips_v3_3/src -s libs  "SHELL=CMD" "COMPILER=arm-none-eabi-gcc" "ARCHIVER=arm-none-eabi-ar" "COMPILER_FLAGS=  -O2 -c" "EXTRA_COMPILER_FLAGS=-mcpu=cortex-a9 -mfpu=vfpv3 -mfloat-abi=hard -nostartfiles"
"Compiling qspips"
"Running Make libs in ps7_cortexa9_0/libsrc/scugic_v3_5/src"
make -C ps7_cortexa9_0/libsrc/scugic_v3_5/src -s libs  "SHELL=CMD" "COMPILER=arm-none-eabi-gcc" "ARCHIVER=arm-none-eabi-ar" "COMPILER_FLAGS=  -O2 -c" "EXTRA_COMPILER_FLAGS=-mcpu=cortex-a9 -mfpu=vfpv3 -mfloat-abi=hard -nostartfiles"
"Compiling scugic"
"Running Make libs in ps7_cortexa9_0/libsrc/scutimer_v2_1/src"
make -C ps7_cortexa9_0/libsrc/scutimer_v2_1/src -s libs  "SHELL=CMD" "COMPILER=arm-none-eabi-gcc" "ARCHIVER=arm-none-eabi-ar" "COMPILER_FLAGS=  -O2 -c" "EXTRA_COMPILER_FLAGS=-mcpu=cortex-a9 -mfpu=vfpv3 -mfloat-abi=hard -nostartfiles"
"Compiling scutimer"
"Running Make libs in ps7_cortexa9_0/libsrc/scuwdt_v2_1/src"
make -C ps7_cortexa9_0/libsrc/scuwdt_v2_1/src -s libs  "SHELL=CMD" "COMPILER=arm-none-eabi-gcc" "ARCHIVER=arm-none-eabi-ar" "COMPILER_FLAGS=  -O2 -c" "EXTRA_COMPILER_FLAGS=-mcpu=cortex-a9 -mfpu=vfpv3 -mfloat-abi=hard -nostartfiles"
"Compiling scuwdt"
"Running Make libs in ps7_cortexa9_0/libsrc/sdps_v3_1/src"
make -C ps7_cortexa9_0/libsrc/sdps_v3_1/src -s libs  "SHELL=CMD" "COMPILER=arm-none-eabi-gcc" "ARCHIVER=arm-none-eabi-ar" "COMPILER_FLAGS=  -O2 -c" "EXTRA_COMPILER_FLAGS=-mcpu=cortex-a9 -mfpu=vfpv3 -mfloat-abi=hard -nostartfiles"
"Compiling sdps"
"Running Make libs in ps7_cortexa9_0/libsrc/sobel_v1_0/src"
make -C ps7_cortexa9_0/libsrc/sobel_v1_0/src -s libs  "SHELL=CMD" "COMPILER=arm-none-eabi-gcc" "ARCHIVER=arm-none-eabi-ar" "COMPILER_FLAGS=  -O2 -c" "EXTRA_COMPILER_FLAGS=-mcpu=cortex-a9 -mfpu=vfpv3 -mfloat-abi=hard -nostartfiles"
"Compiling sobel"
"Running Make libs in ps7_cortexa9_0/libsrc/standalone_v6_1/src"
make -C ps7_cortexa9_0/libsrc/standalone_v6_1/src -s libs  "SHELL=CMD" "COMPILER=arm-none-eabi-gcc" "ARCHIVER=arm-none-eabi-ar" "COMPILER_FLAGS=  -O2 -c" "EXTRA_COMPILER_FLAGS=-mcpu=cortex-a9 -mfpu=vfpv3 -mfloat-abi=hard -nostartfiles"
"Compiling standalone"
"Running Make libs in ps7_cortexa9_0/libsrc/ttcps_v3_2/src"
make -C ps7_cortexa9_0/libsrc/ttcps_v3_2/src -s libs  "SHELL=CMD" "COMPILER=arm-none-eabi-gcc" "ARCHIVER=arm-none-eabi-ar" "COMPILER_FLAGS=  -O2 -c" "EXTRA_COMPILER_FLAGS=-mcpu=cortex-a9 -mfpu=vfpv3 -mfloat-abi=hard -nostartfiles"
"Compiling ttcps"
"Running Make libs in ps7_cortexa9_0/libsrc/uartps_v3_3/src"
make -C ps7_cortexa9_0/libsrc/uartps_v3_3/src -s libs  "SHELL=CMD" "COMPILER=arm-none-eabi-gcc" "ARCHIVER=arm-none-eabi-ar" "COMPILER_FLAGS=  -O2 -c" "EXTRA_COMPILER_FLAGS=-mcpu=cortex-a9 -mfpu=vfpv3 -mfloat-abi=hard -nostartfiles"
"Compiling uartps"
"Running Make libs in ps7_cortexa9_0/libsrc/usbps_v2_4/src"
make -C ps7_cortexa9_0/libsrc/usbps_v2_4/src -s libs  "SHELL=CMD" "COMPILER=arm-none-eabi-gcc" "ARCHIVER=arm-none-eabi-ar" "COMPILER_FLAGS=  -O2 -c" "EXTRA_COMPILER_FLAGS=-mcpu=cortex-a9 -mfpu=vfpv3 -mfloat-abi=hard -nostartfiles"
"Compiling usbps"
"Running Make libs in ps7_cortexa9_0/libsrc/xadcps_v2_2/src"
make -C ps7_cortexa9_0/libsrc/xadcps_v2_2/src -s libs  "SHELL=CMD" "COMPILER=arm-none-eabi-gcc" "ARCHIVER=arm-none-eabi-ar" "COMPILER_FLAGS=  -O2 -c" "EXTRA_COMPILER_FLAGS=-mcpu=cortex-a9 -mfpu=vfpv3 -mfloat-abi=hard -nostartfiles"
"Compiling xadcps"
"Running Make libs in ps7_cortexa9_0/libsrc/xilffs_v3_5/src"
make -C ps7_cortexa9_0/libsrc/xilffs_v3_5/src -s libs  "SHELL=CMD" "COMPILER=arm-none-eabi-gcc" "ARCHIVER=arm-none-eabi-ar" "COMPILER_FLAGS=  -O2 -c" "EXTRA_COMPILER_FLAGS=-mcpu=cortex-a9 -mfpu=vfpv3 -mfloat-abi=hard -nostartfiles"
"Compiling XilFFs Library"
'Finished building libraries'
19:35:31 **** Auto Build of configuration Debug for project sobel ****
make pre-build main-build 
a9-linaro-pre-build-step
' '
'Building file: ../src/helloworld.c'
'Invoking: ARM v7 gcc compiler'
arm-none-eabi-gcc -Wall -O0 -g3 -c -fmessage-length=0 -MT"src/helloworld.o" -mcpu=cortex-a9 -mfpu=vfpv3 -mfloat-abi=hard -I../../standalone_bsp_0/ps7_cortexa9_0/include -MMD -MP -MF"src/helloworld.d" -MT"src/helloworld.o" -o "src/helloworld.o" "../src/helloworld.c"
'Finished building: ../src/helloworld.c'
' '
'Building file: ../src/platform.c'
'Invoking: ARM v7 gcc compiler'
arm-none-eabi-gcc -Wall -O0 -g3 -c -fmessage-length=0 -MT"src/platform.o" -mcpu=cortex-a9 -mfpu=vfpv3 -mfloat-abi=hard -I../../standalone_bsp_0/ps7_cortexa9_0/include -MMD -MP -MF"src/platform.d" -MT"src/platform.o" -o "src/platform.o" "../src/platform.c"
'Finished building: ../src/platform.c'
' '
'Building target: sobel.elf'
'Invoking: ARM v7 gcc linker'
arm-none-eabi-gcc -mcpu=cortex-a9 -mfpu=vfpv3 -mfloat-abi=hard -Wl,-build-id=none -specs=Xilinx.spec -Wl,-T -Wl,../src/lscript.ld -L../../standalone_bsp_0/ps7_cortexa9_0/lib -o "sobel.elf"  ./src/helloworld.o ./src/platform.o   -lm -Wl,--start-group,-lxil,-lgcc,-lc,--end-group -Wl,--start-group,-lxilffs,-lxil,-lgcc,-lc,--end-group
'Finished building target: sobel.elf'
' '
'Invoking: ARM v7 Print Size'
arm-none-eabi-size sobel.elf  |tee "sobel.elf.size"
   text	   data	    bss	    dec	    hex	filename
  93560	   2740	3172752	3269052	 31e1bc	sobel.elf
'Finished building: sobel.elf.size'
' '
