23:52:23 INFO  : Registering command handlers for SDK TCF services
23:52:24 INFO  : Launching XSCT server: xsct.bat -interactive C:\A2_project\Vivado\Demo_IP_HLS\Demo_IP_HLS_kmeans\Demo_IP_HLS_kmeans.sdk\temp_xsdb_launch_script.tcl
23:52:28 INFO  : XSCT server has started successfully.
23:52:28 INFO  : Processing command line option -hwspec C:/A2_project/Vivado/Demo_IP_HLS/Demo_IP_HLS_kmeans/Demo_IP_HLS_kmeans.sdk/design_IP_wrapper.hdf.
23:52:28 INFO  : Successfully done setting XSCT server connection channel  
23:52:28 INFO  : Successfully done setting SDK workspace  
00:04:18 INFO  : Connected to target on host '127.0.0.1' and port '3121'.
00:04:18 INFO  : 'targets -set -filter {jtag_cable_name =~ "Digilent Zed 210248686847" && level==0} -index 1' command is executed.
00:04:21 INFO  : FPGA configured successfully with bitstream "C:/A2_project/Vivado/Demo_IP_HLS/Demo_IP_HLS_kmeans/Demo_IP_HLS_kmeans.sdk/design_IP_wrapper_hw_platform_0/design_IP_wrapper.bit"
00:04:30 INFO  : 'targets -set -filter {jtag_cable_name =~ "Digilent Zed 210248686847" && level==0} -index 1' command is executed.
00:04:30 INFO  : 'fpga -state' command is executed.
00:04:30 INFO  : Connected to target on host '127.0.0.1' and port '3121'.
00:04:30 INFO  : Jtag cable 'Digilent Zed 210248686847' is selected.
00:04:30 INFO  : 'jtag frequency' command is executed.
00:04:30 INFO  : Sourcing of 'C:/A2_project/Vivado/Demo_IP_HLS/Demo_IP_HLS_kmeans/Demo_IP_HLS_kmeans.sdk/design_IP_wrapper_hw_platform_0/ps7_init.tcl' is done.
00:04:30 INFO  : Context for 'APU' is selected.
00:04:33 INFO  : Hardware design information is loaded from 'C:/A2_project/Vivado/Demo_IP_HLS/Demo_IP_HLS_kmeans/Demo_IP_HLS_kmeans.sdk/design_IP_wrapper_hw_platform_0/system.hdf'.
00:04:33 INFO  : 'configparams force-mem-access 1' command is executed.
00:04:33 INFO  : Context for 'APU' is selected.
00:04:33 INFO  : 'stop' command is executed.
00:04:34 INFO  : 'ps7_init' command is executed.
00:04:34 INFO  : 'ps7_post_config' command is executed.
00:04:34 INFO  : Context for processor 'ps7_cortexa9_0' is selected.
00:04:34 INFO  : Processor reset is completed for 'ps7_cortexa9_0'.
00:04:34 INFO  : Context for processor 'ps7_cortexa9_0' is selected.
00:04:34 INFO  : The application 'C:/A2_project/Vivado/Demo_IP_HLS/Demo_IP_HLS_kmeans/Demo_IP_HLS_kmeans.sdk/kmeans_test/Debug/kmeans_test.elf' is downloaded to processor 'ps7_cortexa9_0'.
00:04:34 INFO  : 'configparams force-mem-access 0' command is executed.
00:04:34 INFO  : ----------------XSDB Script----------------
connect -url tcp:127.0.0.1:3121
source C:/A2_project/Vivado/Demo_IP_HLS/Demo_IP_HLS_kmeans/Demo_IP_HLS_kmeans.sdk/design_IP_wrapper_hw_platform_0/ps7_init.tcl
targets -set -nocase -filter {name =~"APU*" && jtag_cable_name =~ "Digilent Zed 210248686847"} -index 0
loadhw -hw C:/A2_project/Vivado/Demo_IP_HLS/Demo_IP_HLS_kmeans/Demo_IP_HLS_kmeans.sdk/design_IP_wrapper_hw_platform_0/system.hdf -mem-ranges [list {0x40000000 0xbfffffff}]
configparams force-mem-access 1
targets -set -nocase -filter {name =~"APU*" && jtag_cable_name =~ "Digilent Zed 210248686847"} -index 0
stop
ps7_init
ps7_post_config
targets -set -nocase -filter {name =~ "ARM*#0" && jtag_cable_name =~ "Digilent Zed 210248686847"} -index 0
rst -processor
targets -set -nocase -filter {name =~ "ARM*#0" && jtag_cable_name =~ "Digilent Zed 210248686847"} -index 0
dow C:/A2_project/Vivado/Demo_IP_HLS/Demo_IP_HLS_kmeans/Demo_IP_HLS_kmeans.sdk/kmeans_test/Debug/kmeans_test.elf
configparams force-mem-access 0
----------------End of Script----------------

00:04:35 INFO  : Memory regions updated for context APU
00:04:35 INFO  : Context for processor 'ps7_cortexa9_0' is selected.
00:04:35 INFO  : 'con' command is executed.
00:04:35 INFO  : ----------------XSDB Script (After Launch)----------------
targets -set -nocase -filter {name =~ "ARM*#0" && jtag_cable_name =~ "Digilent Zed 210248686847"} -index 0
con
----------------End of Script----------------

00:04:35 INFO  : Launch script is exported to file 'C:\A2_project\Vivado\Demo_IP_HLS\Demo_IP_HLS_kmeans\Demo_IP_HLS_kmeans.sdk\.sdk\launch_scripts\xilinx_c-c++_application_(system_debugger)\system_debugger_using_debug_kmeans_test.elf_on_local.tcl'
00:06:38 INFO  : Disconnected from the channel tcfchan#1.
00:06:39 INFO  : 'targets -set -filter {jtag_cable_name =~ "Digilent Zed 210248686847" && level==0} -index 1' command is executed.
00:06:39 INFO  : 'fpga -state' command is executed.
00:06:39 INFO  : Connected to target on host '127.0.0.1' and port '3121'.
00:06:40 INFO  : Jtag cable 'Digilent Zed 210248686847' is selected.
00:06:40 INFO  : 'jtag frequency' command is executed.
00:06:40 INFO  : Sourcing of 'C:/A2_project/Vivado/Demo_IP_HLS/Demo_IP_HLS_kmeans/Demo_IP_HLS_kmeans.sdk/design_IP_wrapper_hw_platform_0/ps7_init.tcl' is done.
00:06:40 INFO  : Context for 'APU' is selected.
00:06:43 INFO  : Hardware design information is loaded from 'C:/A2_project/Vivado/Demo_IP_HLS/Demo_IP_HLS_kmeans/Demo_IP_HLS_kmeans.sdk/design_IP_wrapper_hw_platform_0/system.hdf'.
00:06:43 INFO  : 'configparams force-mem-access 1' command is executed.
00:06:43 INFO  : Context for 'APU' is selected.
00:06:43 INFO  : 'stop' command is executed.
00:06:43 INFO  : 'ps7_init' command is executed.
00:06:43 INFO  : 'ps7_post_config' command is executed.
00:06:43 INFO  : Context for processor 'ps7_cortexa9_0' is selected.
00:06:43 INFO  : Processor reset is completed for 'ps7_cortexa9_0'.
00:06:44 INFO  : Context for processor 'ps7_cortexa9_0' is selected.
00:06:44 INFO  : The application 'C:/A2_project/Vivado/Demo_IP_HLS/Demo_IP_HLS_kmeans/Demo_IP_HLS_kmeans.sdk/kmeans_test/Debug/kmeans_test.elf' is downloaded to processor 'ps7_cortexa9_0'.
00:06:44 INFO  : 'configparams force-mem-access 0' command is executed.
00:06:44 INFO  : ----------------XSDB Script----------------
connect -url tcp:127.0.0.1:3121
source C:/A2_project/Vivado/Demo_IP_HLS/Demo_IP_HLS_kmeans/Demo_IP_HLS_kmeans.sdk/design_IP_wrapper_hw_platform_0/ps7_init.tcl
targets -set -nocase -filter {name =~"APU*" && jtag_cable_name =~ "Digilent Zed 210248686847"} -index 0
loadhw -hw C:/A2_project/Vivado/Demo_IP_HLS/Demo_IP_HLS_kmeans/Demo_IP_HLS_kmeans.sdk/design_IP_wrapper_hw_platform_0/system.hdf -mem-ranges [list {0x40000000 0xbfffffff}]
configparams force-mem-access 1
targets -set -nocase -filter {name =~"APU*" && jtag_cable_name =~ "Digilent Zed 210248686847"} -index 0
stop
ps7_init
ps7_post_config
targets -set -nocase -filter {name =~ "ARM*#0" && jtag_cable_name =~ "Digilent Zed 210248686847"} -index 0
rst -processor
targets -set -nocase -filter {name =~ "ARM*#0" && jtag_cable_name =~ "Digilent Zed 210248686847"} -index 0
dow C:/A2_project/Vivado/Demo_IP_HLS/Demo_IP_HLS_kmeans/Demo_IP_HLS_kmeans.sdk/kmeans_test/Debug/kmeans_test.elf
configparams force-mem-access 0
----------------End of Script----------------

00:06:44 INFO  : Memory regions updated for context APU
00:06:44 INFO  : Context for processor 'ps7_cortexa9_0' is selected.
00:06:44 INFO  : 'con' command is executed.
00:06:44 INFO  : ----------------XSDB Script (After Launch)----------------
targets -set -nocase -filter {name =~ "ARM*#0" && jtag_cable_name =~ "Digilent Zed 210248686847"} -index 0
con
----------------End of Script----------------

00:06:44 INFO  : Launch script is exported to file 'C:\A2_project\Vivado\Demo_IP_HLS\Demo_IP_HLS_kmeans\Demo_IP_HLS_kmeans.sdk\.sdk\launch_scripts\xilinx_c-c++_application_(system_debugger)\system_debugger_using_debug_kmeans_test.elf_on_local.tcl'
00:10:21 INFO  : Disconnected from the channel tcfchan#2.
00:10:22 INFO  : 'targets -set -filter {jtag_cable_name =~ "Digilent Zed 210248686847" && level==0} -index 1' command is executed.
00:10:22 INFO  : 'fpga -state' command is executed.
00:10:22 INFO  : Connected to target on host '127.0.0.1' and port '3121'.
00:10:23 INFO  : Jtag cable 'Digilent Zed 210248686847' is selected.
00:10:23 INFO  : 'jtag frequency' command is executed.
00:10:23 INFO  : Sourcing of 'C:/A2_project/Vivado/Demo_IP_HLS/Demo_IP_HLS_kmeans/Demo_IP_HLS_kmeans.sdk/design_IP_wrapper_hw_platform_0/ps7_init.tcl' is done.
00:10:23 INFO  : Context for 'APU' is selected.
00:10:23 INFO  : Hardware design information is loaded from 'C:/A2_project/Vivado/Demo_IP_HLS/Demo_IP_HLS_kmeans/Demo_IP_HLS_kmeans.sdk/design_IP_wrapper_hw_platform_0/system.hdf'.
00:10:23 INFO  : 'configparams force-mem-access 1' command is executed.
00:10:23 INFO  : Context for 'APU' is selected.
00:10:23 INFO  : 'stop' command is executed.
00:10:23 INFO  : 'ps7_init' command is executed.
00:10:23 INFO  : 'ps7_post_config' command is executed.
00:10:24 INFO  : Context for processor 'ps7_cortexa9_0' is selected.
00:10:24 INFO  : Processor reset is completed for 'ps7_cortexa9_0'.
00:10:24 INFO  : Context for processor 'ps7_cortexa9_0' is selected.
00:10:24 INFO  : The application 'C:/A2_project/Vivado/Demo_IP_HLS/Demo_IP_HLS_kmeans/Demo_IP_HLS_kmeans.sdk/kmeans_test/Debug/kmeans_test.elf' is downloaded to processor 'ps7_cortexa9_0'.
00:10:24 INFO  : 'configparams force-mem-access 0' command is executed.
00:10:24 INFO  : ----------------XSDB Script----------------
connect -url tcp:127.0.0.1:3121
source C:/A2_project/Vivado/Demo_IP_HLS/Demo_IP_HLS_kmeans/Demo_IP_HLS_kmeans.sdk/design_IP_wrapper_hw_platform_0/ps7_init.tcl
targets -set -nocase -filter {name =~"APU*" && jtag_cable_name =~ "Digilent Zed 210248686847"} -index 0
loadhw -hw C:/A2_project/Vivado/Demo_IP_HLS/Demo_IP_HLS_kmeans/Demo_IP_HLS_kmeans.sdk/design_IP_wrapper_hw_platform_0/system.hdf -mem-ranges [list {0x40000000 0xbfffffff}]
configparams force-mem-access 1
targets -set -nocase -filter {name =~"APU*" && jtag_cable_name =~ "Digilent Zed 210248686847"} -index 0
stop
ps7_init
ps7_post_config
targets -set -nocase -filter {name =~ "ARM*#0" && jtag_cable_name =~ "Digilent Zed 210248686847"} -index 0
rst -processor
targets -set -nocase -filter {name =~ "ARM*#0" && jtag_cable_name =~ "Digilent Zed 210248686847"} -index 0
dow C:/A2_project/Vivado/Demo_IP_HLS/Demo_IP_HLS_kmeans/Demo_IP_HLS_kmeans.sdk/kmeans_test/Debug/kmeans_test.elf
configparams force-mem-access 0
----------------End of Script----------------

00:10:24 INFO  : Memory regions updated for context APU
00:10:24 INFO  : Context for processor 'ps7_cortexa9_0' is selected.
00:10:24 INFO  : 'con' command is executed.
00:10:24 INFO  : ----------------XSDB Script (After Launch)----------------
targets -set -nocase -filter {name =~ "ARM*#0" && jtag_cable_name =~ "Digilent Zed 210248686847"} -index 0
con
----------------End of Script----------------

00:10:24 INFO  : Launch script is exported to file 'C:\A2_project\Vivado\Demo_IP_HLS\Demo_IP_HLS_kmeans\Demo_IP_HLS_kmeans.sdk\.sdk\launch_scripts\xilinx_c-c++_application_(system_debugger)\system_debugger_using_debug_kmeans_test.elf_on_local.tcl'
00:11:32 INFO  : Disconnected from the channel tcfchan#3.
00:11:33 INFO  : 'targets -set -filter {jtag_cable_name =~ "Digilent Zed 210248686847" && level==0} -index 1' command is executed.
00:11:33 INFO  : 'fpga -state' command is executed.
00:11:33 INFO  : Connected to target on host '127.0.0.1' and port '3121'.
00:11:34 INFO  : Jtag cable 'Digilent Zed 210248686847' is selected.
00:11:34 INFO  : 'jtag frequency' command is executed.
00:11:34 INFO  : Sourcing of 'C:/A2_project/Vivado/Demo_IP_HLS/Demo_IP_HLS_kmeans/Demo_IP_HLS_kmeans.sdk/design_IP_wrapper_hw_platform_0/ps7_init.tcl' is done.
00:11:34 INFO  : Context for 'APU' is selected.
00:11:34 INFO  : Hardware design information is loaded from 'C:/A2_project/Vivado/Demo_IP_HLS/Demo_IP_HLS_kmeans/Demo_IP_HLS_kmeans.sdk/design_IP_wrapper_hw_platform_0/system.hdf'.
00:11:34 INFO  : 'configparams force-mem-access 1' command is executed.
00:11:34 INFO  : Context for 'APU' is selected.
00:11:34 INFO  : 'stop' command is executed.
00:11:35 INFO  : 'ps7_init' command is executed.
00:11:35 INFO  : 'ps7_post_config' command is executed.
00:11:35 INFO  : Context for processor 'ps7_cortexa9_0' is selected.
00:11:35 INFO  : Processor reset is completed for 'ps7_cortexa9_0'.
00:11:35 INFO  : Context for processor 'ps7_cortexa9_0' is selected.
00:11:35 INFO  : The application 'C:/A2_project/Vivado/Demo_IP_HLS/Demo_IP_HLS_kmeans/Demo_IP_HLS_kmeans.sdk/kmeans_test/Debug/kmeans_test.elf' is downloaded to processor 'ps7_cortexa9_0'.
00:11:35 INFO  : 'configparams force-mem-access 0' command is executed.
00:11:35 INFO  : ----------------XSDB Script----------------
connect -url tcp:127.0.0.1:3121
source C:/A2_project/Vivado/Demo_IP_HLS/Demo_IP_HLS_kmeans/Demo_IP_HLS_kmeans.sdk/design_IP_wrapper_hw_platform_0/ps7_init.tcl
targets -set -nocase -filter {name =~"APU*" && jtag_cable_name =~ "Digilent Zed 210248686847"} -index 0
loadhw -hw C:/A2_project/Vivado/Demo_IP_HLS/Demo_IP_HLS_kmeans/Demo_IP_HLS_kmeans.sdk/design_IP_wrapper_hw_platform_0/system.hdf -mem-ranges [list {0x40000000 0xbfffffff}]
configparams force-mem-access 1
targets -set -nocase -filter {name =~"APU*" && jtag_cable_name =~ "Digilent Zed 210248686847"} -index 0
stop
ps7_init
ps7_post_config
targets -set -nocase -filter {name =~ "ARM*#0" && jtag_cable_name =~ "Digilent Zed 210248686847"} -index 0
rst -processor
targets -set -nocase -filter {name =~ "ARM*#0" && jtag_cable_name =~ "Digilent Zed 210248686847"} -index 0
dow C:/A2_project/Vivado/Demo_IP_HLS/Demo_IP_HLS_kmeans/Demo_IP_HLS_kmeans.sdk/kmeans_test/Debug/kmeans_test.elf
configparams force-mem-access 0
----------------End of Script----------------

00:11:35 INFO  : Memory regions updated for context APU
00:11:35 INFO  : Context for processor 'ps7_cortexa9_0' is selected.
00:11:35 INFO  : 'con' command is executed.
00:11:35 INFO  : ----------------XSDB Script (After Launch)----------------
targets -set -nocase -filter {name =~ "ARM*#0" && jtag_cable_name =~ "Digilent Zed 210248686847"} -index 0
con
----------------End of Script----------------

00:11:35 INFO  : Launch script is exported to file 'C:\A2_project\Vivado\Demo_IP_HLS\Demo_IP_HLS_kmeans\Demo_IP_HLS_kmeans.sdk\.sdk\launch_scripts\xilinx_c-c++_application_(system_debugger)\system_debugger_using_debug_kmeans_test.elf_on_local.tcl'
00:12:15 INFO  : Disconnected from the channel tcfchan#4.
00:12:16 INFO  : 'targets -set -filter {jtag_cable_name =~ "Digilent Zed 210248686847" && level==0} -index 1' command is executed.
00:12:16 INFO  : 'fpga -state' command is executed.
00:12:16 INFO  : Connected to target on host '127.0.0.1' and port '3121'.
00:12:16 INFO  : Jtag cable 'Digilent Zed 210248686847' is selected.
00:12:16 INFO  : 'jtag frequency' command is executed.
00:12:16 INFO  : Sourcing of 'C:/A2_project/Vivado/Demo_IP_HLS/Demo_IP_HLS_kmeans/Demo_IP_HLS_kmeans.sdk/design_IP_wrapper_hw_platform_0/ps7_init.tcl' is done.
00:12:17 INFO  : Context for 'APU' is selected.
00:12:17 INFO  : Hardware design information is loaded from 'C:/A2_project/Vivado/Demo_IP_HLS/Demo_IP_HLS_kmeans/Demo_IP_HLS_kmeans.sdk/design_IP_wrapper_hw_platform_0/system.hdf'.
00:12:17 INFO  : 'configparams force-mem-access 1' command is executed.
00:12:17 INFO  : Context for 'APU' is selected.
00:12:17 INFO  : 'stop' command is executed.
00:12:17 INFO  : 'ps7_init' command is executed.
00:12:17 INFO  : 'ps7_post_config' command is executed.
00:12:17 INFO  : Context for processor 'ps7_cortexa9_0' is selected.
00:12:17 INFO  : Processor reset is completed for 'ps7_cortexa9_0'.
00:12:17 INFO  : Context for processor 'ps7_cortexa9_0' is selected.
00:12:18 INFO  : The application 'C:/A2_project/Vivado/Demo_IP_HLS/Demo_IP_HLS_kmeans/Demo_IP_HLS_kmeans.sdk/kmeans_test/Debug/kmeans_test.elf' is downloaded to processor 'ps7_cortexa9_0'.
00:12:18 INFO  : 'configparams force-mem-access 0' command is executed.
00:12:18 INFO  : ----------------XSDB Script----------------
connect -url tcp:127.0.0.1:3121
source C:/A2_project/Vivado/Demo_IP_HLS/Demo_IP_HLS_kmeans/Demo_IP_HLS_kmeans.sdk/design_IP_wrapper_hw_platform_0/ps7_init.tcl
targets -set -nocase -filter {name =~"APU*" && jtag_cable_name =~ "Digilent Zed 210248686847"} -index 0
loadhw -hw C:/A2_project/Vivado/Demo_IP_HLS/Demo_IP_HLS_kmeans/Demo_IP_HLS_kmeans.sdk/design_IP_wrapper_hw_platform_0/system.hdf -mem-ranges [list {0x40000000 0xbfffffff}]
configparams force-mem-access 1
targets -set -nocase -filter {name =~"APU*" && jtag_cable_name =~ "Digilent Zed 210248686847"} -index 0
stop
ps7_init
ps7_post_config
targets -set -nocase -filter {name =~ "ARM*#0" && jtag_cable_name =~ "Digilent Zed 210248686847"} -index 0
rst -processor
targets -set -nocase -filter {name =~ "ARM*#0" && jtag_cable_name =~ "Digilent Zed 210248686847"} -index 0
dow C:/A2_project/Vivado/Demo_IP_HLS/Demo_IP_HLS_kmeans/Demo_IP_HLS_kmeans.sdk/kmeans_test/Debug/kmeans_test.elf
configparams force-mem-access 0
----------------End of Script----------------

00:12:18 INFO  : Memory regions updated for context APU
00:12:18 INFO  : Context for processor 'ps7_cortexa9_0' is selected.
00:12:18 INFO  : 'con' command is executed.
00:12:18 INFO  : ----------------XSDB Script (After Launch)----------------
targets -set -nocase -filter {name =~ "ARM*#0" && jtag_cable_name =~ "Digilent Zed 210248686847"} -index 0
con
----------------End of Script----------------

00:12:18 INFO  : Launch script is exported to file 'C:\A2_project\Vivado\Demo_IP_HLS\Demo_IP_HLS_kmeans\Demo_IP_HLS_kmeans.sdk\.sdk\launch_scripts\xilinx_c-c++_application_(system_debugger)\system_debugger_using_debug_kmeans_test.elf_on_local.tcl'
00:14:19 INFO  : Disconnected from the channel tcfchan#5.
00:14:20 INFO  : 'targets -set -filter {jtag_cable_name =~ "Digilent Zed 210248686847" && level==0} -index 1' command is executed.
00:14:20 INFO  : 'fpga -state' command is executed.
00:14:20 INFO  : Connected to target on host '127.0.0.1' and port '3121'.
00:14:20 INFO  : Jtag cable 'Digilent Zed 210248686847' is selected.
00:14:20 INFO  : 'jtag frequency' command is executed.
00:14:20 INFO  : Sourcing of 'C:/A2_project/Vivado/Demo_IP_HLS/Demo_IP_HLS_kmeans/Demo_IP_HLS_kmeans.sdk/design_IP_wrapper_hw_platform_0/ps7_init.tcl' is done.
00:14:20 INFO  : Context for 'APU' is selected.
00:14:20 INFO  : Hardware design information is loaded from 'C:/A2_project/Vivado/Demo_IP_HLS/Demo_IP_HLS_kmeans/Demo_IP_HLS_kmeans.sdk/design_IP_wrapper_hw_platform_0/system.hdf'.
00:14:20 INFO  : 'configparams force-mem-access 1' command is executed.
00:14:21 INFO  : Context for 'APU' is selected.
00:14:21 INFO  : 'stop' command is executed.
00:14:21 INFO  : 'ps7_init' command is executed.
00:14:21 INFO  : 'ps7_post_config' command is executed.
00:14:21 INFO  : Context for processor 'ps7_cortexa9_0' is selected.
00:14:21 INFO  : Processor reset is completed for 'ps7_cortexa9_0'.
00:14:21 INFO  : Context for processor 'ps7_cortexa9_0' is selected.
00:14:22 INFO  : The application 'C:/A2_project/Vivado/Demo_IP_HLS/Demo_IP_HLS_kmeans/Demo_IP_HLS_kmeans.sdk/kmeans_test/Debug/kmeans_test.elf' is downloaded to processor 'ps7_cortexa9_0'.
00:14:22 INFO  : 'configparams force-mem-access 0' command is executed.
00:14:22 INFO  : ----------------XSDB Script----------------
connect -url tcp:127.0.0.1:3121
source C:/A2_project/Vivado/Demo_IP_HLS/Demo_IP_HLS_kmeans/Demo_IP_HLS_kmeans.sdk/design_IP_wrapper_hw_platform_0/ps7_init.tcl
targets -set -nocase -filter {name =~"APU*" && jtag_cable_name =~ "Digilent Zed 210248686847"} -index 0
loadhw -hw C:/A2_project/Vivado/Demo_IP_HLS/Demo_IP_HLS_kmeans/Demo_IP_HLS_kmeans.sdk/design_IP_wrapper_hw_platform_0/system.hdf -mem-ranges [list {0x40000000 0xbfffffff}]
configparams force-mem-access 1
targets -set -nocase -filter {name =~"APU*" && jtag_cable_name =~ "Digilent Zed 210248686847"} -index 0
stop
ps7_init
ps7_post_config
targets -set -nocase -filter {name =~ "ARM*#0" && jtag_cable_name =~ "Digilent Zed 210248686847"} -index 0
rst -processor
targets -set -nocase -filter {name =~ "ARM*#0" && jtag_cable_name =~ "Digilent Zed 210248686847"} -index 0
dow C:/A2_project/Vivado/Demo_IP_HLS/Demo_IP_HLS_kmeans/Demo_IP_HLS_kmeans.sdk/kmeans_test/Debug/kmeans_test.elf
configparams force-mem-access 0
----------------End of Script----------------

00:14:22 INFO  : Memory regions updated for context APU
00:14:22 INFO  : Context for processor 'ps7_cortexa9_0' is selected.
00:14:22 INFO  : 'con' command is executed.
00:14:22 INFO  : ----------------XSDB Script (After Launch)----------------
targets -set -nocase -filter {name =~ "ARM*#0" && jtag_cable_name =~ "Digilent Zed 210248686847"} -index 0
con
----------------End of Script----------------

00:14:22 INFO  : Launch script is exported to file 'C:\A2_project\Vivado\Demo_IP_HLS\Demo_IP_HLS_kmeans\Demo_IP_HLS_kmeans.sdk\.sdk\launch_scripts\xilinx_c-c++_application_(system_debugger)\system_debugger_using_debug_kmeans_test.elf_on_local.tcl'
00:17:00 INFO  : Disconnected from the channel tcfchan#6.
00:17:01 INFO  : 'targets -set -filter {jtag_cable_name =~ "Digilent Zed 210248686847" && level==0} -index 1' command is executed.
00:17:01 INFO  : 'fpga -state' command is executed.
00:17:01 INFO  : Connected to target on host '127.0.0.1' and port '3121'.
00:17:02 INFO  : Jtag cable 'Digilent Zed 210248686847' is selected.
00:17:02 INFO  : 'jtag frequency' command is executed.
00:17:02 INFO  : Sourcing of 'C:/A2_project/Vivado/Demo_IP_HLS/Demo_IP_HLS_kmeans/Demo_IP_HLS_kmeans.sdk/design_IP_wrapper_hw_platform_0/ps7_init.tcl' is done.
00:17:02 INFO  : Context for 'APU' is selected.
00:17:02 INFO  : Hardware design information is loaded from 'C:/A2_project/Vivado/Demo_IP_HLS/Demo_IP_HLS_kmeans/Demo_IP_HLS_kmeans.sdk/design_IP_wrapper_hw_platform_0/system.hdf'.
00:17:02 INFO  : 'configparams force-mem-access 1' command is executed.
00:17:02 INFO  : Context for 'APU' is selected.
00:17:02 INFO  : 'stop' command is executed.
00:17:02 INFO  : 'ps7_init' command is executed.
00:17:02 INFO  : 'ps7_post_config' command is executed.
00:17:02 INFO  : Context for processor 'ps7_cortexa9_0' is selected.
00:17:02 INFO  : Processor reset is completed for 'ps7_cortexa9_0'.
00:17:03 INFO  : Context for processor 'ps7_cortexa9_0' is selected.
00:17:03 INFO  : The application 'C:/A2_project/Vivado/Demo_IP_HLS/Demo_IP_HLS_kmeans/Demo_IP_HLS_kmeans.sdk/kmeans_test/Debug/kmeans_test.elf' is downloaded to processor 'ps7_cortexa9_0'.
00:17:03 INFO  : 'configparams force-mem-access 0' command is executed.
00:17:03 INFO  : ----------------XSDB Script----------------
connect -url tcp:127.0.0.1:3121
source C:/A2_project/Vivado/Demo_IP_HLS/Demo_IP_HLS_kmeans/Demo_IP_HLS_kmeans.sdk/design_IP_wrapper_hw_platform_0/ps7_init.tcl
targets -set -nocase -filter {name =~"APU*" && jtag_cable_name =~ "Digilent Zed 210248686847"} -index 0
loadhw -hw C:/A2_project/Vivado/Demo_IP_HLS/Demo_IP_HLS_kmeans/Demo_IP_HLS_kmeans.sdk/design_IP_wrapper_hw_platform_0/system.hdf -mem-ranges [list {0x40000000 0xbfffffff}]
configparams force-mem-access 1
targets -set -nocase -filter {name =~"APU*" && jtag_cable_name =~ "Digilent Zed 210248686847"} -index 0
stop
ps7_init
ps7_post_config
targets -set -nocase -filter {name =~ "ARM*#0" && jtag_cable_name =~ "Digilent Zed 210248686847"} -index 0
rst -processor
targets -set -nocase -filter {name =~ "ARM*#0" && jtag_cable_name =~ "Digilent Zed 210248686847"} -index 0
dow C:/A2_project/Vivado/Demo_IP_HLS/Demo_IP_HLS_kmeans/Demo_IP_HLS_kmeans.sdk/kmeans_test/Debug/kmeans_test.elf
configparams force-mem-access 0
----------------End of Script----------------

00:17:03 INFO  : Memory regions updated for context APU
00:17:03 INFO  : Context for processor 'ps7_cortexa9_0' is selected.
00:17:03 INFO  : 'con' command is executed.
00:17:03 INFO  : ----------------XSDB Script (After Launch)----------------
targets -set -nocase -filter {name =~ "ARM*#0" && jtag_cable_name =~ "Digilent Zed 210248686847"} -index 0
con
----------------End of Script----------------

00:17:03 INFO  : Launch script is exported to file 'C:\A2_project\Vivado\Demo_IP_HLS\Demo_IP_HLS_kmeans\Demo_IP_HLS_kmeans.sdk\.sdk\launch_scripts\xilinx_c-c++_application_(system_debugger)\system_debugger_using_debug_kmeans_test.elf_on_local.tcl'
00:18:20 INFO  : Disconnected from the channel tcfchan#7.
00:18:21 INFO  : 'targets -set -filter {jtag_cable_name =~ "Digilent Zed 210248686847" && level==0} -index 1' command is executed.
00:18:21 INFO  : 'fpga -state' command is executed.
00:18:21 INFO  : Connected to target on host '127.0.0.1' and port '3121'.
00:18:22 INFO  : Jtag cable 'Digilent Zed 210248686847' is selected.
00:18:22 INFO  : 'jtag frequency' command is executed.
00:18:22 INFO  : Sourcing of 'C:/A2_project/Vivado/Demo_IP_HLS/Demo_IP_HLS_kmeans/Demo_IP_HLS_kmeans.sdk/design_IP_wrapper_hw_platform_0/ps7_init.tcl' is done.
00:18:22 INFO  : Context for 'APU' is selected.
00:18:22 INFO  : Hardware design information is loaded from 'C:/A2_project/Vivado/Demo_IP_HLS/Demo_IP_HLS_kmeans/Demo_IP_HLS_kmeans.sdk/design_IP_wrapper_hw_platform_0/system.hdf'.
00:18:22 INFO  : 'configparams force-mem-access 1' command is executed.
00:18:22 INFO  : Context for 'APU' is selected.
00:18:22 INFO  : 'stop' command is executed.
00:18:23 INFO  : 'ps7_init' command is executed.
00:18:23 INFO  : 'ps7_post_config' command is executed.
00:18:23 INFO  : Context for processor 'ps7_cortexa9_0' is selected.
00:18:23 INFO  : Processor reset is completed for 'ps7_cortexa9_0'.
00:18:23 INFO  : Context for processor 'ps7_cortexa9_0' is selected.
00:18:23 INFO  : The application 'C:/A2_project/Vivado/Demo_IP_HLS/Demo_IP_HLS_kmeans/Demo_IP_HLS_kmeans.sdk/kmeans_test/Debug/kmeans_test.elf' is downloaded to processor 'ps7_cortexa9_0'.
00:18:23 INFO  : 'configparams force-mem-access 0' command is executed.
00:18:23 INFO  : ----------------XSDB Script----------------
connect -url tcp:127.0.0.1:3121
source C:/A2_project/Vivado/Demo_IP_HLS/Demo_IP_HLS_kmeans/Demo_IP_HLS_kmeans.sdk/design_IP_wrapper_hw_platform_0/ps7_init.tcl
targets -set -nocase -filter {name =~"APU*" && jtag_cable_name =~ "Digilent Zed 210248686847"} -index 0
loadhw -hw C:/A2_project/Vivado/Demo_IP_HLS/Demo_IP_HLS_kmeans/Demo_IP_HLS_kmeans.sdk/design_IP_wrapper_hw_platform_0/system.hdf -mem-ranges [list {0x40000000 0xbfffffff}]
configparams force-mem-access 1
targets -set -nocase -filter {name =~"APU*" && jtag_cable_name =~ "Digilent Zed 210248686847"} -index 0
stop
ps7_init
ps7_post_config
targets -set -nocase -filter {name =~ "ARM*#0" && jtag_cable_name =~ "Digilent Zed 210248686847"} -index 0
rst -processor
targets -set -nocase -filter {name =~ "ARM*#0" && jtag_cable_name =~ "Digilent Zed 210248686847"} -index 0
dow C:/A2_project/Vivado/Demo_IP_HLS/Demo_IP_HLS_kmeans/Demo_IP_HLS_kmeans.sdk/kmeans_test/Debug/kmeans_test.elf
configparams force-mem-access 0
----------------End of Script----------------

00:18:23 INFO  : Memory regions updated for context APU
00:18:23 INFO  : Context for processor 'ps7_cortexa9_0' is selected.
00:18:23 INFO  : 'con' command is executed.
00:18:23 INFO  : ----------------XSDB Script (After Launch)----------------
targets -set -nocase -filter {name =~ "ARM*#0" && jtag_cable_name =~ "Digilent Zed 210248686847"} -index 0
con
----------------End of Script----------------

00:18:23 INFO  : Launch script is exported to file 'C:\A2_project\Vivado\Demo_IP_HLS\Demo_IP_HLS_kmeans\Demo_IP_HLS_kmeans.sdk\.sdk\launch_scripts\xilinx_c-c++_application_(system_debugger)\system_debugger_using_debug_kmeans_test.elf_on_local.tcl'
00:21:11 INFO  : Disconnected from the channel tcfchan#8.
00:21:12 INFO  : 'targets -set -filter {jtag_cable_name =~ "Digilent Zed 210248686847" && level==0} -index 1' command is executed.
00:21:12 INFO  : 'fpga -state' command is executed.
00:21:12 INFO  : Connected to target on host '127.0.0.1' and port '3121'.
00:21:12 INFO  : Jtag cable 'Digilent Zed 210248686847' is selected.
00:21:12 INFO  : 'jtag frequency' command is executed.
00:21:12 INFO  : Sourcing of 'C:/A2_project/Vivado/Demo_IP_HLS/Demo_IP_HLS_kmeans/Demo_IP_HLS_kmeans.sdk/design_IP_wrapper_hw_platform_0/ps7_init.tcl' is done.
00:21:12 INFO  : Context for 'APU' is selected.
00:21:12 INFO  : Hardware design information is loaded from 'C:/A2_project/Vivado/Demo_IP_HLS/Demo_IP_HLS_kmeans/Demo_IP_HLS_kmeans.sdk/design_IP_wrapper_hw_platform_0/system.hdf'.
00:21:12 INFO  : 'configparams force-mem-access 1' command is executed.
00:21:12 INFO  : Context for 'APU' is selected.
00:21:13 INFO  : 'stop' command is executed.
00:21:13 INFO  : 'ps7_init' command is executed.
00:21:13 INFO  : 'ps7_post_config' command is executed.
00:21:13 INFO  : Context for processor 'ps7_cortexa9_0' is selected.
00:21:13 INFO  : Processor reset is completed for 'ps7_cortexa9_0'.
00:21:13 INFO  : Context for processor 'ps7_cortexa9_0' is selected.
00:21:13 INFO  : The application 'C:/A2_project/Vivado/Demo_IP_HLS/Demo_IP_HLS_kmeans/Demo_IP_HLS_kmeans.sdk/kmeans_test/Debug/kmeans_test.elf' is downloaded to processor 'ps7_cortexa9_0'.
00:21:13 INFO  : 'configparams force-mem-access 0' command is executed.
00:21:13 INFO  : ----------------XSDB Script----------------
connect -url tcp:127.0.0.1:3121
source C:/A2_project/Vivado/Demo_IP_HLS/Demo_IP_HLS_kmeans/Demo_IP_HLS_kmeans.sdk/design_IP_wrapper_hw_platform_0/ps7_init.tcl
targets -set -nocase -filter {name =~"APU*" && jtag_cable_name =~ "Digilent Zed 210248686847"} -index 0
loadhw -hw C:/A2_project/Vivado/Demo_IP_HLS/Demo_IP_HLS_kmeans/Demo_IP_HLS_kmeans.sdk/design_IP_wrapper_hw_platform_0/system.hdf -mem-ranges [list {0x40000000 0xbfffffff}]
configparams force-mem-access 1
targets -set -nocase -filter {name =~"APU*" && jtag_cable_name =~ "Digilent Zed 210248686847"} -index 0
stop
ps7_init
ps7_post_config
targets -set -nocase -filter {name =~ "ARM*#0" && jtag_cable_name =~ "Digilent Zed 210248686847"} -index 0
rst -processor
targets -set -nocase -filter {name =~ "ARM*#0" && jtag_cable_name =~ "Digilent Zed 210248686847"} -index 0
dow C:/A2_project/Vivado/Demo_IP_HLS/Demo_IP_HLS_kmeans/Demo_IP_HLS_kmeans.sdk/kmeans_test/Debug/kmeans_test.elf
configparams force-mem-access 0
----------------End of Script----------------

00:21:13 INFO  : Memory regions updated for context APU
00:21:14 INFO  : Context for processor 'ps7_cortexa9_0' is selected.
00:21:14 INFO  : 'con' command is executed.
00:21:14 INFO  : ----------------XSDB Script (After Launch)----------------
targets -set -nocase -filter {name =~ "ARM*#0" && jtag_cable_name =~ "Digilent Zed 210248686847"} -index 0
con
----------------End of Script----------------

00:21:14 INFO  : Launch script is exported to file 'C:\A2_project\Vivado\Demo_IP_HLS\Demo_IP_HLS_kmeans\Demo_IP_HLS_kmeans.sdk\.sdk\launch_scripts\xilinx_c-c++_application_(system_debugger)\system_debugger_using_debug_kmeans_test.elf_on_local.tcl'
00:22:20 INFO  : Disconnected from the channel tcfchan#9.
00:22:21 INFO  : 'targets -set -filter {jtag_cable_name =~ "Digilent Zed 210248686847" && level==0} -index 1' command is executed.
00:22:21 INFO  : 'fpga -state' command is executed.
00:22:21 INFO  : Connected to target on host '127.0.0.1' and port '3121'.
00:22:21 INFO  : Jtag cable 'Digilent Zed 210248686847' is selected.
00:22:21 INFO  : 'jtag frequency' command is executed.
00:22:21 INFO  : Sourcing of 'C:/A2_project/Vivado/Demo_IP_HLS/Demo_IP_HLS_kmeans/Demo_IP_HLS_kmeans.sdk/design_IP_wrapper_hw_platform_0/ps7_init.tcl' is done.
00:22:21 INFO  : Context for 'APU' is selected.
00:22:21 INFO  : Hardware design information is loaded from 'C:/A2_project/Vivado/Demo_IP_HLS/Demo_IP_HLS_kmeans/Demo_IP_HLS_kmeans.sdk/design_IP_wrapper_hw_platform_0/system.hdf'.
00:22:21 INFO  : 'configparams force-mem-access 1' command is executed.
00:22:22 INFO  : Context for 'APU' is selected.
00:22:22 INFO  : 'stop' command is executed.
00:22:22 INFO  : 'ps7_init' command is executed.
00:22:22 INFO  : 'ps7_post_config' command is executed.
00:22:22 INFO  : Context for processor 'ps7_cortexa9_0' is selected.
00:22:22 INFO  : Processor reset is completed for 'ps7_cortexa9_0'.
00:22:22 INFO  : Context for processor 'ps7_cortexa9_0' is selected.
00:22:23 INFO  : The application 'C:/A2_project/Vivado/Demo_IP_HLS/Demo_IP_HLS_kmeans/Demo_IP_HLS_kmeans.sdk/kmeans_test/Debug/kmeans_test.elf' is downloaded to processor 'ps7_cortexa9_0'.
00:22:23 INFO  : 'configparams force-mem-access 0' command is executed.
00:22:23 INFO  : ----------------XSDB Script----------------
connect -url tcp:127.0.0.1:3121
source C:/A2_project/Vivado/Demo_IP_HLS/Demo_IP_HLS_kmeans/Demo_IP_HLS_kmeans.sdk/design_IP_wrapper_hw_platform_0/ps7_init.tcl
targets -set -nocase -filter {name =~"APU*" && jtag_cable_name =~ "Digilent Zed 210248686847"} -index 0
loadhw -hw C:/A2_project/Vivado/Demo_IP_HLS/Demo_IP_HLS_kmeans/Demo_IP_HLS_kmeans.sdk/design_IP_wrapper_hw_platform_0/system.hdf -mem-ranges [list {0x40000000 0xbfffffff}]
configparams force-mem-access 1
targets -set -nocase -filter {name =~"APU*" && jtag_cable_name =~ "Digilent Zed 210248686847"} -index 0
stop
ps7_init
ps7_post_config
targets -set -nocase -filter {name =~ "ARM*#0" && jtag_cable_name =~ "Digilent Zed 210248686847"} -index 0
rst -processor
targets -set -nocase -filter {name =~ "ARM*#0" && jtag_cable_name =~ "Digilent Zed 210248686847"} -index 0
dow C:/A2_project/Vivado/Demo_IP_HLS/Demo_IP_HLS_kmeans/Demo_IP_HLS_kmeans.sdk/kmeans_test/Debug/kmeans_test.elf
configparams force-mem-access 0
----------------End of Script----------------

00:22:23 INFO  : Memory regions updated for context APU
00:22:23 INFO  : Context for processor 'ps7_cortexa9_0' is selected.
00:22:23 INFO  : 'con' command is executed.
00:22:23 INFO  : ----------------XSDB Script (After Launch)----------------
targets -set -nocase -filter {name =~ "ARM*#0" && jtag_cable_name =~ "Digilent Zed 210248686847"} -index 0
con
----------------End of Script----------------

00:22:23 INFO  : Launch script is exported to file 'C:\A2_project\Vivado\Demo_IP_HLS\Demo_IP_HLS_kmeans\Demo_IP_HLS_kmeans.sdk\.sdk\launch_scripts\xilinx_c-c++_application_(system_debugger)\system_debugger_using_debug_kmeans_test.elf_on_local.tcl'
00:24:21 INFO  : Disconnected from the channel tcfchan#10.
00:24:22 INFO  : 'targets -set -filter {jtag_cable_name =~ "Digilent Zed 210248686847" && level==0} -index 1' command is executed.
00:24:22 INFO  : 'fpga -state' command is executed.
00:24:22 INFO  : Connected to target on host '127.0.0.1' and port '3121'.
00:24:22 INFO  : Jtag cable 'Digilent Zed 210248686847' is selected.
00:24:22 INFO  : 'jtag frequency' command is executed.
00:24:22 INFO  : Sourcing of 'C:/A2_project/Vivado/Demo_IP_HLS/Demo_IP_HLS_kmeans/Demo_IP_HLS_kmeans.sdk/design_IP_wrapper_hw_platform_0/ps7_init.tcl' is done.
00:24:22 INFO  : Context for 'APU' is selected.
00:24:22 INFO  : Hardware design information is loaded from 'C:/A2_project/Vivado/Demo_IP_HLS/Demo_IP_HLS_kmeans/Demo_IP_HLS_kmeans.sdk/design_IP_wrapper_hw_platform_0/system.hdf'.
00:24:22 INFO  : 'configparams force-mem-access 1' command is executed.
00:24:22 INFO  : Context for 'APU' is selected.
00:24:22 INFO  : 'stop' command is executed.
00:24:23 INFO  : 'ps7_init' command is executed.
00:24:23 INFO  : 'ps7_post_config' command is executed.
00:24:23 INFO  : Context for processor 'ps7_cortexa9_0' is selected.
00:24:23 INFO  : Processor reset is completed for 'ps7_cortexa9_0'.
00:24:23 INFO  : Context for processor 'ps7_cortexa9_0' is selected.
00:24:23 INFO  : The application 'C:/A2_project/Vivado/Demo_IP_HLS/Demo_IP_HLS_kmeans/Demo_IP_HLS_kmeans.sdk/kmeans_test/Debug/kmeans_test.elf' is downloaded to processor 'ps7_cortexa9_0'.
00:24:23 INFO  : 'configparams force-mem-access 0' command is executed.
00:24:23 INFO  : ----------------XSDB Script----------------
connect -url tcp:127.0.0.1:3121
source C:/A2_project/Vivado/Demo_IP_HLS/Demo_IP_HLS_kmeans/Demo_IP_HLS_kmeans.sdk/design_IP_wrapper_hw_platform_0/ps7_init.tcl
targets -set -nocase -filter {name =~"APU*" && jtag_cable_name =~ "Digilent Zed 210248686847"} -index 0
loadhw -hw C:/A2_project/Vivado/Demo_IP_HLS/Demo_IP_HLS_kmeans/Demo_IP_HLS_kmeans.sdk/design_IP_wrapper_hw_platform_0/system.hdf -mem-ranges [list {0x40000000 0xbfffffff}]
configparams force-mem-access 1
targets -set -nocase -filter {name =~"APU*" && jtag_cable_name =~ "Digilent Zed 210248686847"} -index 0
stop
ps7_init
ps7_post_config
targets -set -nocase -filter {name =~ "ARM*#0" && jtag_cable_name =~ "Digilent Zed 210248686847"} -index 0
rst -processor
targets -set -nocase -filter {name =~ "ARM*#0" && jtag_cable_name =~ "Digilent Zed 210248686847"} -index 0
dow C:/A2_project/Vivado/Demo_IP_HLS/Demo_IP_HLS_kmeans/Demo_IP_HLS_kmeans.sdk/kmeans_test/Debug/kmeans_test.elf
configparams force-mem-access 0
----------------End of Script----------------

00:24:23 INFO  : Memory regions updated for context APU
00:24:24 INFO  : Context for processor 'ps7_cortexa9_0' is selected.
00:24:24 INFO  : 'con' command is executed.
00:24:24 INFO  : ----------------XSDB Script (After Launch)----------------
targets -set -nocase -filter {name =~ "ARM*#0" && jtag_cable_name =~ "Digilent Zed 210248686847"} -index 0
con
----------------End of Script----------------

00:24:24 INFO  : Launch script is exported to file 'C:\A2_project\Vivado\Demo_IP_HLS\Demo_IP_HLS_kmeans\Demo_IP_HLS_kmeans.sdk\.sdk\launch_scripts\xilinx_c-c++_application_(system_debugger)\system_debugger_using_debug_kmeans_test.elf_on_local.tcl'
00:25:48 INFO  : Disconnected from the channel tcfchan#11.
00:25:49 INFO  : 'targets -set -filter {jtag_cable_name =~ "Digilent Zed 210248686847" && level==0} -index 1' command is executed.
00:25:49 INFO  : 'fpga -state' command is executed.
00:25:49 INFO  : Connected to target on host '127.0.0.1' and port '3121'.
00:25:50 INFO  : Jtag cable 'Digilent Zed 210248686847' is selected.
00:25:50 INFO  : 'jtag frequency' command is executed.
00:25:50 INFO  : Sourcing of 'C:/A2_project/Vivado/Demo_IP_HLS/Demo_IP_HLS_kmeans/Demo_IP_HLS_kmeans.sdk/design_IP_wrapper_hw_platform_0/ps7_init.tcl' is done.
00:25:50 INFO  : Context for 'APU' is selected.
00:25:50 INFO  : Hardware design information is loaded from 'C:/A2_project/Vivado/Demo_IP_HLS/Demo_IP_HLS_kmeans/Demo_IP_HLS_kmeans.sdk/design_IP_wrapper_hw_platform_0/system.hdf'.
00:25:50 INFO  : 'configparams force-mem-access 1' command is executed.
00:25:50 INFO  : Context for 'APU' is selected.
00:25:50 INFO  : 'stop' command is executed.
00:25:50 INFO  : 'ps7_init' command is executed.
00:25:51 INFO  : 'ps7_post_config' command is executed.
00:25:51 INFO  : Context for processor 'ps7_cortexa9_0' is selected.
00:25:51 INFO  : Processor reset is completed for 'ps7_cortexa9_0'.
00:25:51 INFO  : Context for processor 'ps7_cortexa9_0' is selected.
00:25:51 INFO  : The application 'C:/A2_project/Vivado/Demo_IP_HLS/Demo_IP_HLS_kmeans/Demo_IP_HLS_kmeans.sdk/kmeans_test/Debug/kmeans_test.elf' is downloaded to processor 'ps7_cortexa9_0'.
00:25:51 INFO  : 'configparams force-mem-access 0' command is executed.
00:25:51 INFO  : ----------------XSDB Script----------------
connect -url tcp:127.0.0.1:3121
source C:/A2_project/Vivado/Demo_IP_HLS/Demo_IP_HLS_kmeans/Demo_IP_HLS_kmeans.sdk/design_IP_wrapper_hw_platform_0/ps7_init.tcl
targets -set -nocase -filter {name =~"APU*" && jtag_cable_name =~ "Digilent Zed 210248686847"} -index 0
loadhw -hw C:/A2_project/Vivado/Demo_IP_HLS/Demo_IP_HLS_kmeans/Demo_IP_HLS_kmeans.sdk/design_IP_wrapper_hw_platform_0/system.hdf -mem-ranges [list {0x40000000 0xbfffffff}]
configparams force-mem-access 1
targets -set -nocase -filter {name =~"APU*" && jtag_cable_name =~ "Digilent Zed 210248686847"} -index 0
stop
ps7_init
ps7_post_config
targets -set -nocase -filter {name =~ "ARM*#0" && jtag_cable_name =~ "Digilent Zed 210248686847"} -index 0
rst -processor
targets -set -nocase -filter {name =~ "ARM*#0" && jtag_cable_name =~ "Digilent Zed 210248686847"} -index 0
dow C:/A2_project/Vivado/Demo_IP_HLS/Demo_IP_HLS_kmeans/Demo_IP_HLS_kmeans.sdk/kmeans_test/Debug/kmeans_test.elf
configparams force-mem-access 0
----------------End of Script----------------

00:25:51 INFO  : Memory regions updated for context APU
00:25:51 INFO  : Context for processor 'ps7_cortexa9_0' is selected.
00:25:51 INFO  : 'con' command is executed.
00:25:51 INFO  : ----------------XSDB Script (After Launch)----------------
targets -set -nocase -filter {name =~ "ARM*#0" && jtag_cable_name =~ "Digilent Zed 210248686847"} -index 0
con
----------------End of Script----------------

00:25:51 INFO  : Launch script is exported to file 'C:\A2_project\Vivado\Demo_IP_HLS\Demo_IP_HLS_kmeans\Demo_IP_HLS_kmeans.sdk\.sdk\launch_scripts\xilinx_c-c++_application_(system_debugger)\system_debugger_using_debug_kmeans_test.elf_on_local.tcl'
00:28:00 INFO  : Disconnected from the channel tcfchan#12.
00:28:02 INFO  : 'targets -set -filter {jtag_cable_name =~ "Digilent Zed 210248686847" && level==0} -index 1' command is executed.
00:28:02 INFO  : 'fpga -state' command is executed.
00:28:02 INFO  : Connected to target on host '127.0.0.1' and port '3121'.
00:28:02 INFO  : Jtag cable 'Digilent Zed 210248686847' is selected.
00:28:02 INFO  : 'jtag frequency' command is executed.
00:28:02 INFO  : Sourcing of 'C:/A2_project/Vivado/Demo_IP_HLS/Demo_IP_HLS_kmeans/Demo_IP_HLS_kmeans.sdk/design_IP_wrapper_hw_platform_0/ps7_init.tcl' is done.
00:28:02 INFO  : Context for 'APU' is selected.
00:28:02 INFO  : Hardware design information is loaded from 'C:/A2_project/Vivado/Demo_IP_HLS/Demo_IP_HLS_kmeans/Demo_IP_HLS_kmeans.sdk/design_IP_wrapper_hw_platform_0/system.hdf'.
00:28:02 INFO  : 'configparams force-mem-access 1' command is executed.
00:28:02 INFO  : Context for 'APU' is selected.
00:28:02 INFO  : 'stop' command is executed.
00:28:03 INFO  : 'ps7_init' command is executed.
00:28:03 INFO  : 'ps7_post_config' command is executed.
00:28:03 INFO  : Context for processor 'ps7_cortexa9_0' is selected.
00:28:03 INFO  : Processor reset is completed for 'ps7_cortexa9_0'.
00:28:03 INFO  : Context for processor 'ps7_cortexa9_0' is selected.
00:28:03 INFO  : The application 'C:/A2_project/Vivado/Demo_IP_HLS/Demo_IP_HLS_kmeans/Demo_IP_HLS_kmeans.sdk/kmeans_test/Debug/kmeans_test.elf' is downloaded to processor 'ps7_cortexa9_0'.
00:28:03 INFO  : 'configparams force-mem-access 0' command is executed.
00:28:03 INFO  : ----------------XSDB Script----------------
connect -url tcp:127.0.0.1:3121
source C:/A2_project/Vivado/Demo_IP_HLS/Demo_IP_HLS_kmeans/Demo_IP_HLS_kmeans.sdk/design_IP_wrapper_hw_platform_0/ps7_init.tcl
targets -set -nocase -filter {name =~"APU*" && jtag_cable_name =~ "Digilent Zed 210248686847"} -index 0
loadhw -hw C:/A2_project/Vivado/Demo_IP_HLS/Demo_IP_HLS_kmeans/Demo_IP_HLS_kmeans.sdk/design_IP_wrapper_hw_platform_0/system.hdf -mem-ranges [list {0x40000000 0xbfffffff}]
configparams force-mem-access 1
targets -set -nocase -filter {name =~"APU*" && jtag_cable_name =~ "Digilent Zed 210248686847"} -index 0
stop
ps7_init
ps7_post_config
targets -set -nocase -filter {name =~ "ARM*#0" && jtag_cable_name =~ "Digilent Zed 210248686847"} -index 0
rst -processor
targets -set -nocase -filter {name =~ "ARM*#0" && jtag_cable_name =~ "Digilent Zed 210248686847"} -index 0
dow C:/A2_project/Vivado/Demo_IP_HLS/Demo_IP_HLS_kmeans/Demo_IP_HLS_kmeans.sdk/kmeans_test/Debug/kmeans_test.elf
configparams force-mem-access 0
----------------End of Script----------------

00:28:03 INFO  : Memory regions updated for context APU
00:28:03 INFO  : Context for processor 'ps7_cortexa9_0' is selected.
00:28:03 INFO  : 'con' command is executed.
00:28:03 INFO  : ----------------XSDB Script (After Launch)----------------
targets -set -nocase -filter {name =~ "ARM*#0" && jtag_cable_name =~ "Digilent Zed 210248686847"} -index 0
con
----------------End of Script----------------

00:28:03 INFO  : Launch script is exported to file 'C:\A2_project\Vivado\Demo_IP_HLS\Demo_IP_HLS_kmeans\Demo_IP_HLS_kmeans.sdk\.sdk\launch_scripts\xilinx_c-c++_application_(system_debugger)\system_debugger_using_debug_kmeans_test.elf_on_local.tcl'
00:29:12 INFO  : Disconnected from the channel tcfchan#13.
00:29:13 INFO  : 'targets -set -filter {jtag_cable_name =~ "Digilent Zed 210248686847" && level==0} -index 1' command is executed.
00:29:13 INFO  : 'fpga -state' command is executed.
00:29:13 INFO  : Connected to target on host '127.0.0.1' and port '3121'.
00:29:13 INFO  : Jtag cable 'Digilent Zed 210248686847' is selected.
00:29:13 INFO  : 'jtag frequency' command is executed.
00:29:13 INFO  : Sourcing of 'C:/A2_project/Vivado/Demo_IP_HLS/Demo_IP_HLS_kmeans/Demo_IP_HLS_kmeans.sdk/design_IP_wrapper_hw_platform_0/ps7_init.tcl' is done.
00:29:13 INFO  : Context for 'APU' is selected.
00:29:13 INFO  : Hardware design information is loaded from 'C:/A2_project/Vivado/Demo_IP_HLS/Demo_IP_HLS_kmeans/Demo_IP_HLS_kmeans.sdk/design_IP_wrapper_hw_platform_0/system.hdf'.
00:29:13 INFO  : 'configparams force-mem-access 1' command is executed.
00:29:13 INFO  : Context for 'APU' is selected.
00:29:13 INFO  : 'stop' command is executed.
00:29:14 INFO  : 'ps7_init' command is executed.
00:29:14 INFO  : 'ps7_post_config' command is executed.
00:29:14 INFO  : Context for processor 'ps7_cortexa9_0' is selected.
00:29:14 INFO  : Processor reset is completed for 'ps7_cortexa9_0'.
00:29:14 INFO  : Context for processor 'ps7_cortexa9_0' is selected.
00:29:14 INFO  : The application 'C:/A2_project/Vivado/Demo_IP_HLS/Demo_IP_HLS_kmeans/Demo_IP_HLS_kmeans.sdk/kmeans_test/Debug/kmeans_test.elf' is downloaded to processor 'ps7_cortexa9_0'.
00:29:14 INFO  : 'configparams force-mem-access 0' command is executed.
00:29:14 INFO  : ----------------XSDB Script----------------
connect -url tcp:127.0.0.1:3121
source C:/A2_project/Vivado/Demo_IP_HLS/Demo_IP_HLS_kmeans/Demo_IP_HLS_kmeans.sdk/design_IP_wrapper_hw_platform_0/ps7_init.tcl
targets -set -nocase -filter {name =~"APU*" && jtag_cable_name =~ "Digilent Zed 210248686847"} -index 0
loadhw -hw C:/A2_project/Vivado/Demo_IP_HLS/Demo_IP_HLS_kmeans/Demo_IP_HLS_kmeans.sdk/design_IP_wrapper_hw_platform_0/system.hdf -mem-ranges [list {0x40000000 0xbfffffff}]
configparams force-mem-access 1
targets -set -nocase -filter {name =~"APU*" && jtag_cable_name =~ "Digilent Zed 210248686847"} -index 0
stop
ps7_init
ps7_post_config
targets -set -nocase -filter {name =~ "ARM*#0" && jtag_cable_name =~ "Digilent Zed 210248686847"} -index 0
rst -processor
targets -set -nocase -filter {name =~ "ARM*#0" && jtag_cable_name =~ "Digilent Zed 210248686847"} -index 0
dow C:/A2_project/Vivado/Demo_IP_HLS/Demo_IP_HLS_kmeans/Demo_IP_HLS_kmeans.sdk/kmeans_test/Debug/kmeans_test.elf
configparams force-mem-access 0
----------------End of Script----------------

00:29:14 INFO  : Memory regions updated for context APU
00:29:15 INFO  : Context for processor 'ps7_cortexa9_0' is selected.
00:29:15 INFO  : 'con' command is executed.
00:29:15 INFO  : ----------------XSDB Script (After Launch)----------------
targets -set -nocase -filter {name =~ "ARM*#0" && jtag_cable_name =~ "Digilent Zed 210248686847"} -index 0
con
----------------End of Script----------------

00:29:15 INFO  : Launch script is exported to file 'C:\A2_project\Vivado\Demo_IP_HLS\Demo_IP_HLS_kmeans\Demo_IP_HLS_kmeans.sdk\.sdk\launch_scripts\xilinx_c-c++_application_(system_debugger)\system_debugger_using_debug_kmeans_test.elf_on_local.tcl'
00:30:20 INFO  : Disconnected from the channel tcfchan#14.
00:30:22 INFO  : 'targets -set -filter {jtag_cable_name =~ "Digilent Zed 210248686847" && level==0} -index 1' command is executed.
00:30:22 INFO  : 'fpga -state' command is executed.
00:30:22 INFO  : Connected to target on host '127.0.0.1' and port '3121'.
00:30:22 INFO  : Jtag cable 'Digilent Zed 210248686847' is selected.
00:30:22 INFO  : 'jtag frequency' command is executed.
00:30:22 INFO  : Sourcing of 'C:/A2_project/Vivado/Demo_IP_HLS/Demo_IP_HLS_kmeans/Demo_IP_HLS_kmeans.sdk/design_IP_wrapper_hw_platform_0/ps7_init.tcl' is done.
00:30:22 INFO  : Context for 'APU' is selected.
00:30:22 INFO  : Hardware design information is loaded from 'C:/A2_project/Vivado/Demo_IP_HLS/Demo_IP_HLS_kmeans/Demo_IP_HLS_kmeans.sdk/design_IP_wrapper_hw_platform_0/system.hdf'.
00:30:22 INFO  : 'configparams force-mem-access 1' command is executed.
00:30:22 INFO  : Context for 'APU' is selected.
00:30:22 INFO  : 'stop' command is executed.
00:30:23 INFO  : 'ps7_init' command is executed.
00:30:23 INFO  : 'ps7_post_config' command is executed.
00:30:23 INFO  : Context for processor 'ps7_cortexa9_0' is selected.
00:30:23 INFO  : Processor reset is completed for 'ps7_cortexa9_0'.
00:30:23 INFO  : Context for processor 'ps7_cortexa9_0' is selected.
00:30:23 INFO  : The application 'C:/A2_project/Vivado/Demo_IP_HLS/Demo_IP_HLS_kmeans/Demo_IP_HLS_kmeans.sdk/kmeans_test/Debug/kmeans_test.elf' is downloaded to processor 'ps7_cortexa9_0'.
00:30:23 INFO  : 'configparams force-mem-access 0' command is executed.
00:30:23 INFO  : ----------------XSDB Script----------------
connect -url tcp:127.0.0.1:3121
source C:/A2_project/Vivado/Demo_IP_HLS/Demo_IP_HLS_kmeans/Demo_IP_HLS_kmeans.sdk/design_IP_wrapper_hw_platform_0/ps7_init.tcl
targets -set -nocase -filter {name =~"APU*" && jtag_cable_name =~ "Digilent Zed 210248686847"} -index 0
loadhw -hw C:/A2_project/Vivado/Demo_IP_HLS/Demo_IP_HLS_kmeans/Demo_IP_HLS_kmeans.sdk/design_IP_wrapper_hw_platform_0/system.hdf -mem-ranges [list {0x40000000 0xbfffffff}]
configparams force-mem-access 1
targets -set -nocase -filter {name =~"APU*" && jtag_cable_name =~ "Digilent Zed 210248686847"} -index 0
stop
ps7_init
ps7_post_config
targets -set -nocase -filter {name =~ "ARM*#0" && jtag_cable_name =~ "Digilent Zed 210248686847"} -index 0
rst -processor
targets -set -nocase -filter {name =~ "ARM*#0" && jtag_cable_name =~ "Digilent Zed 210248686847"} -index 0
dow C:/A2_project/Vivado/Demo_IP_HLS/Demo_IP_HLS_kmeans/Demo_IP_HLS_kmeans.sdk/kmeans_test/Debug/kmeans_test.elf
configparams force-mem-access 0
----------------End of Script----------------

00:30:23 INFO  : Memory regions updated for context APU
00:30:23 INFO  : Context for processor 'ps7_cortexa9_0' is selected.
00:30:23 INFO  : 'con' command is executed.
00:30:23 INFO  : ----------------XSDB Script (After Launch)----------------
targets -set -nocase -filter {name =~ "ARM*#0" && jtag_cable_name =~ "Digilent Zed 210248686847"} -index 0
con
----------------End of Script----------------

00:30:23 INFO  : Launch script is exported to file 'C:\A2_project\Vivado\Demo_IP_HLS\Demo_IP_HLS_kmeans\Demo_IP_HLS_kmeans.sdk\.sdk\launch_scripts\xilinx_c-c++_application_(system_debugger)\system_debugger_using_debug_kmeans_test.elf_on_local.tcl'
00:32:31 INFO  : Disconnected from the channel tcfchan#15.
00:32:32 INFO  : 'targets -set -filter {jtag_cable_name =~ "Digilent Zed 210248686847" && level==0} -index 1' command is executed.
00:32:33 INFO  : 'fpga -state' command is executed.
00:32:33 INFO  : Connected to target on host '127.0.0.1' and port '3121'.
00:32:33 INFO  : Jtag cable 'Digilent Zed 210248686847' is selected.
00:32:33 INFO  : 'jtag frequency' command is executed.
00:32:33 INFO  : Sourcing of 'C:/A2_project/Vivado/Demo_IP_HLS/Demo_IP_HLS_kmeans/Demo_IP_HLS_kmeans.sdk/design_IP_wrapper_hw_platform_0/ps7_init.tcl' is done.
00:32:33 INFO  : Context for 'APU' is selected.
00:32:33 INFO  : Hardware design information is loaded from 'C:/A2_project/Vivado/Demo_IP_HLS/Demo_IP_HLS_kmeans/Demo_IP_HLS_kmeans.sdk/design_IP_wrapper_hw_platform_0/system.hdf'.
00:32:33 INFO  : 'configparams force-mem-access 1' command is executed.
00:32:33 INFO  : Context for 'APU' is selected.
00:32:33 INFO  : 'stop' command is executed.
00:32:34 INFO  : 'ps7_init' command is executed.
00:32:34 INFO  : 'ps7_post_config' command is executed.
00:32:34 INFO  : Context for processor 'ps7_cortexa9_0' is selected.
00:32:34 INFO  : Processor reset is completed for 'ps7_cortexa9_0'.
00:32:34 INFO  : Context for processor 'ps7_cortexa9_0' is selected.
00:32:34 INFO  : The application 'C:/A2_project/Vivado/Demo_IP_HLS/Demo_IP_HLS_kmeans/Demo_IP_HLS_kmeans.sdk/kmeans_test/Debug/kmeans_test.elf' is downloaded to processor 'ps7_cortexa9_0'.
00:32:34 INFO  : 'configparams force-mem-access 0' command is executed.
00:32:34 INFO  : ----------------XSDB Script----------------
connect -url tcp:127.0.0.1:3121
source C:/A2_project/Vivado/Demo_IP_HLS/Demo_IP_HLS_kmeans/Demo_IP_HLS_kmeans.sdk/design_IP_wrapper_hw_platform_0/ps7_init.tcl
targets -set -nocase -filter {name =~"APU*" && jtag_cable_name =~ "Digilent Zed 210248686847"} -index 0
loadhw -hw C:/A2_project/Vivado/Demo_IP_HLS/Demo_IP_HLS_kmeans/Demo_IP_HLS_kmeans.sdk/design_IP_wrapper_hw_platform_0/system.hdf -mem-ranges [list {0x40000000 0xbfffffff}]
configparams force-mem-access 1
targets -set -nocase -filter {name =~"APU*" && jtag_cable_name =~ "Digilent Zed 210248686847"} -index 0
stop
ps7_init
ps7_post_config
targets -set -nocase -filter {name =~ "ARM*#0" && jtag_cable_name =~ "Digilent Zed 210248686847"} -index 0
rst -processor
targets -set -nocase -filter {name =~ "ARM*#0" && jtag_cable_name =~ "Digilent Zed 210248686847"} -index 0
dow C:/A2_project/Vivado/Demo_IP_HLS/Demo_IP_HLS_kmeans/Demo_IP_HLS_kmeans.sdk/kmeans_test/Debug/kmeans_test.elf
configparams force-mem-access 0
----------------End of Script----------------

00:32:34 INFO  : Memory regions updated for context APU
00:32:34 INFO  : Context for processor 'ps7_cortexa9_0' is selected.
00:32:34 INFO  : 'con' command is executed.
00:32:34 INFO  : ----------------XSDB Script (After Launch)----------------
targets -set -nocase -filter {name =~ "ARM*#0" && jtag_cable_name =~ "Digilent Zed 210248686847"} -index 0
con
----------------End of Script----------------

00:32:34 INFO  : Launch script is exported to file 'C:\A2_project\Vivado\Demo_IP_HLS\Demo_IP_HLS_kmeans\Demo_IP_HLS_kmeans.sdk\.sdk\launch_scripts\xilinx_c-c++_application_(system_debugger)\system_debugger_using_debug_kmeans_test.elf_on_local.tcl'
00:33:35 INFO  : Disconnected from the channel tcfchan#16.
00:33:36 INFO  : 'targets -set -filter {jtag_cable_name =~ "Digilent Zed 210248686847" && level==0} -index 1' command is executed.
00:33:36 INFO  : 'fpga -state' command is executed.
00:33:36 INFO  : Connected to target on host '127.0.0.1' and port '3121'.
00:33:37 INFO  : Jtag cable 'Digilent Zed 210248686847' is selected.
00:33:37 INFO  : 'jtag frequency' command is executed.
00:33:37 INFO  : Sourcing of 'C:/A2_project/Vivado/Demo_IP_HLS/Demo_IP_HLS_kmeans/Demo_IP_HLS_kmeans.sdk/design_IP_wrapper_hw_platform_0/ps7_init.tcl' is done.
00:33:37 INFO  : Context for 'APU' is selected.
00:33:37 INFO  : Hardware design information is loaded from 'C:/A2_project/Vivado/Demo_IP_HLS/Demo_IP_HLS_kmeans/Demo_IP_HLS_kmeans.sdk/design_IP_wrapper_hw_platform_0/system.hdf'.
00:33:37 INFO  : 'configparams force-mem-access 1' command is executed.
00:33:37 INFO  : Context for 'APU' is selected.
00:33:37 INFO  : 'stop' command is executed.
00:33:37 INFO  : 'ps7_init' command is executed.
00:33:38 INFO  : 'ps7_post_config' command is executed.
00:33:38 INFO  : Context for processor 'ps7_cortexa9_0' is selected.
00:33:38 INFO  : Processor reset is completed for 'ps7_cortexa9_0'.
00:33:38 INFO  : Context for processor 'ps7_cortexa9_0' is selected.
00:33:38 INFO  : The application 'C:/A2_project/Vivado/Demo_IP_HLS/Demo_IP_HLS_kmeans/Demo_IP_HLS_kmeans.sdk/kmeans_test/Debug/kmeans_test.elf' is downloaded to processor 'ps7_cortexa9_0'.
00:33:38 INFO  : 'configparams force-mem-access 0' command is executed.
00:33:38 INFO  : ----------------XSDB Script----------------
connect -url tcp:127.0.0.1:3121
source C:/A2_project/Vivado/Demo_IP_HLS/Demo_IP_HLS_kmeans/Demo_IP_HLS_kmeans.sdk/design_IP_wrapper_hw_platform_0/ps7_init.tcl
targets -set -nocase -filter {name =~"APU*" && jtag_cable_name =~ "Digilent Zed 210248686847"} -index 0
loadhw -hw C:/A2_project/Vivado/Demo_IP_HLS/Demo_IP_HLS_kmeans/Demo_IP_HLS_kmeans.sdk/design_IP_wrapper_hw_platform_0/system.hdf -mem-ranges [list {0x40000000 0xbfffffff}]
configparams force-mem-access 1
targets -set -nocase -filter {name =~"APU*" && jtag_cable_name =~ "Digilent Zed 210248686847"} -index 0
stop
ps7_init
ps7_post_config
targets -set -nocase -filter {name =~ "ARM*#0" && jtag_cable_name =~ "Digilent Zed 210248686847"} -index 0
rst -processor
targets -set -nocase -filter {name =~ "ARM*#0" && jtag_cable_name =~ "Digilent Zed 210248686847"} -index 0
dow C:/A2_project/Vivado/Demo_IP_HLS/Demo_IP_HLS_kmeans/Demo_IP_HLS_kmeans.sdk/kmeans_test/Debug/kmeans_test.elf
configparams force-mem-access 0
----------------End of Script----------------

00:33:38 INFO  : Memory regions updated for context APU
00:33:38 INFO  : Context for processor 'ps7_cortexa9_0' is selected.
00:33:38 INFO  : 'con' command is executed.
00:33:38 INFO  : ----------------XSDB Script (After Launch)----------------
targets -set -nocase -filter {name =~ "ARM*#0" && jtag_cable_name =~ "Digilent Zed 210248686847"} -index 0
con
----------------End of Script----------------

00:33:38 INFO  : Launch script is exported to file 'C:\A2_project\Vivado\Demo_IP_HLS\Demo_IP_HLS_kmeans\Demo_IP_HLS_kmeans.sdk\.sdk\launch_scripts\xilinx_c-c++_application_(system_debugger)\system_debugger_using_debug_kmeans_test.elf_on_local.tcl'
00:34:55 INFO  : Disconnected from the channel tcfchan#17.
00:34:56 INFO  : 'targets -set -filter {jtag_cable_name =~ "Digilent Zed 210248686847" && level==0} -index 1' command is executed.
00:34:56 INFO  : 'fpga -state' command is executed.
00:34:56 INFO  : Connected to target on host '127.0.0.1' and port '3121'.
00:34:57 INFO  : Jtag cable 'Digilent Zed 210248686847' is selected.
00:34:57 INFO  : 'jtag frequency' command is executed.
00:34:57 INFO  : Sourcing of 'C:/A2_project/Vivado/Demo_IP_HLS/Demo_IP_HLS_kmeans/Demo_IP_HLS_kmeans.sdk/design_IP_wrapper_hw_platform_0/ps7_init.tcl' is done.
00:34:57 INFO  : Context for 'APU' is selected.
00:34:57 INFO  : Hardware design information is loaded from 'C:/A2_project/Vivado/Demo_IP_HLS/Demo_IP_HLS_kmeans/Demo_IP_HLS_kmeans.sdk/design_IP_wrapper_hw_platform_0/system.hdf'.
00:34:57 INFO  : 'configparams force-mem-access 1' command is executed.
00:34:57 INFO  : Context for 'APU' is selected.
00:34:57 INFO  : 'stop' command is executed.
00:34:57 INFO  : 'ps7_init' command is executed.
00:34:57 INFO  : 'ps7_post_config' command is executed.
00:34:58 INFO  : Context for processor 'ps7_cortexa9_0' is selected.
00:34:58 INFO  : Processor reset is completed for 'ps7_cortexa9_0'.
00:34:58 INFO  : Context for processor 'ps7_cortexa9_0' is selected.
00:34:58 INFO  : The application 'C:/A2_project/Vivado/Demo_IP_HLS/Demo_IP_HLS_kmeans/Demo_IP_HLS_kmeans.sdk/kmeans_test/Debug/kmeans_test.elf' is downloaded to processor 'ps7_cortexa9_0'.
00:34:58 INFO  : 'configparams force-mem-access 0' command is executed.
00:34:58 INFO  : ----------------XSDB Script----------------
connect -url tcp:127.0.0.1:3121
source C:/A2_project/Vivado/Demo_IP_HLS/Demo_IP_HLS_kmeans/Demo_IP_HLS_kmeans.sdk/design_IP_wrapper_hw_platform_0/ps7_init.tcl
targets -set -nocase -filter {name =~"APU*" && jtag_cable_name =~ "Digilent Zed 210248686847"} -index 0
loadhw -hw C:/A2_project/Vivado/Demo_IP_HLS/Demo_IP_HLS_kmeans/Demo_IP_HLS_kmeans.sdk/design_IP_wrapper_hw_platform_0/system.hdf -mem-ranges [list {0x40000000 0xbfffffff}]
configparams force-mem-access 1
targets -set -nocase -filter {name =~"APU*" && jtag_cable_name =~ "Digilent Zed 210248686847"} -index 0
stop
ps7_init
ps7_post_config
targets -set -nocase -filter {name =~ "ARM*#0" && jtag_cable_name =~ "Digilent Zed 210248686847"} -index 0
rst -processor
targets -set -nocase -filter {name =~ "ARM*#0" && jtag_cable_name =~ "Digilent Zed 210248686847"} -index 0
dow C:/A2_project/Vivado/Demo_IP_HLS/Demo_IP_HLS_kmeans/Demo_IP_HLS_kmeans.sdk/kmeans_test/Debug/kmeans_test.elf
configparams force-mem-access 0
----------------End of Script----------------

00:34:58 INFO  : Memory regions updated for context APU
00:34:58 INFO  : Context for processor 'ps7_cortexa9_0' is selected.
00:34:58 INFO  : 'con' command is executed.
00:34:58 INFO  : ----------------XSDB Script (After Launch)----------------
targets -set -nocase -filter {name =~ "ARM*#0" && jtag_cable_name =~ "Digilent Zed 210248686847"} -index 0
con
----------------End of Script----------------

00:34:58 INFO  : Launch script is exported to file 'C:\A2_project\Vivado\Demo_IP_HLS\Demo_IP_HLS_kmeans\Demo_IP_HLS_kmeans.sdk\.sdk\launch_scripts\xilinx_c-c++_application_(system_debugger)\system_debugger_using_debug_kmeans_test.elf_on_local.tcl'
00:58:56 INFO  : Disconnected from the channel tcfchan#18.
22:46:18 INFO  : Registering command handlers for SDK TCF services
22:46:19 INFO  : Launching XSCT server: xsct.bat -interactive C:\A2_project\Vivado\Demo_IP_HLS\Demo_IP_HLS_kmeans\Demo_IP_HLS_kmeans.sdk\temp_xsdb_launch_script.tcl
22:46:24 INFO  : XSCT server has started successfully.
22:46:24 INFO  : Successfully done setting XSCT server connection channel  
22:46:27 INFO  : Processing command line option -hwspec C:/A2_project/Vivado/Demo_IP_HLS/Demo_IP_HLS_kmeans/Demo_IP_HLS_kmeans.sdk/design_IP_wrapper.hdf.
22:46:27 INFO  : Successfully done setting SDK workspace  
22:46:27 INFO  : Checking for hwspec changes in the project design_IP_wrapper_hw_platform_0.
22:49:20 INFO  : Connected to target on host '127.0.0.1' and port '3121'.
22:49:21 INFO  : 'targets -set -filter {jtag_cable_name =~ "Digilent Zed 210248686847" && level==0} -index 1' command is executed.
22:49:23 INFO  : FPGA configured successfully with bitstream "C:/A2_project/Vivado/Demo_IP_HLS/Demo_IP_HLS_kmeans/Demo_IP_HLS_kmeans.sdk/design_IP_wrapper_hw_platform_0/design_IP_wrapper.bit"
22:49:37 INFO  : 'targets -set -filter {jtag_cable_name =~ "Digilent Zed 210248686847" && level==0} -index 1' command is executed.
22:49:37 INFO  : 'fpga -state' command is executed.
22:49:37 INFO  : Connected to target on host '127.0.0.1' and port '3121'.
22:49:38 INFO  : Jtag cable 'Digilent Zed 210248686847' is selected.
22:49:38 INFO  : 'jtag frequency' command is executed.
22:49:38 INFO  : Sourcing of 'C:/A2_project/Vivado/Demo_IP_HLS/Demo_IP_HLS_kmeans/Demo_IP_HLS_kmeans.sdk/design_IP_wrapper_hw_platform_0/ps7_init.tcl' is done.
22:49:38 INFO  : Context for 'APU' is selected.
22:49:41 INFO  : Hardware design information is loaded from 'C:/A2_project/Vivado/Demo_IP_HLS/Demo_IP_HLS_kmeans/Demo_IP_HLS_kmeans.sdk/design_IP_wrapper_hw_platform_0/system.hdf'.
22:49:41 INFO  : 'configparams force-mem-access 1' command is executed.
22:49:41 INFO  : Context for 'APU' is selected.
22:49:41 INFO  : 'stop' command is executed.
22:49:42 INFO  : 'ps7_init' command is executed.
22:49:42 INFO  : 'ps7_post_config' command is executed.
22:49:42 INFO  : Context for processor 'ps7_cortexa9_0' is selected.
22:49:42 INFO  : Processor reset is completed for 'ps7_cortexa9_0'.
22:49:42 INFO  : Context for processor 'ps7_cortexa9_0' is selected.
22:49:42 INFO  : The application 'C:/A2_project/Vivado/Demo_IP_HLS/Demo_IP_HLS_kmeans/Demo_IP_HLS_kmeans.sdk/kmeans_test/Debug/kmeans_test.elf' is downloaded to processor 'ps7_cortexa9_0'.
22:49:42 INFO  : 'configparams force-mem-access 0' command is executed.
22:49:42 INFO  : ----------------XSDB Script----------------
connect -url tcp:127.0.0.1:3121
source C:/A2_project/Vivado/Demo_IP_HLS/Demo_IP_HLS_kmeans/Demo_IP_HLS_kmeans.sdk/design_IP_wrapper_hw_platform_0/ps7_init.tcl
targets -set -nocase -filter {name =~"APU*" && jtag_cable_name =~ "Digilent Zed 210248686847"} -index 0
loadhw -hw C:/A2_project/Vivado/Demo_IP_HLS/Demo_IP_HLS_kmeans/Demo_IP_HLS_kmeans.sdk/design_IP_wrapper_hw_platform_0/system.hdf -mem-ranges [list {0x40000000 0xbfffffff}]
configparams force-mem-access 1
targets -set -nocase -filter {name =~"APU*" && jtag_cable_name =~ "Digilent Zed 210248686847"} -index 0
stop
ps7_init
ps7_post_config
targets -set -nocase -filter {name =~ "ARM*#0" && jtag_cable_name =~ "Digilent Zed 210248686847"} -index 0
rst -processor
targets -set -nocase -filter {name =~ "ARM*#0" && jtag_cable_name =~ "Digilent Zed 210248686847"} -index 0
dow C:/A2_project/Vivado/Demo_IP_HLS/Demo_IP_HLS_kmeans/Demo_IP_HLS_kmeans.sdk/kmeans_test/Debug/kmeans_test.elf
configparams force-mem-access 0
----------------End of Script----------------

22:49:42 INFO  : Memory regions updated for context APU
22:49:42 INFO  : Context for processor 'ps7_cortexa9_0' is selected.
22:49:42 INFO  : 'con' command is executed.
22:49:42 INFO  : ----------------XSDB Script (After Launch)----------------
targets -set -nocase -filter {name =~ "ARM*#0" && jtag_cable_name =~ "Digilent Zed 210248686847"} -index 0
con
----------------End of Script----------------

22:49:42 INFO  : Launch script is exported to file 'C:\A2_project\Vivado\Demo_IP_HLS\Demo_IP_HLS_kmeans\Demo_IP_HLS_kmeans.sdk\.sdk\launch_scripts\xilinx_c-c++_application_(system_debugger)\system_debugger_using_debug_kmeans_test.elf_on_local.tcl'
22:50:16 INFO  : Disconnected from the channel tcfchan#1.
22:50:17 INFO  : 'targets -set -filter {jtag_cable_name =~ "Digilent Zed 210248686847" && level==0} -index 1' command is executed.
22:50:18 INFO  : 'fpga -state' command is executed.
22:50:18 INFO  : Connected to target on host '127.0.0.1' and port '3121'.
22:50:18 INFO  : Jtag cable 'Digilent Zed 210248686847' is selected.
22:50:18 INFO  : 'jtag frequency' command is executed.
22:50:18 INFO  : Sourcing of 'C:/A2_project/Vivado/Demo_IP_HLS/Demo_IP_HLS_kmeans/Demo_IP_HLS_kmeans.sdk/design_IP_wrapper_hw_platform_0/ps7_init.tcl' is done.
22:50:18 INFO  : Context for 'APU' is selected.
22:50:21 INFO  : Hardware design information is loaded from 'C:/A2_project/Vivado/Demo_IP_HLS/Demo_IP_HLS_kmeans/Demo_IP_HLS_kmeans.sdk/design_IP_wrapper_hw_platform_0/system.hdf'.
22:50:21 INFO  : 'configparams force-mem-access 1' command is executed.
22:50:21 INFO  : Context for 'APU' is selected.
22:50:21 INFO  : 'stop' command is executed.
22:50:22 INFO  : 'ps7_init' command is executed.
22:50:22 INFO  : 'ps7_post_config' command is executed.
22:50:22 INFO  : Context for processor 'ps7_cortexa9_0' is selected.
22:50:22 INFO  : Processor reset is completed for 'ps7_cortexa9_0'.
22:50:22 INFO  : Context for processor 'ps7_cortexa9_0' is selected.
22:50:22 INFO  : The application 'C:/A2_project/Vivado/Demo_IP_HLS/Demo_IP_HLS_kmeans/Demo_IP_HLS_kmeans.sdk/kmeans_test/Debug/kmeans_test.elf' is downloaded to processor 'ps7_cortexa9_0'.
22:50:22 INFO  : 'configparams force-mem-access 0' command is executed.
22:50:22 INFO  : ----------------XSDB Script----------------
connect -url tcp:127.0.0.1:3121
source C:/A2_project/Vivado/Demo_IP_HLS/Demo_IP_HLS_kmeans/Demo_IP_HLS_kmeans.sdk/design_IP_wrapper_hw_platform_0/ps7_init.tcl
targets -set -nocase -filter {name =~"APU*" && jtag_cable_name =~ "Digilent Zed 210248686847"} -index 0
loadhw -hw C:/A2_project/Vivado/Demo_IP_HLS/Demo_IP_HLS_kmeans/Demo_IP_HLS_kmeans.sdk/design_IP_wrapper_hw_platform_0/system.hdf -mem-ranges [list {0x40000000 0xbfffffff}]
configparams force-mem-access 1
targets -set -nocase -filter {name =~"APU*" && jtag_cable_name =~ "Digilent Zed 210248686847"} -index 0
stop
ps7_init
ps7_post_config
targets -set -nocase -filter {name =~ "ARM*#0" && jtag_cable_name =~ "Digilent Zed 210248686847"} -index 0
rst -processor
targets -set -nocase -filter {name =~ "ARM*#0" && jtag_cable_name =~ "Digilent Zed 210248686847"} -index 0
dow C:/A2_project/Vivado/Demo_IP_HLS/Demo_IP_HLS_kmeans/Demo_IP_HLS_kmeans.sdk/kmeans_test/Debug/kmeans_test.elf
configparams force-mem-access 0
----------------End of Script----------------

22:50:22 INFO  : Memory regions updated for context APU
22:50:22 INFO  : Context for processor 'ps7_cortexa9_0' is selected.
22:50:22 INFO  : 'con' command is executed.
22:50:22 INFO  : ----------------XSDB Script (After Launch)----------------
targets -set -nocase -filter {name =~ "ARM*#0" && jtag_cable_name =~ "Digilent Zed 210248686847"} -index 0
con
----------------End of Script----------------

22:50:22 INFO  : Launch script is exported to file 'C:\A2_project\Vivado\Demo_IP_HLS\Demo_IP_HLS_kmeans\Demo_IP_HLS_kmeans.sdk\.sdk\launch_scripts\xilinx_c-c++_application_(system_debugger)\system_debugger_using_debug_kmeans_test.elf_on_local.tcl'
22:51:01 INFO  : Disconnected from the channel tcfchan#2.
22:51:02 INFO  : 'targets -set -filter {jtag_cable_name =~ "Digilent Zed 210248686847" && level==0} -index 1' command is executed.
22:51:02 INFO  : 'fpga -state' command is executed.
22:51:02 INFO  : Connected to target on host '127.0.0.1' and port '3121'.
22:51:03 INFO  : Jtag cable 'Digilent Zed 210248686847' is selected.
22:51:03 INFO  : 'jtag frequency' command is executed.
22:51:03 INFO  : Sourcing of 'C:/A2_project/Vivado/Demo_IP_HLS/Demo_IP_HLS_kmeans/Demo_IP_HLS_kmeans.sdk/design_IP_wrapper_hw_platform_0/ps7_init.tcl' is done.
22:51:03 INFO  : Context for 'APU' is selected.
22:51:03 INFO  : Hardware design information is loaded from 'C:/A2_project/Vivado/Demo_IP_HLS/Demo_IP_HLS_kmeans/Demo_IP_HLS_kmeans.sdk/design_IP_wrapper_hw_platform_0/system.hdf'.
22:51:03 INFO  : 'configparams force-mem-access 1' command is executed.
22:51:03 INFO  : Context for 'APU' is selected.
22:51:03 INFO  : 'stop' command is executed.
22:51:03 INFO  : 'ps7_init' command is executed.
22:51:03 INFO  : 'ps7_post_config' command is executed.
22:51:03 INFO  : Context for processor 'ps7_cortexa9_0' is selected.
22:51:03 INFO  : Processor reset is completed for 'ps7_cortexa9_0'.
22:51:03 INFO  : Context for processor 'ps7_cortexa9_0' is selected.
22:51:04 INFO  : The application 'C:/A2_project/Vivado/Demo_IP_HLS/Demo_IP_HLS_kmeans/Demo_IP_HLS_kmeans.sdk/kmeans_test/Debug/kmeans_test.elf' is downloaded to processor 'ps7_cortexa9_0'.
22:51:04 INFO  : 'configparams force-mem-access 0' command is executed.
22:51:04 INFO  : ----------------XSDB Script----------------
connect -url tcp:127.0.0.1:3121
source C:/A2_project/Vivado/Demo_IP_HLS/Demo_IP_HLS_kmeans/Demo_IP_HLS_kmeans.sdk/design_IP_wrapper_hw_platform_0/ps7_init.tcl
targets -set -nocase -filter {name =~"APU*" && jtag_cable_name =~ "Digilent Zed 210248686847"} -index 0
loadhw -hw C:/A2_project/Vivado/Demo_IP_HLS/Demo_IP_HLS_kmeans/Demo_IP_HLS_kmeans.sdk/design_IP_wrapper_hw_platform_0/system.hdf -mem-ranges [list {0x40000000 0xbfffffff}]
configparams force-mem-access 1
targets -set -nocase -filter {name =~"APU*" && jtag_cable_name =~ "Digilent Zed 210248686847"} -index 0
stop
ps7_init
ps7_post_config
targets -set -nocase -filter {name =~ "ARM*#0" && jtag_cable_name =~ "Digilent Zed 210248686847"} -index 0
rst -processor
targets -set -nocase -filter {name =~ "ARM*#0" && jtag_cable_name =~ "Digilent Zed 210248686847"} -index 0
dow C:/A2_project/Vivado/Demo_IP_HLS/Demo_IP_HLS_kmeans/Demo_IP_HLS_kmeans.sdk/kmeans_test/Debug/kmeans_test.elf
configparams force-mem-access 0
----------------End of Script----------------

22:51:04 INFO  : Memory regions updated for context APU
22:51:04 INFO  : Context for processor 'ps7_cortexa9_0' is selected.
22:51:04 INFO  : 'con' command is executed.
22:51:04 INFO  : ----------------XSDB Script (After Launch)----------------
targets -set -nocase -filter {name =~ "ARM*#0" && jtag_cable_name =~ "Digilent Zed 210248686847"} -index 0
con
----------------End of Script----------------

22:51:04 INFO  : Launch script is exported to file 'C:\A2_project\Vivado\Demo_IP_HLS\Demo_IP_HLS_kmeans\Demo_IP_HLS_kmeans.sdk\.sdk\launch_scripts\xilinx_c-c++_application_(system_debugger)\system_debugger_using_debug_kmeans_test.elf_on_local.tcl'
22:51:38 INFO  : Disconnected from the channel tcfchan#3.
22:51:39 INFO  : 'targets -set -filter {jtag_cable_name =~ "Digilent Zed 210248686847" && level==0} -index 1' command is executed.
22:51:39 INFO  : 'fpga -state' command is executed.
22:51:39 INFO  : Connected to target on host '127.0.0.1' and port '3121'.
22:51:39 INFO  : Jtag cable 'Digilent Zed 210248686847' is selected.
22:51:39 INFO  : 'jtag frequency' command is executed.
22:51:39 INFO  : Sourcing of 'C:/A2_project/Vivado/Demo_IP_HLS/Demo_IP_HLS_kmeans/Demo_IP_HLS_kmeans.sdk/design_IP_wrapper_hw_platform_0/ps7_init.tcl' is done.
22:51:39 INFO  : Context for 'APU' is selected.
22:51:39 INFO  : Hardware design information is loaded from 'C:/A2_project/Vivado/Demo_IP_HLS/Demo_IP_HLS_kmeans/Demo_IP_HLS_kmeans.sdk/design_IP_wrapper_hw_platform_0/system.hdf'.
22:51:39 INFO  : 'configparams force-mem-access 1' command is executed.
22:51:39 INFO  : Context for 'APU' is selected.
22:51:39 INFO  : 'stop' command is executed.
22:51:40 INFO  : 'ps7_init' command is executed.
22:51:40 INFO  : 'ps7_post_config' command is executed.
22:51:40 INFO  : Context for processor 'ps7_cortexa9_0' is selected.
22:51:40 INFO  : Processor reset is completed for 'ps7_cortexa9_0'.
22:51:40 INFO  : Context for processor 'ps7_cortexa9_0' is selected.
22:51:40 INFO  : The application 'C:/A2_project/Vivado/Demo_IP_HLS/Demo_IP_HLS_kmeans/Demo_IP_HLS_kmeans.sdk/kmeans_test/Debug/kmeans_test.elf' is downloaded to processor 'ps7_cortexa9_0'.
22:51:40 INFO  : 'configparams force-mem-access 0' command is executed.
22:51:40 INFO  : ----------------XSDB Script----------------
connect -url tcp:127.0.0.1:3121
source C:/A2_project/Vivado/Demo_IP_HLS/Demo_IP_HLS_kmeans/Demo_IP_HLS_kmeans.sdk/design_IP_wrapper_hw_platform_0/ps7_init.tcl
targets -set -nocase -filter {name =~"APU*" && jtag_cable_name =~ "Digilent Zed 210248686847"} -index 0
loadhw -hw C:/A2_project/Vivado/Demo_IP_HLS/Demo_IP_HLS_kmeans/Demo_IP_HLS_kmeans.sdk/design_IP_wrapper_hw_platform_0/system.hdf -mem-ranges [list {0x40000000 0xbfffffff}]
configparams force-mem-access 1
targets -set -nocase -filter {name =~"APU*" && jtag_cable_name =~ "Digilent Zed 210248686847"} -index 0
stop
ps7_init
ps7_post_config
targets -set -nocase -filter {name =~ "ARM*#0" && jtag_cable_name =~ "Digilent Zed 210248686847"} -index 0
rst -processor
targets -set -nocase -filter {name =~ "ARM*#0" && jtag_cable_name =~ "Digilent Zed 210248686847"} -index 0
dow C:/A2_project/Vivado/Demo_IP_HLS/Demo_IP_HLS_kmeans/Demo_IP_HLS_kmeans.sdk/kmeans_test/Debug/kmeans_test.elf
configparams force-mem-access 0
----------------End of Script----------------

22:51:40 INFO  : Memory regions updated for context APU
22:51:40 INFO  : Context for processor 'ps7_cortexa9_0' is selected.
22:51:40 INFO  : 'con' command is executed.
22:51:40 INFO  : ----------------XSDB Script (After Launch)----------------
targets -set -nocase -filter {name =~ "ARM*#0" && jtag_cable_name =~ "Digilent Zed 210248686847"} -index 0
con
----------------End of Script----------------

22:51:40 INFO  : Launch script is exported to file 'C:\A2_project\Vivado\Demo_IP_HLS\Demo_IP_HLS_kmeans\Demo_IP_HLS_kmeans.sdk\.sdk\launch_scripts\xilinx_c-c++_application_(system_debugger)\system_debugger_using_debug_kmeans_test.elf_on_local.tcl'
23:20:01 INFO  : SDK has detected change in the last modified timestamps for source hardware specification file Source:1583013889658,  Project:1582834125018
23:20:01 INFO  : Project design_IP_wrapper_hw_platform_0's source hardware specification located at C:/A2_project/Vivado/Demo_IP_HLS/Demo_IP_HLS_kmeans/Demo_IP_HLS_kmeans.sdk/design_IP_wrapper.hdf is now different from the local copy.
		 The local copy will be replaced with the source specification and your workspace will be updated.
23:20:03 INFO  : Copied contents of C:/A2_project/Vivado/Demo_IP_HLS/Demo_IP_HLS_kmeans/Demo_IP_HLS_kmeans.sdk/design_IP_wrapper.hdf into \design_IP_wrapper_hw_platform_0\system.hdf.
23:20:08 INFO  : Synchronizing projects in the workspace with the hardware platform specification changes.
23:20:14 INFO  : 
23:20:15 INFO  : Updating hardware inferred compiler options for kmeans_test.
23:20:15 INFO  : Clearing existing target manager status.
23:39:46 INFO  : Disconnected from the channel tcfchan#4.
23:39:50 ERROR : no targets found with "jtag_cable_name =~ "Digilent Zed 210248686847" && level==0". available targets:
  1  APU
     2* ARM Cortex-A9 MPCore #0 (Running)
     3  ARM Cortex-A9 MPCore #1 (Suspended)
  4  xc7z020
23:40:09 INFO  : Connected to target on host '127.0.0.1' and port '3121'.
23:40:09 INFO  : 'targets -set -filter {jtag_cable_name =~ "Digilent Zed 210248686847" && level==0} -index 1' command is executed.
23:40:12 INFO  : FPGA configured successfully with bitstream "C:/A2_project/Vivado/Demo_IP_HLS/Demo_IP_HLS_kmeans/Demo_IP_HLS_kmeans.sdk/design_IP_wrapper_hw_platform_0/design_IP_wrapper.bit"
23:40:14 INFO  : 'targets -set -filter {jtag_cable_name =~ "Digilent Zed 210248686847" && level==0} -index 1' command is executed.
23:40:14 INFO  : 'fpga -state' command is executed.
23:40:14 INFO  : Connected to target on host '127.0.0.1' and port '3121'.
23:40:15 INFO  : Jtag cable 'Digilent Zed 210248686847' is selected.
23:40:15 INFO  : 'jtag frequency' command is executed.
23:40:15 INFO  : Sourcing of 'C:/A2_project/Vivado/Demo_IP_HLS/Demo_IP_HLS_kmeans/Demo_IP_HLS_kmeans.sdk/design_IP_wrapper_hw_platform_0/ps7_init.tcl' is done.
23:40:15 INFO  : Context for 'APU' is selected.
23:40:15 INFO  : Hardware design information is loaded from 'C:/A2_project/Vivado/Demo_IP_HLS/Demo_IP_HLS_kmeans/Demo_IP_HLS_kmeans.sdk/design_IP_wrapper_hw_platform_0/system.hdf'.
23:40:15 INFO  : 'configparams force-mem-access 1' command is executed.
23:40:15 INFO  : Context for 'APU' is selected.
23:40:15 INFO  : 'stop' command is executed.
23:40:15 INFO  : 'ps7_init' command is executed.
23:40:15 INFO  : 'ps7_post_config' command is executed.
23:40:15 INFO  : Context for processor 'ps7_cortexa9_0' is selected.
23:40:15 INFO  : Processor reset is completed for 'ps7_cortexa9_0'.
23:40:15 INFO  : Context for processor 'ps7_cortexa9_0' is selected.
23:40:16 INFO  : The application 'C:/A2_project/Vivado/Demo_IP_HLS/Demo_IP_HLS_kmeans/Demo_IP_HLS_kmeans.sdk/kmeans_test/Debug/kmeans_test.elf' is downloaded to processor 'ps7_cortexa9_0'.
23:40:16 INFO  : 'configparams force-mem-access 0' command is executed.
23:40:16 INFO  : ----------------XSDB Script----------------
connect -url tcp:127.0.0.1:3121
source C:/A2_project/Vivado/Demo_IP_HLS/Demo_IP_HLS_kmeans/Demo_IP_HLS_kmeans.sdk/design_IP_wrapper_hw_platform_0/ps7_init.tcl
targets -set -nocase -filter {name =~"APU*" && jtag_cable_name =~ "Digilent Zed 210248686847"} -index 0
loadhw -hw C:/A2_project/Vivado/Demo_IP_HLS/Demo_IP_HLS_kmeans/Demo_IP_HLS_kmeans.sdk/design_IP_wrapper_hw_platform_0/system.hdf -mem-ranges [list {0x40000000 0xbfffffff}]
configparams force-mem-access 1
targets -set -nocase -filter {name =~"APU*" && jtag_cable_name =~ "Digilent Zed 210248686847"} -index 0
stop
ps7_init
ps7_post_config
targets -set -nocase -filter {name =~ "ARM*#0" && jtag_cable_name =~ "Digilent Zed 210248686847"} -index 0
rst -processor
targets -set -nocase -filter {name =~ "ARM*#0" && jtag_cable_name =~ "Digilent Zed 210248686847"} -index 0
dow C:/A2_project/Vivado/Demo_IP_HLS/Demo_IP_HLS_kmeans/Demo_IP_HLS_kmeans.sdk/kmeans_test/Debug/kmeans_test.elf
configparams force-mem-access 0
----------------End of Script----------------

23:40:16 INFO  : Memory regions updated for context APU
23:40:16 INFO  : Context for processor 'ps7_cortexa9_0' is selected.
23:40:16 INFO  : 'con' command is executed.
23:40:16 INFO  : ----------------XSDB Script (After Launch)----------------
targets -set -nocase -filter {name =~ "ARM*#0" && jtag_cable_name =~ "Digilent Zed 210248686847"} -index 0
con
----------------End of Script----------------

23:40:16 INFO  : Launch script is exported to file 'C:\A2_project\Vivado\Demo_IP_HLS\Demo_IP_HLS_kmeans\Demo_IP_HLS_kmeans.sdk\.sdk\launch_scripts\xilinx_c-c++_application_(system_debugger)\system_debugger_using_debug_kmeans_test.elf_on_local.tcl'
23:40:30 INFO  : Disconnected from the channel tcfchan#5.
23:40:31 INFO  : 'targets -set -filter {jtag_cable_name =~ "Digilent Zed 210248686847" && level==0} -index 1' command is executed.
23:40:31 INFO  : 'fpga -state' command is executed.
23:40:31 INFO  : Connected to target on host '127.0.0.1' and port '3121'.
23:40:32 INFO  : Jtag cable 'Digilent Zed 210248686847' is selected.
23:40:32 INFO  : 'jtag frequency' command is executed.
23:40:32 INFO  : Sourcing of 'C:/A2_project/Vivado/Demo_IP_HLS/Demo_IP_HLS_kmeans/Demo_IP_HLS_kmeans.sdk/design_IP_wrapper_hw_platform_0/ps7_init.tcl' is done.
23:40:32 INFO  : Context for 'APU' is selected.
23:40:32 INFO  : Hardware design information is loaded from 'C:/A2_project/Vivado/Demo_IP_HLS/Demo_IP_HLS_kmeans/Demo_IP_HLS_kmeans.sdk/design_IP_wrapper_hw_platform_0/system.hdf'.
23:40:32 INFO  : 'configparams force-mem-access 1' command is executed.
23:40:32 INFO  : Context for 'APU' is selected.
23:40:32 INFO  : 'stop' command is executed.
23:40:32 INFO  : 'ps7_init' command is executed.
23:40:32 INFO  : 'ps7_post_config' command is executed.
23:40:32 INFO  : Context for processor 'ps7_cortexa9_0' is selected.
23:40:32 INFO  : Processor reset is completed for 'ps7_cortexa9_0'.
23:40:33 INFO  : Context for processor 'ps7_cortexa9_0' is selected.
23:40:33 INFO  : The application 'C:/A2_project/Vivado/Demo_IP_HLS/Demo_IP_HLS_kmeans/Demo_IP_HLS_kmeans.sdk/kmeans_test/Debug/kmeans_test.elf' is downloaded to processor 'ps7_cortexa9_0'.
23:40:33 INFO  : 'configparams force-mem-access 0' command is executed.
23:40:33 INFO  : ----------------XSDB Script----------------
connect -url tcp:127.0.0.1:3121
source C:/A2_project/Vivado/Demo_IP_HLS/Demo_IP_HLS_kmeans/Demo_IP_HLS_kmeans.sdk/design_IP_wrapper_hw_platform_0/ps7_init.tcl
targets -set -nocase -filter {name =~"APU*" && jtag_cable_name =~ "Digilent Zed 210248686847"} -index 0
loadhw -hw C:/A2_project/Vivado/Demo_IP_HLS/Demo_IP_HLS_kmeans/Demo_IP_HLS_kmeans.sdk/design_IP_wrapper_hw_platform_0/system.hdf -mem-ranges [list {0x40000000 0xbfffffff}]
configparams force-mem-access 1
targets -set -nocase -filter {name =~"APU*" && jtag_cable_name =~ "Digilent Zed 210248686847"} -index 0
stop
ps7_init
ps7_post_config
targets -set -nocase -filter {name =~ "ARM*#0" && jtag_cable_name =~ "Digilent Zed 210248686847"} -index 0
rst -processor
targets -set -nocase -filter {name =~ "ARM*#0" && jtag_cable_name =~ "Digilent Zed 210248686847"} -index 0
dow C:/A2_project/Vivado/Demo_IP_HLS/Demo_IP_HLS_kmeans/Demo_IP_HLS_kmeans.sdk/kmeans_test/Debug/kmeans_test.elf
configparams force-mem-access 0
----------------End of Script----------------

23:40:33 INFO  : Memory regions updated for context APU
23:40:33 INFO  : Context for processor 'ps7_cortexa9_0' is selected.
23:40:33 INFO  : 'con' command is executed.
23:40:33 INFO  : ----------------XSDB Script (After Launch)----------------
targets -set -nocase -filter {name =~ "ARM*#0" && jtag_cable_name =~ "Digilent Zed 210248686847"} -index 0
con
----------------End of Script----------------

23:40:33 INFO  : Launch script is exported to file 'C:\A2_project\Vivado\Demo_IP_HLS\Demo_IP_HLS_kmeans\Demo_IP_HLS_kmeans.sdk\.sdk\launch_scripts\xilinx_c-c++_application_(system_debugger)\system_debugger_using_debug_kmeans_test.elf_on_local.tcl'
