15:57:20 INFO  : Registering command handlers for SDK TCF services
15:57:25 INFO  : Launching XSCT server: xsct.bat -interactive E:\A2Proj\Vivado\Demo_IP_HLS\Demo_IP_HLS\Demo_IP_HLS.sdk\temp_xsdb_launch_script.tcl
15:57:32 INFO  : XSCT server has started successfully.
15:57:53 INFO  : Successfully done setting XSCT server connection channel  
15:57:53 INFO  : Processing command line option -hwspec E:/A2Proj/Vivado/Demo_IP_HLS/Demo_IP_HLS/Demo_IP_HLS.sdk/design_IP_wrapper.hdf.
15:57:53 INFO  : Successfully done setting SDK workspace  
16:01:05 INFO  : Refreshed build settings on project test_kmeans
16:55:00 INFO  : Connected to target on host '127.0.0.1' and port '3121'.
16:55:07 INFO  : Connected to target on host '127.0.0.1' and port '3121'.
16:55:07 INFO  : 'targets -set -filter {jtag_cable_name =~ "Digilent Zed 210248686847" && level==0} -index 1' command is executed.
16:55:09 INFO  : FPGA configured successfully with bitstream "E:/A2Proj/Vivado/Demo_IP_HLS/Demo_IP_HLS/Demo_IP_HLS.sdk/design_IP_wrapper_hw_platform_0/design_IP_wrapper.bit"
16:57:44 INFO  : 'targets -set -filter {jtag_cable_name =~ "Digilent Zed 210248686847" && level==0} -index 1' command is executed.
16:57:44 INFO  : 'fpga -state' command is executed.
16:57:44 INFO  : Connected to target on host '127.0.0.1' and port '3121'.
16:57:45 INFO  : Jtag cable 'Digilent Zed 210248686847' is selected.
16:57:45 INFO  : 'jtag frequency' command is executed.
16:57:45 INFO  : Sourcing of 'E:/A2Proj/Vivado/Demo_IP_HLS/Demo_IP_HLS/Demo_IP_HLS.sdk/design_IP_wrapper_hw_platform_0/ps7_init.tcl' is done.
16:57:45 INFO  : Context for 'APU' is selected.
16:57:47 INFO  : Hardware design information is loaded from 'E:/A2Proj/Vivado/Demo_IP_HLS/Demo_IP_HLS/Demo_IP_HLS.sdk/design_IP_wrapper_hw_platform_0/system.hdf'.
16:57:47 INFO  : 'configparams force-mem-access 1' command is executed.
16:57:47 INFO  : Context for 'APU' is selected.
16:57:47 INFO  : 'stop' command is executed.
16:57:47 INFO  : 'ps7_init' command is executed.
16:57:47 INFO  : 'ps7_post_config' command is executed.
16:57:47 INFO  : Context for processor 'ps7_cortexa9_0' is selected.
16:57:47 INFO  : Processor reset is completed for 'ps7_cortexa9_0'.
16:57:47 INFO  : Context for processor 'ps7_cortexa9_0' is selected.
16:57:47 INFO  : The application 'E:/A2Proj/Vivado/Demo_IP_HLS/Demo_IP_HLS/Demo_IP_HLS.sdk/test_kmeans/Debug/test_kmeans.elf' is downloaded to processor 'ps7_cortexa9_0'.
16:57:47 INFO  : 'configparams force-mem-access 0' command is executed.
16:57:47 INFO  : ----------------XSDB Script----------------
connect -url tcp:127.0.0.1:3121
source E:/A2Proj/Vivado/Demo_IP_HLS/Demo_IP_HLS/Demo_IP_HLS.sdk/design_IP_wrapper_hw_platform_0/ps7_init.tcl
targets -set -nocase -filter {name =~"APU*" && jtag_cable_name =~ "Digilent Zed 210248686847"} -index 0
loadhw -hw E:/A2Proj/Vivado/Demo_IP_HLS/Demo_IP_HLS/Demo_IP_HLS.sdk/design_IP_wrapper_hw_platform_0/system.hdf -mem-ranges [list {0x40000000 0xbfffffff}]
configparams force-mem-access 1
targets -set -nocase -filter {name =~"APU*" && jtag_cable_name =~ "Digilent Zed 210248686847"} -index 0
stop
ps7_init
ps7_post_config
targets -set -nocase -filter {name =~ "ARM*#0" && jtag_cable_name =~ "Digilent Zed 210248686847"} -index 0
rst -processor
targets -set -nocase -filter {name =~ "ARM*#0" && jtag_cable_name =~ "Digilent Zed 210248686847"} -index 0
dow E:/A2Proj/Vivado/Demo_IP_HLS/Demo_IP_HLS/Demo_IP_HLS.sdk/test_kmeans/Debug/test_kmeans.elf
configparams force-mem-access 0
----------------End of Script----------------

16:57:47 INFO  : Memory regions updated for context APU
16:57:48 INFO  : Context for processor 'ps7_cortexa9_0' is selected.
16:57:48 INFO  : 'con' command is executed.
16:57:48 INFO  : ----------------XSDB Script (After Launch)----------------
targets -set -nocase -filter {name =~ "ARM*#0" && jtag_cable_name =~ "Digilent Zed 210248686847"} -index 0
con
----------------End of Script----------------

16:57:48 INFO  : Launch script is exported to file 'E:\A2Proj\Vivado\Demo_IP_HLS\Demo_IP_HLS\Demo_IP_HLS.sdk\.sdk\launch_scripts\xilinx_c-c++_application_(system_debugger)\system_debugger_on_local.tcl'
17:17:10 INFO  : Refreshed build settings on project test_kmeans
17:20:35 INFO  : Disconnected from the channel tcfchan#1.
17:20:36 INFO  : 'targets -set -filter {jtag_cable_name =~ "Digilent Zed 210248686847" && level==0} -index 1' command is executed.
17:20:36 INFO  : 'fpga -state' command is executed.
17:20:36 INFO  : Connected to target on host '127.0.0.1' and port '3121'.
17:20:37 INFO  : Jtag cable 'Digilent Zed 210248686847' is selected.
17:20:37 INFO  : 'jtag frequency' command is executed.
17:20:37 INFO  : Sourcing of 'E:/A2Proj/Vivado/Demo_IP_HLS/Demo_IP_HLS/Demo_IP_HLS.sdk/design_IP_wrapper_hw_platform_0/ps7_init.tcl' is done.
17:20:37 INFO  : Context for 'APU' is selected.
17:20:39 INFO  : Hardware design information is loaded from 'E:/A2Proj/Vivado/Demo_IP_HLS/Demo_IP_HLS/Demo_IP_HLS.sdk/design_IP_wrapper_hw_platform_0/system.hdf'.
17:20:39 INFO  : 'configparams force-mem-access 1' command is executed.
17:20:39 INFO  : Context for 'APU' is selected.
17:20:39 INFO  : 'stop' command is executed.
17:20:39 INFO  : 'ps7_init' command is executed.
17:20:39 INFO  : 'ps7_post_config' command is executed.
17:20:39 INFO  : Context for processor 'ps7_cortexa9_0' is selected.
17:20:39 INFO  : Processor reset is completed for 'ps7_cortexa9_0'.
17:20:39 INFO  : Context for processor 'ps7_cortexa9_0' is selected.
17:20:39 INFO  : The application 'E:/A2Proj/Vivado/Demo_IP_HLS/Demo_IP_HLS/Demo_IP_HLS.sdk/test_kmeans/Debug/test_kmeans.elf' is downloaded to processor 'ps7_cortexa9_0'.
17:20:39 INFO  : 'configparams force-mem-access 0' command is executed.
17:20:39 INFO  : ----------------XSDB Script----------------
connect -url tcp:127.0.0.1:3121
source E:/A2Proj/Vivado/Demo_IP_HLS/Demo_IP_HLS/Demo_IP_HLS.sdk/design_IP_wrapper_hw_platform_0/ps7_init.tcl
targets -set -nocase -filter {name =~"APU*" && jtag_cable_name =~ "Digilent Zed 210248686847"} -index 0
loadhw -hw E:/A2Proj/Vivado/Demo_IP_HLS/Demo_IP_HLS/Demo_IP_HLS.sdk/design_IP_wrapper_hw_platform_0/system.hdf -mem-ranges [list {0x40000000 0xbfffffff}]
configparams force-mem-access 1
targets -set -nocase -filter {name =~"APU*" && jtag_cable_name =~ "Digilent Zed 210248686847"} -index 0
stop
ps7_init
ps7_post_config
targets -set -nocase -filter {name =~ "ARM*#0" && jtag_cable_name =~ "Digilent Zed 210248686847"} -index 0
rst -processor
targets -set -nocase -filter {name =~ "ARM*#0" && jtag_cable_name =~ "Digilent Zed 210248686847"} -index 0
dow E:/A2Proj/Vivado/Demo_IP_HLS/Demo_IP_HLS/Demo_IP_HLS.sdk/test_kmeans/Debug/test_kmeans.elf
configparams force-mem-access 0
----------------End of Script----------------

17:20:39 INFO  : Memory regions updated for context APU
17:20:39 INFO  : Context for processor 'ps7_cortexa9_0' is selected.
17:20:39 INFO  : 'con' command is executed.
17:20:39 INFO  : ----------------XSDB Script (After Launch)----------------
targets -set -nocase -filter {name =~ "ARM*#0" && jtag_cable_name =~ "Digilent Zed 210248686847"} -index 0
con
----------------End of Script----------------

17:20:39 INFO  : Launch script is exported to file 'E:\A2Proj\Vivado\Demo_IP_HLS\Demo_IP_HLS\Demo_IP_HLS.sdk\.sdk\launch_scripts\xilinx_c-c++_application_(system_debugger)\system_debugger_on_local.tcl'
17:21:35 INFO  : Disconnected from the channel tcfchan#2.
17:21:36 INFO  : 'targets -set -filter {jtag_cable_name =~ "Digilent Zed 210248686847" && level==0} -index 1' command is executed.
17:21:36 INFO  : 'fpga -state' command is executed.
17:21:36 INFO  : Connected to target on host '127.0.0.1' and port '3121'.
17:21:37 INFO  : Jtag cable 'Digilent Zed 210248686847' is selected.
17:21:37 INFO  : 'jtag frequency' command is executed.
17:21:37 INFO  : Sourcing of 'E:/A2Proj/Vivado/Demo_IP_HLS/Demo_IP_HLS/Demo_IP_HLS.sdk/design_IP_wrapper_hw_platform_0/ps7_init.tcl' is done.
17:21:37 INFO  : Context for 'APU' is selected.
17:21:37 INFO  : Hardware design information is loaded from 'E:/A2Proj/Vivado/Demo_IP_HLS/Demo_IP_HLS/Demo_IP_HLS.sdk/design_IP_wrapper_hw_platform_0/system.hdf'.
17:21:37 INFO  : 'configparams force-mem-access 1' command is executed.
17:21:37 INFO  : Context for 'APU' is selected.
17:21:37 INFO  : 'stop' command is executed.
17:21:37 INFO  : 'ps7_init' command is executed.
17:21:37 INFO  : 'ps7_post_config' command is executed.
17:21:37 INFO  : Context for processor 'ps7_cortexa9_0' is selected.
17:21:37 INFO  : Processor reset is completed for 'ps7_cortexa9_0'.
17:21:37 INFO  : Context for processor 'ps7_cortexa9_0' is selected.
17:21:37 INFO  : The application 'E:/A2Proj/Vivado/Demo_IP_HLS/Demo_IP_HLS/Demo_IP_HLS.sdk/test_kmeans/Debug/test_kmeans.elf' is downloaded to processor 'ps7_cortexa9_0'.
17:21:37 INFO  : 'configparams force-mem-access 0' command is executed.
17:21:37 INFO  : ----------------XSDB Script----------------
connect -url tcp:127.0.0.1:3121
source E:/A2Proj/Vivado/Demo_IP_HLS/Demo_IP_HLS/Demo_IP_HLS.sdk/design_IP_wrapper_hw_platform_0/ps7_init.tcl
targets -set -nocase -filter {name =~"APU*" && jtag_cable_name =~ "Digilent Zed 210248686847"} -index 0
loadhw -hw E:/A2Proj/Vivado/Demo_IP_HLS/Demo_IP_HLS/Demo_IP_HLS.sdk/design_IP_wrapper_hw_platform_0/system.hdf -mem-ranges [list {0x40000000 0xbfffffff}]
configparams force-mem-access 1
targets -set -nocase -filter {name =~"APU*" && jtag_cable_name =~ "Digilent Zed 210248686847"} -index 0
stop
ps7_init
ps7_post_config
targets -set -nocase -filter {name =~ "ARM*#0" && jtag_cable_name =~ "Digilent Zed 210248686847"} -index 0
rst -processor
targets -set -nocase -filter {name =~ "ARM*#0" && jtag_cable_name =~ "Digilent Zed 210248686847"} -index 0
dow E:/A2Proj/Vivado/Demo_IP_HLS/Demo_IP_HLS/Demo_IP_HLS.sdk/test_kmeans/Debug/test_kmeans.elf
configparams force-mem-access 0
----------------End of Script----------------

17:21:37 INFO  : Memory regions updated for context APU
17:21:38 INFO  : Context for processor 'ps7_cortexa9_0' is selected.
17:21:38 INFO  : 'con' command is executed.
17:21:38 INFO  : ----------------XSDB Script (After Launch)----------------
targets -set -nocase -filter {name =~ "ARM*#0" && jtag_cable_name =~ "Digilent Zed 210248686847"} -index 0
con
----------------End of Script----------------

17:21:38 INFO  : Launch script is exported to file 'E:\A2Proj\Vivado\Demo_IP_HLS\Demo_IP_HLS\Demo_IP_HLS.sdk\.sdk\launch_scripts\xilinx_c-c++_application_(system_debugger)\system_debugger_on_local.tcl'
17:22:23 INFO  : Refreshed build settings on project test_kmeans
17:23:04 INFO  : Disconnected from the channel tcfchan#3.
17:23:06 INFO  : 'targets -set -filter {jtag_cable_name =~ "Digilent Zed 210248686847" && level==0} -index 1' command is executed.
17:23:06 INFO  : 'fpga -state' command is executed.
17:23:06 INFO  : Connected to target on host '127.0.0.1' and port '3121'.
17:23:06 INFO  : Jtag cable 'Digilent Zed 210248686847' is selected.
17:23:06 INFO  : 'jtag frequency' command is executed.
17:23:06 INFO  : Sourcing of 'E:/A2Proj/Vivado/Demo_IP_HLS/Demo_IP_HLS/Demo_IP_HLS.sdk/design_IP_wrapper_hw_platform_0/ps7_init.tcl' is done.
17:23:06 INFO  : Context for 'APU' is selected.
17:23:06 INFO  : Hardware design information is loaded from 'E:/A2Proj/Vivado/Demo_IP_HLS/Demo_IP_HLS/Demo_IP_HLS.sdk/design_IP_wrapper_hw_platform_0/system.hdf'.
17:23:06 INFO  : 'configparams force-mem-access 1' command is executed.
17:23:06 INFO  : Context for 'APU' is selected.
17:23:06 INFO  : 'stop' command is executed.
17:23:06 INFO  : 'ps7_init' command is executed.
17:23:06 INFO  : 'ps7_post_config' command is executed.
17:23:06 INFO  : Context for processor 'ps7_cortexa9_0' is selected.
17:23:06 INFO  : Processor reset is completed for 'ps7_cortexa9_0'.
17:23:06 INFO  : Context for processor 'ps7_cortexa9_0' is selected.
17:23:07 INFO  : The application 'E:/A2Proj/Vivado/Demo_IP_HLS/Demo_IP_HLS/Demo_IP_HLS.sdk/test_kmeans/Debug/test_kmeans.elf' is downloaded to processor 'ps7_cortexa9_0'.
17:23:07 INFO  : 'configparams force-mem-access 0' command is executed.
17:23:07 INFO  : ----------------XSDB Script----------------
connect -url tcp:127.0.0.1:3121
source E:/A2Proj/Vivado/Demo_IP_HLS/Demo_IP_HLS/Demo_IP_HLS.sdk/design_IP_wrapper_hw_platform_0/ps7_init.tcl
targets -set -nocase -filter {name =~"APU*" && jtag_cable_name =~ "Digilent Zed 210248686847"} -index 0
loadhw -hw E:/A2Proj/Vivado/Demo_IP_HLS/Demo_IP_HLS/Demo_IP_HLS.sdk/design_IP_wrapper_hw_platform_0/system.hdf -mem-ranges [list {0x40000000 0xbfffffff}]
configparams force-mem-access 1
targets -set -nocase -filter {name =~"APU*" && jtag_cable_name =~ "Digilent Zed 210248686847"} -index 0
stop
ps7_init
ps7_post_config
targets -set -nocase -filter {name =~ "ARM*#0" && jtag_cable_name =~ "Digilent Zed 210248686847"} -index 0
rst -processor
targets -set -nocase -filter {name =~ "ARM*#0" && jtag_cable_name =~ "Digilent Zed 210248686847"} -index 0
dow E:/A2Proj/Vivado/Demo_IP_HLS/Demo_IP_HLS/Demo_IP_HLS.sdk/test_kmeans/Debug/test_kmeans.elf
configparams force-mem-access 0
----------------End of Script----------------

17:23:07 INFO  : Memory regions updated for context APU
17:23:07 INFO  : Context for processor 'ps7_cortexa9_0' is selected.
17:23:07 INFO  : 'con' command is executed.
17:23:07 INFO  : ----------------XSDB Script (After Launch)----------------
targets -set -nocase -filter {name =~ "ARM*#0" && jtag_cable_name =~ "Digilent Zed 210248686847"} -index 0
con
----------------End of Script----------------

17:23:07 INFO  : Launch script is exported to file 'E:\A2Proj\Vivado\Demo_IP_HLS\Demo_IP_HLS\Demo_IP_HLS.sdk\.sdk\launch_scripts\xilinx_c-c++_application_(system_debugger)\system_debugger_on_local.tcl'
17:24:12 INFO  : Disconnected from the channel tcfchan#4.
17:24:13 INFO  : 'targets -set -filter {jtag_cable_name =~ "Digilent Zed 210248686847" && level==0} -index 1' command is executed.
17:24:13 INFO  : 'fpga -state' command is executed.
17:24:13 INFO  : Connected to target on host '127.0.0.1' and port '3121'.
17:24:13 INFO  : Jtag cable 'Digilent Zed 210248686847' is selected.
17:24:13 INFO  : 'jtag frequency' command is executed.
17:24:13 INFO  : Sourcing of 'E:/A2Proj/Vivado/Demo_IP_HLS/Demo_IP_HLS/Demo_IP_HLS.sdk/design_IP_wrapper_hw_platform_0/ps7_init.tcl' is done.
17:24:13 INFO  : Context for 'APU' is selected.
17:24:13 INFO  : Hardware design information is loaded from 'E:/A2Proj/Vivado/Demo_IP_HLS/Demo_IP_HLS/Demo_IP_HLS.sdk/design_IP_wrapper_hw_platform_0/system.hdf'.
17:24:14 INFO  : 'configparams force-mem-access 1' command is executed.
17:24:14 INFO  : Context for 'APU' is selected.
17:24:14 INFO  : 'stop' command is executed.
17:24:14 INFO  : 'ps7_init' command is executed.
17:24:14 INFO  : 'ps7_post_config' command is executed.
17:24:14 INFO  : Context for processor 'ps7_cortexa9_0' is selected.
17:24:14 INFO  : Processor reset is completed for 'ps7_cortexa9_0'.
17:24:14 INFO  : Context for processor 'ps7_cortexa9_0' is selected.
17:24:14 INFO  : The application 'E:/A2Proj/Vivado/Demo_IP_HLS/Demo_IP_HLS/Demo_IP_HLS.sdk/test_kmeans/Debug/test_kmeans.elf' is downloaded to processor 'ps7_cortexa9_0'.
17:24:14 INFO  : 'configparams force-mem-access 0' command is executed.
17:24:14 INFO  : ----------------XSDB Script----------------
connect -url tcp:127.0.0.1:3121
source E:/A2Proj/Vivado/Demo_IP_HLS/Demo_IP_HLS/Demo_IP_HLS.sdk/design_IP_wrapper_hw_platform_0/ps7_init.tcl
targets -set -nocase -filter {name =~"APU*" && jtag_cable_name =~ "Digilent Zed 210248686847"} -index 0
loadhw -hw E:/A2Proj/Vivado/Demo_IP_HLS/Demo_IP_HLS/Demo_IP_HLS.sdk/design_IP_wrapper_hw_platform_0/system.hdf -mem-ranges [list {0x40000000 0xbfffffff}]
configparams force-mem-access 1
targets -set -nocase -filter {name =~"APU*" && jtag_cable_name =~ "Digilent Zed 210248686847"} -index 0
stop
ps7_init
ps7_post_config
targets -set -nocase -filter {name =~ "ARM*#0" && jtag_cable_name =~ "Digilent Zed 210248686847"} -index 0
rst -processor
targets -set -nocase -filter {name =~ "ARM*#0" && jtag_cable_name =~ "Digilent Zed 210248686847"} -index 0
dow E:/A2Proj/Vivado/Demo_IP_HLS/Demo_IP_HLS/Demo_IP_HLS.sdk/test_kmeans/Debug/test_kmeans.elf
configparams force-mem-access 0
----------------End of Script----------------

17:24:14 INFO  : Memory regions updated for context APU
17:24:14 INFO  : Context for processor 'ps7_cortexa9_0' is selected.
17:24:14 INFO  : 'con' command is executed.
17:24:14 INFO  : ----------------XSDB Script (After Launch)----------------
targets -set -nocase -filter {name =~ "ARM*#0" && jtag_cable_name =~ "Digilent Zed 210248686847"} -index 0
con
----------------End of Script----------------

17:24:14 INFO  : Launch script is exported to file 'E:\A2Proj\Vivado\Demo_IP_HLS\Demo_IP_HLS\Demo_IP_HLS.sdk\.sdk\launch_scripts\xilinx_c-c++_application_(system_debugger)\system_debugger_on_local.tcl'
17:24:41 INFO  : Disconnected from the channel tcfchan#5.
17:24:42 INFO  : 'targets -set -filter {jtag_cable_name =~ "Digilent Zed 210248686847" && level==0} -index 1' command is executed.
17:24:42 INFO  : 'fpga -state' command is executed.
17:24:42 INFO  : Connected to target on host '127.0.0.1' and port '3121'.
17:24:42 INFO  : Jtag cable 'Digilent Zed 210248686847' is selected.
17:24:42 INFO  : 'jtag frequency' command is executed.
17:24:42 INFO  : Sourcing of 'E:/A2Proj/Vivado/Demo_IP_HLS/Demo_IP_HLS/Demo_IP_HLS.sdk/design_IP_wrapper_hw_platform_0/ps7_init.tcl' is done.
17:24:42 INFO  : Context for 'APU' is selected.
17:24:42 INFO  : Hardware design information is loaded from 'E:/A2Proj/Vivado/Demo_IP_HLS/Demo_IP_HLS/Demo_IP_HLS.sdk/design_IP_wrapper_hw_platform_0/system.hdf'.
17:24:42 INFO  : 'configparams force-mem-access 1' command is executed.
17:24:42 INFO  : Context for 'APU' is selected.
17:24:42 INFO  : 'stop' command is executed.
17:24:43 INFO  : 'ps7_init' command is executed.
17:24:43 INFO  : 'ps7_post_config' command is executed.
17:24:43 INFO  : Context for processor 'ps7_cortexa9_0' is selected.
17:24:43 INFO  : Processor reset is completed for 'ps7_cortexa9_0'.
17:24:43 INFO  : Context for processor 'ps7_cortexa9_0' is selected.
17:24:43 INFO  : The application 'E:/A2Proj/Vivado/Demo_IP_HLS/Demo_IP_HLS/Demo_IP_HLS.sdk/test_kmeans/Debug/test_kmeans.elf' is downloaded to processor 'ps7_cortexa9_0'.
17:24:43 INFO  : 'configparams force-mem-access 0' command is executed.
17:24:43 INFO  : ----------------XSDB Script----------------
connect -url tcp:127.0.0.1:3121
source E:/A2Proj/Vivado/Demo_IP_HLS/Demo_IP_HLS/Demo_IP_HLS.sdk/design_IP_wrapper_hw_platform_0/ps7_init.tcl
targets -set -nocase -filter {name =~"APU*" && jtag_cable_name =~ "Digilent Zed 210248686847"} -index 0
loadhw -hw E:/A2Proj/Vivado/Demo_IP_HLS/Demo_IP_HLS/Demo_IP_HLS.sdk/design_IP_wrapper_hw_platform_0/system.hdf -mem-ranges [list {0x40000000 0xbfffffff}]
configparams force-mem-access 1
targets -set -nocase -filter {name =~"APU*" && jtag_cable_name =~ "Digilent Zed 210248686847"} -index 0
stop
ps7_init
ps7_post_config
targets -set -nocase -filter {name =~ "ARM*#0" && jtag_cable_name =~ "Digilent Zed 210248686847"} -index 0
rst -processor
targets -set -nocase -filter {name =~ "ARM*#0" && jtag_cable_name =~ "Digilent Zed 210248686847"} -index 0
dow E:/A2Proj/Vivado/Demo_IP_HLS/Demo_IP_HLS/Demo_IP_HLS.sdk/test_kmeans/Debug/test_kmeans.elf
configparams force-mem-access 0
----------------End of Script----------------

17:24:43 INFO  : Memory regions updated for context APU
17:24:43 INFO  : Context for processor 'ps7_cortexa9_0' is selected.
17:24:43 INFO  : 'con' command is executed.
17:24:43 INFO  : ----------------XSDB Script (After Launch)----------------
targets -set -nocase -filter {name =~ "ARM*#0" && jtag_cable_name =~ "Digilent Zed 210248686847"} -index 0
con
----------------End of Script----------------

17:24:43 INFO  : Launch script is exported to file 'E:\A2Proj\Vivado\Demo_IP_HLS\Demo_IP_HLS\Demo_IP_HLS.sdk\.sdk\launch_scripts\xilinx_c-c++_application_(system_debugger)\system_debugger_on_local.tcl'
17:26:04 INFO  : Disconnected from the channel tcfchan#6.
17:26:05 INFO  : 'targets -set -filter {jtag_cable_name =~ "Digilent Zed 210248686847" && level==0} -index 1' command is executed.
17:26:05 INFO  : 'fpga -state' command is executed.
17:26:05 INFO  : Connected to target on host '127.0.0.1' and port '3121'.
17:26:06 INFO  : Jtag cable 'Digilent Zed 210248686847' is selected.
17:26:06 INFO  : 'jtag frequency' command is executed.
17:26:06 INFO  : Sourcing of 'E:/A2Proj/Vivado/Demo_IP_HLS/Demo_IP_HLS/Demo_IP_HLS.sdk/design_IP_wrapper_hw_platform_0/ps7_init.tcl' is done.
17:26:06 INFO  : Context for 'APU' is selected.
17:26:06 INFO  : Hardware design information is loaded from 'E:/A2Proj/Vivado/Demo_IP_HLS/Demo_IP_HLS/Demo_IP_HLS.sdk/design_IP_wrapper_hw_platform_0/system.hdf'.
17:26:06 INFO  : 'configparams force-mem-access 1' command is executed.
17:26:06 INFO  : Context for 'APU' is selected.
17:26:06 INFO  : 'stop' command is executed.
17:26:06 INFO  : 'ps7_init' command is executed.
17:26:06 INFO  : 'ps7_post_config' command is executed.
17:26:06 INFO  : Context for processor 'ps7_cortexa9_0' is selected.
17:26:06 INFO  : Processor reset is completed for 'ps7_cortexa9_0'.
17:26:06 INFO  : Context for processor 'ps7_cortexa9_0' is selected.
17:26:06 INFO  : The application 'E:/A2Proj/Vivado/Demo_IP_HLS/Demo_IP_HLS/Demo_IP_HLS.sdk/test_kmeans/Debug/test_kmeans.elf' is downloaded to processor 'ps7_cortexa9_0'.
17:26:06 INFO  : 'configparams force-mem-access 0' command is executed.
17:26:06 INFO  : ----------------XSDB Script----------------
connect -url tcp:127.0.0.1:3121
source E:/A2Proj/Vivado/Demo_IP_HLS/Demo_IP_HLS/Demo_IP_HLS.sdk/design_IP_wrapper_hw_platform_0/ps7_init.tcl
targets -set -nocase -filter {name =~"APU*" && jtag_cable_name =~ "Digilent Zed 210248686847"} -index 0
loadhw -hw E:/A2Proj/Vivado/Demo_IP_HLS/Demo_IP_HLS/Demo_IP_HLS.sdk/design_IP_wrapper_hw_platform_0/system.hdf -mem-ranges [list {0x40000000 0xbfffffff}]
configparams force-mem-access 1
targets -set -nocase -filter {name =~"APU*" && jtag_cable_name =~ "Digilent Zed 210248686847"} -index 0
stop
ps7_init
ps7_post_config
targets -set -nocase -filter {name =~ "ARM*#0" && jtag_cable_name =~ "Digilent Zed 210248686847"} -index 0
rst -processor
targets -set -nocase -filter {name =~ "ARM*#0" && jtag_cable_name =~ "Digilent Zed 210248686847"} -index 0
dow E:/A2Proj/Vivado/Demo_IP_HLS/Demo_IP_HLS/Demo_IP_HLS.sdk/test_kmeans/Debug/test_kmeans.elf
configparams force-mem-access 0
----------------End of Script----------------

17:26:06 INFO  : Memory regions updated for context APU
17:26:06 INFO  : Context for processor 'ps7_cortexa9_0' is selected.
17:26:07 INFO  : 'con' command is executed.
17:26:07 INFO  : ----------------XSDB Script (After Launch)----------------
targets -set -nocase -filter {name =~ "ARM*#0" && jtag_cable_name =~ "Digilent Zed 210248686847"} -index 0
con
----------------End of Script----------------

17:26:07 INFO  : Launch script is exported to file 'E:\A2Proj\Vivado\Demo_IP_HLS\Demo_IP_HLS\Demo_IP_HLS.sdk\.sdk\launch_scripts\xilinx_c-c++_application_(system_debugger)\system_debugger_on_local.tcl'
17:30:49 INFO  : Disconnected from the channel tcfchan#7.
17:30:50 INFO  : 'targets -set -filter {jtag_cable_name =~ "Digilent Zed 210248686847" && level==0} -index 1' command is executed.
17:30:50 INFO  : 'fpga -state' command is executed.
17:30:50 INFO  : Connected to target on host '127.0.0.1' and port '3121'.
17:30:50 INFO  : Jtag cable 'Digilent Zed 210248686847' is selected.
17:30:50 INFO  : 'jtag frequency' command is executed.
17:30:50 INFO  : Sourcing of 'E:/A2Proj/Vivado/Demo_IP_HLS/Demo_IP_HLS/Demo_IP_HLS.sdk/design_IP_wrapper_hw_platform_0/ps7_init.tcl' is done.
17:30:50 INFO  : Context for 'APU' is selected.
17:30:50 INFO  : Hardware design information is loaded from 'E:/A2Proj/Vivado/Demo_IP_HLS/Demo_IP_HLS/Demo_IP_HLS.sdk/design_IP_wrapper_hw_platform_0/system.hdf'.
17:30:50 INFO  : 'configparams force-mem-access 1' command is executed.
17:30:50 INFO  : Context for 'APU' is selected.
17:30:50 INFO  : 'stop' command is executed.
17:30:50 INFO  : 'ps7_init' command is executed.
17:30:50 INFO  : 'ps7_post_config' command is executed.
17:30:50 INFO  : Context for processor 'ps7_cortexa9_0' is selected.
17:30:50 INFO  : Processor reset is completed for 'ps7_cortexa9_0'.
17:30:50 INFO  : Context for processor 'ps7_cortexa9_0' is selected.
17:30:51 INFO  : The application 'E:/A2Proj/Vivado/Demo_IP_HLS/Demo_IP_HLS/Demo_IP_HLS.sdk/test_kmeans/Debug/test_kmeans.elf' is downloaded to processor 'ps7_cortexa9_0'.
17:30:51 INFO  : 'configparams force-mem-access 0' command is executed.
17:30:51 INFO  : ----------------XSDB Script----------------
connect -url tcp:127.0.0.1:3121
source E:/A2Proj/Vivado/Demo_IP_HLS/Demo_IP_HLS/Demo_IP_HLS.sdk/design_IP_wrapper_hw_platform_0/ps7_init.tcl
targets -set -nocase -filter {name =~"APU*" && jtag_cable_name =~ "Digilent Zed 210248686847"} -index 0
loadhw -hw E:/A2Proj/Vivado/Demo_IP_HLS/Demo_IP_HLS/Demo_IP_HLS.sdk/design_IP_wrapper_hw_platform_0/system.hdf -mem-ranges [list {0x40000000 0xbfffffff}]
configparams force-mem-access 1
targets -set -nocase -filter {name =~"APU*" && jtag_cable_name =~ "Digilent Zed 210248686847"} -index 0
stop
ps7_init
ps7_post_config
targets -set -nocase -filter {name =~ "ARM*#0" && jtag_cable_name =~ "Digilent Zed 210248686847"} -index 0
rst -processor
targets -set -nocase -filter {name =~ "ARM*#0" && jtag_cable_name =~ "Digilent Zed 210248686847"} -index 0
dow E:/A2Proj/Vivado/Demo_IP_HLS/Demo_IP_HLS/Demo_IP_HLS.sdk/test_kmeans/Debug/test_kmeans.elf
configparams force-mem-access 0
----------------End of Script----------------

17:30:51 INFO  : Memory regions updated for context APU
17:30:51 INFO  : Context for processor 'ps7_cortexa9_0' is selected.
17:30:51 INFO  : 'con' command is executed.
17:30:51 INFO  : ----------------XSDB Script (After Launch)----------------
targets -set -nocase -filter {name =~ "ARM*#0" && jtag_cable_name =~ "Digilent Zed 210248686847"} -index 0
con
----------------End of Script----------------

17:30:51 INFO  : Launch script is exported to file 'E:\A2Proj\Vivado\Demo_IP_HLS\Demo_IP_HLS\Demo_IP_HLS.sdk\.sdk\launch_scripts\xilinx_c-c++_application_(system_debugger)\system_debugger_on_local.tcl'
17:31:34 INFO  : Disconnected from the channel tcfchan#8.
17:31:35 INFO  : 'targets -set -filter {jtag_cable_name =~ "Digilent Zed 210248686847" && level==0} -index 1' command is executed.
17:31:35 INFO  : 'fpga -state' command is executed.
17:31:35 INFO  : Connected to target on host '127.0.0.1' and port '3121'.
17:31:35 INFO  : Jtag cable 'Digilent Zed 210248686847' is selected.
17:31:35 INFO  : 'jtag frequency' command is executed.
17:31:35 INFO  : Sourcing of 'E:/A2Proj/Vivado/Demo_IP_HLS/Demo_IP_HLS/Demo_IP_HLS.sdk/design_IP_wrapper_hw_platform_0/ps7_init.tcl' is done.
17:31:35 INFO  : Context for 'APU' is selected.
17:31:35 INFO  : Hardware design information is loaded from 'E:/A2Proj/Vivado/Demo_IP_HLS/Demo_IP_HLS/Demo_IP_HLS.sdk/design_IP_wrapper_hw_platform_0/system.hdf'.
17:31:35 INFO  : 'configparams force-mem-access 1' command is executed.
17:31:35 INFO  : Context for 'APU' is selected.
17:31:35 INFO  : 'stop' command is executed.
17:31:35 INFO  : 'ps7_init' command is executed.
17:31:35 INFO  : 'ps7_post_config' command is executed.
17:31:35 INFO  : Context for processor 'ps7_cortexa9_0' is selected.
17:31:36 INFO  : Processor reset is completed for 'ps7_cortexa9_0'.
17:31:36 INFO  : Context for processor 'ps7_cortexa9_0' is selected.
17:31:36 INFO  : The application 'E:/A2Proj/Vivado/Demo_IP_HLS/Demo_IP_HLS/Demo_IP_HLS.sdk/test_kmeans/Debug/test_kmeans.elf' is downloaded to processor 'ps7_cortexa9_0'.
17:31:36 INFO  : 'configparams force-mem-access 0' command is executed.
17:31:36 INFO  : ----------------XSDB Script----------------
connect -url tcp:127.0.0.1:3121
source E:/A2Proj/Vivado/Demo_IP_HLS/Demo_IP_HLS/Demo_IP_HLS.sdk/design_IP_wrapper_hw_platform_0/ps7_init.tcl
targets -set -nocase -filter {name =~"APU*" && jtag_cable_name =~ "Digilent Zed 210248686847"} -index 0
loadhw -hw E:/A2Proj/Vivado/Demo_IP_HLS/Demo_IP_HLS/Demo_IP_HLS.sdk/design_IP_wrapper_hw_platform_0/system.hdf -mem-ranges [list {0x40000000 0xbfffffff}]
configparams force-mem-access 1
targets -set -nocase -filter {name =~"APU*" && jtag_cable_name =~ "Digilent Zed 210248686847"} -index 0
stop
ps7_init
ps7_post_config
targets -set -nocase -filter {name =~ "ARM*#0" && jtag_cable_name =~ "Digilent Zed 210248686847"} -index 0
rst -processor
targets -set -nocase -filter {name =~ "ARM*#0" && jtag_cable_name =~ "Digilent Zed 210248686847"} -index 0
dow E:/A2Proj/Vivado/Demo_IP_HLS/Demo_IP_HLS/Demo_IP_HLS.sdk/test_kmeans/Debug/test_kmeans.elf
configparams force-mem-access 0
----------------End of Script----------------

17:31:36 INFO  : Memory regions updated for context APU
17:31:36 INFO  : Context for processor 'ps7_cortexa9_0' is selected.
17:31:36 INFO  : 'con' command is executed.
17:31:36 INFO  : ----------------XSDB Script (After Launch)----------------
targets -set -nocase -filter {name =~ "ARM*#0" && jtag_cable_name =~ "Digilent Zed 210248686847"} -index 0
con
----------------End of Script----------------

17:31:36 INFO  : Launch script is exported to file 'E:\A2Proj\Vivado\Demo_IP_HLS\Demo_IP_HLS\Demo_IP_HLS.sdk\.sdk\launch_scripts\xilinx_c-c++_application_(system_debugger)\system_debugger_on_local.tcl'
