#-----------------------------------------------------------
# xsim v2019.1 (64-bit)
# SW Build 2552052 on Fri May 24 14:47:09 MDT 2019
# IP Build 2548770 on Fri May 24 18:01:18 MDT 2019
# Start of session at: Sat Feb 15 15:33:17 2020
# Process ID: 6460
# Current directory: /mnt/side_windows/UPSUD/A2/HLS/Block_Matrix_HLS/block_matrix/solution1/sim/vhdl
# Command line: xsim -mode tcl -source {xsim.dir/multiply_block/xsim_script.tcl}
# Log file: /mnt/side_windows/UPSUD/A2/HLS/Block_Matrix_HLS/block_matrix/solution1/sim/vhdl/xsim.log
# Journal file: /mnt/side_windows/UPSUD/A2/HLS/Block_Matrix_HLS/block_matrix/solution1/sim/vhdl/xsim.jou
#-----------------------------------------------------------
source xsim.dir/multiply_block/xsim_script.tcl
# xsim {multiply_block} -autoloadwcfg -tclbatch {multiply_block.tcl}
Vivado Simulator 2019.1
Time resolution is 1 ps
source multiply_block.tcl
## run all
Warning: OPMODE Input Warning : The OPMODE 0110X0X with CARRYINSEL  000 to DSP48E1 instance is invalid.
Time: 100010 ps  Iteration: 0  Process: /apatb_multiply_block_top/AESL_inst_multiply_block/multiply_block_fadd_32ns_32ns_32_5_full_dsp_1_U1/multiply_block_ap_fadd_3_full_dsp_32_u/U0/i_synth/addsub_op/ADDSUB/dsp/OP/dsp48e1_body/ALIGN_ADD/DSP2/DSP/prcs_opmode_drc  File: /mnt/side_windows/Vivado_linux/Vivado/2019.1/data/vhdl/src/unisims/primitive/DSP48E1.vhd
Note: simulation done!
Time: 518995 ns  Iteration: 1  Process: /apatb_multiply_block_top/generate_sim_done_proc  File: /mnt/side_windows/UPSUD/A2/HLS/Block_Matrix_HLS/block_matrix/solution1/sim/vhdl/multiply_block.autotb.vhd
Failure: NORMAL EXIT (note: failure is to force the simulator to stop)
Time: 518995 ns  Iteration: 1  Process: /apatb_multiply_block_top/generate_sim_done_proc  File: /mnt/side_windows/UPSUD/A2/HLS/Block_Matrix_HLS/block_matrix/solution1/sim/vhdl/multiply_block.autotb.vhd
$finish called at time : 518995 ns
## quit
INFO: [Common 17-206] Exiting xsim at Sat Feb 15 15:33:53 2020...
