22:45:01 INFO  : Registering command handlers for SDK TCF services
22:45:02 INFO  : Launching XSCT server: xsct.bat -interactive C:\A2_project\Vivado\Demo_IP_HLS\Demo_IP_HLS_pearson\Demo_IP_HLS_pearson.sdk\temp_xsdb_launch_script.tcl
22:45:06 INFO  : XSCT server has started successfully.
22:45:10 INFO  : Processing command line option -hwspec C:/A2_project/Vivado/Demo_IP_HLS/Demo_IP_HLS_pearson/Demo_IP_HLS_pearson.sdk/design_IP_wrapper.hdf.
22:45:10 INFO  : Successfully done setting XSCT server connection channel  
22:45:10 INFO  : Successfully done setting SDK workspace  
23:08:43 INFO  : Refreshed build settings on project pearson_test
23:10:05 INFO  : Refreshed build settings on project pearson_test
23:11:00 INFO  : Refreshed build settings on project pearson_test
23:13:43 INFO  : Connected to target on host '127.0.0.1' and port '3121'.
23:13:43 INFO  : 'targets -set -filter {jtag_cable_name =~ "Digilent Zed 210248686847" && level==0} -index 1' command is executed.
23:13:46 INFO  : FPGA configured successfully with bitstream "C:/A2_project/Vivado/Demo_IP_HLS/Demo_IP_HLS_pearson/Demo_IP_HLS_pearson.sdk/design_IP_wrapper_hw_platform_0/design_IP_wrapper.bit"
23:13:58 INFO  : 'targets -set -filter {jtag_cable_name =~ "Digilent Zed 210248686847" && level==0} -index 1' command is executed.
23:13:58 INFO  : 'fpga -state' command is executed.
23:13:58 INFO  : Connected to target on host '127.0.0.1' and port '3121'.
23:13:59 INFO  : Jtag cable 'Digilent Zed 210248686847' is selected.
23:13:59 INFO  : 'jtag frequency' command is executed.
23:13:59 INFO  : Sourcing of 'C:/A2_project/Vivado/Demo_IP_HLS/Demo_IP_HLS_pearson/Demo_IP_HLS_pearson.sdk/design_IP_wrapper_hw_platform_0/ps7_init.tcl' is done.
23:13:59 INFO  : Context for 'APU' is selected.
23:14:02 INFO  : Hardware design information is loaded from 'C:/A2_project/Vivado/Demo_IP_HLS/Demo_IP_HLS_pearson/Demo_IP_HLS_pearson.sdk/design_IP_wrapper_hw_platform_0/system.hdf'.
23:14:02 INFO  : 'configparams force-mem-access 1' command is executed.
23:14:02 INFO  : Context for 'APU' is selected.
23:14:02 INFO  : 'stop' command is executed.
23:14:02 INFO  : 'ps7_init' command is executed.
23:14:02 INFO  : 'ps7_post_config' command is executed.
23:14:02 INFO  : Context for processor 'ps7_cortexa9_0' is selected.
23:14:02 INFO  : Processor reset is completed for 'ps7_cortexa9_0'.
23:14:02 INFO  : Context for processor 'ps7_cortexa9_0' is selected.
23:14:03 INFO  : The application 'C:/A2_project/Vivado/Demo_IP_HLS/Demo_IP_HLS_pearson/Demo_IP_HLS_pearson.sdk/pearson_test/Debug/pearson_test.elf' is downloaded to processor 'ps7_cortexa9_0'.
23:14:03 INFO  : 'configparams force-mem-access 0' command is executed.
23:14:03 INFO  : ----------------XSDB Script----------------
connect -url tcp:127.0.0.1:3121
source C:/A2_project/Vivado/Demo_IP_HLS/Demo_IP_HLS_pearson/Demo_IP_HLS_pearson.sdk/design_IP_wrapper_hw_platform_0/ps7_init.tcl
targets -set -nocase -filter {name =~"APU*" && jtag_cable_name =~ "Digilent Zed 210248686847"} -index 0
loadhw -hw C:/A2_project/Vivado/Demo_IP_HLS/Demo_IP_HLS_pearson/Demo_IP_HLS_pearson.sdk/design_IP_wrapper_hw_platform_0/system.hdf -mem-ranges [list {0x40000000 0xbfffffff}]
configparams force-mem-access 1
targets -set -nocase -filter {name =~"APU*" && jtag_cable_name =~ "Digilent Zed 210248686847"} -index 0
stop
ps7_init
ps7_post_config
targets -set -nocase -filter {name =~ "ARM*#0" && jtag_cable_name =~ "Digilent Zed 210248686847"} -index 0
rst -processor
targets -set -nocase -filter {name =~ "ARM*#0" && jtag_cable_name =~ "Digilent Zed 210248686847"} -index 0
dow C:/A2_project/Vivado/Demo_IP_HLS/Demo_IP_HLS_pearson/Demo_IP_HLS_pearson.sdk/pearson_test/Debug/pearson_test.elf
configparams force-mem-access 0
----------------End of Script----------------

23:14:03 INFO  : Memory regions updated for context APU
23:14:03 INFO  : Context for processor 'ps7_cortexa9_0' is selected.
23:14:03 INFO  : 'con' command is executed.
23:14:03 INFO  : ----------------XSDB Script (After Launch)----------------
targets -set -nocase -filter {name =~ "ARM*#0" && jtag_cable_name =~ "Digilent Zed 210248686847"} -index 0
con
----------------End of Script----------------

23:14:03 INFO  : Launch script is exported to file 'C:\A2_project\Vivado\Demo_IP_HLS\Demo_IP_HLS_pearson\Demo_IP_HLS_pearson.sdk\.sdk\launch_scripts\xilinx_c-c++_application_(system_debugger)\system_debugger_using_debug_pearson_test.elf_on_local.tcl'
23:14:33 INFO  : Disconnected from the channel tcfchan#1.
23:14:38 INFO  : 'targets -set -filter {jtag_cable_name =~ "Digilent Zed 210248686847" && level==0} -index 1' command is executed.
23:14:38 INFO  : 'fpga -state' command is executed.
23:14:38 INFO  : Connected to target on host '127.0.0.1' and port '3121'.
23:14:38 INFO  : Jtag cable 'Digilent Zed 210248686847' is selected.
23:14:38 INFO  : 'jtag frequency' command is executed.
23:14:38 INFO  : Sourcing of 'C:/A2_project/Vivado/Demo_IP_HLS/Demo_IP_HLS_pearson/Demo_IP_HLS_pearson.sdk/design_IP_wrapper_hw_platform_0/ps7_init.tcl' is done.
23:14:38 INFO  : Context for 'APU' is selected.
23:14:41 INFO  : Hardware design information is loaded from 'C:/A2_project/Vivado/Demo_IP_HLS/Demo_IP_HLS_pearson/Demo_IP_HLS_pearson.sdk/design_IP_wrapper_hw_platform_0/system.hdf'.
23:14:41 INFO  : 'configparams force-mem-access 1' command is executed.
23:14:41 INFO  : Context for 'APU' is selected.
23:14:41 INFO  : 'stop' command is executed.
23:14:42 INFO  : 'ps7_init' command is executed.
23:14:42 INFO  : 'ps7_post_config' command is executed.
23:14:42 INFO  : Context for processor 'ps7_cortexa9_0' is selected.
23:14:42 INFO  : Processor reset is completed for 'ps7_cortexa9_0'.
23:14:42 INFO  : Context for processor 'ps7_cortexa9_0' is selected.
23:14:42 INFO  : The application 'C:/A2_project/Vivado/Demo_IP_HLS/Demo_IP_HLS_pearson/Demo_IP_HLS_pearson.sdk/pearson_test/Debug/pearson_test.elf' is downloaded to processor 'ps7_cortexa9_0'.
23:14:42 INFO  : 'configparams force-mem-access 0' command is executed.
23:14:42 INFO  : ----------------XSDB Script----------------
connect -url tcp:127.0.0.1:3121
source C:/A2_project/Vivado/Demo_IP_HLS/Demo_IP_HLS_pearson/Demo_IP_HLS_pearson.sdk/design_IP_wrapper_hw_platform_0/ps7_init.tcl
targets -set -nocase -filter {name =~"APU*" && jtag_cable_name =~ "Digilent Zed 210248686847"} -index 0
loadhw -hw C:/A2_project/Vivado/Demo_IP_HLS/Demo_IP_HLS_pearson/Demo_IP_HLS_pearson.sdk/design_IP_wrapper_hw_platform_0/system.hdf -mem-ranges [list {0x40000000 0xbfffffff}]
configparams force-mem-access 1
targets -set -nocase -filter {name =~"APU*" && jtag_cable_name =~ "Digilent Zed 210248686847"} -index 0
stop
ps7_init
ps7_post_config
targets -set -nocase -filter {name =~ "ARM*#0" && jtag_cable_name =~ "Digilent Zed 210248686847"} -index 0
rst -processor
targets -set -nocase -filter {name =~ "ARM*#0" && jtag_cable_name =~ "Digilent Zed 210248686847"} -index 0
dow C:/A2_project/Vivado/Demo_IP_HLS/Demo_IP_HLS_pearson/Demo_IP_HLS_pearson.sdk/pearson_test/Debug/pearson_test.elf
configparams force-mem-access 0
----------------End of Script----------------

23:14:42 INFO  : Memory regions updated for context APU
23:14:42 INFO  : Context for processor 'ps7_cortexa9_0' is selected.
23:14:42 INFO  : 'con' command is executed.
23:14:42 INFO  : ----------------XSDB Script (After Launch)----------------
targets -set -nocase -filter {name =~ "ARM*#0" && jtag_cable_name =~ "Digilent Zed 210248686847"} -index 0
con
----------------End of Script----------------

23:14:42 INFO  : Launch script is exported to file 'C:\A2_project\Vivado\Demo_IP_HLS\Demo_IP_HLS_pearson\Demo_IP_HLS_pearson.sdk\.sdk\launch_scripts\xilinx_c-c++_application_(system_debugger)\system_debugger_using_debug_pearson_test.elf_on_local.tcl'
23:15:03 INFO  : Disconnected from the channel tcfchan#2.
23:15:04 INFO  : 'targets -set -filter {jtag_cable_name =~ "Digilent Zed 210248686847" && level==0} -index 1' command is executed.
23:15:04 INFO  : 'fpga -state' command is executed.
23:15:04 INFO  : Connected to target on host '127.0.0.1' and port '3121'.
23:15:05 INFO  : Jtag cable 'Digilent Zed 210248686847' is selected.
23:15:05 INFO  : 'jtag frequency' command is executed.
23:15:05 INFO  : Sourcing of 'C:/A2_project/Vivado/Demo_IP_HLS/Demo_IP_HLS_pearson/Demo_IP_HLS_pearson.sdk/design_IP_wrapper_hw_platform_0/ps7_init.tcl' is done.
23:15:05 INFO  : Context for 'APU' is selected.
23:15:05 INFO  : Hardware design information is loaded from 'C:/A2_project/Vivado/Demo_IP_HLS/Demo_IP_HLS_pearson/Demo_IP_HLS_pearson.sdk/design_IP_wrapper_hw_platform_0/system.hdf'.
23:15:05 INFO  : 'configparams force-mem-access 1' command is executed.
23:15:05 INFO  : Context for 'APU' is selected.
23:15:05 INFO  : 'stop' command is executed.
23:15:05 INFO  : 'ps7_init' command is executed.
23:15:05 INFO  : 'ps7_post_config' command is executed.
23:15:05 INFO  : Context for processor 'ps7_cortexa9_0' is selected.
23:15:05 INFO  : Processor reset is completed for 'ps7_cortexa9_0'.
23:15:05 INFO  : Context for processor 'ps7_cortexa9_0' is selected.
23:15:06 INFO  : The application 'C:/A2_project/Vivado/Demo_IP_HLS/Demo_IP_HLS_pearson/Demo_IP_HLS_pearson.sdk/pearson_test/Debug/pearson_test.elf' is downloaded to processor 'ps7_cortexa9_0'.
23:15:06 INFO  : 'configparams force-mem-access 0' command is executed.
23:15:06 INFO  : ----------------XSDB Script----------------
connect -url tcp:127.0.0.1:3121
source C:/A2_project/Vivado/Demo_IP_HLS/Demo_IP_HLS_pearson/Demo_IP_HLS_pearson.sdk/design_IP_wrapper_hw_platform_0/ps7_init.tcl
targets -set -nocase -filter {name =~"APU*" && jtag_cable_name =~ "Digilent Zed 210248686847"} -index 0
loadhw -hw C:/A2_project/Vivado/Demo_IP_HLS/Demo_IP_HLS_pearson/Demo_IP_HLS_pearson.sdk/design_IP_wrapper_hw_platform_0/system.hdf -mem-ranges [list {0x40000000 0xbfffffff}]
configparams force-mem-access 1
targets -set -nocase -filter {name =~"APU*" && jtag_cable_name =~ "Digilent Zed 210248686847"} -index 0
stop
ps7_init
ps7_post_config
targets -set -nocase -filter {name =~ "ARM*#0" && jtag_cable_name =~ "Digilent Zed 210248686847"} -index 0
rst -processor
targets -set -nocase -filter {name =~ "ARM*#0" && jtag_cable_name =~ "Digilent Zed 210248686847"} -index 0
dow C:/A2_project/Vivado/Demo_IP_HLS/Demo_IP_HLS_pearson/Demo_IP_HLS_pearson.sdk/pearson_test/Debug/pearson_test.elf
configparams force-mem-access 0
----------------End of Script----------------

23:15:06 INFO  : Memory regions updated for context APU
23:15:06 INFO  : Context for processor 'ps7_cortexa9_0' is selected.
23:15:06 INFO  : 'con' command is executed.
23:15:06 INFO  : ----------------XSDB Script (After Launch)----------------
targets -set -nocase -filter {name =~ "ARM*#0" && jtag_cable_name =~ "Digilent Zed 210248686847"} -index 0
con
----------------End of Script----------------

23:15:06 INFO  : Launch script is exported to file 'C:\A2_project\Vivado\Demo_IP_HLS\Demo_IP_HLS_pearson\Demo_IP_HLS_pearson.sdk\.sdk\launch_scripts\xilinx_c-c++_application_(system_debugger)\system_debugger_using_debug_pearson_test.elf_on_local.tcl'
23:15:36 INFO  : Connected to target on host '127.0.0.1' and port '3121'.
23:15:36 INFO  : 'targets -set -filter {jtag_cable_name =~ "Digilent Zed 210248686847" && level==0} -index 1' command is executed.
23:15:38 INFO  : FPGA configured successfully with bitstream "C:/A2_project/Vivado/Demo_IP_HLS/Demo_IP_HLS_pearson/Demo_IP_HLS_pearson.sdk/design_IP_wrapper_hw_platform_0/design_IP_wrapper.bit"
23:15:47 INFO  : Disconnected from the channel tcfchan#3.
23:15:48 INFO  : 'targets -set -filter {jtag_cable_name =~ "Digilent Zed 210248686847" && level==0} -index 1' command is executed.
23:15:48 INFO  : 'fpga -state' command is executed.
23:15:48 INFO  : Connected to target on host '127.0.0.1' and port '3121'.
23:15:49 INFO  : Jtag cable 'Digilent Zed 210248686847' is selected.
23:15:49 INFO  : 'jtag frequency' command is executed.
23:15:49 INFO  : Sourcing of 'C:/A2_project/Vivado/Demo_IP_HLS/Demo_IP_HLS_pearson/Demo_IP_HLS_pearson.sdk/design_IP_wrapper_hw_platform_0/ps7_init.tcl' is done.
23:15:49 INFO  : Context for 'APU' is selected.
23:15:49 INFO  : Hardware design information is loaded from 'C:/A2_project/Vivado/Demo_IP_HLS/Demo_IP_HLS_pearson/Demo_IP_HLS_pearson.sdk/design_IP_wrapper_hw_platform_0/system.hdf'.
23:15:49 INFO  : 'configparams force-mem-access 1' command is executed.
23:15:49 INFO  : Context for 'APU' is selected.
23:15:49 INFO  : 'stop' command is executed.
23:15:50 INFO  : 'ps7_init' command is executed.
23:15:50 INFO  : 'ps7_post_config' command is executed.
23:15:50 INFO  : Context for processor 'ps7_cortexa9_0' is selected.
23:15:50 INFO  : Processor reset is completed for 'ps7_cortexa9_0'.
23:15:50 INFO  : Context for processor 'ps7_cortexa9_0' is selected.
23:15:50 INFO  : The application 'C:/A2_project/Vivado/Demo_IP_HLS/Demo_IP_HLS_pearson/Demo_IP_HLS_pearson.sdk/pearson_test/Debug/pearson_test.elf' is downloaded to processor 'ps7_cortexa9_0'.
23:15:50 INFO  : 'configparams force-mem-access 0' command is executed.
23:15:50 INFO  : ----------------XSDB Script----------------
connect -url tcp:127.0.0.1:3121
source C:/A2_project/Vivado/Demo_IP_HLS/Demo_IP_HLS_pearson/Demo_IP_HLS_pearson.sdk/design_IP_wrapper_hw_platform_0/ps7_init.tcl
targets -set -nocase -filter {name =~"APU*" && jtag_cable_name =~ "Digilent Zed 210248686847"} -index 0
loadhw -hw C:/A2_project/Vivado/Demo_IP_HLS/Demo_IP_HLS_pearson/Demo_IP_HLS_pearson.sdk/design_IP_wrapper_hw_platform_0/system.hdf -mem-ranges [list {0x40000000 0xbfffffff}]
configparams force-mem-access 1
targets -set -nocase -filter {name =~"APU*" && jtag_cable_name =~ "Digilent Zed 210248686847"} -index 0
stop
ps7_init
ps7_post_config
targets -set -nocase -filter {name =~ "ARM*#0" && jtag_cable_name =~ "Digilent Zed 210248686847"} -index 0
rst -processor
targets -set -nocase -filter {name =~ "ARM*#0" && jtag_cable_name =~ "Digilent Zed 210248686847"} -index 0
dow C:/A2_project/Vivado/Demo_IP_HLS/Demo_IP_HLS_pearson/Demo_IP_HLS_pearson.sdk/pearson_test/Debug/pearson_test.elf
configparams force-mem-access 0
----------------End of Script----------------

23:15:50 INFO  : Memory regions updated for context APU
23:15:50 INFO  : Context for processor 'ps7_cortexa9_0' is selected.
23:15:50 INFO  : 'con' command is executed.
23:15:50 INFO  : ----------------XSDB Script (After Launch)----------------
targets -set -nocase -filter {name =~ "ARM*#0" && jtag_cable_name =~ "Digilent Zed 210248686847"} -index 0
con
----------------End of Script----------------

23:15:50 INFO  : Launch script is exported to file 'C:\A2_project\Vivado\Demo_IP_HLS\Demo_IP_HLS_pearson\Demo_IP_HLS_pearson.sdk\.sdk\launch_scripts\xilinx_c-c++_application_(system_debugger)\system_debugger_using_debug_pearson_test.elf_on_local.tcl'
23:16:34 INFO  : Disconnected from the channel tcfchan#4.
23:16:35 INFO  : 'targets -set -filter {jtag_cable_name =~ "Digilent Zed 210248686847" && level==0} -index 1' command is executed.
23:16:35 INFO  : 'fpga -state' command is executed.
23:16:35 INFO  : Connected to target on host '127.0.0.1' and port '3121'.
23:16:36 INFO  : Jtag cable 'Digilent Zed 210248686847' is selected.
23:16:36 INFO  : 'jtag frequency' command is executed.
23:16:36 INFO  : Sourcing of 'C:/A2_project/Vivado/Demo_IP_HLS/Demo_IP_HLS_pearson/Demo_IP_HLS_pearson.sdk/design_IP_wrapper_hw_platform_0/ps7_init.tcl' is done.
23:16:36 INFO  : Context for 'APU' is selected.
23:16:36 INFO  : Hardware design information is loaded from 'C:/A2_project/Vivado/Demo_IP_HLS/Demo_IP_HLS_pearson/Demo_IP_HLS_pearson.sdk/design_IP_wrapper_hw_platform_0/system.hdf'.
23:16:36 INFO  : 'configparams force-mem-access 1' command is executed.
23:16:36 INFO  : Context for 'APU' is selected.
23:16:36 INFO  : 'stop' command is executed.
23:16:37 INFO  : 'ps7_init' command is executed.
23:16:37 INFO  : 'ps7_post_config' command is executed.
23:16:37 INFO  : Context for processor 'ps7_cortexa9_0' is selected.
23:16:37 INFO  : Processor reset is completed for 'ps7_cortexa9_0'.
23:16:37 INFO  : Context for processor 'ps7_cortexa9_0' is selected.
23:16:37 INFO  : The application 'C:/A2_project/Vivado/Demo_IP_HLS/Demo_IP_HLS_pearson/Demo_IP_HLS_pearson.sdk/pearson_test/Debug/pearson_test.elf' is downloaded to processor 'ps7_cortexa9_0'.
23:16:37 INFO  : 'configparams force-mem-access 0' command is executed.
23:16:37 INFO  : ----------------XSDB Script----------------
connect -url tcp:127.0.0.1:3121
source C:/A2_project/Vivado/Demo_IP_HLS/Demo_IP_HLS_pearson/Demo_IP_HLS_pearson.sdk/design_IP_wrapper_hw_platform_0/ps7_init.tcl
targets -set -nocase -filter {name =~"APU*" && jtag_cable_name =~ "Digilent Zed 210248686847"} -index 0
loadhw -hw C:/A2_project/Vivado/Demo_IP_HLS/Demo_IP_HLS_pearson/Demo_IP_HLS_pearson.sdk/design_IP_wrapper_hw_platform_0/system.hdf -mem-ranges [list {0x40000000 0xbfffffff}]
configparams force-mem-access 1
targets -set -nocase -filter {name =~"APU*" && jtag_cable_name =~ "Digilent Zed 210248686847"} -index 0
stop
ps7_init
ps7_post_config
targets -set -nocase -filter {name =~ "ARM*#0" && jtag_cable_name =~ "Digilent Zed 210248686847"} -index 0
rst -processor
targets -set -nocase -filter {name =~ "ARM*#0" && jtag_cable_name =~ "Digilent Zed 210248686847"} -index 0
dow C:/A2_project/Vivado/Demo_IP_HLS/Demo_IP_HLS_pearson/Demo_IP_HLS_pearson.sdk/pearson_test/Debug/pearson_test.elf
configparams force-mem-access 0
----------------End of Script----------------

23:16:37 INFO  : Memory regions updated for context APU
23:16:37 INFO  : Context for processor 'ps7_cortexa9_0' is selected.
23:16:37 INFO  : 'con' command is executed.
23:16:37 INFO  : ----------------XSDB Script (After Launch)----------------
targets -set -nocase -filter {name =~ "ARM*#0" && jtag_cable_name =~ "Digilent Zed 210248686847"} -index 0
con
----------------End of Script----------------

23:16:37 INFO  : Launch script is exported to file 'C:\A2_project\Vivado\Demo_IP_HLS\Demo_IP_HLS_pearson\Demo_IP_HLS_pearson.sdk\.sdk\launch_scripts\xilinx_c-c++_application_(system_debugger)\system_debugger_using_debug_pearson_test.elf_on_local.tcl'
23:17:55 INFO  : Refreshed build settings on project pearson_test
23:18:50 INFO  : Disconnected from the channel tcfchan#5.
23:18:51 INFO  : 'targets -set -filter {jtag_cable_name =~ "Digilent Zed 210248686847" && level==0} -index 1' command is executed.
23:18:51 INFO  : 'fpga -state' command is executed.
23:18:51 INFO  : Connected to target on host '127.0.0.1' and port '3121'.
23:18:51 INFO  : Jtag cable 'Digilent Zed 210248686847' is selected.
23:18:51 INFO  : 'jtag frequency' command is executed.
23:18:51 INFO  : Sourcing of 'C:/A2_project/Vivado/Demo_IP_HLS/Demo_IP_HLS_pearson/Demo_IP_HLS_pearson.sdk/design_IP_wrapper_hw_platform_0/ps7_init.tcl' is done.
23:18:51 INFO  : Context for 'APU' is selected.
23:18:51 INFO  : Hardware design information is loaded from 'C:/A2_project/Vivado/Demo_IP_HLS/Demo_IP_HLS_pearson/Demo_IP_HLS_pearson.sdk/design_IP_wrapper_hw_platform_0/system.hdf'.
23:18:51 INFO  : 'configparams force-mem-access 1' command is executed.
23:18:52 INFO  : Context for 'APU' is selected.
23:18:52 INFO  : 'stop' command is executed.
23:18:52 INFO  : 'ps7_init' command is executed.
23:18:52 INFO  : 'ps7_post_config' command is executed.
23:18:52 INFO  : Context for processor 'ps7_cortexa9_0' is selected.
23:18:52 INFO  : Processor reset is completed for 'ps7_cortexa9_0'.
23:18:52 INFO  : Context for processor 'ps7_cortexa9_0' is selected.
23:18:52 INFO  : The application 'C:/A2_project/Vivado/Demo_IP_HLS/Demo_IP_HLS_pearson/Demo_IP_HLS_pearson.sdk/pearson_test/Debug/pearson_test.elf' is downloaded to processor 'ps7_cortexa9_0'.
23:18:52 INFO  : 'configparams force-mem-access 0' command is executed.
23:18:52 INFO  : ----------------XSDB Script----------------
connect -url tcp:127.0.0.1:3121
source C:/A2_project/Vivado/Demo_IP_HLS/Demo_IP_HLS_pearson/Demo_IP_HLS_pearson.sdk/design_IP_wrapper_hw_platform_0/ps7_init.tcl
targets -set -nocase -filter {name =~"APU*" && jtag_cable_name =~ "Digilent Zed 210248686847"} -index 0
loadhw -hw C:/A2_project/Vivado/Demo_IP_HLS/Demo_IP_HLS_pearson/Demo_IP_HLS_pearson.sdk/design_IP_wrapper_hw_platform_0/system.hdf -mem-ranges [list {0x40000000 0xbfffffff}]
configparams force-mem-access 1
targets -set -nocase -filter {name =~"APU*" && jtag_cable_name =~ "Digilent Zed 210248686847"} -index 0
stop
ps7_init
ps7_post_config
targets -set -nocase -filter {name =~ "ARM*#0" && jtag_cable_name =~ "Digilent Zed 210248686847"} -index 0
rst -processor
targets -set -nocase -filter {name =~ "ARM*#0" && jtag_cable_name =~ "Digilent Zed 210248686847"} -index 0
dow C:/A2_project/Vivado/Demo_IP_HLS/Demo_IP_HLS_pearson/Demo_IP_HLS_pearson.sdk/pearson_test/Debug/pearson_test.elf
configparams force-mem-access 0
----------------End of Script----------------

23:18:52 INFO  : Memory regions updated for context APU
23:18:53 INFO  : Context for processor 'ps7_cortexa9_0' is selected.
23:18:53 INFO  : 'con' command is executed.
23:18:53 INFO  : ----------------XSDB Script (After Launch)----------------
targets -set -nocase -filter {name =~ "ARM*#0" && jtag_cable_name =~ "Digilent Zed 210248686847"} -index 0
con
----------------End of Script----------------

23:18:53 INFO  : Launch script is exported to file 'C:\A2_project\Vivado\Demo_IP_HLS\Demo_IP_HLS_pearson\Demo_IP_HLS_pearson.sdk\.sdk\launch_scripts\xilinx_c-c++_application_(system_debugger)\system_debugger_using_debug_pearson_test.elf_on_local.tcl'
23:19:17 INFO  : Disconnected from the channel tcfchan#6.
23:19:18 INFO  : 'targets -set -filter {jtag_cable_name =~ "Digilent Zed 210248686847" && level==0} -index 1' command is executed.
23:19:18 INFO  : 'fpga -state' command is executed.
23:19:18 INFO  : Connected to target on host '127.0.0.1' and port '3121'.
23:19:18 INFO  : Jtag cable 'Digilent Zed 210248686847' is selected.
23:19:18 INFO  : 'jtag frequency' command is executed.
23:19:18 INFO  : Sourcing of 'C:/A2_project/Vivado/Demo_IP_HLS/Demo_IP_HLS_pearson/Demo_IP_HLS_pearson.sdk/design_IP_wrapper_hw_platform_0/ps7_init.tcl' is done.
23:19:18 INFO  : Context for 'APU' is selected.
23:19:18 INFO  : Hardware design information is loaded from 'C:/A2_project/Vivado/Demo_IP_HLS/Demo_IP_HLS_pearson/Demo_IP_HLS_pearson.sdk/design_IP_wrapper_hw_platform_0/system.hdf'.
23:19:18 INFO  : 'configparams force-mem-access 1' command is executed.
23:19:18 INFO  : Context for 'APU' is selected.
23:19:18 INFO  : 'stop' command is executed.
23:19:19 INFO  : 'ps7_init' command is executed.
23:19:19 INFO  : 'ps7_post_config' command is executed.
23:19:19 INFO  : Context for processor 'ps7_cortexa9_0' is selected.
23:19:19 INFO  : Processor reset is completed for 'ps7_cortexa9_0'.
23:19:19 INFO  : Context for processor 'ps7_cortexa9_0' is selected.
23:19:19 INFO  : The application 'C:/A2_project/Vivado/Demo_IP_HLS/Demo_IP_HLS_pearson/Demo_IP_HLS_pearson.sdk/pearson_test/Debug/pearson_test.elf' is downloaded to processor 'ps7_cortexa9_0'.
23:19:19 INFO  : 'configparams force-mem-access 0' command is executed.
23:19:19 INFO  : ----------------XSDB Script----------------
connect -url tcp:127.0.0.1:3121
source C:/A2_project/Vivado/Demo_IP_HLS/Demo_IP_HLS_pearson/Demo_IP_HLS_pearson.sdk/design_IP_wrapper_hw_platform_0/ps7_init.tcl
targets -set -nocase -filter {name =~"APU*" && jtag_cable_name =~ "Digilent Zed 210248686847"} -index 0
loadhw -hw C:/A2_project/Vivado/Demo_IP_HLS/Demo_IP_HLS_pearson/Demo_IP_HLS_pearson.sdk/design_IP_wrapper_hw_platform_0/system.hdf -mem-ranges [list {0x40000000 0xbfffffff}]
configparams force-mem-access 1
targets -set -nocase -filter {name =~"APU*" && jtag_cable_name =~ "Digilent Zed 210248686847"} -index 0
stop
ps7_init
ps7_post_config
targets -set -nocase -filter {name =~ "ARM*#0" && jtag_cable_name =~ "Digilent Zed 210248686847"} -index 0
rst -processor
targets -set -nocase -filter {name =~ "ARM*#0" && jtag_cable_name =~ "Digilent Zed 210248686847"} -index 0
dow C:/A2_project/Vivado/Demo_IP_HLS/Demo_IP_HLS_pearson/Demo_IP_HLS_pearson.sdk/pearson_test/Debug/pearson_test.elf
configparams force-mem-access 0
----------------End of Script----------------

23:19:19 INFO  : Memory regions updated for context APU
23:19:19 INFO  : Context for processor 'ps7_cortexa9_0' is selected.
23:19:19 INFO  : 'con' command is executed.
23:19:19 INFO  : ----------------XSDB Script (After Launch)----------------
targets -set -nocase -filter {name =~ "ARM*#0" && jtag_cable_name =~ "Digilent Zed 210248686847"} -index 0
con
----------------End of Script----------------

23:19:19 INFO  : Launch script is exported to file 'C:\A2_project\Vivado\Demo_IP_HLS\Demo_IP_HLS_pearson\Demo_IP_HLS_pearson.sdk\.sdk\launch_scripts\xilinx_c-c++_application_(system_debugger)\system_debugger_using_debug_pearson_test.elf_on_local.tcl'
23:20:13 INFO  : Disconnected from the channel tcfchan#7.
23:20:14 INFO  : 'targets -set -filter {jtag_cable_name =~ "Digilent Zed 210248686847" && level==0} -index 1' command is executed.
23:20:14 INFO  : 'fpga -state' command is executed.
23:20:14 INFO  : Connected to target on host '127.0.0.1' and port '3121'.
23:20:15 INFO  : Jtag cable 'Digilent Zed 210248686847' is selected.
23:20:15 INFO  : 'jtag frequency' command is executed.
23:20:15 INFO  : Sourcing of 'C:/A2_project/Vivado/Demo_IP_HLS/Demo_IP_HLS_pearson/Demo_IP_HLS_pearson.sdk/design_IP_wrapper_hw_platform_0/ps7_init.tcl' is done.
23:20:15 INFO  : Context for 'APU' is selected.
23:20:15 INFO  : Hardware design information is loaded from 'C:/A2_project/Vivado/Demo_IP_HLS/Demo_IP_HLS_pearson/Demo_IP_HLS_pearson.sdk/design_IP_wrapper_hw_platform_0/system.hdf'.
23:20:15 INFO  : 'configparams force-mem-access 1' command is executed.
23:20:15 INFO  : Context for 'APU' is selected.
23:20:15 INFO  : 'stop' command is executed.
23:20:15 INFO  : 'ps7_init' command is executed.
23:20:15 INFO  : 'ps7_post_config' command is executed.
23:20:15 INFO  : Context for processor 'ps7_cortexa9_0' is selected.
23:20:15 INFO  : Processor reset is completed for 'ps7_cortexa9_0'.
23:20:15 INFO  : Context for processor 'ps7_cortexa9_0' is selected.
23:20:16 INFO  : The application 'C:/A2_project/Vivado/Demo_IP_HLS/Demo_IP_HLS_pearson/Demo_IP_HLS_pearson.sdk/pearson_test/Debug/pearson_test.elf' is downloaded to processor 'ps7_cortexa9_0'.
23:20:16 INFO  : 'configparams force-mem-access 0' command is executed.
23:20:16 INFO  : ----------------XSDB Script----------------
connect -url tcp:127.0.0.1:3121
source C:/A2_project/Vivado/Demo_IP_HLS/Demo_IP_HLS_pearson/Demo_IP_HLS_pearson.sdk/design_IP_wrapper_hw_platform_0/ps7_init.tcl
targets -set -nocase -filter {name =~"APU*" && jtag_cable_name =~ "Digilent Zed 210248686847"} -index 0
loadhw -hw C:/A2_project/Vivado/Demo_IP_HLS/Demo_IP_HLS_pearson/Demo_IP_HLS_pearson.sdk/design_IP_wrapper_hw_platform_0/system.hdf -mem-ranges [list {0x40000000 0xbfffffff}]
configparams force-mem-access 1
targets -set -nocase -filter {name =~"APU*" && jtag_cable_name =~ "Digilent Zed 210248686847"} -index 0
stop
ps7_init
ps7_post_config
targets -set -nocase -filter {name =~ "ARM*#0" && jtag_cable_name =~ "Digilent Zed 210248686847"} -index 0
rst -processor
targets -set -nocase -filter {name =~ "ARM*#0" && jtag_cable_name =~ "Digilent Zed 210248686847"} -index 0
dow C:/A2_project/Vivado/Demo_IP_HLS/Demo_IP_HLS_pearson/Demo_IP_HLS_pearson.sdk/pearson_test/Debug/pearson_test.elf
configparams force-mem-access 0
----------------End of Script----------------

23:20:16 INFO  : Memory regions updated for context APU
23:20:16 INFO  : Context for processor 'ps7_cortexa9_0' is selected.
23:20:16 INFO  : 'con' command is executed.
23:20:16 INFO  : ----------------XSDB Script (After Launch)----------------
targets -set -nocase -filter {name =~ "ARM*#0" && jtag_cable_name =~ "Digilent Zed 210248686847"} -index 0
con
----------------End of Script----------------

23:20:16 INFO  : Launch script is exported to file 'C:\A2_project\Vivado\Demo_IP_HLS\Demo_IP_HLS_pearson\Demo_IP_HLS_pearson.sdk\.sdk\launch_scripts\xilinx_c-c++_application_(system_debugger)\system_debugger_using_debug_pearson_test.elf_on_local.tcl'
23:20:35 INFO  : Connected to target on host '127.0.0.1' and port '3121'.
23:20:35 INFO  : 'targets -set -filter {jtag_cable_name =~ "Digilent Zed 210248686847" && level==0} -index 1' command is executed.
23:20:37 INFO  : FPGA configured successfully with bitstream "C:/A2_project/Vivado/Demo_IP_HLS/Demo_IP_HLS_pearson/Demo_IP_HLS_pearson.sdk/design_IP_wrapper_hw_platform_0/design_IP_wrapper.bit"
23:20:44 INFO  : Connected to target on host '127.0.0.1' and port '3121'.
23:20:45 INFO  : 'targets -set -filter {jtag_cable_name =~ "Digilent Zed 210248686847" && level==0} -index 1' command is executed.
23:20:47 INFO  : FPGA configured successfully with bitstream "C:/A2_project/Vivado/Demo_IP_HLS/Demo_IP_HLS_pearson/Demo_IP_HLS_pearson.sdk/design_IP_wrapper_hw_platform_0/design_IP_wrapper.bit"
23:20:52 INFO  : Disconnected from the channel tcfchan#8.
23:20:53 INFO  : 'targets -set -filter {jtag_cable_name =~ "Digilent Zed 210248686847" && level==0} -index 1' command is executed.
23:20:53 INFO  : 'fpga -state' command is executed.
23:20:53 INFO  : Connected to target on host '127.0.0.1' and port '3121'.
23:20:53 INFO  : Jtag cable 'Digilent Zed 210248686847' is selected.
23:20:54 INFO  : 'jtag frequency' command is executed.
23:20:54 INFO  : Sourcing of 'C:/A2_project/Vivado/Demo_IP_HLS/Demo_IP_HLS_pearson/Demo_IP_HLS_pearson.sdk/design_IP_wrapper_hw_platform_0/ps7_init.tcl' is done.
23:20:54 INFO  : Context for 'APU' is selected.
23:20:54 INFO  : Hardware design information is loaded from 'C:/A2_project/Vivado/Demo_IP_HLS/Demo_IP_HLS_pearson/Demo_IP_HLS_pearson.sdk/design_IP_wrapper_hw_platform_0/system.hdf'.
23:20:54 INFO  : 'configparams force-mem-access 1' command is executed.
23:20:54 INFO  : Context for 'APU' is selected.
23:20:54 INFO  : 'stop' command is executed.
23:20:54 INFO  : 'ps7_init' command is executed.
23:20:54 INFO  : 'ps7_post_config' command is executed.
23:20:54 INFO  : Context for processor 'ps7_cortexa9_0' is selected.
23:20:54 INFO  : Processor reset is completed for 'ps7_cortexa9_0'.
23:20:54 INFO  : Context for processor 'ps7_cortexa9_0' is selected.
23:20:55 INFO  : The application 'C:/A2_project/Vivado/Demo_IP_HLS/Demo_IP_HLS_pearson/Demo_IP_HLS_pearson.sdk/pearson_test/Debug/pearson_test.elf' is downloaded to processor 'ps7_cortexa9_0'.
23:20:55 INFO  : 'configparams force-mem-access 0' command is executed.
23:20:55 INFO  : ----------------XSDB Script----------------
connect -url tcp:127.0.0.1:3121
source C:/A2_project/Vivado/Demo_IP_HLS/Demo_IP_HLS_pearson/Demo_IP_HLS_pearson.sdk/design_IP_wrapper_hw_platform_0/ps7_init.tcl
targets -set -nocase -filter {name =~"APU*" && jtag_cable_name =~ "Digilent Zed 210248686847"} -index 0
loadhw -hw C:/A2_project/Vivado/Demo_IP_HLS/Demo_IP_HLS_pearson/Demo_IP_HLS_pearson.sdk/design_IP_wrapper_hw_platform_0/system.hdf -mem-ranges [list {0x40000000 0xbfffffff}]
configparams force-mem-access 1
targets -set -nocase -filter {name =~"APU*" && jtag_cable_name =~ "Digilent Zed 210248686847"} -index 0
stop
ps7_init
ps7_post_config
targets -set -nocase -filter {name =~ "ARM*#0" && jtag_cable_name =~ "Digilent Zed 210248686847"} -index 0
rst -processor
targets -set -nocase -filter {name =~ "ARM*#0" && jtag_cable_name =~ "Digilent Zed 210248686847"} -index 0
dow C:/A2_project/Vivado/Demo_IP_HLS/Demo_IP_HLS_pearson/Demo_IP_HLS_pearson.sdk/pearson_test/Debug/pearson_test.elf
configparams force-mem-access 0
----------------End of Script----------------

23:20:55 INFO  : Memory regions updated for context APU
23:20:55 INFO  : Context for processor 'ps7_cortexa9_0' is selected.
23:20:55 INFO  : 'con' command is executed.
23:20:55 INFO  : ----------------XSDB Script (After Launch)----------------
targets -set -nocase -filter {name =~ "ARM*#0" && jtag_cable_name =~ "Digilent Zed 210248686847"} -index 0
con
----------------End of Script----------------

23:20:55 INFO  : Launch script is exported to file 'C:\A2_project\Vivado\Demo_IP_HLS\Demo_IP_HLS_pearson\Demo_IP_HLS_pearson.sdk\.sdk\launch_scripts\xilinx_c-c++_application_(system_debugger)\system_debugger_using_debug_pearson_test.elf_on_local.tcl'
23:21:37 INFO  : Disconnected from the channel tcfchan#9.
23:21:38 INFO  : 'targets -set -filter {jtag_cable_name =~ "Digilent Zed 210248686847" && level==0} -index 1' command is executed.
23:21:38 INFO  : 'fpga -state' command is executed.
23:21:38 INFO  : Connected to target on host '127.0.0.1' and port '3121'.
23:21:38 INFO  : Jtag cable 'Digilent Zed 210248686847' is selected.
23:21:39 INFO  : 'jtag frequency' command is executed.
23:21:39 INFO  : Sourcing of 'C:/A2_project/Vivado/Demo_IP_HLS/Demo_IP_HLS_pearson/Demo_IP_HLS_pearson.sdk/design_IP_wrapper_hw_platform_0/ps7_init.tcl' is done.
23:21:39 INFO  : Context for 'APU' is selected.
23:21:39 INFO  : Hardware design information is loaded from 'C:/A2_project/Vivado/Demo_IP_HLS/Demo_IP_HLS_pearson/Demo_IP_HLS_pearson.sdk/design_IP_wrapper_hw_platform_0/system.hdf'.
23:21:39 INFO  : 'configparams force-mem-access 1' command is executed.
23:21:39 INFO  : Context for 'APU' is selected.
23:21:39 INFO  : 'stop' command is executed.
23:21:39 INFO  : 'ps7_init' command is executed.
23:21:39 INFO  : 'ps7_post_config' command is executed.
23:21:39 INFO  : Context for processor 'ps7_cortexa9_0' is selected.
23:21:39 INFO  : Processor reset is completed for 'ps7_cortexa9_0'.
23:21:39 INFO  : Context for processor 'ps7_cortexa9_0' is selected.
23:21:40 INFO  : The application 'C:/A2_project/Vivado/Demo_IP_HLS/Demo_IP_HLS_pearson/Demo_IP_HLS_pearson.sdk/pearson_test/Debug/pearson_test.elf' is downloaded to processor 'ps7_cortexa9_0'.
23:21:40 INFO  : 'configparams force-mem-access 0' command is executed.
23:21:40 INFO  : ----------------XSDB Script----------------
connect -url tcp:127.0.0.1:3121
source C:/A2_project/Vivado/Demo_IP_HLS/Demo_IP_HLS_pearson/Demo_IP_HLS_pearson.sdk/design_IP_wrapper_hw_platform_0/ps7_init.tcl
targets -set -nocase -filter {name =~"APU*" && jtag_cable_name =~ "Digilent Zed 210248686847"} -index 0
loadhw -hw C:/A2_project/Vivado/Demo_IP_HLS/Demo_IP_HLS_pearson/Demo_IP_HLS_pearson.sdk/design_IP_wrapper_hw_platform_0/system.hdf -mem-ranges [list {0x40000000 0xbfffffff}]
configparams force-mem-access 1
targets -set -nocase -filter {name =~"APU*" && jtag_cable_name =~ "Digilent Zed 210248686847"} -index 0
stop
ps7_init
ps7_post_config
targets -set -nocase -filter {name =~ "ARM*#0" && jtag_cable_name =~ "Digilent Zed 210248686847"} -index 0
rst -processor
targets -set -nocase -filter {name =~ "ARM*#0" && jtag_cable_name =~ "Digilent Zed 210248686847"} -index 0
dow C:/A2_project/Vivado/Demo_IP_HLS/Demo_IP_HLS_pearson/Demo_IP_HLS_pearson.sdk/pearson_test/Debug/pearson_test.elf
configparams force-mem-access 0
----------------End of Script----------------

23:21:40 INFO  : Memory regions updated for context APU
23:21:40 INFO  : Context for processor 'ps7_cortexa9_0' is selected.
23:21:40 INFO  : 'con' command is executed.
23:21:40 INFO  : ----------------XSDB Script (After Launch)----------------
targets -set -nocase -filter {name =~ "ARM*#0" && jtag_cable_name =~ "Digilent Zed 210248686847"} -index 0
con
----------------End of Script----------------

23:21:40 INFO  : Launch script is exported to file 'C:\A2_project\Vivado\Demo_IP_HLS\Demo_IP_HLS_pearson\Demo_IP_HLS_pearson.sdk\.sdk\launch_scripts\xilinx_c-c++_application_(system_debugger)\system_debugger_using_debug_pearson_test.elf_on_local.tcl'
23:21:59 INFO  : Disconnected from the channel tcfchan#10.
23:22:00 INFO  : 'targets -set -filter {jtag_cable_name =~ "Digilent Zed 210248686847" && level==0} -index 1' command is executed.
23:22:00 INFO  : 'fpga -state' command is executed.
23:22:00 INFO  : Connected to target on host '127.0.0.1' and port '3121'.
23:22:01 INFO  : Jtag cable 'Digilent Zed 210248686847' is selected.
23:22:01 INFO  : 'jtag frequency' command is executed.
23:22:01 INFO  : Sourcing of 'C:/A2_project/Vivado/Demo_IP_HLS/Demo_IP_HLS_pearson/Demo_IP_HLS_pearson.sdk/design_IP_wrapper_hw_platform_0/ps7_init.tcl' is done.
23:22:01 INFO  : Context for 'APU' is selected.
23:22:01 INFO  : Hardware design information is loaded from 'C:/A2_project/Vivado/Demo_IP_HLS/Demo_IP_HLS_pearson/Demo_IP_HLS_pearson.sdk/design_IP_wrapper_hw_platform_0/system.hdf'.
23:22:01 INFO  : 'configparams force-mem-access 1' command is executed.
23:22:01 INFO  : Context for 'APU' is selected.
23:22:01 INFO  : 'stop' command is executed.
23:22:01 INFO  : 'ps7_init' command is executed.
23:22:01 INFO  : 'ps7_post_config' command is executed.
23:22:01 INFO  : Context for processor 'ps7_cortexa9_0' is selected.
23:22:01 INFO  : Processor reset is completed for 'ps7_cortexa9_0'.
23:22:02 INFO  : Context for processor 'ps7_cortexa9_0' is selected.
23:22:02 INFO  : The application 'C:/A2_project/Vivado/Demo_IP_HLS/Demo_IP_HLS_pearson/Demo_IP_HLS_pearson.sdk/pearson_test/Debug/pearson_test.elf' is downloaded to processor 'ps7_cortexa9_0'.
23:22:02 INFO  : 'configparams force-mem-access 0' command is executed.
23:22:02 INFO  : ----------------XSDB Script----------------
connect -url tcp:127.0.0.1:3121
source C:/A2_project/Vivado/Demo_IP_HLS/Demo_IP_HLS_pearson/Demo_IP_HLS_pearson.sdk/design_IP_wrapper_hw_platform_0/ps7_init.tcl
targets -set -nocase -filter {name =~"APU*" && jtag_cable_name =~ "Digilent Zed 210248686847"} -index 0
loadhw -hw C:/A2_project/Vivado/Demo_IP_HLS/Demo_IP_HLS_pearson/Demo_IP_HLS_pearson.sdk/design_IP_wrapper_hw_platform_0/system.hdf -mem-ranges [list {0x40000000 0xbfffffff}]
configparams force-mem-access 1
targets -set -nocase -filter {name =~"APU*" && jtag_cable_name =~ "Digilent Zed 210248686847"} -index 0
stop
ps7_init
ps7_post_config
targets -set -nocase -filter {name =~ "ARM*#0" && jtag_cable_name =~ "Digilent Zed 210248686847"} -index 0
rst -processor
targets -set -nocase -filter {name =~ "ARM*#0" && jtag_cable_name =~ "Digilent Zed 210248686847"} -index 0
dow C:/A2_project/Vivado/Demo_IP_HLS/Demo_IP_HLS_pearson/Demo_IP_HLS_pearson.sdk/pearson_test/Debug/pearson_test.elf
configparams force-mem-access 0
----------------End of Script----------------

23:22:02 INFO  : Memory regions updated for context APU
23:22:02 INFO  : Context for processor 'ps7_cortexa9_0' is selected.
23:22:02 INFO  : 'con' command is executed.
23:22:02 INFO  : ----------------XSDB Script (After Launch)----------------
targets -set -nocase -filter {name =~ "ARM*#0" && jtag_cable_name =~ "Digilent Zed 210248686847"} -index 0
con
----------------End of Script----------------

23:22:02 INFO  : Launch script is exported to file 'C:\A2_project\Vivado\Demo_IP_HLS\Demo_IP_HLS_pearson\Demo_IP_HLS_pearson.sdk\.sdk\launch_scripts\xilinx_c-c++_application_(system_debugger)\system_debugger_using_debug_pearson_test.elf_on_local.tcl'
23:22:33 INFO  : Disconnected from the channel tcfchan#11.
23:22:34 INFO  : 'targets -set -filter {jtag_cable_name =~ "Digilent Zed 210248686847" && level==0} -index 1' command is executed.
23:22:35 INFO  : 'fpga -state' command is executed.
23:22:35 INFO  : Connected to target on host '127.0.0.1' and port '3121'.
23:22:35 INFO  : Jtag cable 'Digilent Zed 210248686847' is selected.
23:22:35 INFO  : 'jtag frequency' command is executed.
23:22:35 INFO  : Sourcing of 'C:/A2_project/Vivado/Demo_IP_HLS/Demo_IP_HLS_pearson/Demo_IP_HLS_pearson.sdk/design_IP_wrapper_hw_platform_0/ps7_init.tcl' is done.
23:22:35 INFO  : Context for 'APU' is selected.
23:22:35 INFO  : Hardware design information is loaded from 'C:/A2_project/Vivado/Demo_IP_HLS/Demo_IP_HLS_pearson/Demo_IP_HLS_pearson.sdk/design_IP_wrapper_hw_platform_0/system.hdf'.
23:22:35 INFO  : 'configparams force-mem-access 1' command is executed.
23:22:35 INFO  : Context for 'APU' is selected.
23:22:35 INFO  : 'stop' command is executed.
23:22:36 INFO  : 'ps7_init' command is executed.
23:22:36 INFO  : 'ps7_post_config' command is executed.
23:22:36 INFO  : Context for processor 'ps7_cortexa9_0' is selected.
23:22:36 INFO  : Processor reset is completed for 'ps7_cortexa9_0'.
23:22:36 INFO  : Context for processor 'ps7_cortexa9_0' is selected.
23:22:36 INFO  : The application 'C:/A2_project/Vivado/Demo_IP_HLS/Demo_IP_HLS_pearson/Demo_IP_HLS_pearson.sdk/pearson_test/Debug/pearson_test.elf' is downloaded to processor 'ps7_cortexa9_0'.
23:22:36 INFO  : 'configparams force-mem-access 0' command is executed.
23:22:36 INFO  : ----------------XSDB Script----------------
connect -url tcp:127.0.0.1:3121
source C:/A2_project/Vivado/Demo_IP_HLS/Demo_IP_HLS_pearson/Demo_IP_HLS_pearson.sdk/design_IP_wrapper_hw_platform_0/ps7_init.tcl
targets -set -nocase -filter {name =~"APU*" && jtag_cable_name =~ "Digilent Zed 210248686847"} -index 0
loadhw -hw C:/A2_project/Vivado/Demo_IP_HLS/Demo_IP_HLS_pearson/Demo_IP_HLS_pearson.sdk/design_IP_wrapper_hw_platform_0/system.hdf -mem-ranges [list {0x40000000 0xbfffffff}]
configparams force-mem-access 1
targets -set -nocase -filter {name =~"APU*" && jtag_cable_name =~ "Digilent Zed 210248686847"} -index 0
stop
ps7_init
ps7_post_config
targets -set -nocase -filter {name =~ "ARM*#0" && jtag_cable_name =~ "Digilent Zed 210248686847"} -index 0
rst -processor
targets -set -nocase -filter {name =~ "ARM*#0" && jtag_cable_name =~ "Digilent Zed 210248686847"} -index 0
dow C:/A2_project/Vivado/Demo_IP_HLS/Demo_IP_HLS_pearson/Demo_IP_HLS_pearson.sdk/pearson_test/Debug/pearson_test.elf
configparams force-mem-access 0
----------------End of Script----------------

23:22:36 INFO  : Memory regions updated for context APU
23:22:36 INFO  : Context for processor 'ps7_cortexa9_0' is selected.
23:22:36 INFO  : 'con' command is executed.
23:22:36 INFO  : ----------------XSDB Script (After Launch)----------------
targets -set -nocase -filter {name =~ "ARM*#0" && jtag_cable_name =~ "Digilent Zed 210248686847"} -index 0
con
----------------End of Script----------------

23:22:36 INFO  : Launch script is exported to file 'C:\A2_project\Vivado\Demo_IP_HLS\Demo_IP_HLS_pearson\Demo_IP_HLS_pearson.sdk\.sdk\launch_scripts\xilinx_c-c++_application_(system_debugger)\system_debugger_using_debug_pearson_test.elf_on_local.tcl'
23:24:05 INFO  : Disconnected from the channel tcfchan#12.
23:24:07 INFO  : 'targets -set -filter {jtag_cable_name =~ "Digilent Zed 210248686847" && level==0} -index 1' command is executed.
23:24:07 INFO  : 'fpga -state' command is executed.
23:24:07 INFO  : Connected to target on host '127.0.0.1' and port '3121'.
23:24:07 INFO  : Jtag cable 'Digilent Zed 210248686847' is selected.
23:24:07 INFO  : 'jtag frequency' command is executed.
23:24:07 INFO  : Sourcing of 'C:/A2_project/Vivado/Demo_IP_HLS/Demo_IP_HLS_pearson/Demo_IP_HLS_pearson.sdk/design_IP_wrapper_hw_platform_0/ps7_init.tcl' is done.
23:24:07 INFO  : Context for 'APU' is selected.
23:24:07 INFO  : Hardware design information is loaded from 'C:/A2_project/Vivado/Demo_IP_HLS/Demo_IP_HLS_pearson/Demo_IP_HLS_pearson.sdk/design_IP_wrapper_hw_platform_0/system.hdf'.
23:24:07 INFO  : 'configparams force-mem-access 1' command is executed.
23:24:07 INFO  : Context for 'APU' is selected.
23:24:07 INFO  : 'stop' command is executed.
23:24:08 INFO  : 'ps7_init' command is executed.
23:24:08 INFO  : 'ps7_post_config' command is executed.
23:24:08 INFO  : Context for processor 'ps7_cortexa9_0' is selected.
23:24:08 INFO  : Processor reset is completed for 'ps7_cortexa9_0'.
23:24:08 INFO  : Context for processor 'ps7_cortexa9_0' is selected.
23:24:08 INFO  : The application 'C:/A2_project/Vivado/Demo_IP_HLS/Demo_IP_HLS_pearson/Demo_IP_HLS_pearson.sdk/pearson_test/Debug/pearson_test.elf' is downloaded to processor 'ps7_cortexa9_0'.
23:24:08 INFO  : 'configparams force-mem-access 0' command is executed.
23:24:08 INFO  : ----------------XSDB Script----------------
connect -url tcp:127.0.0.1:3121
source C:/A2_project/Vivado/Demo_IP_HLS/Demo_IP_HLS_pearson/Demo_IP_HLS_pearson.sdk/design_IP_wrapper_hw_platform_0/ps7_init.tcl
targets -set -nocase -filter {name =~"APU*" && jtag_cable_name =~ "Digilent Zed 210248686847"} -index 0
loadhw -hw C:/A2_project/Vivado/Demo_IP_HLS/Demo_IP_HLS_pearson/Demo_IP_HLS_pearson.sdk/design_IP_wrapper_hw_platform_0/system.hdf -mem-ranges [list {0x40000000 0xbfffffff}]
configparams force-mem-access 1
targets -set -nocase -filter {name =~"APU*" && jtag_cable_name =~ "Digilent Zed 210248686847"} -index 0
stop
ps7_init
ps7_post_config
targets -set -nocase -filter {name =~ "ARM*#0" && jtag_cable_name =~ "Digilent Zed 210248686847"} -index 0
rst -processor
targets -set -nocase -filter {name =~ "ARM*#0" && jtag_cable_name =~ "Digilent Zed 210248686847"} -index 0
dow C:/A2_project/Vivado/Demo_IP_HLS/Demo_IP_HLS_pearson/Demo_IP_HLS_pearson.sdk/pearson_test/Debug/pearson_test.elf
configparams force-mem-access 0
----------------End of Script----------------

23:24:08 INFO  : Memory regions updated for context APU
23:24:08 INFO  : Context for processor 'ps7_cortexa9_0' is selected.
23:24:08 INFO  : 'con' command is executed.
23:24:08 INFO  : ----------------XSDB Script (After Launch)----------------
targets -set -nocase -filter {name =~ "ARM*#0" && jtag_cable_name =~ "Digilent Zed 210248686847"} -index 0
con
----------------End of Script----------------

23:24:08 INFO  : Launch script is exported to file 'C:\A2_project\Vivado\Demo_IP_HLS\Demo_IP_HLS_pearson\Demo_IP_HLS_pearson.sdk\.sdk\launch_scripts\xilinx_c-c++_application_(system_debugger)\system_debugger_using_debug_pearson_test.elf_on_local.tcl'
23:24:51 INFO  : Disconnected from the channel tcfchan#13.
23:24:52 INFO  : 'targets -set -filter {jtag_cable_name =~ "Digilent Zed 210248686847" && level==0} -index 1' command is executed.
23:24:52 INFO  : 'fpga -state' command is executed.
23:24:52 INFO  : Connected to target on host '127.0.0.1' and port '3121'.
23:24:53 INFO  : Jtag cable 'Digilent Zed 210248686847' is selected.
23:24:53 INFO  : 'jtag frequency' command is executed.
23:24:53 INFO  : Sourcing of 'C:/A2_project/Vivado/Demo_IP_HLS/Demo_IP_HLS_pearson/Demo_IP_HLS_pearson.sdk/design_IP_wrapper_hw_platform_0/ps7_init.tcl' is done.
23:24:53 INFO  : Context for 'APU' is selected.
23:24:53 INFO  : Hardware design information is loaded from 'C:/A2_project/Vivado/Demo_IP_HLS/Demo_IP_HLS_pearson/Demo_IP_HLS_pearson.sdk/design_IP_wrapper_hw_platform_0/system.hdf'.
23:24:53 INFO  : 'configparams force-mem-access 1' command is executed.
23:24:53 INFO  : Context for 'APU' is selected.
23:24:53 INFO  : 'stop' command is executed.
23:24:53 INFO  : 'ps7_init' command is executed.
23:24:53 INFO  : 'ps7_post_config' command is executed.
23:24:53 INFO  : Context for processor 'ps7_cortexa9_0' is selected.
23:24:53 INFO  : Processor reset is completed for 'ps7_cortexa9_0'.
23:24:53 INFO  : Context for processor 'ps7_cortexa9_0' is selected.
23:24:54 INFO  : The application 'C:/A2_project/Vivado/Demo_IP_HLS/Demo_IP_HLS_pearson/Demo_IP_HLS_pearson.sdk/pearson_test/Debug/pearson_test.elf' is downloaded to processor 'ps7_cortexa9_0'.
23:24:54 INFO  : 'configparams force-mem-access 0' command is executed.
23:24:54 INFO  : ----------------XSDB Script----------------
connect -url tcp:127.0.0.1:3121
source C:/A2_project/Vivado/Demo_IP_HLS/Demo_IP_HLS_pearson/Demo_IP_HLS_pearson.sdk/design_IP_wrapper_hw_platform_0/ps7_init.tcl
targets -set -nocase -filter {name =~"APU*" && jtag_cable_name =~ "Digilent Zed 210248686847"} -index 0
loadhw -hw C:/A2_project/Vivado/Demo_IP_HLS/Demo_IP_HLS_pearson/Demo_IP_HLS_pearson.sdk/design_IP_wrapper_hw_platform_0/system.hdf -mem-ranges [list {0x40000000 0xbfffffff}]
configparams force-mem-access 1
targets -set -nocase -filter {name =~"APU*" && jtag_cable_name =~ "Digilent Zed 210248686847"} -index 0
stop
ps7_init
ps7_post_config
targets -set -nocase -filter {name =~ "ARM*#0" && jtag_cable_name =~ "Digilent Zed 210248686847"} -index 0
rst -processor
targets -set -nocase -filter {name =~ "ARM*#0" && jtag_cable_name =~ "Digilent Zed 210248686847"} -index 0
dow C:/A2_project/Vivado/Demo_IP_HLS/Demo_IP_HLS_pearson/Demo_IP_HLS_pearson.sdk/pearson_test/Debug/pearson_test.elf
configparams force-mem-access 0
----------------End of Script----------------

23:24:54 INFO  : Memory regions updated for context APU
23:24:54 INFO  : Context for processor 'ps7_cortexa9_0' is selected.
23:24:54 INFO  : 'con' command is executed.
23:24:54 INFO  : ----------------XSDB Script (After Launch)----------------
targets -set -nocase -filter {name =~ "ARM*#0" && jtag_cable_name =~ "Digilent Zed 210248686847"} -index 0
con
----------------End of Script----------------

23:24:54 INFO  : Launch script is exported to file 'C:\A2_project\Vivado\Demo_IP_HLS\Demo_IP_HLS_pearson\Demo_IP_HLS_pearson.sdk\.sdk\launch_scripts\xilinx_c-c++_application_(system_debugger)\system_debugger_using_debug_pearson_test.elf_on_local.tcl'
23:25:33 INFO  : Disconnected from the channel tcfchan#14.
23:25:35 INFO  : 'targets -set -filter {jtag_cable_name =~ "Digilent Zed 210248686847" && level==0} -index 1' command is executed.
23:25:35 INFO  : 'fpga -state' command is executed.
23:25:35 INFO  : Connected to target on host '127.0.0.1' and port '3121'.
23:25:35 INFO  : Jtag cable 'Digilent Zed 210248686847' is selected.
23:25:35 INFO  : 'jtag frequency' command is executed.
23:25:35 INFO  : Sourcing of 'C:/A2_project/Vivado/Demo_IP_HLS/Demo_IP_HLS_pearson/Demo_IP_HLS_pearson.sdk/design_IP_wrapper_hw_platform_0/ps7_init.tcl' is done.
23:25:35 INFO  : Context for 'APU' is selected.
23:25:35 INFO  : Hardware design information is loaded from 'C:/A2_project/Vivado/Demo_IP_HLS/Demo_IP_HLS_pearson/Demo_IP_HLS_pearson.sdk/design_IP_wrapper_hw_platform_0/system.hdf'.
23:25:35 INFO  : 'configparams force-mem-access 1' command is executed.
23:25:35 INFO  : Context for 'APU' is selected.
23:25:35 INFO  : 'stop' command is executed.
23:25:36 INFO  : 'ps7_init' command is executed.
23:25:36 INFO  : 'ps7_post_config' command is executed.
23:25:36 INFO  : Context for processor 'ps7_cortexa9_0' is selected.
23:25:36 INFO  : Processor reset is completed for 'ps7_cortexa9_0'.
23:25:36 INFO  : Context for processor 'ps7_cortexa9_0' is selected.
23:25:36 INFO  : The application 'C:/A2_project/Vivado/Demo_IP_HLS/Demo_IP_HLS_pearson/Demo_IP_HLS_pearson.sdk/pearson_test/Debug/pearson_test.elf' is downloaded to processor 'ps7_cortexa9_0'.
23:25:36 INFO  : 'configparams force-mem-access 0' command is executed.
23:25:36 INFO  : ----------------XSDB Script----------------
connect -url tcp:127.0.0.1:3121
source C:/A2_project/Vivado/Demo_IP_HLS/Demo_IP_HLS_pearson/Demo_IP_HLS_pearson.sdk/design_IP_wrapper_hw_platform_0/ps7_init.tcl
targets -set -nocase -filter {name =~"APU*" && jtag_cable_name =~ "Digilent Zed 210248686847"} -index 0
loadhw -hw C:/A2_project/Vivado/Demo_IP_HLS/Demo_IP_HLS_pearson/Demo_IP_HLS_pearson.sdk/design_IP_wrapper_hw_platform_0/system.hdf -mem-ranges [list {0x40000000 0xbfffffff}]
configparams force-mem-access 1
targets -set -nocase -filter {name =~"APU*" && jtag_cable_name =~ "Digilent Zed 210248686847"} -index 0
stop
ps7_init
ps7_post_config
targets -set -nocase -filter {name =~ "ARM*#0" && jtag_cable_name =~ "Digilent Zed 210248686847"} -index 0
rst -processor
targets -set -nocase -filter {name =~ "ARM*#0" && jtag_cable_name =~ "Digilent Zed 210248686847"} -index 0
dow C:/A2_project/Vivado/Demo_IP_HLS/Demo_IP_HLS_pearson/Demo_IP_HLS_pearson.sdk/pearson_test/Debug/pearson_test.elf
configparams force-mem-access 0
----------------End of Script----------------

23:25:36 INFO  : Memory regions updated for context APU
23:25:36 INFO  : Context for processor 'ps7_cortexa9_0' is selected.
23:25:36 INFO  : 'con' command is executed.
23:25:36 INFO  : ----------------XSDB Script (After Launch)----------------
targets -set -nocase -filter {name =~ "ARM*#0" && jtag_cable_name =~ "Digilent Zed 210248686847"} -index 0
con
----------------End of Script----------------

23:25:36 INFO  : Launch script is exported to file 'C:\A2_project\Vivado\Demo_IP_HLS\Demo_IP_HLS_pearson\Demo_IP_HLS_pearson.sdk\.sdk\launch_scripts\xilinx_c-c++_application_(system_debugger)\system_debugger_using_debug_pearson_test.elf_on_local.tcl'
23:26:25 INFO  : Disconnected from the channel tcfchan#15.
23:26:26 INFO  : 'targets -set -filter {jtag_cable_name =~ "Digilent Zed 210248686847" && level==0} -index 1' command is executed.
23:26:26 INFO  : 'fpga -state' command is executed.
23:26:26 INFO  : Connected to target on host '127.0.0.1' and port '3121'.
23:26:27 INFO  : Jtag cable 'Digilent Zed 210248686847' is selected.
23:26:27 INFO  : 'jtag frequency' command is executed.
23:26:27 INFO  : Sourcing of 'C:/A2_project/Vivado/Demo_IP_HLS/Demo_IP_HLS_pearson/Demo_IP_HLS_pearson.sdk/design_IP_wrapper_hw_platform_0/ps7_init.tcl' is done.
23:26:27 INFO  : Context for 'APU' is selected.
23:26:27 INFO  : Hardware design information is loaded from 'C:/A2_project/Vivado/Demo_IP_HLS/Demo_IP_HLS_pearson/Demo_IP_HLS_pearson.sdk/design_IP_wrapper_hw_platform_0/system.hdf'.
23:26:27 INFO  : 'configparams force-mem-access 1' command is executed.
23:26:27 INFO  : Context for 'APU' is selected.
23:26:27 INFO  : 'stop' command is executed.
23:26:27 INFO  : 'ps7_init' command is executed.
23:26:27 INFO  : 'ps7_post_config' command is executed.
23:26:27 INFO  : Context for processor 'ps7_cortexa9_0' is selected.
23:26:27 INFO  : Processor reset is completed for 'ps7_cortexa9_0'.
23:26:27 INFO  : Context for processor 'ps7_cortexa9_0' is selected.
23:26:28 INFO  : The application 'C:/A2_project/Vivado/Demo_IP_HLS/Demo_IP_HLS_pearson/Demo_IP_HLS_pearson.sdk/pearson_test/Debug/pearson_test.elf' is downloaded to processor 'ps7_cortexa9_0'.
23:26:28 INFO  : 'configparams force-mem-access 0' command is executed.
23:26:28 INFO  : ----------------XSDB Script----------------
connect -url tcp:127.0.0.1:3121
source C:/A2_project/Vivado/Demo_IP_HLS/Demo_IP_HLS_pearson/Demo_IP_HLS_pearson.sdk/design_IP_wrapper_hw_platform_0/ps7_init.tcl
targets -set -nocase -filter {name =~"APU*" && jtag_cable_name =~ "Digilent Zed 210248686847"} -index 0
loadhw -hw C:/A2_project/Vivado/Demo_IP_HLS/Demo_IP_HLS_pearson/Demo_IP_HLS_pearson.sdk/design_IP_wrapper_hw_platform_0/system.hdf -mem-ranges [list {0x40000000 0xbfffffff}]
configparams force-mem-access 1
targets -set -nocase -filter {name =~"APU*" && jtag_cable_name =~ "Digilent Zed 210248686847"} -index 0
stop
ps7_init
ps7_post_config
targets -set -nocase -filter {name =~ "ARM*#0" && jtag_cable_name =~ "Digilent Zed 210248686847"} -index 0
rst -processor
targets -set -nocase -filter {name =~ "ARM*#0" && jtag_cable_name =~ "Digilent Zed 210248686847"} -index 0
dow C:/A2_project/Vivado/Demo_IP_HLS/Demo_IP_HLS_pearson/Demo_IP_HLS_pearson.sdk/pearson_test/Debug/pearson_test.elf
configparams force-mem-access 0
----------------End of Script----------------

23:26:28 INFO  : Memory regions updated for context APU
23:26:28 INFO  : Context for processor 'ps7_cortexa9_0' is selected.
23:26:28 INFO  : 'con' command is executed.
23:26:28 INFO  : ----------------XSDB Script (After Launch)----------------
targets -set -nocase -filter {name =~ "ARM*#0" && jtag_cable_name =~ "Digilent Zed 210248686847"} -index 0
con
----------------End of Script----------------

23:26:28 INFO  : Launch script is exported to file 'C:\A2_project\Vivado\Demo_IP_HLS\Demo_IP_HLS_pearson\Demo_IP_HLS_pearson.sdk\.sdk\launch_scripts\xilinx_c-c++_application_(system_debugger)\system_debugger_using_debug_pearson_test.elf_on_local.tcl'
23:28:48 INFO  : Disconnected from the channel tcfchan#16.
23:28:49 INFO  : 'targets -set -filter {jtag_cable_name =~ "Digilent Zed 210248686847" && level==0} -index 1' command is executed.
23:28:49 INFO  : 'fpga -state' command is executed.
23:28:49 INFO  : Connected to target on host '127.0.0.1' and port '3121'.
23:28:49 INFO  : Jtag cable 'Digilent Zed 210248686847' is selected.
23:28:50 INFO  : 'jtag frequency' command is executed.
23:28:50 INFO  : Sourcing of 'C:/A2_project/Vivado/Demo_IP_HLS/Demo_IP_HLS_pearson/Demo_IP_HLS_pearson.sdk/design_IP_wrapper_hw_platform_0/ps7_init.tcl' is done.
23:28:50 INFO  : Context for 'APU' is selected.
23:28:50 INFO  : Hardware design information is loaded from 'C:/A2_project/Vivado/Demo_IP_HLS/Demo_IP_HLS_pearson/Demo_IP_HLS_pearson.sdk/design_IP_wrapper_hw_platform_0/system.hdf'.
23:28:50 INFO  : 'configparams force-mem-access 1' command is executed.
23:28:50 INFO  : Context for 'APU' is selected.
23:28:50 INFO  : 'stop' command is executed.
23:28:50 INFO  : 'ps7_init' command is executed.
23:28:50 INFO  : 'ps7_post_config' command is executed.
23:28:50 INFO  : Context for processor 'ps7_cortexa9_0' is selected.
23:28:50 INFO  : Processor reset is completed for 'ps7_cortexa9_0'.
23:28:50 INFO  : Context for processor 'ps7_cortexa9_0' is selected.
23:28:51 INFO  : The application 'C:/A2_project/Vivado/Demo_IP_HLS/Demo_IP_HLS_pearson/Demo_IP_HLS_pearson.sdk/pearson_test/Debug/pearson_test.elf' is downloaded to processor 'ps7_cortexa9_0'.
23:28:51 INFO  : 'configparams force-mem-access 0' command is executed.
23:28:51 INFO  : ----------------XSDB Script----------------
connect -url tcp:127.0.0.1:3121
source C:/A2_project/Vivado/Demo_IP_HLS/Demo_IP_HLS_pearson/Demo_IP_HLS_pearson.sdk/design_IP_wrapper_hw_platform_0/ps7_init.tcl
targets -set -nocase -filter {name =~"APU*" && jtag_cable_name =~ "Digilent Zed 210248686847"} -index 0
loadhw -hw C:/A2_project/Vivado/Demo_IP_HLS/Demo_IP_HLS_pearson/Demo_IP_HLS_pearson.sdk/design_IP_wrapper_hw_platform_0/system.hdf -mem-ranges [list {0x40000000 0xbfffffff}]
configparams force-mem-access 1
targets -set -nocase -filter {name =~"APU*" && jtag_cable_name =~ "Digilent Zed 210248686847"} -index 0
stop
ps7_init
ps7_post_config
targets -set -nocase -filter {name =~ "ARM*#0" && jtag_cable_name =~ "Digilent Zed 210248686847"} -index 0
rst -processor
targets -set -nocase -filter {name =~ "ARM*#0" && jtag_cable_name =~ "Digilent Zed 210248686847"} -index 0
dow C:/A2_project/Vivado/Demo_IP_HLS/Demo_IP_HLS_pearson/Demo_IP_HLS_pearson.sdk/pearson_test/Debug/pearson_test.elf
configparams force-mem-access 0
----------------End of Script----------------

23:28:51 INFO  : Memory regions updated for context APU
23:28:51 INFO  : Context for processor 'ps7_cortexa9_0' is selected.
23:28:51 INFO  : 'con' command is executed.
23:28:51 INFO  : ----------------XSDB Script (After Launch)----------------
targets -set -nocase -filter {name =~ "ARM*#0" && jtag_cable_name =~ "Digilent Zed 210248686847"} -index 0
con
----------------End of Script----------------

23:28:51 INFO  : Launch script is exported to file 'C:\A2_project\Vivado\Demo_IP_HLS\Demo_IP_HLS_pearson\Demo_IP_HLS_pearson.sdk\.sdk\launch_scripts\xilinx_c-c++_application_(system_debugger)\system_debugger_using_debug_pearson_test.elf_on_local.tcl'
23:29:28 INFO  : Disconnected from the channel tcfchan#17.
23:29:29 INFO  : 'targets -set -filter {jtag_cable_name =~ "Digilent Zed 210248686847" && level==0} -index 1' command is executed.
23:29:29 INFO  : 'fpga -state' command is executed.
23:29:29 INFO  : Connected to target on host '127.0.0.1' and port '3121'.
23:29:29 INFO  : Jtag cable 'Digilent Zed 210248686847' is selected.
23:29:29 INFO  : 'jtag frequency' command is executed.
23:29:29 INFO  : Sourcing of 'C:/A2_project/Vivado/Demo_IP_HLS/Demo_IP_HLS_pearson/Demo_IP_HLS_pearson.sdk/design_IP_wrapper_hw_platform_0/ps7_init.tcl' is done.
23:29:29 INFO  : Context for 'APU' is selected.
23:29:29 INFO  : Hardware design information is loaded from 'C:/A2_project/Vivado/Demo_IP_HLS/Demo_IP_HLS_pearson/Demo_IP_HLS_pearson.sdk/design_IP_wrapper_hw_platform_0/system.hdf'.
23:29:29 INFO  : 'configparams force-mem-access 1' command is executed.
23:29:29 INFO  : Context for 'APU' is selected.
23:29:29 INFO  : 'stop' command is executed.
23:29:30 INFO  : 'ps7_init' command is executed.
23:29:30 INFO  : 'ps7_post_config' command is executed.
23:29:30 INFO  : Context for processor 'ps7_cortexa9_0' is selected.
23:29:30 INFO  : Processor reset is completed for 'ps7_cortexa9_0'.
23:29:30 INFO  : Context for processor 'ps7_cortexa9_0' is selected.
23:29:30 INFO  : The application 'C:/A2_project/Vivado/Demo_IP_HLS/Demo_IP_HLS_pearson/Demo_IP_HLS_pearson.sdk/pearson_test/Debug/pearson_test.elf' is downloaded to processor 'ps7_cortexa9_0'.
23:29:30 INFO  : 'configparams force-mem-access 0' command is executed.
23:29:30 INFO  : ----------------XSDB Script----------------
connect -url tcp:127.0.0.1:3121
source C:/A2_project/Vivado/Demo_IP_HLS/Demo_IP_HLS_pearson/Demo_IP_HLS_pearson.sdk/design_IP_wrapper_hw_platform_0/ps7_init.tcl
targets -set -nocase -filter {name =~"APU*" && jtag_cable_name =~ "Digilent Zed 210248686847"} -index 0
loadhw -hw C:/A2_project/Vivado/Demo_IP_HLS/Demo_IP_HLS_pearson/Demo_IP_HLS_pearson.sdk/design_IP_wrapper_hw_platform_0/system.hdf -mem-ranges [list {0x40000000 0xbfffffff}]
configparams force-mem-access 1
targets -set -nocase -filter {name =~"APU*" && jtag_cable_name =~ "Digilent Zed 210248686847"} -index 0
stop
ps7_init
ps7_post_config
targets -set -nocase -filter {name =~ "ARM*#0" && jtag_cable_name =~ "Digilent Zed 210248686847"} -index 0
rst -processor
targets -set -nocase -filter {name =~ "ARM*#0" && jtag_cable_name =~ "Digilent Zed 210248686847"} -index 0
dow C:/A2_project/Vivado/Demo_IP_HLS/Demo_IP_HLS_pearson/Demo_IP_HLS_pearson.sdk/pearson_test/Debug/pearson_test.elf
configparams force-mem-access 0
----------------End of Script----------------

23:29:30 INFO  : Memory regions updated for context APU
23:29:30 INFO  : Context for processor 'ps7_cortexa9_0' is selected.
23:29:31 INFO  : 'con' command is executed.
23:29:31 INFO  : ----------------XSDB Script (After Launch)----------------
targets -set -nocase -filter {name =~ "ARM*#0" && jtag_cable_name =~ "Digilent Zed 210248686847"} -index 0
con
----------------End of Script----------------

23:29:31 INFO  : Launch script is exported to file 'C:\A2_project\Vivado\Demo_IP_HLS\Demo_IP_HLS_pearson\Demo_IP_HLS_pearson.sdk\.sdk\launch_scripts\xilinx_c-c++_application_(system_debugger)\system_debugger_using_debug_pearson_test.elf_on_local.tcl'
23:30:46 INFO  : Disconnected from the channel tcfchan#18.
23:30:47 INFO  : 'targets -set -filter {jtag_cable_name =~ "Digilent Zed 210248686847" && level==0} -index 1' command is executed.
23:30:47 INFO  : 'fpga -state' command is executed.
23:30:47 INFO  : Connected to target on host '127.0.0.1' and port '3121'.
23:30:47 INFO  : Jtag cable 'Digilent Zed 210248686847' is selected.
23:30:47 INFO  : 'jtag frequency' command is executed.
23:30:47 INFO  : Sourcing of 'C:/A2_project/Vivado/Demo_IP_HLS/Demo_IP_HLS_pearson/Demo_IP_HLS_pearson.sdk/design_IP_wrapper_hw_platform_0/ps7_init.tcl' is done.
23:30:47 INFO  : Context for 'APU' is selected.
23:30:48 INFO  : Hardware design information is loaded from 'C:/A2_project/Vivado/Demo_IP_HLS/Demo_IP_HLS_pearson/Demo_IP_HLS_pearson.sdk/design_IP_wrapper_hw_platform_0/system.hdf'.
23:30:48 INFO  : 'configparams force-mem-access 1' command is executed.
23:30:48 INFO  : Context for 'APU' is selected.
23:30:48 INFO  : 'stop' command is executed.
23:30:48 INFO  : 'ps7_init' command is executed.
23:30:48 INFO  : 'ps7_post_config' command is executed.
23:30:48 INFO  : Context for processor 'ps7_cortexa9_0' is selected.
23:30:48 INFO  : Processor reset is completed for 'ps7_cortexa9_0'.
23:30:48 INFO  : Context for processor 'ps7_cortexa9_0' is selected.
23:30:48 INFO  : The application 'C:/A2_project/Vivado/Demo_IP_HLS/Demo_IP_HLS_pearson/Demo_IP_HLS_pearson.sdk/pearson_test/Debug/pearson_test.elf' is downloaded to processor 'ps7_cortexa9_0'.
23:30:48 INFO  : 'configparams force-mem-access 0' command is executed.
23:30:48 INFO  : ----------------XSDB Script----------------
connect -url tcp:127.0.0.1:3121
source C:/A2_project/Vivado/Demo_IP_HLS/Demo_IP_HLS_pearson/Demo_IP_HLS_pearson.sdk/design_IP_wrapper_hw_platform_0/ps7_init.tcl
targets -set -nocase -filter {name =~"APU*" && jtag_cable_name =~ "Digilent Zed 210248686847"} -index 0
loadhw -hw C:/A2_project/Vivado/Demo_IP_HLS/Demo_IP_HLS_pearson/Demo_IP_HLS_pearson.sdk/design_IP_wrapper_hw_platform_0/system.hdf -mem-ranges [list {0x40000000 0xbfffffff}]
configparams force-mem-access 1
targets -set -nocase -filter {name =~"APU*" && jtag_cable_name =~ "Digilent Zed 210248686847"} -index 0
stop
ps7_init
ps7_post_config
targets -set -nocase -filter {name =~ "ARM*#0" && jtag_cable_name =~ "Digilent Zed 210248686847"} -index 0
rst -processor
targets -set -nocase -filter {name =~ "ARM*#0" && jtag_cable_name =~ "Digilent Zed 210248686847"} -index 0
dow C:/A2_project/Vivado/Demo_IP_HLS/Demo_IP_HLS_pearson/Demo_IP_HLS_pearson.sdk/pearson_test/Debug/pearson_test.elf
configparams force-mem-access 0
----------------End of Script----------------

23:30:49 INFO  : Memory regions updated for context APU
23:30:49 INFO  : Context for processor 'ps7_cortexa9_0' is selected.
23:30:49 INFO  : 'con' command is executed.
23:30:49 INFO  : ----------------XSDB Script (After Launch)----------------
targets -set -nocase -filter {name =~ "ARM*#0" && jtag_cable_name =~ "Digilent Zed 210248686847"} -index 0
con
----------------End of Script----------------

23:30:49 INFO  : Launch script is exported to file 'C:\A2_project\Vivado\Demo_IP_HLS\Demo_IP_HLS_pearson\Demo_IP_HLS_pearson.sdk\.sdk\launch_scripts\xilinx_c-c++_application_(system_debugger)\system_debugger_using_debug_pearson_test.elf_on_local.tcl'
23:31:41 INFO  : Disconnected from the channel tcfchan#19.
23:31:42 INFO  : 'targets -set -filter {jtag_cable_name =~ "Digilent Zed 210248686847" && level==0} -index 1' command is executed.
23:31:42 INFO  : 'fpga -state' command is executed.
23:31:42 INFO  : Connected to target on host '127.0.0.1' and port '3121'.
23:31:43 INFO  : Jtag cable 'Digilent Zed 210248686847' is selected.
23:31:43 INFO  : 'jtag frequency' command is executed.
23:31:43 INFO  : Sourcing of 'C:/A2_project/Vivado/Demo_IP_HLS/Demo_IP_HLS_pearson/Demo_IP_HLS_pearson.sdk/design_IP_wrapper_hw_platform_0/ps7_init.tcl' is done.
23:31:43 INFO  : Context for 'APU' is selected.
23:31:43 INFO  : Hardware design information is loaded from 'C:/A2_project/Vivado/Demo_IP_HLS/Demo_IP_HLS_pearson/Demo_IP_HLS_pearson.sdk/design_IP_wrapper_hw_platform_0/system.hdf'.
23:31:43 INFO  : 'configparams force-mem-access 1' command is executed.
23:31:43 INFO  : Context for 'APU' is selected.
23:31:43 INFO  : 'stop' command is executed.
23:31:43 INFO  : 'ps7_init' command is executed.
23:31:44 INFO  : 'ps7_post_config' command is executed.
23:31:44 INFO  : Context for processor 'ps7_cortexa9_0' is selected.
23:31:44 INFO  : Processor reset is completed for 'ps7_cortexa9_0'.
23:31:44 INFO  : Context for processor 'ps7_cortexa9_0' is selected.
23:31:44 INFO  : The application 'C:/A2_project/Vivado/Demo_IP_HLS/Demo_IP_HLS_pearson/Demo_IP_HLS_pearson.sdk/pearson_test/Debug/pearson_test.elf' is downloaded to processor 'ps7_cortexa9_0'.
23:31:44 INFO  : 'configparams force-mem-access 0' command is executed.
23:31:44 INFO  : ----------------XSDB Script----------------
connect -url tcp:127.0.0.1:3121
source C:/A2_project/Vivado/Demo_IP_HLS/Demo_IP_HLS_pearson/Demo_IP_HLS_pearson.sdk/design_IP_wrapper_hw_platform_0/ps7_init.tcl
targets -set -nocase -filter {name =~"APU*" && jtag_cable_name =~ "Digilent Zed 210248686847"} -index 0
loadhw -hw C:/A2_project/Vivado/Demo_IP_HLS/Demo_IP_HLS_pearson/Demo_IP_HLS_pearson.sdk/design_IP_wrapper_hw_platform_0/system.hdf -mem-ranges [list {0x40000000 0xbfffffff}]
configparams force-mem-access 1
targets -set -nocase -filter {name =~"APU*" && jtag_cable_name =~ "Digilent Zed 210248686847"} -index 0
stop
ps7_init
ps7_post_config
targets -set -nocase -filter {name =~ "ARM*#0" && jtag_cable_name =~ "Digilent Zed 210248686847"} -index 0
rst -processor
targets -set -nocase -filter {name =~ "ARM*#0" && jtag_cable_name =~ "Digilent Zed 210248686847"} -index 0
dow C:/A2_project/Vivado/Demo_IP_HLS/Demo_IP_HLS_pearson/Demo_IP_HLS_pearson.sdk/pearson_test/Debug/pearson_test.elf
configparams force-mem-access 0
----------------End of Script----------------

23:31:44 INFO  : Memory regions updated for context APU
23:31:44 INFO  : Context for processor 'ps7_cortexa9_0' is selected.
23:31:44 INFO  : 'con' command is executed.
23:31:44 INFO  : ----------------XSDB Script (After Launch)----------------
targets -set -nocase -filter {name =~ "ARM*#0" && jtag_cable_name =~ "Digilent Zed 210248686847"} -index 0
con
----------------End of Script----------------

23:31:44 INFO  : Launch script is exported to file 'C:\A2_project\Vivado\Demo_IP_HLS\Demo_IP_HLS_pearson\Demo_IP_HLS_pearson.sdk\.sdk\launch_scripts\xilinx_c-c++_application_(system_debugger)\system_debugger_using_debug_pearson_test.elf_on_local.tcl'
23:32:05 INFO  : Disconnected from the channel tcfchan#20.
23:32:06 INFO  : 'targets -set -filter {jtag_cable_name =~ "Digilent Zed 210248686847" && level==0} -index 1' command is executed.
23:32:06 INFO  : 'fpga -state' command is executed.
23:32:06 INFO  : Connected to target on host '127.0.0.1' and port '3121'.
23:32:07 INFO  : Jtag cable 'Digilent Zed 210248686847' is selected.
23:32:07 INFO  : 'jtag frequency' command is executed.
23:32:07 INFO  : Sourcing of 'C:/A2_project/Vivado/Demo_IP_HLS/Demo_IP_HLS_pearson/Demo_IP_HLS_pearson.sdk/design_IP_wrapper_hw_platform_0/ps7_init.tcl' is done.
23:32:07 INFO  : Context for 'APU' is selected.
23:32:07 INFO  : Hardware design information is loaded from 'C:/A2_project/Vivado/Demo_IP_HLS/Demo_IP_HLS_pearson/Demo_IP_HLS_pearson.sdk/design_IP_wrapper_hw_platform_0/system.hdf'.
23:32:07 INFO  : 'configparams force-mem-access 1' command is executed.
23:32:07 INFO  : Context for 'APU' is selected.
23:32:07 INFO  : 'stop' command is executed.
23:32:07 INFO  : 'ps7_init' command is executed.
23:32:07 INFO  : 'ps7_post_config' command is executed.
23:32:07 INFO  : Context for processor 'ps7_cortexa9_0' is selected.
23:32:07 INFO  : Processor reset is completed for 'ps7_cortexa9_0'.
23:32:07 INFO  : Context for processor 'ps7_cortexa9_0' is selected.
23:32:08 INFO  : The application 'C:/A2_project/Vivado/Demo_IP_HLS/Demo_IP_HLS_pearson/Demo_IP_HLS_pearson.sdk/pearson_test/Debug/pearson_test.elf' is downloaded to processor 'ps7_cortexa9_0'.
23:32:08 INFO  : 'configparams force-mem-access 0' command is executed.
23:32:08 INFO  : ----------------XSDB Script----------------
connect -url tcp:127.0.0.1:3121
source C:/A2_project/Vivado/Demo_IP_HLS/Demo_IP_HLS_pearson/Demo_IP_HLS_pearson.sdk/design_IP_wrapper_hw_platform_0/ps7_init.tcl
targets -set -nocase -filter {name =~"APU*" && jtag_cable_name =~ "Digilent Zed 210248686847"} -index 0
loadhw -hw C:/A2_project/Vivado/Demo_IP_HLS/Demo_IP_HLS_pearson/Demo_IP_HLS_pearson.sdk/design_IP_wrapper_hw_platform_0/system.hdf -mem-ranges [list {0x40000000 0xbfffffff}]
configparams force-mem-access 1
targets -set -nocase -filter {name =~"APU*" && jtag_cable_name =~ "Digilent Zed 210248686847"} -index 0
stop
ps7_init
ps7_post_config
targets -set -nocase -filter {name =~ "ARM*#0" && jtag_cable_name =~ "Digilent Zed 210248686847"} -index 0
rst -processor
targets -set -nocase -filter {name =~ "ARM*#0" && jtag_cable_name =~ "Digilent Zed 210248686847"} -index 0
dow C:/A2_project/Vivado/Demo_IP_HLS/Demo_IP_HLS_pearson/Demo_IP_HLS_pearson.sdk/pearson_test/Debug/pearson_test.elf
configparams force-mem-access 0
----------------End of Script----------------

23:32:08 INFO  : Memory regions updated for context APU
23:32:08 INFO  : Context for processor 'ps7_cortexa9_0' is selected.
23:32:08 INFO  : 'con' command is executed.
23:32:08 INFO  : ----------------XSDB Script (After Launch)----------------
targets -set -nocase -filter {name =~ "ARM*#0" && jtag_cable_name =~ "Digilent Zed 210248686847"} -index 0
con
----------------End of Script----------------

23:32:08 INFO  : Launch script is exported to file 'C:\A2_project\Vivado\Demo_IP_HLS\Demo_IP_HLS_pearson\Demo_IP_HLS_pearson.sdk\.sdk\launch_scripts\xilinx_c-c++_application_(system_debugger)\system_debugger_using_debug_pearson_test.elf_on_local.tcl'
23:34:17 INFO  : Disconnected from the channel tcfchan#21.
23:34:18 INFO  : 'targets -set -filter {jtag_cable_name =~ "Digilent Zed 210248686847" && level==0} -index 1' command is executed.
23:34:18 INFO  : 'fpga -state' command is executed.
23:34:18 INFO  : Connected to target on host '127.0.0.1' and port '3121'.
23:34:18 INFO  : Jtag cable 'Digilent Zed 210248686847' is selected.
23:34:18 INFO  : 'jtag frequency' command is executed.
23:34:18 INFO  : Sourcing of 'C:/A2_project/Vivado/Demo_IP_HLS/Demo_IP_HLS_pearson/Demo_IP_HLS_pearson.sdk/design_IP_wrapper_hw_platform_0/ps7_init.tcl' is done.
23:34:18 INFO  : Context for 'APU' is selected.
23:34:18 INFO  : Hardware design information is loaded from 'C:/A2_project/Vivado/Demo_IP_HLS/Demo_IP_HLS_pearson/Demo_IP_HLS_pearson.sdk/design_IP_wrapper_hw_platform_0/system.hdf'.
23:34:18 INFO  : 'configparams force-mem-access 1' command is executed.
23:34:18 INFO  : Context for 'APU' is selected.
23:34:18 INFO  : 'stop' command is executed.
23:34:19 INFO  : 'ps7_init' command is executed.
23:34:19 INFO  : 'ps7_post_config' command is executed.
23:34:19 INFO  : Context for processor 'ps7_cortexa9_0' is selected.
23:34:19 INFO  : Processor reset is completed for 'ps7_cortexa9_0'.
23:34:19 INFO  : Context for processor 'ps7_cortexa9_0' is selected.
23:34:19 INFO  : The application 'C:/A2_project/Vivado/Demo_IP_HLS/Demo_IP_HLS_pearson/Demo_IP_HLS_pearson.sdk/pearson_test/Debug/pearson_test.elf' is downloaded to processor 'ps7_cortexa9_0'.
23:34:19 INFO  : 'configparams force-mem-access 0' command is executed.
23:34:19 INFO  : ----------------XSDB Script----------------
connect -url tcp:127.0.0.1:3121
source C:/A2_project/Vivado/Demo_IP_HLS/Demo_IP_HLS_pearson/Demo_IP_HLS_pearson.sdk/design_IP_wrapper_hw_platform_0/ps7_init.tcl
targets -set -nocase -filter {name =~"APU*" && jtag_cable_name =~ "Digilent Zed 210248686847"} -index 0
loadhw -hw C:/A2_project/Vivado/Demo_IP_HLS/Demo_IP_HLS_pearson/Demo_IP_HLS_pearson.sdk/design_IP_wrapper_hw_platform_0/system.hdf -mem-ranges [list {0x40000000 0xbfffffff}]
configparams force-mem-access 1
targets -set -nocase -filter {name =~"APU*" && jtag_cable_name =~ "Digilent Zed 210248686847"} -index 0
stop
ps7_init
ps7_post_config
targets -set -nocase -filter {name =~ "ARM*#0" && jtag_cable_name =~ "Digilent Zed 210248686847"} -index 0
rst -processor
targets -set -nocase -filter {name =~ "ARM*#0" && jtag_cable_name =~ "Digilent Zed 210248686847"} -index 0
dow C:/A2_project/Vivado/Demo_IP_HLS/Demo_IP_HLS_pearson/Demo_IP_HLS_pearson.sdk/pearson_test/Debug/pearson_test.elf
configparams force-mem-access 0
----------------End of Script----------------

23:34:19 INFO  : Memory regions updated for context APU
23:34:20 INFO  : Context for processor 'ps7_cortexa9_0' is selected.
23:34:20 INFO  : 'con' command is executed.
23:34:20 INFO  : ----------------XSDB Script (After Launch)----------------
targets -set -nocase -filter {name =~ "ARM*#0" && jtag_cable_name =~ "Digilent Zed 210248686847"} -index 0
con
----------------End of Script----------------

23:34:20 INFO  : Launch script is exported to file 'C:\A2_project\Vivado\Demo_IP_HLS\Demo_IP_HLS_pearson\Demo_IP_HLS_pearson.sdk\.sdk\launch_scripts\xilinx_c-c++_application_(system_debugger)\system_debugger_using_debug_pearson_test.elf_on_local.tcl'
23:34:40 INFO  : Disconnected from the channel tcfchan#22.
23:34:41 INFO  : 'targets -set -filter {jtag_cable_name =~ "Digilent Zed 210248686847" && level==0} -index 1' command is executed.
23:34:41 INFO  : 'fpga -state' command is executed.
23:34:41 INFO  : Connected to target on host '127.0.0.1' and port '3121'.
23:34:42 INFO  : Jtag cable 'Digilent Zed 210248686847' is selected.
23:34:42 INFO  : 'jtag frequency' command is executed.
23:34:42 INFO  : Sourcing of 'C:/A2_project/Vivado/Demo_IP_HLS/Demo_IP_HLS_pearson/Demo_IP_HLS_pearson.sdk/design_IP_wrapper_hw_platform_0/ps7_init.tcl' is done.
23:34:42 INFO  : Context for 'APU' is selected.
23:34:42 INFO  : Hardware design information is loaded from 'C:/A2_project/Vivado/Demo_IP_HLS/Demo_IP_HLS_pearson/Demo_IP_HLS_pearson.sdk/design_IP_wrapper_hw_platform_0/system.hdf'.
23:34:42 INFO  : 'configparams force-mem-access 1' command is executed.
23:34:42 INFO  : Context for 'APU' is selected.
23:34:42 INFO  : 'stop' command is executed.
23:34:43 INFO  : 'ps7_init' command is executed.
23:34:43 INFO  : 'ps7_post_config' command is executed.
23:34:43 INFO  : Context for processor 'ps7_cortexa9_0' is selected.
23:34:43 INFO  : Processor reset is completed for 'ps7_cortexa9_0'.
23:34:43 INFO  : Context for processor 'ps7_cortexa9_0' is selected.
23:34:43 INFO  : The application 'C:/A2_project/Vivado/Demo_IP_HLS/Demo_IP_HLS_pearson/Demo_IP_HLS_pearson.sdk/pearson_test/Debug/pearson_test.elf' is downloaded to processor 'ps7_cortexa9_0'.
23:34:43 INFO  : 'configparams force-mem-access 0' command is executed.
23:34:43 INFO  : ----------------XSDB Script----------------
connect -url tcp:127.0.0.1:3121
source C:/A2_project/Vivado/Demo_IP_HLS/Demo_IP_HLS_pearson/Demo_IP_HLS_pearson.sdk/design_IP_wrapper_hw_platform_0/ps7_init.tcl
targets -set -nocase -filter {name =~"APU*" && jtag_cable_name =~ "Digilent Zed 210248686847"} -index 0
loadhw -hw C:/A2_project/Vivado/Demo_IP_HLS/Demo_IP_HLS_pearson/Demo_IP_HLS_pearson.sdk/design_IP_wrapper_hw_platform_0/system.hdf -mem-ranges [list {0x40000000 0xbfffffff}]
configparams force-mem-access 1
targets -set -nocase -filter {name =~"APU*" && jtag_cable_name =~ "Digilent Zed 210248686847"} -index 0
stop
ps7_init
ps7_post_config
targets -set -nocase -filter {name =~ "ARM*#0" && jtag_cable_name =~ "Digilent Zed 210248686847"} -index 0
rst -processor
targets -set -nocase -filter {name =~ "ARM*#0" && jtag_cable_name =~ "Digilent Zed 210248686847"} -index 0
dow C:/A2_project/Vivado/Demo_IP_HLS/Demo_IP_HLS_pearson/Demo_IP_HLS_pearson.sdk/pearson_test/Debug/pearson_test.elf
configparams force-mem-access 0
----------------End of Script----------------

23:34:43 INFO  : Memory regions updated for context APU
23:34:43 INFO  : Context for processor 'ps7_cortexa9_0' is selected.
23:34:43 INFO  : 'con' command is executed.
23:34:43 INFO  : ----------------XSDB Script (After Launch)----------------
targets -set -nocase -filter {name =~ "ARM*#0" && jtag_cable_name =~ "Digilent Zed 210248686847"} -index 0
con
----------------End of Script----------------

23:34:43 INFO  : Launch script is exported to file 'C:\A2_project\Vivado\Demo_IP_HLS\Demo_IP_HLS_pearson\Demo_IP_HLS_pearson.sdk\.sdk\launch_scripts\xilinx_c-c++_application_(system_debugger)\system_debugger_using_debug_pearson_test.elf_on_local.tcl'
23:38:57 INFO  : Disconnected from the channel tcfchan#23.
23:38:58 INFO  : 'targets -set -filter {jtag_cable_name =~ "Digilent Zed 210248686847" && level==0} -index 1' command is executed.
23:38:58 INFO  : 'fpga -state' command is executed.
23:38:58 INFO  : Connected to target on host '127.0.0.1' and port '3121'.
23:38:59 INFO  : Jtag cable 'Digilent Zed 210248686847' is selected.
23:38:59 INFO  : 'jtag frequency' command is executed.
23:38:59 INFO  : Sourcing of 'C:/A2_project/Vivado/Demo_IP_HLS/Demo_IP_HLS_pearson/Demo_IP_HLS_pearson.sdk/design_IP_wrapper_hw_platform_0/ps7_init.tcl' is done.
23:38:59 INFO  : Context for 'APU' is selected.
23:38:59 INFO  : Hardware design information is loaded from 'C:/A2_project/Vivado/Demo_IP_HLS/Demo_IP_HLS_pearson/Demo_IP_HLS_pearson.sdk/design_IP_wrapper_hw_platform_0/system.hdf'.
23:38:59 INFO  : 'configparams force-mem-access 1' command is executed.
23:38:59 INFO  : Context for 'APU' is selected.
23:38:59 INFO  : 'stop' command is executed.
23:38:59 INFO  : 'ps7_init' command is executed.
23:38:59 INFO  : 'ps7_post_config' command is executed.
23:38:59 INFO  : Context for processor 'ps7_cortexa9_0' is selected.
23:39:00 INFO  : Processor reset is completed for 'ps7_cortexa9_0'.
23:39:00 INFO  : Context for processor 'ps7_cortexa9_0' is selected.
23:39:00 INFO  : The application 'C:/A2_project/Vivado/Demo_IP_HLS/Demo_IP_HLS_pearson/Demo_IP_HLS_pearson.sdk/pearson_test/Debug/pearson_test.elf' is downloaded to processor 'ps7_cortexa9_0'.
23:39:00 INFO  : 'configparams force-mem-access 0' command is executed.
23:39:00 INFO  : ----------------XSDB Script----------------
connect -url tcp:127.0.0.1:3121
source C:/A2_project/Vivado/Demo_IP_HLS/Demo_IP_HLS_pearson/Demo_IP_HLS_pearson.sdk/design_IP_wrapper_hw_platform_0/ps7_init.tcl
targets -set -nocase -filter {name =~"APU*" && jtag_cable_name =~ "Digilent Zed 210248686847"} -index 0
loadhw -hw C:/A2_project/Vivado/Demo_IP_HLS/Demo_IP_HLS_pearson/Demo_IP_HLS_pearson.sdk/design_IP_wrapper_hw_platform_0/system.hdf -mem-ranges [list {0x40000000 0xbfffffff}]
configparams force-mem-access 1
targets -set -nocase -filter {name =~"APU*" && jtag_cable_name =~ "Digilent Zed 210248686847"} -index 0
stop
ps7_init
ps7_post_config
targets -set -nocase -filter {name =~ "ARM*#0" && jtag_cable_name =~ "Digilent Zed 210248686847"} -index 0
rst -processor
targets -set -nocase -filter {name =~ "ARM*#0" && jtag_cable_name =~ "Digilent Zed 210248686847"} -index 0
dow C:/A2_project/Vivado/Demo_IP_HLS/Demo_IP_HLS_pearson/Demo_IP_HLS_pearson.sdk/pearson_test/Debug/pearson_test.elf
configparams force-mem-access 0
----------------End of Script----------------

23:39:00 INFO  : Memory regions updated for context APU
23:39:00 INFO  : Context for processor 'ps7_cortexa9_0' is selected.
23:39:00 INFO  : 'con' command is executed.
23:39:00 INFO  : ----------------XSDB Script (After Launch)----------------
targets -set -nocase -filter {name =~ "ARM*#0" && jtag_cable_name =~ "Digilent Zed 210248686847"} -index 0
con
----------------End of Script----------------

23:39:00 INFO  : Launch script is exported to file 'C:\A2_project\Vivado\Demo_IP_HLS\Demo_IP_HLS_pearson\Demo_IP_HLS_pearson.sdk\.sdk\launch_scripts\xilinx_c-c++_application_(system_debugger)\system_debugger_using_debug_pearson_test.elf_on_local.tcl'
00:59:03 INFO  : Disconnected from the channel tcfchan#24.
23:45:42 INFO  : Registering command handlers for SDK TCF services
23:45:43 INFO  : Launching XSCT server: xsct.bat -interactive C:\A2_project\Vivado\Demo_IP_HLS\Demo_IP_HLS_pearson\Demo_IP_HLS_pearson.sdk\temp_xsdb_launch_script.tcl
23:45:48 INFO  : XSCT server has started successfully.
23:45:48 INFO  : Successfully done setting XSCT server connection channel  
23:45:51 INFO  : Processing command line option -hwspec C:/A2_project/Vivado/Demo_IP_HLS/Demo_IP_HLS_pearson/Demo_IP_HLS_pearson.sdk/design_IP_wrapper.hdf.
23:45:51 INFO  : Successfully done setting SDK workspace  
23:45:52 INFO  : Checking for hwspec changes in the project design_IP_wrapper_hw_platform_0.
23:51:07 INFO  : Connected to target on host '127.0.0.1' and port '3121'.
23:51:07 INFO  : 'targets -set -filter {jtag_cable_name =~ "Digilent Zed 210248686847" && level==0} -index 1' command is executed.
23:51:10 INFO  : FPGA configured successfully with bitstream "C:/A2_project/Vivado/Demo_IP_HLS/Demo_IP_HLS_pearson/Demo_IP_HLS_pearson.sdk/design_IP_wrapper_hw_platform_0/design_IP_wrapper.bit"
23:51:19 INFO  : Connected to target on host '127.0.0.1' and port '3121'.
23:51:19 INFO  : 'targets -set -filter {jtag_cable_name =~ "Digilent Zed 210248686847" && level==0} -index 1' command is executed.
23:51:22 INFO  : FPGA configured successfully with bitstream "C:/A2_project/Vivado/Demo_IP_HLS/Demo_IP_HLS_pearson/Demo_IP_HLS_pearson.sdk/design_IP_wrapper_hw_platform_0/design_IP_wrapper.bit"
23:51:28 INFO  : 'targets -set -filter {jtag_cable_name =~ "Digilent Zed 210248686847" && level==0} -index 1' command is executed.
23:51:28 INFO  : 'fpga -state' command is executed.
23:51:28 INFO  : Connected to target on host '127.0.0.1' and port '3121'.
23:51:28 INFO  : Jtag cable 'Digilent Zed 210248686847' is selected.
23:51:28 INFO  : 'jtag frequency' command is executed.
23:51:28 INFO  : Sourcing of 'C:/A2_project/Vivado/Demo_IP_HLS/Demo_IP_HLS_pearson/Demo_IP_HLS_pearson.sdk/design_IP_wrapper_hw_platform_0/ps7_init.tcl' is done.
23:51:28 INFO  : Context for 'APU' is selected.
23:51:31 INFO  : Hardware design information is loaded from 'C:/A2_project/Vivado/Demo_IP_HLS/Demo_IP_HLS_pearson/Demo_IP_HLS_pearson.sdk/design_IP_wrapper_hw_platform_0/system.hdf'.
23:51:31 INFO  : 'configparams force-mem-access 1' command is executed.
23:51:31 INFO  : Context for 'APU' is selected.
23:51:31 INFO  : 'stop' command is executed.
23:51:31 INFO  : 'ps7_init' command is executed.
23:51:31 INFO  : 'ps7_post_config' command is executed.
23:51:31 INFO  : Context for processor 'ps7_cortexa9_0' is selected.
23:51:31 INFO  : Processor reset is completed for 'ps7_cortexa9_0'.
23:51:31 INFO  : Context for processor 'ps7_cortexa9_0' is selected.
23:51:32 INFO  : The application 'C:/A2_project/Vivado/Demo_IP_HLS/Demo_IP_HLS_pearson/Demo_IP_HLS_pearson.sdk/pearson_test/Debug/pearson_test.elf' is downloaded to processor 'ps7_cortexa9_0'.
23:51:32 INFO  : 'configparams force-mem-access 0' command is executed.
23:51:32 INFO  : ----------------XSDB Script----------------
connect -url tcp:127.0.0.1:3121
source C:/A2_project/Vivado/Demo_IP_HLS/Demo_IP_HLS_pearson/Demo_IP_HLS_pearson.sdk/design_IP_wrapper_hw_platform_0/ps7_init.tcl
targets -set -nocase -filter {name =~"APU*" && jtag_cable_name =~ "Digilent Zed 210248686847"} -index 0
loadhw -hw C:/A2_project/Vivado/Demo_IP_HLS/Demo_IP_HLS_pearson/Demo_IP_HLS_pearson.sdk/design_IP_wrapper_hw_platform_0/system.hdf -mem-ranges [list {0x40000000 0xbfffffff}]
configparams force-mem-access 1
targets -set -nocase -filter {name =~"APU*" && jtag_cable_name =~ "Digilent Zed 210248686847"} -index 0
stop
ps7_init
ps7_post_config
targets -set -nocase -filter {name =~ "ARM*#0" && jtag_cable_name =~ "Digilent Zed 210248686847"} -index 0
rst -processor
targets -set -nocase -filter {name =~ "ARM*#0" && jtag_cable_name =~ "Digilent Zed 210248686847"} -index 0
dow C:/A2_project/Vivado/Demo_IP_HLS/Demo_IP_HLS_pearson/Demo_IP_HLS_pearson.sdk/pearson_test/Debug/pearson_test.elf
configparams force-mem-access 0
----------------End of Script----------------

23:51:32 INFO  : Memory regions updated for context APU
23:51:32 INFO  : Context for processor 'ps7_cortexa9_0' is selected.
23:51:32 INFO  : 'con' command is executed.
23:51:32 INFO  : ----------------XSDB Script (After Launch)----------------
targets -set -nocase -filter {name =~ "ARM*#0" && jtag_cable_name =~ "Digilent Zed 210248686847"} -index 0
con
----------------End of Script----------------

23:51:32 INFO  : Launch script is exported to file 'C:\A2_project\Vivado\Demo_IP_HLS\Demo_IP_HLS_pearson\Demo_IP_HLS_pearson.sdk\.sdk\launch_scripts\xilinx_c-c++_application_(system_debugger)\system_debugger_using_debug_pearson_test.elf_on_local.tcl'
23:12:41 INFO  : Disconnected from the channel tcfchan#1.
