## ==============================================================
## Vivado(TM) HLS - High-Level Synthesis from C, C++ and SystemC v2019.1 (64-bit)
## Copyright 1986-2019 Xilinx, Inc. All Rights Reserved.
## ==============================================================

****** Vivado v2019.1 (64-bit)
  **** SW Build 2552052 on Fri May 24 14:47:09 MDT 2019
  **** IP Build 2548770 on Fri May 24 18:01:18 MDT 2019
    ** Copyright 1986-2019 Xilinx, Inc. All Rights Reserved.

source run_vivadosyn.tcl -notrace
INFO: [IP_Flow 19-234] Refreshing IP repositories
INFO: [IP_Flow 19-1700] Loaded user IP repository '/mnt/side_windows/UPSUD/A2/HLS/Kmeans_HLS/Kmeans_HLS/solution1/impl/ip'.
INFO: [IP_Flow 19-2313] Loaded Vivado IP repository '/mnt/side_windows/Vivado_linux/Vivado/2019.1/data/ip'.
Wrote  : </mnt/side_windows/UPSUD/A2/HLS/Kmeans_HLS/Kmeans_HLS/solution1/impl/vhdl/project.srcs/sources_1/bd/bd_0/bd_0.bd> 
Slave segment </hls_inst/s_axi_CONTROL_BUS/Reg> is being mapped into address space </s_axi_CONTROL_BUS> at <0x0000_0000 [ 4K ]>
Slave segment </m_axi_INPUT_r/Reg> is being mapped into address space </hls_inst/Data_m_axi_INPUT_r> at <0x44A0_0000 [ 64K ]>
Slave segment </m_axi_OUTPUT_r/Reg> is being mapped into address space </hls_inst/Data_m_axi_OUTPUT_r> at <0x44A0_0000 [ 64K ]>
CRITICAL WARNING: [BD 41-1265] Different slave segments </m_axi_OUTPUT_r/Reg> and </m_axi_INPUT_r/Reg> are mapped into related address spaces </hls_inst/Data_m_axi_OUTPUT_r> and </hls_inst/Data_m_axi_INPUT_r>, at the same offset 0x44A0_0000 [ 64K ].
WARNING: [BD 41-927] Following properties on pin /hls_inst/ap_clk have been updated from connected ip. They may not be synchronized with cell properties. You can set property on pin directly to confirm the value and resolve the warning.
	CLK_DOMAIN=bd_0_ap_clk_0 
INFO: [#UNDEF] Changing parameter ADDR_WIDTH on bus interface /s_axi_CONTROL_BUS from 6 to 12 due to existing assignment(s) on address space /s_axi_CONTROL_BUS.
Wrote  : </mnt/side_windows/UPSUD/A2/HLS/Kmeans_HLS/Kmeans_HLS/solution1/impl/vhdl/project.srcs/sources_1/bd/bd_0/bd_0.bd> 
VHDL Output written to : /mnt/side_windows/UPSUD/A2/HLS/Kmeans_HLS/Kmeans_HLS/solution1/impl/vhdl/project.srcs/sources_1/bd/bd_0/synth/bd_0.vhd
VHDL Output written to : /mnt/side_windows/UPSUD/A2/HLS/Kmeans_HLS/Kmeans_HLS/solution1/impl/vhdl/project.srcs/sources_1/bd/bd_0/sim/bd_0.vhd
VHDL Output written to : /mnt/side_windows/UPSUD/A2/HLS/Kmeans_HLS/Kmeans_HLS/solution1/impl/vhdl/project.srcs/sources_1/bd/bd_0/hdl/bd_0_wrapper.vhd
Using BD top: bd_0_wrapper
INFO: [BD 41-1662] The design 'bd_0.bd' is already validated. Therefore parameter propagation will not be re-run.
CRITICAL WARNING: [BD 41-1265] Different slave segments </m_axi_OUTPUT_r/Reg> and </m_axi_INPUT_r/Reg> are mapped into related address spaces </hls_inst/Data_m_axi_OUTPUT_r> and </hls_inst/Data_m_axi_INPUT_r>, at the same offset 0x44A0_0000 [ 64K ].
VHDL Output written to : /mnt/side_windows/UPSUD/A2/HLS/Kmeans_HLS/Kmeans_HLS/solution1/impl/vhdl/project.srcs/sources_1/bd/bd_0/synth/bd_0.vhd
VHDL Output written to : /mnt/side_windows/UPSUD/A2/HLS/Kmeans_HLS/Kmeans_HLS/solution1/impl/vhdl/project.srcs/sources_1/bd/bd_0/sim/bd_0.vhd
VHDL Output written to : /mnt/side_windows/UPSUD/A2/HLS/Kmeans_HLS/Kmeans_HLS/solution1/impl/vhdl/project.srcs/sources_1/bd/bd_0/hdl/bd_0_wrapper.vhd
INFO: [BD 41-1029] Generation completed for the IP Integrator block hls_inst .
Exporting to file /mnt/side_windows/UPSUD/A2/HLS/Kmeans_HLS/Kmeans_HLS/solution1/impl/vhdl/project.srcs/sources_1/bd/bd_0/hw_handoff/bd_0.hwh
Generated Block Design Tcl file /mnt/side_windows/UPSUD/A2/HLS/Kmeans_HLS/Kmeans_HLS/solution1/impl/vhdl/project.srcs/sources_1/bd/bd_0/hw_handoff/bd_0_bd.tcl
Generated Hardware Definition File /mnt/side_windows/UPSUD/A2/HLS/Kmeans_HLS/Kmeans_HLS/solution1/impl/vhdl/project.srcs/sources_1/bd/bd_0/synth/bd_0.hwdef
launch_runs: Time (s): cpu = 00:00:04 ; elapsed = 00:00:09 . Memory (MB): peak = 1642.883 ; gain = 134.059 ; free physical = 1055 ; free virtual = 10786
[Tue Feb 11 20:32:40 2020] Launched bd_0_hls_inst_0_synth_1...
Run output will be captured here: /mnt/side_windows/UPSUD/A2/HLS/Kmeans_HLS/Kmeans_HLS/solution1/impl/vhdl/project.runs/bd_0_hls_inst_0_synth_1/runme.log
[Tue Feb 11 20:32:40 2020] Launched synth_1...
Run output will be captured here: /mnt/side_windows/UPSUD/A2/HLS/Kmeans_HLS/Kmeans_HLS/solution1/impl/vhdl/project.runs/synth_1/runme.log
[Tue Feb 11 20:32:40 2020] Waiting for synth_1 to finish...

*** Running vivado
    with args -log bd_0_wrapper.vds -m64 -product Vivado -mode batch -messageDb vivado.pb -notrace -source bd_0_wrapper.tcl


****** Vivado v2019.1 (64-bit)
  **** SW Build 2552052 on Fri May 24 14:47:09 MDT 2019
  **** IP Build 2548770 on Fri May 24 18:01:18 MDT 2019
    ** Copyright 1986-2019 Xilinx, Inc. All Rights Reserved.

source bd_0_wrapper.tcl -notrace
INFO: [IP_Flow 19-234] Refreshing IP repositories
INFO: [IP_Flow 19-1700] Loaded user IP repository '/mnt/side_windows/UPSUD/A2/HLS/Kmeans_HLS/Kmeans_HLS/solution1/impl/ip'.
INFO: [IP_Flow 19-2313] Loaded Vivado IP repository '/mnt/side_windows/Vivado_linux/Vivado/2019.1/data/ip'.
Command: synth_design -top bd_0_wrapper -part xc7z010iclg225-1L -mode out_of_context
Starting synth_design
Attempting to get a license for feature 'Synthesis' and/or device 'xc7z010i'
INFO: [Common 17-349] Got license for feature 'Synthesis' and/or device 'xc7z010i'
INFO: [Device 21-403] Loading part xc7z010iclg225-1L
INFO: Launching helper process for spawning children vivado processes
INFO: Helper process launched with PID 14866 
---------------------------------------------------------------------------------
Starting RTL Elaboration : Time (s): cpu = 00:00:03 ; elapsed = 00:00:04 . Memory (MB): peak = 1683.812 ; gain = 152.715 ; free physical = 460 ; free virtual = 10288
---------------------------------------------------------------------------------
INFO: [Synth 8-638] synthesizing module 'bd_0_wrapper' [/mnt/side_windows/UPSUD/A2/HLS/Kmeans_HLS/Kmeans_HLS/solution1/impl/vhdl/project.srcs/sources_1/bd/bd_0/hdl/bd_0_wrapper.vhd:109]
INFO: [Synth 8-3491] module 'bd_0' declared at '/mnt/side_windows/UPSUD/A2/HLS/Kmeans_HLS/Kmeans_HLS/solution1/impl/vhdl/project.srcs/sources_1/bd/bd_0/synth/bd_0.vhd:14' bound to instance 'bd_0_i' of component 'bd_0' [/mnt/side_windows/UPSUD/A2/HLS/Kmeans_HLS/Kmeans_HLS/solution1/impl/vhdl/project.srcs/sources_1/bd/bd_0/hdl/bd_0_wrapper.vhd:205]
INFO: [Synth 8-638] synthesizing module 'bd_0' [/mnt/side_windows/UPSUD/A2/HLS/Kmeans_HLS/Kmeans_HLS/solution1/impl/vhdl/project.srcs/sources_1/bd/bd_0/synth/bd_0.vhd:113]
INFO: [Synth 8-3491] module 'bd_0_hls_inst_0' declared at '/mnt/side_windows/UPSUD/A2/HLS/Kmeans_HLS/Kmeans_HLS/solution1/impl/vhdl/project.runs/synth_1/.Xil/Vivado-14861-port/realtime/bd_0_hls_inst_0_stub.vhdl:5' bound to instance 'hls_inst' of component 'bd_0_hls_inst_0' [/mnt/side_windows/UPSUD/A2/HLS/Kmeans_HLS/Kmeans_HLS/solution1/impl/vhdl/project.srcs/sources_1/bd/bd_0/synth/bd_0.vhd:487]
INFO: [Synth 8-638] synthesizing module 'bd_0_hls_inst_0' [/mnt/side_windows/UPSUD/A2/HLS/Kmeans_HLS/Kmeans_HLS/solution1/impl/vhdl/project.runs/synth_1/.Xil/Vivado-14861-port/realtime/bd_0_hls_inst_0_stub.vhdl:101]
INFO: [Synth 8-256] done synthesizing module 'bd_0' (1#1) [/mnt/side_windows/UPSUD/A2/HLS/Kmeans_HLS/Kmeans_HLS/solution1/impl/vhdl/project.srcs/sources_1/bd/bd_0/synth/bd_0.vhd:113]
INFO: [Synth 8-256] done synthesizing module 'bd_0_wrapper' (2#1) [/mnt/side_windows/UPSUD/A2/HLS/Kmeans_HLS/Kmeans_HLS/solution1/impl/vhdl/project.srcs/sources_1/bd/bd_0/hdl/bd_0_wrapper.vhd:109]
---------------------------------------------------------------------------------
Finished RTL Elaboration : Time (s): cpu = 00:00:04 ; elapsed = 00:00:05 . Memory (MB): peak = 1740.531 ; gain = 209.434 ; free physical = 485 ; free virtual = 10296
---------------------------------------------------------------------------------

Report Check Netlist: 
+------+------------------+-------+---------+-------+------------------+
|      |Item              |Errors |Warnings |Status |Description       |
+------+------------------+-------+---------+-------+------------------+
|1     |multi_driven_nets |      0|        0|Passed |Multi driven nets |
+------+------------------+-------+---------+-------+------------------+
---------------------------------------------------------------------------------
Start Handling Custom Attributes
---------------------------------------------------------------------------------
---------------------------------------------------------------------------------
Finished Handling Custom Attributes : Time (s): cpu = 00:00:04 ; elapsed = 00:00:05 . Memory (MB): peak = 1743.500 ; gain = 212.402 ; free physical = 482 ; free virtual = 10294
---------------------------------------------------------------------------------
---------------------------------------------------------------------------------
Finished RTL Optimization Phase 1 : Time (s): cpu = 00:00:04 ; elapsed = 00:00:05 . Memory (MB): peak = 1743.500 ; gain = 212.402 ; free physical = 482 ; free virtual = 10294
---------------------------------------------------------------------------------
INFO: [Project 1-570] Preparing netlist for logic optimization

Processing XDC Constraints
Initializing timing engine
Parsing XDC File [/mnt/side_windows/UPSUD/A2/HLS/Kmeans_HLS/Kmeans_HLS/solution1/impl/vhdl/project.srcs/sources_1/bd/bd_0/ip/bd_0_hls_inst_0/bd_0_hls_inst_0/bd_0_hls_inst_0_in_context.xdc] for cell 'bd_0_i/hls_inst'
Finished Parsing XDC File [/mnt/side_windows/UPSUD/A2/HLS/Kmeans_HLS/Kmeans_HLS/solution1/impl/vhdl/project.srcs/sources_1/bd/bd_0/ip/bd_0_hls_inst_0/bd_0_hls_inst_0/bd_0_hls_inst_0_in_context.xdc] for cell 'bd_0_i/hls_inst'
Parsing XDC File [/mnt/side_windows/UPSUD/A2/HLS/Kmeans_HLS/Kmeans_HLS/solution1/impl/vhdl/kmeans.xdc]
Finished Parsing XDC File [/mnt/side_windows/UPSUD/A2/HLS/Kmeans_HLS/Kmeans_HLS/solution1/impl/vhdl/kmeans.xdc]
Parsing XDC File [/mnt/side_windows/UPSUD/A2/HLS/Kmeans_HLS/Kmeans_HLS/solution1/impl/vhdl/project.runs/synth_1/dont_touch.xdc]
Finished Parsing XDC File [/mnt/side_windows/UPSUD/A2/HLS/Kmeans_HLS/Kmeans_HLS/solution1/impl/vhdl/project.runs/synth_1/dont_touch.xdc]
Completed Processing XDC Constraints

Netlist sorting complete. Time (s): cpu = 00:00:00 ; elapsed = 00:00:00 . Memory (MB): peak = 1831.312 ; gain = 0.000 ; free physical = 389 ; free virtual = 10177
INFO: [Project 1-111] Unisim Transformation Summary:
No Unisim elements were transformed.

Constraint Validation Runtime : Time (s): cpu = 00:00:00.05 ; elapsed = 00:00:00.03 . Memory (MB): peak = 1838.250 ; gain = 6.938 ; free physical = 390 ; free virtual = 10178
---------------------------------------------------------------------------------
Finished Constraint Validation : Time (s): cpu = 00:00:09 ; elapsed = 00:00:11 . Memory (MB): peak = 1838.250 ; gain = 307.152 ; free physical = 457 ; free virtual = 10306
---------------------------------------------------------------------------------
---------------------------------------------------------------------------------
Start Loading Part and Timing Information
---------------------------------------------------------------------------------
Loading part: xc7z010iclg225-1L
---------------------------------------------------------------------------------
Finished Loading Part and Timing Information : Time (s): cpu = 00:00:09 ; elapsed = 00:00:11 . Memory (MB): peak = 1838.250 ; gain = 307.152 ; free physical = 457 ; free virtual = 10306
---------------------------------------------------------------------------------
---------------------------------------------------------------------------------
Start Applying 'set_property' XDC Constraints
---------------------------------------------------------------------------------
Applied set_property DONT_TOUCH = true for bd_0_i. (constraint file  auto generated constraint, line ).
Applied set_property DONT_TOUCH = true for bd_0_i/hls_inst. (constraint file  auto generated constraint, line ).
---------------------------------------------------------------------------------
Finished applying 'set_property' XDC Constraints : Time (s): cpu = 00:00:09 ; elapsed = 00:00:11 . Memory (MB): peak = 1838.250 ; gain = 307.152 ; free physical = 458 ; free virtual = 10307
---------------------------------------------------------------------------------
---------------------------------------------------------------------------------
Finished RTL Optimization Phase 2 : Time (s): cpu = 00:00:09 ; elapsed = 00:00:11 . Memory (MB): peak = 1838.250 ; gain = 307.152 ; free physical = 455 ; free virtual = 10307
---------------------------------------------------------------------------------

Report RTL Partitions: 
+-+--------------+------------+----------+
| |RTL Partition |Replication |Instances |
+-+--------------+------------+----------+
+-+--------------+------------+----------+
---------------------------------------------------------------------------------
Start RTL Component Statistics 
---------------------------------------------------------------------------------
Detailed RTL Component Info : 
---------------------------------------------------------------------------------
Finished RTL Component Statistics 
---------------------------------------------------------------------------------
---------------------------------------------------------------------------------
Start RTL Hierarchical Component Statistics 
---------------------------------------------------------------------------------
Hierarchical RTL Component report 
---------------------------------------------------------------------------------
Finished RTL Hierarchical Component Statistics
---------------------------------------------------------------------------------
---------------------------------------------------------------------------------
Start Part Resource Summary
---------------------------------------------------------------------------------
Part Resources:
DSPs: 80 (col length:40)
BRAMs: 120 (col length: RAMB18 40 RAMB36 20)
---------------------------------------------------------------------------------
Finished Part Resource Summary
---------------------------------------------------------------------------------
---------------------------------------------------------------------------------
Start Cross Boundary and Area Optimization
---------------------------------------------------------------------------------
Warning: Parallel synthesis criteria is not met 
---------------------------------------------------------------------------------
Finished Cross Boundary and Area Optimization : Time (s): cpu = 00:00:09 ; elapsed = 00:00:12 . Memory (MB): peak = 1838.250 ; gain = 307.152 ; free physical = 452 ; free virtual = 10288
---------------------------------------------------------------------------------

Report RTL Partitions: 
+-+--------------+------------+----------+
| |RTL Partition |Replication |Instances |
+-+--------------+------------+----------+
+-+--------------+------------+----------+
---------------------------------------------------------------------------------
Start Applying XDC Timing Constraints
---------------------------------------------------------------------------------
---------------------------------------------------------------------------------
Finished Applying XDC Timing Constraints : Time (s): cpu = 00:00:15 ; elapsed = 00:00:17 . Memory (MB): peak = 1838.250 ; gain = 307.152 ; free physical = 332 ; free virtual = 10168
---------------------------------------------------------------------------------
---------------------------------------------------------------------------------
Start Timing Optimization
---------------------------------------------------------------------------------
---------------------------------------------------------------------------------
Finished Timing Optimization : Time (s): cpu = 00:00:15 ; elapsed = 00:00:17 . Memory (MB): peak = 1838.250 ; gain = 307.152 ; free physical = 332 ; free virtual = 10168
---------------------------------------------------------------------------------

Report RTL Partitions: 
+-+--------------+------------+----------+
| |RTL Partition |Replication |Instances |
+-+--------------+------------+----------+
+-+--------------+------------+----------+
---------------------------------------------------------------------------------
Start Technology Mapping
---------------------------------------------------------------------------------
---------------------------------------------------------------------------------
Finished Technology Mapping : Time (s): cpu = 00:00:15 ; elapsed = 00:00:17 . Memory (MB): peak = 1838.250 ; gain = 307.152 ; free physical = 333 ; free virtual = 10169
---------------------------------------------------------------------------------

Report RTL Partitions: 
+-+--------------+------------+----------+
| |RTL Partition |Replication |Instances |
+-+--------------+------------+----------+
+-+--------------+------------+----------+
---------------------------------------------------------------------------------
Start IO Insertion
---------------------------------------------------------------------------------
---------------------------------------------------------------------------------
Start Flattening Before IO Insertion
---------------------------------------------------------------------------------
---------------------------------------------------------------------------------
Finished Flattening Before IO Insertion
---------------------------------------------------------------------------------
---------------------------------------------------------------------------------
Start Final Netlist Cleanup
---------------------------------------------------------------------------------
---------------------------------------------------------------------------------
Finished Final Netlist Cleanup
---------------------------------------------------------------------------------
---------------------------------------------------------------------------------
Finished IO Insertion : Time (s): cpu = 00:00:16 ; elapsed = 00:00:18 . Memory (MB): peak = 1843.125 ; gain = 312.027 ; free physical = 332 ; free virtual = 10168
---------------------------------------------------------------------------------

Report Check Netlist: 
+------+------------------+-------+---------+-------+------------------+
|      |Item              |Errors |Warnings |Status |Description       |
+------+------------------+-------+---------+-------+------------------+
|1     |multi_driven_nets |      0|        0|Passed |Multi driven nets |
+------+------------------+-------+---------+-------+------------------+
---------------------------------------------------------------------------------
Start Renaming Generated Instances
---------------------------------------------------------------------------------
---------------------------------------------------------------------------------
Finished Renaming Generated Instances : Time (s): cpu = 00:00:16 ; elapsed = 00:00:18 . Memory (MB): peak = 1843.125 ; gain = 312.027 ; free physical = 332 ; free virtual = 10168
---------------------------------------------------------------------------------

Report RTL Partitions: 
+-+--------------+------------+----------+
| |RTL Partition |Replication |Instances |
+-+--------------+------------+----------+
+-+--------------+------------+----------+
---------------------------------------------------------------------------------
Start Rebuilding User Hierarchy
---------------------------------------------------------------------------------
---------------------------------------------------------------------------------
Finished Rebuilding User Hierarchy : Time (s): cpu = 00:00:16 ; elapsed = 00:00:18 . Memory (MB): peak = 1843.125 ; gain = 312.027 ; free physical = 332 ; free virtual = 10168
---------------------------------------------------------------------------------
---------------------------------------------------------------------------------
Start Renaming Generated Ports
---------------------------------------------------------------------------------
---------------------------------------------------------------------------------
Finished Renaming Generated Ports : Time (s): cpu = 00:00:16 ; elapsed = 00:00:18 . Memory (MB): peak = 1843.125 ; gain = 312.027 ; free physical = 332 ; free virtual = 10168
---------------------------------------------------------------------------------
---------------------------------------------------------------------------------
Start Handling Custom Attributes
---------------------------------------------------------------------------------
---------------------------------------------------------------------------------
Finished Handling Custom Attributes : Time (s): cpu = 00:00:16 ; elapsed = 00:00:18 . Memory (MB): peak = 1843.125 ; gain = 312.027 ; free physical = 332 ; free virtual = 10168
---------------------------------------------------------------------------------
---------------------------------------------------------------------------------
Start Renaming Generated Nets
---------------------------------------------------------------------------------
---------------------------------------------------------------------------------
Finished Renaming Generated Nets : Time (s): cpu = 00:00:16 ; elapsed = 00:00:18 . Memory (MB): peak = 1843.125 ; gain = 312.027 ; free physical = 332 ; free virtual = 10168
---------------------------------------------------------------------------------
---------------------------------------------------------------------------------
Start Writing Synthesis Report
---------------------------------------------------------------------------------

Report BlackBoxes: 
+------+----------------+----------+
|      |BlackBox name   |Instances |
+------+----------------+----------+
|1     |bd_0_hls_inst_0 |         1|
+------+----------------+----------+

Report Cell Usage: 
+------+-----------------------+------+
|      |Cell                   |Count |
+------+-----------------------+------+
|1     |bd_0_hls_inst_0_bbox_0 |     1|
+------+-----------------------+------+

Report Instance Areas: 
+------+---------+-------+------+
|      |Instance |Module |Cells |
+------+---------+-------+------+
|1     |top      |       |   374|
|2     |  bd_0_i |bd_0   |   374|
+------+---------+-------+------+
---------------------------------------------------------------------------------
Finished Writing Synthesis Report : Time (s): cpu = 00:00:16 ; elapsed = 00:00:18 . Memory (MB): peak = 1843.125 ; gain = 312.027 ; free physical = 332 ; free virtual = 10168
---------------------------------------------------------------------------------
Synthesis finished with 0 errors, 0 critical warnings and 0 warnings.
Synthesis Optimization Runtime : Time (s): cpu = 00:00:15 ; elapsed = 00:00:17 . Memory (MB): peak = 1843.125 ; gain = 217.277 ; free physical = 386 ; free virtual = 10222
Synthesis Optimization Complete : Time (s): cpu = 00:00:16 ; elapsed = 00:00:19 . Memory (MB): peak = 1843.133 ; gain = 312.027 ; free physical = 395 ; free virtual = 10231
INFO: [Project 1-571] Translating synthesized netlist
INFO: [Project 1-570] Preparing netlist for logic optimization
INFO: [Opt 31-138] Pushed 0 inverter(s) to 0 load pin(s).
Netlist sorting complete. Time (s): cpu = 00:00:00 ; elapsed = 00:00:00 . Memory (MB): peak = 1856.000 ; gain = 0.000 ; free physical = 335 ; free virtual = 10171
INFO: [Project 1-111] Unisim Transformation Summary:
No Unisim elements were transformed.

INFO: [Common 17-83] Releasing license: Synthesis
19 Infos, 0 Warnings, 0 Critical Warnings and 0 Errors encountered.
synth_design completed successfully
synth_design: Time (s): cpu = 00:00:20 ; elapsed = 00:00:22 . Memory (MB): peak = 1856.000 ; gain = 452.250 ; free physical = 422 ; free virtual = 10258
Netlist sorting complete. Time (s): cpu = 00:00:00 ; elapsed = 00:00:00 . Memory (MB): peak = 1856.000 ; gain = 0.000 ; free physical = 422 ; free virtual = 10258
WARNING: [Constraints 18-5210] No constraints selected for write.
Resolution: This message can indicate that there are no constraints for the design, or it can indicate that the used_in flags are set such that the constraints are ignored. This later case is used when running synth_design to not write synthesis constraints to the resulting checkpoint. Instead, project constraints are read when the synthesized design is opened.
INFO: [Common 17-1381] The checkpoint '/mnt/side_windows/UPSUD/A2/HLS/Kmeans_HLS/Kmeans_HLS/solution1/impl/vhdl/project.runs/synth_1/bd_0_wrapper.dcp' has been generated.
INFO: [runtcl-4] Executing : report_utilization -file bd_0_wrapper_utilization_synth.rpt -pb bd_0_wrapper_utilization_synth.pb
INFO: [Common 17-206] Exiting Vivado at Tue Feb 11 20:35:22 2020...
[Tue Feb 11 20:35:22 2020] synth_1 finished
wait_on_run: Time (s): cpu = 00:02:10 ; elapsed = 00:02:42 . Memory (MB): peak = 1642.883 ; gain = 0.000 ; free physical = 1002 ; free virtual = 10835
Design is defaulting to impl run constrset: constrs_1
Design is defaulting to synth run part: xc7z010iclg225-1L
INFO: [Device 21-403] Loading part xc7z010iclg225-1L
INFO: [Project 1-454] Reading design checkpoint '/mnt/side_windows/UPSUD/A2/HLS/Kmeans_HLS/Kmeans_HLS/solution1/impl/vhdl/project.srcs/sources_1/bd/bd_0/ip/bd_0_hls_inst_0/bd_0_hls_inst_0.dcp' for cell 'bd_0_i/hls_inst'
INFO: [Netlist 29-17] Analyzing 427 Unisim elements for replacement
INFO: [Netlist 29-28] Unisim Transformation completed in 0 CPU seconds
INFO: [Project 1-479] Netlist was created with Vivado 2019.1
INFO: [Project 1-570] Preparing netlist for logic optimization
Parsing XDC File [/mnt/side_windows/UPSUD/A2/HLS/Kmeans_HLS/Kmeans_HLS/solution1/impl/vhdl/kmeans.xdc]
Finished Parsing XDC File [/mnt/side_windows/UPSUD/A2/HLS/Kmeans_HLS/Kmeans_HLS/solution1/impl/vhdl/kmeans.xdc]
INFO: [Opt 31-138] Pushed 0 inverter(s) to 0 load pin(s).
Netlist sorting complete. Time (s): cpu = 00:00:00 ; elapsed = 00:00:00 . Memory (MB): peak = 1877.898 ; gain = 0.000 ; free physical = 767 ; free virtual = 10604
INFO: [Project 1-111] Unisim Transformation Summary:
No Unisim elements were transformed.

open_run: Time (s): cpu = 00:00:06 ; elapsed = 00:00:08 . Memory (MB): peak = 1877.898 ; gain = 235.016 ; free physical = 767 ; free virtual = 10604
Running report: report_utilization -file ./report/kmeans_utilization_synth.rpt
Contents of report file './report/kmeans_utilization_synth.rpt' is as follows:
Copyright 1986-2019 Xilinx, Inc. All Rights Reserved.
------------------------------------------------------------------------------------
| Tool Version : Vivado v.2019.1 (lin64) Build 2552052 Fri May 24 14:47:09 MDT 2019
| Date         : Tue Feb 11 20:35:31 2020
| Host         : port running 64-bit Ubuntu 18.04.4 LTS
| Command      : report_utilization -file ./report/kmeans_utilization_synth.rpt
| Design       : bd_0_wrapper
| Device       : 7z010iclg225-1L
| Design State : Synthesized
------------------------------------------------------------------------------------

Utilization Design Information

Table of Contents
-----------------
1. Slice Logic
1.1 Summary of Registers by Type
2. Memory
3. DSP
4. IO and GT Specific
5. Clocking
6. Specific Feature
7. Primitives
8. Black Boxes
9. Instantiated Netlists

1. Slice Logic
--------------

+----------------------------+------+-------+-----------+-------+
|          Site Type         | Used | Fixed | Available | Util% |
+----------------------------+------+-------+-----------+-------+
| Slice LUTs*                | 3570 |     0 |     17600 | 20.28 |
|   LUT as Logic             | 3466 |     0 |     17600 | 19.69 |
|   LUT as Memory            |  104 |     0 |      6000 |  1.73 |
|     LUT as Distributed RAM |    0 |     0 |           |       |
|     LUT as Shift Register  |  104 |     0 |           |       |
| Slice Registers            | 5049 |     0 |     35200 | 14.34 |
|   Register as Flip Flop    | 5049 |     0 |     35200 | 14.34 |
|   Register as Latch        |    0 |     0 |     35200 |  0.00 |
| F7 Muxes                   |   13 |     0 |      8800 |  0.15 |
| F8 Muxes                   |    1 |     0 |      4400 |  0.02 |
+----------------------------+------+-------+-----------+-------+
* Warning! The Final LUT count, after physical optimizations and full implementation, is typically lower. Run opt_design after synthesis, if not already completed, for a more realistic count.


1.1 Summary of Registers by Type
--------------------------------

+-------+--------------+-------------+--------------+
| Total | Clock Enable | Synchronous | Asynchronous |
+-------+--------------+-------------+--------------+
| 0     |            _ |           - |            - |
| 0     |            _ |           - |          Set |
| 0     |            _ |           - |        Reset |
| 0     |            _ |         Set |            - |
| 0     |            _ |       Reset |            - |
| 0     |          Yes |           - |            - |
| 0     |          Yes |           - |          Set |
| 0     |          Yes |           - |        Reset |
| 21    |          Yes |         Set |            - |
| 5028  |          Yes |       Reset |            - |
+-------+--------------+-------------+--------------+


2. Memory
---------

+-------------------+------+-------+-----------+-------+
|     Site Type     | Used | Fixed | Available | Util% |
+-------------------+------+-------+-----------+-------+
| Block RAM Tile    |  2.5 |     0 |        60 |  4.17 |
|   RAMB36/FIFO*    |    0 |     0 |        60 |  0.00 |
|   RAMB18          |    5 |     0 |       120 |  4.17 |
|     RAMB18E1 only |    5 |       |           |       |
+-------------------+------+-------+-----------+-------+
* Note: Each Block RAM Tile only has one FIFO logic available and therefore can accommodate only one FIFO36E1 or one FIFO18E1. However, if a FIFO18E1 occupies a Block RAM Tile, that tile can still accommodate a RAMB18E1


3. DSP
------

+----------------+------+-------+-----------+-------+
|    Site Type   | Used | Fixed | Available | Util% |
+----------------+------+-------+-----------+-------+
| DSPs           |    7 |     0 |        80 |  8.75 |
|   DSP48E1 only |    7 |       |           |       |
+----------------+------+-------+-----------+-------+


4. IO and GT Specific
---------------------

+-----------------------------+------+-------+-----------+-------+
|          Site Type          | Used | Fixed | Available | Util% |
+-----------------------------+------+-------+-----------+-------+
| Bonded IOB                  |    0 |     0 |        54 |  0.00 |
| Bonded IPADs                |    0 |     0 |         2 |  0.00 |
| Bonded IOPADs               |    0 |     0 |       130 |  0.00 |
| PHY_CONTROL                 |    0 |     0 |         2 |  0.00 |
| PHASER_REF                  |    0 |     0 |         2 |  0.00 |
| OUT_FIFO                    |    0 |     0 |         8 |  0.00 |
| IN_FIFO                     |    0 |     0 |         8 |  0.00 |
| IDELAYCTRL                  |    0 |     0 |         2 |  0.00 |
| IBUFDS                      |    0 |     0 |        54 |  0.00 |
| PHASER_OUT/PHASER_OUT_PHY   |    0 |     0 |         8 |  0.00 |
| PHASER_IN/PHASER_IN_PHY     |    0 |     0 |         8 |  0.00 |
| IDELAYE2/IDELAYE2_FINEDELAY |    0 |     0 |       100 |  0.00 |
| ILOGIC                      |    0 |     0 |        54 |  0.00 |
| OLOGIC                      |    0 |     0 |        54 |  0.00 |
+-----------------------------+------+-------+-----------+-------+


5. Clocking
-----------

+------------+------+-------+-----------+-------+
|  Site Type | Used | Fixed | Available | Util% |
+------------+------+-------+-----------+-------+
| BUFGCTRL   |    0 |     0 |        32 |  0.00 |
| BUFIO      |    0 |     0 |         8 |  0.00 |
| MMCME2_ADV |    0 |     0 |         2 |  0.00 |
| PLLE2_ADV  |    0 |     0 |         2 |  0.00 |
| BUFMRCE    |    0 |     0 |         4 |  0.00 |
| BUFHCE     |    0 |     0 |        48 |  0.00 |
| BUFR       |    0 |     0 |         8 |  0.00 |
+------------+------+-------+-----------+-------+


6. Specific Feature
-------------------

+-------------+------+-------+-----------+-------+
|  Site Type  | Used | Fixed | Available | Util% |
+-------------+------+-------+-----------+-------+
| BSCANE2     |    0 |     0 |         4 |  0.00 |
| CAPTUREE2   |    0 |     0 |         1 |  0.00 |
| DNA_PORT    |    0 |     0 |         1 |  0.00 |
| EFUSE_USR   |    0 |     0 |         1 |  0.00 |
| FRAME_ECCE2 |    0 |     0 |         1 |  0.00 |
| ICAPE2      |    0 |     0 |         2 |  0.00 |
| STARTUPE2   |    0 |     0 |         1 |  0.00 |
| XADC        |    0 |     0 |         1 |  0.00 |
+-------------+------+-------+-----------+-------+


7. Primitives
-------------

+----------+------+---------------------+
| Ref Name | Used | Functional Category |
+----------+------+---------------------+
| FDRE     | 5028 |        Flop & Latch |
| LUT3     | 1762 |                 LUT |
| LUT6     |  879 |                 LUT |
| LUT4     |  626 |                 LUT |
| LUT2     |  498 |                 LUT |
| LUT5     |  450 |                 LUT |
| CARRY4   |  401 |          CarryLogic |
| SRL16E   |  104 |  Distributed Memory |
| LUT1     |   46 |                 LUT |
| FDSE     |   21 |        Flop & Latch |
| MUXF7    |   13 |               MuxFx |
| DSP48E1  |    7 |    Block Arithmetic |
| RAMB18E1 |    5 |        Block Memory |
| MUXF8    |    1 |               MuxFx |
+----------+------+---------------------+


8. Black Boxes
--------------

+----------+------+
| Ref Name | Used |
+----------+------+


9. Instantiated Netlists
------------------------

+-----------------+------+
|     Ref Name    | Used |
+-----------------+------+
| bd_0_hls_inst_0 |    1 |
+-----------------+------+



Running report: report_timing_summary -file ./report/kmeans_timing_synth.rpt
INFO: [Timing 38-35] Done setting XDC timing constraints.
INFO: [Timing 38-91] UpdateTimingParams: Speed grade: -1L, Delay Type: min_max.
INFO: [Timing 38-191] Multithreading enabled for timing update using a maximum of 8 CPUs
WARNING: [Timing 38-242] The property HD.CLK_SRC of clock port "ap_clk" is not set. In out-of-context mode, this prevents timing estimation for clock delay/skew
Resolution: Set the HD.CLK_SRC property of the out-of-context port to the location of the clock buffer instance in the top-level design
report_timing_summary: Time (s): cpu = 00:00:10 ; elapsed = 00:00:09 . Memory (MB): peak = 2375.785 ; gain = 497.887 ; free physical = 328 ; free virtual = 10097
Contents of report file './report/kmeans_timing_synth.rpt' is as follows:
Copyright 1986-2019 Xilinx, Inc. All Rights Reserved.
------------------------------------------------------------------------------------
| Tool Version : Vivado v.2019.1 (lin64) Build 2552052 Fri May 24 14:47:09 MDT 2019
| Date         : Tue Feb 11 20:35:40 2020
| Host         : port running 64-bit Ubuntu 18.04.4 LTS
| Command      : report_timing_summary -file ./report/kmeans_timing_synth.rpt
| Design       : bd_0_wrapper
| Device       : 7z010i-clg225
| Speed File   : -1L  PRODUCTION 1.11 2014-09-11
------------------------------------------------------------------------------------

Timing Summary Report

------------------------------------------------------------------------------------------------
| Timer Settings
| --------------
------------------------------------------------------------------------------------------------

  Enable Multi Corner Analysis               :  Yes
  Enable Pessimism Removal                   :  Yes
  Pessimism Removal Resolution               :  Nearest Common Node
  Enable Input Delay Default Clock           :  No
  Enable Preset / Clear Arcs                 :  No
  Disable Flight Delays                      :  No
  Ignore I/O Paths                           :  No
  Timing Early Launch at Borrowing Latches   :  No
  Borrow Time for Max Delay Exceptions       :  Yes

  Corner  Analyze    Analyze    
  Name    Max Paths  Min Paths  
  ------  ---------  ---------  
  Slow    Yes        Yes        
  Fast    Yes        Yes        



check_timing report

Table of Contents
-----------------
1. checking no_clock
2. checking constant_clock
3. checking pulse_width_clock
4. checking unconstrained_internal_endpoints
5. checking no_input_delay
6. checking no_output_delay
7. checking multiple_clock
8. checking generated_clocks
9. checking loops
10. checking partial_input_delay
11. checking partial_output_delay
12. checking latch_loops

1. checking no_clock
--------------------
 There are 0 register/latch pins with no clock.


2. checking constant_clock
--------------------------
 There are 0 register/latch pins with constant_clock.


3. checking pulse_width_clock
-----------------------------
 There are 0 register/latch pins which need pulse_width check


4. checking unconstrained_internal_endpoints
--------------------------------------------
 There are 0 pins that are not constrained for maximum delay.

 There are 0 pins that are not constrained for maximum delay due to constant clock.


5. checking no_input_delay
--------------------------
 There are 95 input ports with no input delay specified. (HIGH)

 There are 0 input ports with no input delay but user has a false path constraint.


6. checking no_output_delay
---------------------------
 There are 149 ports with no output delay specified. (HIGH)

 There are 0 ports with no output delay but user has a false path constraint

 There are 0 ports with no output delay but with a timing clock defined on it or propagating through it


7. checking multiple_clock
--------------------------
 There are 0 register/latch pins with multiple clocks.


8. checking generated_clocks
----------------------------
 There are 0 generated clocks that are not connected to a clock source.


9. checking loops
-----------------
 There are 0 combinational loops in the design.


10. checking partial_input_delay
--------------------------------
 There are 0 input ports with partial input delay specified.


11. checking partial_output_delay
---------------------------------
 There are 0 ports with partial output delay specified.


12. checking latch_loops
------------------------
 There are 0 combinational latch loops in the design through latch input



------------------------------------------------------------------------------------------------
| Design Timing Summary
| ---------------------
------------------------------------------------------------------------------------------------

    WNS(ns)      TNS(ns)  TNS Failing Endpoints  TNS Total Endpoints      WHS(ns)      THS(ns)  THS Failing Endpoints  THS Total Endpoints     WPWS(ns)     TPWS(ns)  TPWS Failing Endpoints  TPWS Total Endpoints  
    -------      -------  ---------------------  -------------------      -------      -------  ---------------------  -------------------     --------     --------  ----------------------  --------------------  
      1.746        0.000                      0                 9159        0.213        0.000                      0                 9159        4.020        0.000                       0                  5166  


All user specified timing constraints are met.


------------------------------------------------------------------------------------------------
| Clock Summary
| -------------
------------------------------------------------------------------------------------------------

Clock   Waveform(ns)       Period(ns)      Frequency(MHz)
-----   ------------       ----------      --------------
ap_clk  {0.000 5.000}      10.000          100.000         


------------------------------------------------------------------------------------------------
| Intra Clock Table
| -----------------
------------------------------------------------------------------------------------------------

Clock             WNS(ns)      TNS(ns)  TNS Failing Endpoints  TNS Total Endpoints      WHS(ns)      THS(ns)  THS Failing Endpoints  THS Total Endpoints     WPWS(ns)     TPWS(ns)  TPWS Failing Endpoints  TPWS Total Endpoints  
-----             -------      -------  ---------------------  -------------------      -------      -------  ---------------------  -------------------     --------     --------  ----------------------  --------------------  
ap_clk              1.746        0.000                      0                 9159        0.213        0.000                      0                 9159        4.020        0.000                       0                  5166  


------------------------------------------------------------------------------------------------
| Inter Clock Table
| -----------------
------------------------------------------------------------------------------------------------

From Clock    To Clock          WNS(ns)      TNS(ns)  TNS Failing Endpoints  TNS Total Endpoints      WHS(ns)      THS(ns)  THS Failing Endpoints  THS Total Endpoints  
----------    --------          -------      -------  ---------------------  -------------------      -------      -------  ---------------------  -------------------  


------------------------------------------------------------------------------------------------
| Other Path Groups Table
| -----------------------
------------------------------------------------------------------------------------------------

Path Group    From Clock    To Clock          WNS(ns)      TNS(ns)  TNS Failing Endpoints  TNS Total Endpoints      WHS(ns)      THS(ns)  THS Failing Endpoints  THS Total Endpoints  
----------    ----------    --------          -------      -------  ---------------------  -------------------      -------      -------  ---------------------  -------------------  


------------------------------------------------------------------------------------------------
| Timing Details
| --------------
------------------------------------------------------------------------------------------------


---------------------------------------------------------------------------------------------------
From Clock:  ap_clk
  To Clock:  ap_clk

Setup :            0  Failing Endpoints,  Worst Slack        1.746ns,  Total Violation        0.000ns
Hold  :            0  Failing Endpoints,  Worst Slack        0.213ns,  Total Violation        0.000ns
PW    :            0  Failing Endpoints,  Worst Slack        4.020ns,  Total Violation        0.000ns
---------------------------------------------------------------------------------------------------


Max Delay Paths
--------------------------------------------------------------------------------------
Slack (MET) :             1.746ns  (required time - arrival time)
  Source:                 bd_0_i/hls_inst/U0/kmeans_faddfsub_32ns_32ns_32_5_full_dsp_1_U1/kmeans_ap_faddfsub_3_full_dsp_32_u/U0/i_synth/ADDSUB_OP.ADDSUB/DSP.OP/DSP48E1_BODY.EXP/BMA_EXP_DELAY/i_pipe/opt_has_pipe.first_q_reg[5]/C
                            (rising edge-triggered cell FDRE clocked by ap_clk  {rise@0.000ns fall@5.000ns period=10.000ns})
  Destination:            bd_0_i/hls_inst/U0/kmeans_faddfsub_32ns_32ns_32_5_full_dsp_1_U1/kmeans_ap_faddfsub_3_full_dsp_32_u/U0/i_synth/ADDSUB_OP.ADDSUB/DSP.OP/DSP48E1_BODY.ALIGN_ADD/DSP2/DSP/INMODE[1]
                            (rising edge-triggered cell DSP48E1 clocked by ap_clk  {rise@0.000ns fall@5.000ns period=10.000ns})
  Path Group:             ap_clk
  Path Type:              Setup (Max at Slow Process Corner)
  Requirement:            10.000ns  (ap_clk rise@10.000ns - ap_clk rise@0.000ns)
  Data Path Delay:        2.613ns  (logic 0.791ns (30.275%)  route 1.822ns (69.725%))
  Logic Levels:           1  (LUT6=1)
  Clock Path Skew:        -0.049ns (DCD - SCD + CPR)
    Destination Clock Delay (DCD):    0.924ns = ( 10.924 - 10.000 ) 
    Source Clock Delay      (SCD):    0.973ns
    Clock Pessimism Removal (CPR):    0.000ns
  Clock Uncertainty:      0.035ns  ((TSJ^2 + TIJ^2)^1/2 + DJ) / 2 + PE
    Total System Jitter     (TSJ):    0.071ns
    Total Input Jitter      (TIJ):    0.000ns
    Discrete Jitter          (DJ):    0.000ns
    Phase Error              (PE):    0.000ns

    Location             Delay type                Incr(ns)  Path(ns)    Netlist Resource(s)
  -------------------------------------------------------------------    -------------------
                         (clock ap_clk rise edge)     0.000     0.000 r  
                                                      0.000     0.000 r  ap_clk (IN)
                         net (fo=5169, unset)         0.973     0.973    bd_0_i/hls_inst/U0/kmeans_faddfsub_32ns_32ns_32_5_full_dsp_1_U1/kmeans_ap_faddfsub_3_full_dsp_32_u/U0/i_synth/ADDSUB_OP.ADDSUB/DSP.OP/DSP48E1_BODY.EXP/BMA_EXP_DELAY/i_pipe/aclk
                         FDRE                                         r  bd_0_i/hls_inst/U0/kmeans_faddfsub_32ns_32ns_32_5_full_dsp_1_U1/kmeans_ap_faddfsub_3_full_dsp_32_u/U0/i_synth/ADDSUB_OP.ADDSUB/DSP.OP/DSP48E1_BODY.EXP/BMA_EXP_DELAY/i_pipe/opt_has_pipe.first_q_reg[5]/C
  -------------------------------------------------------------------    -------------------
                         FDRE (Prop_fdre_C_Q)         0.496     1.469 r  bd_0_i/hls_inst/U0/kmeans_faddfsub_32ns_32ns_32_5_full_dsp_1_U1/kmeans_ap_faddfsub_3_full_dsp_32_u/U0/i_synth/ADDSUB_OP.ADDSUB/DSP.OP/DSP48E1_BODY.EXP/BMA_EXP_DELAY/i_pipe/opt_has_pipe.first_q_reg[5]/Q
                         net (fo=18, unplaced)        1.022     2.491    bd_0_i/hls_inst/U0/kmeans_faddfsub_32ns_32ns_32_5_full_dsp_1_U1/kmeans_ap_faddfsub_3_full_dsp_32_u/U0/i_synth/ADDSUB_OP.ADDSUB/DSP.OP/DSP48E1_BODY.EXP/BMA_EXP_DELAY/i_pipe/align_dist[5]
                         LUT6 (Prop_lut6_I0_O)        0.295     2.786 r  bd_0_i/hls_inst/U0/kmeans_faddfsub_32ns_32ns_32_5_full_dsp_1_U1/kmeans_ap_faddfsub_3_full_dsp_32_u/U0/i_synth/ADDSUB_OP.ADDSUB/DSP.OP/DSP48E1_BODY.EXP/BMA_EXP_DELAY/i_pipe/DSP_i_64/O
                         net (fo=2, unplaced)         0.800     3.586    bd_0_i/hls_inst/U0/kmeans_faddfsub_32ns_32ns_32_5_full_dsp_1_U1/kmeans_ap_faddfsub_3_full_dsp_32_u/U0/i_synth/ADDSUB_OP.ADDSUB/DSP.OP/DSP48E1_BODY.ALIGN_ADD/DSP2/INMODE[0]
                         DSP48E1                                      r  bd_0_i/hls_inst/U0/kmeans_faddfsub_32ns_32ns_32_5_full_dsp_1_U1/kmeans_ap_faddfsub_3_full_dsp_32_u/U0/i_synth/ADDSUB_OP.ADDSUB/DSP.OP/DSP48E1_BODY.ALIGN_ADD/DSP2/DSP/INMODE[1]
  -------------------------------------------------------------------    -------------------

                         (clock ap_clk rise edge)    10.000    10.000 r  
                                                      0.000    10.000 r  ap_clk (IN)
                         net (fo=5169, unset)         0.924    10.924    bd_0_i/hls_inst/U0/kmeans_faddfsub_32ns_32ns_32_5_full_dsp_1_U1/kmeans_ap_faddfsub_3_full_dsp_32_u/U0/i_synth/ADDSUB_OP.ADDSUB/DSP.OP/DSP48E1_BODY.ALIGN_ADD/DSP2/aclk
                         DSP48E1                                      r  bd_0_i/hls_inst/U0/kmeans_faddfsub_32ns_32ns_32_5_full_dsp_1_U1/kmeans_ap_faddfsub_3_full_dsp_32_u/U0/i_synth/ADDSUB_OP.ADDSUB/DSP.OP/DSP48E1_BODY.ALIGN_ADD/DSP2/DSP/CLK
                         clock pessimism              0.000    10.924    
                         clock uncertainty           -0.035    10.889    
                         DSP48E1 (Setup_dsp48e1_CLK_INMODE[1])
                                                     -5.557     5.332    bd_0_i/hls_inst/U0/kmeans_faddfsub_32ns_32ns_32_5_full_dsp_1_U1/kmeans_ap_faddfsub_3_full_dsp_32_u/U0/i_synth/ADDSUB_OP.ADDSUB/DSP.OP/DSP48E1_BODY.ALIGN_ADD/DSP2/DSP
  -------------------------------------------------------------------
                         required time                          5.332    
                         arrival time                          -3.586    
  -------------------------------------------------------------------
                         slack                                  1.746    





Min Delay Paths
--------------------------------------------------------------------------------------
Slack (MET) :             0.213ns  (arrival time - required time)
  Source:                 bd_0_i/hls_inst/U0/kmeans_INPUT_r_m_axi_U/bus_read/rs_rreq/data_p1_reg[0]/C
                            (rising edge-triggered cell FDRE clocked by ap_clk  {rise@0.000ns fall@5.000ns period=10.000ns})
  Destination:            bd_0_i/hls_inst/U0/kmeans_INPUT_r_m_axi_U/bus_read/fifo_rreq/mem_reg[4][0]_srl5/D
                            (rising edge-triggered cell SRL16E clocked by ap_clk  {rise@0.000ns fall@5.000ns period=10.000ns})
  Path Group:             ap_clk
  Path Type:              Hold (Min at Fast Process Corner)
  Requirement:            0.000ns  (ap_clk rise@0.000ns - ap_clk rise@0.000ns)
  Data Path Delay:        0.299ns  (logic 0.158ns (52.880%)  route 0.141ns (47.120%))
  Logic Levels:           0  
  Clock Path Skew:        0.022ns (DCD - SCD - CPR)
    Destination Clock Delay (DCD):    0.432ns
    Source Clock Delay      (SCD):    0.410ns
    Clock Pessimism Removal (CPR):    -0.000ns

    Location             Delay type                Incr(ns)  Path(ns)    Netlist Resource(s)
  -------------------------------------------------------------------    -------------------
                         (clock ap_clk rise edge)     0.000     0.000 r  
                                                      0.000     0.000 r  ap_clk (IN)
                         net (fo=5169, unset)         0.410     0.410    bd_0_i/hls_inst/U0/kmeans_INPUT_r_m_axi_U/bus_read/rs_rreq/ap_clk
                         FDRE                                         r  bd_0_i/hls_inst/U0/kmeans_INPUT_r_m_axi_U/bus_read/rs_rreq/data_p1_reg[0]/C
  -------------------------------------------------------------------    -------------------
                         FDRE (Prop_fdre_C_Q)         0.158     0.568 r  bd_0_i/hls_inst/U0/kmeans_INPUT_r_m_axi_U/bus_read/rs_rreq/data_p1_reg[0]/Q
                         net (fo=1, unplaced)         0.141     0.709    bd_0_i/hls_inst/U0/kmeans_INPUT_r_m_axi_U/bus_read/fifo_rreq/q_reg[39]_1[0]
                         SRL16E                                       r  bd_0_i/hls_inst/U0/kmeans_INPUT_r_m_axi_U/bus_read/fifo_rreq/mem_reg[4][0]_srl5/D
  -------------------------------------------------------------------    -------------------

                         (clock ap_clk rise edge)     0.000     0.000 r  
                                                      0.000     0.000 r  ap_clk (IN)
                         net (fo=5169, unset)         0.432     0.432    bd_0_i/hls_inst/U0/kmeans_INPUT_r_m_axi_U/bus_read/fifo_rreq/ap_clk
                         SRL16E                                       r  bd_0_i/hls_inst/U0/kmeans_INPUT_r_m_axi_U/bus_read/fifo_rreq/mem_reg[4][0]_srl5/CLK
                         clock pessimism              0.000     0.432    
                         SRL16E (Hold_srl16e_CLK_D)
                                                      0.064     0.496    bd_0_i/hls_inst/U0/kmeans_INPUT_r_m_axi_U/bus_read/fifo_rreq/mem_reg[4][0]_srl5
  -------------------------------------------------------------------
                         required time                         -0.496    
                         arrival time                           0.709    
  -------------------------------------------------------------------
                         slack                                  0.213    





Pulse Width Checks
--------------------------------------------------------------------------------------
Clock Name:         ap_clk
Waveform(ns):       { 0.000 5.000 }
Period(ns):         10.000
Sources:            { ap_clk }

Check Type        Corner  Lib Pin             Reference Pin  Required(ns)  Actual(ns)  Slack(ns)  Location  Pin
Min Period        n/a     RAMB18E1/CLKARDCLK  n/a            2.944         10.000      7.056                bd_0_i/hls_inst/U0/kmeans_INPUT_r_m_axi_U/bus_read/fifo_rdata/mem_reg/CLKARDCLK
Low Pulse Width   Fast    SRL16E/CLK          n/a            0.980         5.000       4.020                bd_0_i/hls_inst/U0/kmeans_fdiv_32ns_32ns_32_16_1_U3/kmeans_ap_fdiv_14_no_dsp_32_u/U0/i_synth/DIV_OP.SPD.OP/EXP/EXP_PRE_RND_DEL/i_pipe/opt_has_pipe.i_pipe[11].pipe_reg[11][0]_srl11/CLK
High Pulse Width  Slow    SRL16E/CLK          n/a            0.980         5.000       4.020                bd_0_i/hls_inst/U0/kmeans_fdiv_32ns_32ns_32_16_1_U3/kmeans_ap_fdiv_14_no_dsp_32_u/U0/i_synth/DIV_OP.SPD.OP/EXP/EXP_PRE_RND_DEL/i_pipe/opt_has_pipe.i_pipe[11].pipe_reg[11][0]_srl11/CLK




HLS EXTRACTION: calculating BRAM count: (5 bram18) + 2 * (0 bram36)
HLS EXTRACTION: synth area_totals:  0 17600 35200 80 120 0 0
HLS EXTRACTION: synth area_current: 0 3570 5049 7 5 0 104 0 0 0
HLS EXTRACTION: generated /mnt/side_windows/UPSUD/A2/HLS/Kmeans_HLS/Kmeans_HLS/solution1/impl/report/vhdl/kmeans_export.xml


Implementation tool: Xilinx Vivado v.2019.1
Project:             Kmeans_HLS
Solution:            solution1
Device target:       xc7z010i-clg225-1L
Report date:         Tue Feb 11 20:35:40 CET 2020

#=== Post-Synthesis Resource usage ===
SLICE:            0
LUT:           3570
FF:            5049
DSP:              7
BRAM:             5
SRL:            104
#=== Final timing ===
CP required:    10.000
CP achieved post-synthesis:    8.254
Timing met

HLS EXTRACTION: generated /mnt/side_windows/UPSUD/A2/HLS/Kmeans_HLS/Kmeans_HLS/solution1/impl/report/vhdl/kmeans_export.rpt
INFO: [Common 17-206] Exiting Vivado at Tue Feb 11 20:35:40 2020...
