awk: symbol lookup error: awk: undefined symbol: mpfr_z_sub
INFO: [HLS 200-10] Running '/opt/Xilinx/Vivado_HLS/2016.4/bin/unwrapped/lnx64.o/vivado_hls'
INFO: [HLS 200-10] For user 'nikkatsa' on host 'nikkatsa-laptop' (Linux_x86_64 version 4.8.0-54-generic) on Tue Jun 13 19:07:57 EEST 2017
INFO: [HLS 200-10] On os Ubuntu 16.04.2 LTS
INFO: [HLS 200-10] In directory '/home/nikkatsa/Working_Projects/Sobel_Filter_HLS_System'
INFO: [HLS 200-10] Opening project '/home/nikkatsa/Working_Projects/Sobel_Filter_HLS_System/Sobel_Kernel_HLS'.
INFO: [HLS 200-10] Opening solution '/home/nikkatsa/Working_Projects/Sobel_Filter_HLS_System/Sobel_Kernel_HLS/solution1'.
INFO: [SYN 201-201] Setting up clock 'default' with a period of 10ns.
INFO: [HLS 200-10] Setting target device to 'xc7z020clg484-1'
INFO: [IMPL 213-8] Exporting RTL as an IP in IP-XACT.
awk: symbol lookup error: awk: undefined symbol: mpfr_z_sub

****** Vivado v2016.4 (64-bit)
  **** SW Build 1756540 on Mon Jan 23 19:11:19 MST 2017
  **** IP Build 1755317 on Mon Jan 23 20:30:07 MST 2017
    ** Copyright 1986-2016 Xilinx, Inc. All Rights Reserved.

source run_ippack.tcl -notrace
INFO: [IP_Flow 19-234] Refreshing IP repositories
INFO: [IP_Flow 19-1704] No user IP repositories specified
INFO: [IP_Flow 19-2313] Loaded Vivado IP repository '/opt/Xilinx/Vivado/2016.4/data/ip'.
WARNING: [IP_Flow 19-4832] The IP name 'sobel_ap_sitodp_4_no_dsp_32' you have specified is long. The Windows operating system has path length limitations. It is recommended you use shorter names to reduce the likelihood of issues.
INFO: [IP_Flow 19-1686] Generating 'Synthesis' target for IP 'sobel_ap_sitodp_4_no_dsp_32'...
INFO: [IP_Flow 19-1686] Generating 'Simulation' target for IP 'sobel_ap_sitodp_4_no_dsp_32'...
WARNING: [IP_Flow 19-4832] The IP name 'sobel_ap_dsqrt_29_no_dsp_64' you have specified is long. The Windows operating system has path length limitations. It is recommended you use shorter names to reduce the likelihood of issues.
INFO: [IP_Flow 19-1686] Generating 'Synthesis' target for IP 'sobel_ap_dsqrt_29_no_dsp_64'...
INFO: [IP_Flow 19-1686] Generating 'Simulation' target for IP 'sobel_ap_dsqrt_29_no_dsp_64'...
INFO: [IP_Flow 19-234] Refreshing IP repositories
INFO: [IP_Flow 19-1704] No user IP repositories specified
INFO: [IP_Flow 19-2313] Loaded Vivado IP repository '/opt/Xilinx/Vivado/2016.4/data/ip'.
INFO: [Common 17-206] Exiting Vivado at Tue Jun 13 19:08:10 2017...
