

================================================================
== Vivado HLS Report for 'multiply_block'
================================================================
* Date:           Sat Feb 15 15:29:15 2020

* Version:        2019.1 (Build 2552052 on Fri May 24 15:28:33 MDT 2019)
* Project:        block_matrix
* Solution:       solution1
* Product family: zynq
* Target device:  xc7z010i-clg225-1L


================================================================
== Performance Estimates
================================================================
+ Timing (ns): 
    * Summary: 
    +--------+-------+----------+------------+
    |  Clock | Target| Estimated| Uncertainty|
    +--------+-------+----------+------------+
    |ap_clk  |  10.00|     7.256|        1.25|
    +--------+-------+----------+------------+

+ Latency (clock cycles): 
    * Summary: 
    +-----+-----+-----+-----+---------+
    |  Latency  |  Interval | Pipeline|
    | min | max | min | max |   Type  |
    +-----+-----+-----+-----+---------+
    |    ?|    ?|    ?|    ?|   none  |
    +-----+-----+-----+-----+---------+

    + Detail: 
        * Instance: 
        N/A

        * Loop: 
        +--------------------+-----+-----+----------+-----------+-----------+------+----------+
        |                    |  Latency  | Iteration|  Initiation Interval  | Trip |          |
        |      Loop Name     | min | max |  Latency |  achieved |   target  | Count| Pipelined|
        +--------------------+-----+-----+----------+-----------+-----------+------+----------+
        |- i_loop            |    ?|    ?|         ?|          -|          -|     4|    no    |
        | + j_loop           |    ?|    ?|         ?|          -|          -|     4|    no    |
        |  ++ k_loop         |    ?|    ?|         ?|          -|          -|     4|    no    |
        |   +++ ii_loop      |    ?|    ?|         ?|          -|          -|     ?|    no    |
        |    ++++ jj_loop    |    ?|    ?|         ?|          -|          -|     ?|    no    |
        |     +++++ kk_loop  |    ?|    ?|        12|          -|          -|     ?|    no    |
        +--------------------+-----+-----+----------+-----------+-----------+------+----------+



================================================================
== Utilization Estimates
================================================================
* Summary: 
+-----------------+---------+-------+-------+-------+-----+
|       Name      | BRAM_18K| DSP48E|   FF  |  LUT  | URAM|
+-----------------+---------+-------+-------+-------+-----+
|DSP              |        -|      -|      -|      -|    -|
|Expression       |        -|      -|      0|    258|    -|
|FIFO             |        -|      -|      -|      -|    -|
|Instance         |        -|      5|    348|    711|    -|
|Memory           |        -|      -|      -|      -|    -|
|Multiplexer      |        -|      -|      -|    147|    -|
|Register         |        -|      -|    390|      -|    -|
+-----------------+---------+-------+-------+-------+-----+
|Total            |        0|      5|    738|   1116|    0|
+-----------------+---------+-------+-------+-------+-----+
|Available        |      120|     80|  35200|  17600|    0|
+-----------------+---------+-------+-------+-------+-----+
|Utilization (%)  |        0|      6|      2|      6|    0|
+-----------------+---------+-------+-------+-------+-----+

+ Detail: 
    * Instance: 
    +--------------------------------------------------+-----------------------------------------------+---------+-------+-----+-----+-----+
    |                     Instance                     |                     Module                    | BRAM_18K| DSP48E|  FF | LUT | URAM|
    +--------------------------------------------------+-----------------------------------------------+---------+-------+-----+-----+-----+
    |multiply_block_fadd_32ns_32ns_32_5_full_dsp_1_U1  |multiply_block_fadd_32ns_32ns_32_5_full_dsp_1  |        0|      2|  205|  390|    0|
    |multiply_block_fmul_32ns_32ns_32_4_max_dsp_1_U2   |multiply_block_fmul_32ns_32ns_32_4_max_dsp_1   |        0|      3|  143|  321|    0|
    +--------------------------------------------------+-----------------------------------------------+---------+-------+-----+-----+-----+
    |Total                                             |                                               |        0|      5|  348|  711|    0|
    +--------------------------------------------------+-----------------------------------------------+---------+-------+-----+-----+-----+

    * DSP48E: 
    N/A

    * Memory: 
    N/A

    * FIFO: 
    N/A

    * Expression: 
    +----------------------+----------+-------+---+----+------------+------------+
    |     Variable Name    | Operation| DSP48E| FF| LUT| Bitwidth P0| Bitwidth P1|
    +----------------------+----------+-------+---+----+------------+------------+
    |add_ln22_1_fu_275_p2  |     +    |      0|  0|  14|          10|          10|
    |add_ln22_2_fu_297_p2  |     +    |      0|  0|  14|          10|          10|
    |add_ln22_fu_250_p2    |     +    |      0|  0|  14|          10|          10|
    |i_fu_170_p2           |     +    |      0|  0|  15|           5|           3|
    |ii_1_fu_260_p2        |     +    |      0|  0|  39|          32|           1|
    |j_fu_192_p2           |     +    |      0|  0|  15|           5|           3|
    |jj_1_fu_313_p2        |     +    |      0|  0|  39|          32|           1|
    |k_fu_214_p2           |     +    |      0|  0|  15|           5|           3|
    |kk_1_fu_307_p2        |     +    |      0|  0|  39|           1|          32|
    |icmp_ln19_fu_224_p2   |   icmp   |      0|  0|  18|          32|          32|
    |icmp_ln20_fu_241_p2   |   icmp   |      0|  0|  18|          32|          32|
    |icmp_ln21_fu_266_p2   |   icmp   |      0|  0|  18|          32|          32|
    +----------------------+----------+-------+---+----+------------+------------+
    |Total                 |          |      0|  0| 258|         206|         169|
    +----------------------+----------+-------+---+----+------------+------------+

    * Multiplexer: 
    +--------------+----+-----------+-----+-----------+
    |     Name     | LUT| Input Size| Bits| Total Bits|
    +--------------+----+-----------+-----+-----------+
    |ap_NS_fsm     |  93|         19|    1|         19|
    |ii_0_reg_121  |   9|          2|   32|         64|
    |ii_reg_88     |   9|          2|    5|         10|
    |jj_0_reg_131  |   9|          2|   32|         64|
    |jj_reg_99     |   9|          2|    5|         10|
    |kk_0_reg_141  |   9|          2|   32|         64|
    |kk_reg_110    |   9|          2|    5|         10|
    +--------------+----+-----------+-----+-----------+
    |Total         | 147|         31|  112|        241|
    +--------------+----+-----------+-----+-----------+

    * Register: 
    +------------------------+----+----+-----+-----------+
    |          Name          | FF | LUT| Bits| Const Bits|
    +------------------------+----+----+-----+-----------+
    |ap_CS_fsm               |  18|   0|   18|          0|
    |i_reg_327               |   5|   0|    5|          0|
    |ii_0_reg_121            |  32|   0|   32|          0|
    |ii_reg_88               |   5|   0|    5|          0|
    |j_reg_345               |   5|   0|    5|          0|
    |jj_0_reg_131            |  32|   0|   32|          0|
    |jj_reg_99               |   5|   0|    5|          0|
    |k_reg_363               |   5|   0|    5|          0|
    |kk_0_reg_141            |  32|   0|   32|          0|
    |kk_1_reg_413            |  32|   0|   32|          0|
    |kk_reg_110              |   5|   0|    5|          0|
    |mA_load_reg_423         |  32|   0|   32|          0|
    |mB_load_reg_428         |  32|   0|   32|          0|
    |mC_addr_reg_390         |   8|   0|    8|          0|
    |mC_load_reg_438         |  32|   0|   32|          0|
    |sext_ln22_cast_reg_376  |   6|   0|   10|          4|
    |tmp_1_reg_443           |  32|   0|   32|          0|
    |tmp_reg_433             |  32|   0|   32|          0|
    |trunc_ln22_reg_385      |  10|   0|   10|          0|
    |zext_ln14_reg_319       |   5|   0|   32|         27|
    |zext_ln15_reg_337       |   5|   0|   32|         27|
    |zext_ln16_reg_355       |   5|   0|   32|         27|
    |zext_ln19_reg_332       |   5|   0|   32|         27|
    |zext_ln20_reg_350       |   5|   0|   32|         27|
    |zext_ln21_reg_368       |   5|   0|   32|         27|
    +------------------------+----+----+-----+-----------+
    |Total                   | 390|   0|  556|        166|
    +------------------------+----+----+-----+-----------+



================================================================
== Interface
================================================================
* Summary: 
+-------------+-----+-----+------------+----------------+--------------+
|  RTL Ports  | Dir | Bits|  Protocol  |  Source Object |    C Type    |
+-------------+-----+-----+------------+----------------+--------------+
|ap_clk       |  in |    1| ap_ctrl_hs | multiply_block | return value |
|ap_rst       |  in |    1| ap_ctrl_hs | multiply_block | return value |
|ap_start     |  in |    1| ap_ctrl_hs | multiply_block | return value |
|ap_done      | out |    1| ap_ctrl_hs | multiply_block | return value |
|ap_idle      | out |    1| ap_ctrl_hs | multiply_block | return value |
|ap_ready     | out |    1| ap_ctrl_hs | multiply_block | return value |
|mA_address0  | out |    8|  ap_memory |       mA       |     array    |
|mA_ce0       | out |    1|  ap_memory |       mA       |     array    |
|mA_q0        |  in |   32|  ap_memory |       mA       |     array    |
|mB_address0  | out |    8|  ap_memory |       mB       |     array    |
|mB_ce0       | out |    1|  ap_memory |       mB       |     array    |
|mB_q0        |  in |   32|  ap_memory |       mB       |     array    |
|mC_address0  | out |    8|  ap_memory |       mC       |     array    |
|mC_ce0       | out |    1|  ap_memory |       mC       |     array    |
|mC_we0       | out |    1|  ap_memory |       mC       |     array    |
|mC_d0        | out |   32|  ap_memory |       mC       |     array    |
|mC_q0        |  in |   32|  ap_memory |       mC       |     array    |
+-------------+-----+-----+------------+----------------+--------------+

