#-----------------------------------------------------------
# Vivado v2019.1.3 (64-bit)
# SW Build 2644227 on Wed Sep  4 09:45:24 MDT 2019
# IP Build 2633630 on Wed Sep  4 12:30:14 MDT 2019
# Start of session at: Fri Feb 28 23:40:17 2020
# Process ID: 14620
# Current directory: C:/A2_project/Vivado/Demo_IP_HLS/Demo_IP_HLS_kmeans
# Command line: vivado.exe -gui_launcher_event rodinguilauncherevent18484 C:\A2_project\Vivado\Demo_IP_HLS\Demo_IP_HLS_kmeans\Demo_IP_HLS_kmeans.xpr
# Log file: C:/A2_project/Vivado/Demo_IP_HLS/Demo_IP_HLS_kmeans/vivado.log
# Journal file: C:/A2_project/Vivado/Demo_IP_HLS/Demo_IP_HLS_kmeans\vivado.jou
#-----------------------------------------------------------
start_gui
open_project C:/A2_project/Vivado/Demo_IP_HLS/Demo_IP_HLS_kmeans/Demo_IP_HLS_kmeans.xpr
Scanning sources...
Finished scanning sources
WARNING: [filemgmt 56-3] Board Part Repository Path: Could not find the directory 'C:/../../../../../AppData/Roaming/Xilinx/Vivado/2019.1/xhub/board_store'.
INFO: [IP_Flow 19-234] Refreshing IP repositories
INFO: [IP_Flow 19-1700] Loaded user IP repository 'c:/A2_project/HLS'.
INFO: [IP_Flow 19-2313] Loaded Vivado IP repository 'C:/Xilinx/Vivado/2019.1/data/ip'.
WARNING: [IP_Flow 19-1663] Duplicate IP found for 'xilinx.com:hls:multiply_block:1.0'. The one found in IP location 'c:/A2_project/HLS/xilinx_com_hls_multiply_block_1_0' will take precedence over the same IP in location c:/A2_project/HLS/Block_Matrix_HLS/block_matrix/solution2/impl/ip
open_project: Time (s): cpu = 00:00:29 ; elapsed = 00:00:22 . Memory (MB): peak = 942.211 ; gain = 266.648
update_compile_order -fileset sources_1
file mkdir C:/A2_project/Vivado/Demo_IP_HLS/Demo_IP_HLS_kmeans/Demo_IP_HLS_kmeans.sdk
file copy -force C:/A2_project/Vivado/Demo_IP_HLS/Demo_IP_HLS_kmeans/Demo_IP_HLS_kmeans.runs/impl_1/design_IP_wrapper.sysdef C:/A2_project/Vivado/Demo_IP_HLS/Demo_IP_HLS_kmeans/Demo_IP_HLS_kmeans.sdk/design_IP_wrapper.hdf

open_run impl_1
INFO: [Device 21-403] Loading part xc7z020clg484-1
INFO: [Netlist 29-17] Analyzing 585 Unisim elements for replacement
INFO: [Netlist 29-28] Unisim Transformation completed in 0 CPU seconds
INFO: [Project 1-479] Netlist was created with Vivado 2019.1.3
INFO: [Project 1-570] Preparing netlist for logic optimization
WARNING: [Constraints 18-550] Could not create 'IBUF_LOW_PWR' constraint because net 'design_IP_i/clk_wiz_0/clk_in1' is not directly connected to top level port. Synthesis is ignored for IBUF_LOW_PWR but preserved for implementation.
INFO: [Timing 38-478] Restoring timing data from binary archive.
INFO: [Timing 38-479] Binary timing data restore complete.
INFO: [Project 1-856] Restoring constraints from binary archive.
INFO: [Project 1-853] Binary constraint restore complete.
Reading XDEF placement.
Reading placer database...
Reading XDEF routing.
Read XDEF File: Time (s): cpu = 00:00:04 ; elapsed = 00:00:03 . Memory (MB): peak = 2049.453 ; gain = 1.984
Restored from archive | CPU: 4.000000 secs | Memory: 0.000000 MB |
Finished XDEF File Restore: Time (s): cpu = 00:00:04 ; elapsed = 00:00:03 . Memory (MB): peak = 2049.453 ; gain = 1.984
Netlist sorting complete. Time (s): cpu = 00:00:00 ; elapsed = 00:00:00.017 . Memory (MB): peak = 2049.598 ; gain = 0.000
INFO: [Project 1-111] Unisim Transformation Summary:
  A total of 122 instances were transformed.
  RAM32M => RAM32M (RAMD32, RAMD32, RAMD32, RAMD32, RAMD32, RAMD32, RAMS32, RAMS32): 117 instances
  RAM32X1D => RAM32X1D (RAMD32, RAMD32): 1 instances
  SRLC32E => SRL16E: 4 instances

open_run: Time (s): cpu = 00:00:58 ; elapsed = 00:00:42 . Memory (MB): peak = 2197.059 ; gain = 749.945
open_report: Time (s): cpu = 00:00:30 ; elapsed = 00:00:21 . Memory (MB): peak = 2236.793 ; gain = 31.605
WARNING: [Timing 38-436] There are set_bus_skew constraint(s) in this design. Please run report_bus_skew to ensure that bus skew requirements are met.
launch_sdk -workspace C:/A2_project/Vivado/Demo_IP_HLS/Demo_IP_HLS_kmeans/Demo_IP_HLS_kmeans.sdk -hwspec C:/A2_project/Vivado/Demo_IP_HLS/Demo_IP_HLS_kmeans/Demo_IP_HLS_kmeans.sdk/design_IP_wrapper.hdf
INFO: [Vivado 12-393] Launching SDK...
INFO: [Vivado 12-417] Running xsdk -workspace C:/A2_project/Vivado/Demo_IP_HLS/Demo_IP_HLS_kmeans/Demo_IP_HLS_kmeans.sdk -hwspec C:/A2_project/Vivado/Demo_IP_HLS/Demo_IP_HLS_kmeans/Demo_IP_HLS_kmeans.sdk/design_IP_wrapper.hdf
INFO: [Vivado 12-3157] SDK launch initiated. Please check console for any further messages.
open_bd_design {C:/A2_project/Vivado/Demo_IP_HLS/Demo_IP_HLS_kmeans/Demo_IP_HLS_kmeans.srcs/sources_1/bd/design_IP/design_IP.bd}
Adding component instance block -- xilinx.com:ip:processing_system7:5.5 - processing_system7_0
Adding component instance block -- xilinx.com:ip:clk_wiz:6.0 - clk_wiz_0
Adding component instance block -- xilinx.com:ip:proc_sys_reset:5.0 - proc_sys_reset_0
Adding component instance block -- xilinx.com:ip:axi_gpio:2.0 - axi_gpio_0
Adding component instance block -- xilinx.com:ip:axi_interconnect:2.1 - ps7_0_axi_periph
Adding component instance block -- xilinx.com:ip:axi_protocol_converter:2.1 - auto_pc
Adding component instance block -- xilinx.com:ip:proc_sys_reset:5.0 - rst_clk_wiz_0_100M
Adding component instance block -- xilinx.com:ip:axi_interconnect:2.1 - axi_interconnect_0
Adding component instance block -- xilinx.com:ip:axi_crossbar:2.1 - xbar
Adding component instance block -- xilinx.com:ip:axi_dwidth_converter:2.1 - auto_us
Adding component instance block -- xilinx.com:ip:axi_clock_converter:2.1 - auto_cc
Adding component instance block -- xilinx.com:ip:axi_dwidth_converter:2.1 - auto_us
Adding component instance block -- xilinx.com:ip:axi_clock_converter:2.1 - auto_cc
Adding component instance block -- xilinx.com:ip:axi_protocol_converter:2.1 - auto_pc
Adding component instance block -- xilinx.com:ip:axi_interconnect:2.1 - ps7_0_axi_periph_1
Adding component instance block -- xilinx.com:ip:axi_clock_converter:2.1 - auto_cc
Adding component instance block -- xilinx.com:ip:axi_protocol_converter:2.1 - auto_pc
Adding component instance block -- xilinx.com:hls:kmeans:1.0 - kmeans_0
Excluding </processing_system7_0/S_AXI_ACP/ACP_IOP> from </kmeans_0/Data_m_axi_INPUT_r>
Excluding </processing_system7_0/S_AXI_ACP/ACP_M_AXI_GP0> from </kmeans_0/Data_m_axi_INPUT_r>
Excluding </processing_system7_0/S_AXI_ACP/ACP_M_AXI_GP1> from </kmeans_0/Data_m_axi_INPUT_r>
Excluding </processing_system7_0/S_AXI_ACP/ACP_IOP> from </kmeans_0/Data_m_axi_OUTPUT_r>
Excluding </processing_system7_0/S_AXI_ACP/ACP_M_AXI_GP0> from </kmeans_0/Data_m_axi_OUTPUT_r>
Excluding </processing_system7_0/S_AXI_ACP/ACP_M_AXI_GP1> from </kmeans_0/Data_m_axi_OUTPUT_r>
Successfully read diagram <design_IP> from BD file <C:/A2_project/Vivado/Demo_IP_HLS/Demo_IP_HLS_kmeans/Demo_IP_HLS_kmeans.srcs/sources_1/bd/design_IP/design_IP.bd>
open_bd_design: Time (s): cpu = 00:00:14 ; elapsed = 00:00:14 . Memory (MB): peak = 2353.234 ; gain = 31.234
WARNING: [IP_Flow 19-474] Invalid Parameter 'Component_Name'
WARNING: [IP_Flow 19-474] Invalid Parameter 'Component_Name'
launch_sdk -workspace C:/A2_project/Vivado/Demo_IP_HLS/Demo_IP_HLS_kmeans/Demo_IP_HLS_kmeans.sdk -hwspec C:/A2_project/Vivado/Demo_IP_HLS/Demo_IP_HLS_kmeans/Demo_IP_HLS_kmeans.sdk/design_IP_wrapper.hdf
INFO: [Vivado 12-393] Launching SDK...
INFO: [Vivado 12-417] Running xsdk -workspace C:/A2_project/Vivado/Demo_IP_HLS/Demo_IP_HLS_kmeans/Demo_IP_HLS_kmeans.sdk -hwspec C:/A2_project/Vivado/Demo_IP_HLS/Demo_IP_HLS_kmeans/Demo_IP_HLS_kmeans.sdk/design_IP_wrapper.hdf
INFO: [Vivado 12-3157] SDK launch initiated. Please check console for any further messages.
open_bd_design {C:/A2_project/Vivado/Demo_IP_HLS/Demo_IP_HLS_kmeans/Demo_IP_HLS_kmeans.srcs/sources_1/bd/design_IP/design_IP.bd}
startgroup
set_property -dict [list CONFIG.CLKOUT2_REQUESTED_OUT_FREQ {120.000} CONFIG.MMCM_CLKFBOUT_MULT_F {6.000} CONFIG.MMCM_CLKIN1_PERIOD {10.0} CONFIG.MMCM_CLKIN2_PERIOD {10.0} CONFIG.MMCM_CLKOUT0_DIVIDE_F {6.000} CONFIG.MMCM_CLKOUT1_DIVIDE {5} CONFIG.CLKOUT1_JITTER {151.366} CONFIG.CLKOUT1_PHASE_ERROR {132.063} CONFIG.CLKOUT2_JITTER {145.728} CONFIG.CLKOUT2_PHASE_ERROR {132.063}] [get_bd_cells clk_wiz_0]
endgroup
save_bd_design
Wrote  : <C:\A2_project\Vivado\Demo_IP_HLS\Demo_IP_HLS_kmeans\Demo_IP_HLS_kmeans.srcs\sources_1\bd\design_IP\design_IP.bd> 
Wrote  : <C:/A2_project/Vivado/Demo_IP_HLS/Demo_IP_HLS_kmeans/Demo_IP_HLS_kmeans.srcs/sources_1/bd/design_IP/ui/bd_14d195e8.ui> 
reset_run synth_1
reset_run design_IP_clk_wiz_0_0_synth_1
launch_runs impl_1 -to_step write_bitstream -jobs 8
WARNING: [BD 41-1629] Slave segment </processing_system7_0/S_AXI_ACP/ACP_IOP> is excluded from all addressing paths.
WARNING: [BD 41-1629] Slave segment </processing_system7_0/S_AXI_ACP/ACP_M_AXI_GP0> is excluded from all addressing paths.
WARNING: [BD 41-1629] Slave segment </processing_system7_0/S_AXI_ACP/ACP_M_AXI_GP1> is excluded from all addressing paths.
WARNING: [BD 41-237] Bus Interface property AWUSER_WIDTH does not match between /processing_system7_0/S_AXI_ACP(5) and /axi_interconnect_0/m00_couplers/auto_pc/M_AXI(0)
WARNING: [BD 41-237] Bus Interface property ARUSER_WIDTH does not match between /processing_system7_0/S_AXI_ACP(5) and /axi_interconnect_0/m00_couplers/auto_pc/M_AXI(0)
WARNING: [BD 41-927] Following properties on pin /kmeans_0/ap_clk have been updated from connected ip. They may not be synchronized with cell properties. You can set property on pin directly to confirm the value and resolve the warning.
	CLK_DOMAIN=/clk_wiz_0_clk_out1 
Wrote  : <C:\A2_project\Vivado\Demo_IP_HLS\Demo_IP_HLS_kmeans\Demo_IP_HLS_kmeans.srcs\sources_1\bd\design_IP\design_IP.bd> 
WARNING: [BD 41-235] Width mismatch when connecting pin: '/axi_interconnect_0/s00_couplers/auto_us/s_axi_arlock'(1) to net 's00_couplers_to_auto_us_ARLOCK'(2) - Only lower order bits will be connected.
WARNING: [BD 41-235] Width mismatch when connecting pin: '/axi_interconnect_0/s00_couplers/auto_us/s_axi_awlock'(1) to net 's00_couplers_to_auto_us_AWLOCK'(2) - Only lower order bits will be connected.
WARNING: [BD 41-235] Width mismatch when connecting pin: '/axi_interconnect_0/s01_couplers/auto_us/s_axi_arlock'(1) to net 's01_couplers_to_auto_us_ARLOCK'(2) - Only lower order bits will be connected.
WARNING: [BD 41-235] Width mismatch when connecting pin: '/axi_interconnect_0/s01_couplers/auto_us/s_axi_awlock'(1) to net 's01_couplers_to_auto_us_AWLOCK'(2) - Only lower order bits will be connected.
WARNING: [BD 41-235] Width mismatch when connecting pin: '/axi_interconnect_0/m00_couplers/auto_pc/m_axi_rid'(1) to net 'auto_pc_to_m00_couplers_RID'(3) - Only lower order bits will be connected.
WARNING: [BD 41-235] Width mismatch when connecting pin: '/axi_interconnect_0/m00_couplers/auto_pc/m_axi_bid'(1) to net 'auto_pc_to_m00_couplers_BID'(3) - Only lower order bits will be connected.
WARNING: [BD 41-235] Width mismatch when connecting pin: '/processing_system7_0/S_AXI_ACP_AWID'(3) to net 'axi_interconnect_0_M00_AXI_AWID'(1) - Only lower order bits will be connected.
WARNING: [BD 41-235] Width mismatch when connecting pin: '/processing_system7_0/S_AXI_ACP_ARID'(3) to net 'axi_interconnect_0_M00_AXI_ARID'(1) - Only lower order bits will be connected.
WARNING: [BD 41-235] Width mismatch when connecting pin: '/processing_system7_0/S_AXI_ACP_WID'(3) to net 'axi_interconnect_0_M00_AXI_WID'(1) - Only lower order bits will be connected.
VHDL Output written to : C:/A2_project/Vivado/Demo_IP_HLS/Demo_IP_HLS_kmeans/Demo_IP_HLS_kmeans.srcs/sources_1/bd/design_IP/synth/design_IP.vhd
WARNING: [BD 41-235] Width mismatch when connecting pin: '/axi_interconnect_0/s00_couplers/auto_us/s_axi_arlock'(1) to net 's00_couplers_to_auto_us_ARLOCK'(2) - Only lower order bits will be connected.
WARNING: [BD 41-235] Width mismatch when connecting pin: '/axi_interconnect_0/s00_couplers/auto_us/s_axi_awlock'(1) to net 's00_couplers_to_auto_us_AWLOCK'(2) - Only lower order bits will be connected.
WARNING: [BD 41-235] Width mismatch when connecting pin: '/axi_interconnect_0/s01_couplers/auto_us/s_axi_arlock'(1) to net 's01_couplers_to_auto_us_ARLOCK'(2) - Only lower order bits will be connected.
WARNING: [BD 41-235] Width mismatch when connecting pin: '/axi_interconnect_0/s01_couplers/auto_us/s_axi_awlock'(1) to net 's01_couplers_to_auto_us_AWLOCK'(2) - Only lower order bits will be connected.
WARNING: [BD 41-235] Width mismatch when connecting pin: '/axi_interconnect_0/m00_couplers/auto_pc/m_axi_rid'(1) to net 'auto_pc_to_m00_couplers_RID'(3) - Only lower order bits will be connected.
WARNING: [BD 41-235] Width mismatch when connecting pin: '/axi_interconnect_0/m00_couplers/auto_pc/m_axi_bid'(1) to net 'auto_pc_to_m00_couplers_BID'(3) - Only lower order bits will be connected.
WARNING: [BD 41-235] Width mismatch when connecting pin: '/processing_system7_0/S_AXI_ACP_AWID'(3) to net 'axi_interconnect_0_M00_AXI_AWID'(1) - Only lower order bits will be connected.
WARNING: [BD 41-235] Width mismatch when connecting pin: '/processing_system7_0/S_AXI_ACP_ARID'(3) to net 'axi_interconnect_0_M00_AXI_ARID'(1) - Only lower order bits will be connected.
WARNING: [BD 41-235] Width mismatch when connecting pin: '/processing_system7_0/S_AXI_ACP_WID'(3) to net 'axi_interconnect_0_M00_AXI_WID'(1) - Only lower order bits will be connected.
VHDL Output written to : C:/A2_project/Vivado/Demo_IP_HLS/Demo_IP_HLS_kmeans/Demo_IP_HLS_kmeans.srcs/sources_1/bd/design_IP/sim/design_IP.vhd
VHDL Output written to : C:/A2_project/Vivado/Demo_IP_HLS/Demo_IP_HLS_kmeans/Demo_IP_HLS_kmeans.srcs/sources_1/bd/design_IP/hdl/design_IP_wrapper.vhd
INFO: [BD 41-1029] Generation completed for the IP Integrator block processing_system7_0 .
INFO: [BD 41-1029] Generation completed for the IP Integrator block clk_wiz_0 .
INFO: [BD 41-1029] Generation completed for the IP Integrator block proc_sys_reset_0 .
INFO: [BD 41-1029] Generation completed for the IP Integrator block axi_gpio_0 .
INFO: [BD 41-1029] Generation completed for the IP Integrator block rst_clk_wiz_0_100M .
INFO: [BD 41-1029] Generation completed for the IP Integrator block axi_interconnect_0/xbar .
INFO: [BD 41-1029] Generation completed for the IP Integrator block kmeans_0 .
WARNING: [IP_Flow 19-4994] Overwriting existing constraint file 'c:/A2_project/Vivado/Demo_IP_HLS/Demo_IP_HLS_kmeans/Demo_IP_HLS_kmeans.srcs/sources_1/bd/design_IP/ip/design_IP_auto_pc_0/design_IP_auto_pc_0_ooc.xdc'
INFO: [BD 41-1029] Generation completed for the IP Integrator block ps7_0_axi_periph/s00_couplers/auto_pc .
WARNING: [IP_Flow 19-4994] Overwriting existing constraint file 'c:/A2_project/Vivado/Demo_IP_HLS/Demo_IP_HLS_kmeans/Demo_IP_HLS_kmeans.srcs/sources_1/bd/design_IP/ip/design_IP_auto_us_0/design_IP_auto_us_0_ooc.xdc'
INFO: [BD 41-1029] Generation completed for the IP Integrator block axi_interconnect_0/s00_couplers/auto_us .
WARNING: [IP_Flow 19-4994] Overwriting existing constraint file 'c:/A2_project/Vivado/Demo_IP_HLS/Demo_IP_HLS_kmeans/Demo_IP_HLS_kmeans.srcs/sources_1/bd/design_IP/ip/design_IP_auto_cc_0/design_IP_auto_cc_0_ooc.xdc'
INFO: [BD 41-1029] Generation completed for the IP Integrator block axi_interconnect_0/s00_couplers/auto_cc .
WARNING: [IP_Flow 19-4994] Overwriting existing constraint file 'c:/A2_project/Vivado/Demo_IP_HLS/Demo_IP_HLS_kmeans/Demo_IP_HLS_kmeans.srcs/sources_1/bd/design_IP/ip/design_IP_auto_us_1/design_IP_auto_us_1_ooc.xdc'
INFO: [BD 41-1029] Generation completed for the IP Integrator block axi_interconnect_0/s01_couplers/auto_us .
WARNING: [IP_Flow 19-4994] Overwriting existing constraint file 'c:/A2_project/Vivado/Demo_IP_HLS/Demo_IP_HLS_kmeans/Demo_IP_HLS_kmeans.srcs/sources_1/bd/design_IP/ip/design_IP_auto_cc_1/design_IP_auto_cc_1_ooc.xdc'
INFO: [BD 41-1029] Generation completed for the IP Integrator block axi_interconnect_0/s01_couplers/auto_cc .
WARNING: [IP_Flow 19-4994] Overwriting existing constraint file 'c:/A2_project/Vivado/Demo_IP_HLS/Demo_IP_HLS_kmeans/Demo_IP_HLS_kmeans.srcs/sources_1/bd/design_IP/ip/design_IP_auto_pc_1/design_IP_auto_pc_1_ooc.xdc'
INFO: [BD 41-1029] Generation completed for the IP Integrator block axi_interconnect_0/m00_couplers/auto_pc .
WARNING: [IP_Flow 19-4994] Overwriting existing constraint file 'c:/A2_project/Vivado/Demo_IP_HLS/Demo_IP_HLS_kmeans/Demo_IP_HLS_kmeans.srcs/sources_1/bd/design_IP/ip/design_IP_auto_cc_2/design_IP_auto_cc_2_ooc.xdc'
INFO: [BD 41-1029] Generation completed for the IP Integrator block ps7_0_axi_periph_1/s00_couplers/auto_cc .
WARNING: [IP_Flow 19-4994] Overwriting existing constraint file 'c:/A2_project/Vivado/Demo_IP_HLS/Demo_IP_HLS_kmeans/Demo_IP_HLS_kmeans.srcs/sources_1/bd/design_IP/ip/design_IP_auto_pc_2/design_IP_auto_pc_2_ooc.xdc'
INFO: [BD 41-1029] Generation completed for the IP Integrator block ps7_0_axi_periph_1/s00_couplers/auto_pc .
Exporting to file C:/A2_project/Vivado/Demo_IP_HLS/Demo_IP_HLS_kmeans/Demo_IP_HLS_kmeans.srcs/sources_1/bd/design_IP/hw_handoff/design_IP.hwh
Generated Block Design Tcl file C:/A2_project/Vivado/Demo_IP_HLS/Demo_IP_HLS_kmeans/Demo_IP_HLS_kmeans.srcs/sources_1/bd/design_IP/hw_handoff/design_IP_bd.tcl
Generated Hardware Definition File C:/A2_project/Vivado/Demo_IP_HLS/Demo_IP_HLS_kmeans/Demo_IP_HLS_kmeans.srcs/sources_1/bd/design_IP/synth/design_IP.hwdef
INFO: [IP_Flow 19-4993] Using cached IP synthesis design for IP design_IP_auto_pc_0, cache-ID = 2e351fccfa8ac451; cache size = 21.075 MB.
INFO: [IP_Flow 19-4993] Using cached IP synthesis design for IP design_IP_auto_pc_1, cache-ID = 1c657568f41846b1; cache size = 21.075 MB.
[Sat Feb 29 22:54:16 2020] Launched design_IP_processing_system7_0_0_synth_1, design_IP_proc_sys_reset_0_0_synth_1, design_IP_clk_wiz_0_0_synth_1, design_IP_auto_us_1_synth_1, design_IP_auto_cc_0_synth_1, design_IP_auto_cc_2_synth_1, design_IP_auto_us_0_synth_1, design_IP_auto_cc_1_synth_1, design_IP_auto_pc_2_synth_1, synth_1...
Run output will be captured here:
design_IP_processing_system7_0_0_synth_1: C:/A2_project/Vivado/Demo_IP_HLS/Demo_IP_HLS_kmeans/Demo_IP_HLS_kmeans.runs/design_IP_processing_system7_0_0_synth_1/runme.log
design_IP_proc_sys_reset_0_0_synth_1: C:/A2_project/Vivado/Demo_IP_HLS/Demo_IP_HLS_kmeans/Demo_IP_HLS_kmeans.runs/design_IP_proc_sys_reset_0_0_synth_1/runme.log
design_IP_clk_wiz_0_0_synth_1: C:/A2_project/Vivado/Demo_IP_HLS/Demo_IP_HLS_kmeans/Demo_IP_HLS_kmeans.runs/design_IP_clk_wiz_0_0_synth_1/runme.log
design_IP_auto_us_1_synth_1: C:/A2_project/Vivado/Demo_IP_HLS/Demo_IP_HLS_kmeans/Demo_IP_HLS_kmeans.runs/design_IP_auto_us_1_synth_1/runme.log
design_IP_auto_cc_0_synth_1: C:/A2_project/Vivado/Demo_IP_HLS/Demo_IP_HLS_kmeans/Demo_IP_HLS_kmeans.runs/design_IP_auto_cc_0_synth_1/runme.log
design_IP_auto_cc_2_synth_1: C:/A2_project/Vivado/Demo_IP_HLS/Demo_IP_HLS_kmeans/Demo_IP_HLS_kmeans.runs/design_IP_auto_cc_2_synth_1/runme.log
design_IP_auto_us_0_synth_1: C:/A2_project/Vivado/Demo_IP_HLS/Demo_IP_HLS_kmeans/Demo_IP_HLS_kmeans.runs/design_IP_auto_us_0_synth_1/runme.log
design_IP_auto_cc_1_synth_1: C:/A2_project/Vivado/Demo_IP_HLS/Demo_IP_HLS_kmeans/Demo_IP_HLS_kmeans.runs/design_IP_auto_cc_1_synth_1/runme.log
design_IP_auto_pc_2_synth_1: C:/A2_project/Vivado/Demo_IP_HLS/Demo_IP_HLS_kmeans/Demo_IP_HLS_kmeans.runs/design_IP_auto_pc_2_synth_1/runme.log
synth_1: C:/A2_project/Vivado/Demo_IP_HLS/Demo_IP_HLS_kmeans/Demo_IP_HLS_kmeans.runs/synth_1/runme.log
[Sat Feb 29 22:54:17 2020] Launched impl_1...
Run output will be captured here: C:/A2_project/Vivado/Demo_IP_HLS/Demo_IP_HLS_kmeans/Demo_IP_HLS_kmeans.runs/impl_1/runme.log
launch_runs: Time (s): cpu = 00:00:57 ; elapsed = 00:00:58 . Memory (MB): peak = 2596.500 ; gain = 120.379
file copy -force C:/A2_project/Vivado/Demo_IP_HLS/Demo_IP_HLS_kmeans/Demo_IP_HLS_kmeans.runs/impl_1/design_IP_wrapper.sysdef C:/A2_project/Vivado/Demo_IP_HLS/Demo_IP_HLS_kmeans/Demo_IP_HLS_kmeans.sdk/design_IP_wrapper.hdf

WARNING: [Board 49-26] cannot add Board Part xilinx.com:au280_es1:part0:1.0 available at C:/Users/Qlala/AppData/Roaming/Xilinx/Vivado/2019.1/xhub/board_store/XilinxBoardStore/Vivado/2019.1/boards/Xilinx/au280/es1/1.0/1.0/board.xml as part xcu280-fsvh2892-2l-e-es1 specified in board_part file is either invalid or not available
WARNING: [Board 49-26] cannot add Board Part xilinx.com:au280_es1:part0:1.1 available at C:/Users/Qlala/AppData/Roaming/Xilinx/Vivado/2019.1/xhub/board_store/XilinxBoardStore/Vivado/2019.1/boards/Xilinx/au280/es1/1.1/1.1/board.xml as part xcu280-fsvh2892-2l-e-es1 specified in board_part file is either invalid or not available
WARNING: [Board 49-26] cannot add Board Part xilinx.com:vcu128_es:part0:1.0 available at C:/Users/Qlala/AppData/Roaming/Xilinx/Vivado/2019.1/xhub/board_store/XilinxBoardStore/Vivado/2019.1/boards/Xilinx/vcu128/1.0/1.0/board.xml as part xcvu37p-fsvh2892-2l-e-es1 specified in board_part file is either invalid or not available
WARNING: [Board 49-26] cannot add Board Part xilinx.com:vcu128_es:part0:1.1 available at C:/Users/Qlala/AppData/Roaming/Xilinx/Vivado/2019.1/xhub/board_store/XilinxBoardStore/Vivado/2019.1/boards/Xilinx/vcu128/1.1/1.1/board.xml as part xcvu37p-fsvh2892-2l-e-es1 specified in board_part file is either invalid or not available
WARNING: [Board 49-26] cannot add Board Part xilinx.com:vcu129_es:part0:1.0 available at C:/Users/Qlala/AppData/Roaming/Xilinx/Vivado/2019.1/xhub/board_store/XilinxBoardStore/Vivado/2019.1/boards/Xilinx/vcu129/es/1.0/1.0/board.xml as part xcvu29p-fsga2577-2l-e-es1 specified in board_part file is either invalid or not available
WARNING: [Board 49-26] cannot add Board Part xilinx.com:au280_es1:part0:1.0 available at C:/Users/Qlala/AppData/Roaming/Xilinx/Vivado/2019.1/xhub/board_store/XilinxBoardStore/Vivado/2019.1/boards/Xilinx/au280/es1/1.0/1.0/board.xml as part xcu280-fsvh2892-2l-e-es1 specified in board_part file is either invalid or not available
WARNING: [Board 49-26] cannot add Board Part xilinx.com:au280_es1:part0:1.1 available at C:/Users/Qlala/AppData/Roaming/Xilinx/Vivado/2019.1/xhub/board_store/XilinxBoardStore/Vivado/2019.1/boards/Xilinx/au280/es1/1.1/1.1/board.xml as part xcu280-fsvh2892-2l-e-es1 specified in board_part file is either invalid or not available
WARNING: [Board 49-26] cannot add Board Part xilinx.com:vcu128_es:part0:1.0 available at C:/Users/Qlala/AppData/Roaming/Xilinx/Vivado/2019.1/xhub/board_store/XilinxBoardStore/Vivado/2019.1/boards/Xilinx/vcu128/1.0/1.0/board.xml as part xcvu37p-fsvh2892-2l-e-es1 specified in board_part file is either invalid or not available
WARNING: [Board 49-26] cannot add Board Part xilinx.com:vcu128_es:part0:1.1 available at C:/Users/Qlala/AppData/Roaming/Xilinx/Vivado/2019.1/xhub/board_store/XilinxBoardStore/Vivado/2019.1/boards/Xilinx/vcu128/1.1/1.1/board.xml as part xcvu37p-fsvh2892-2l-e-es1 specified in board_part file is either invalid or not available
WARNING: [Board 49-26] cannot add Board Part xilinx.com:vcu129_es:part0:1.0 available at C:/Users/Qlala/AppData/Roaming/Xilinx/Vivado/2019.1/xhub/board_store/XilinxBoardStore/Vivado/2019.1/boards/Xilinx/vcu129/es/1.0/1.0/board.xml as part xcvu29p-fsga2577-2l-e-es1 specified in board_part file is either invalid or not available
WARNING: [Board 49-26] cannot add Board Part xilinx.com:au280_es1:part0:1.0 available at C:/Users/Qlala/AppData/Roaming/Xilinx/Vivado/2019.1/xhub/board_store/XilinxBoardStore/Vivado/2019.1/boards/Xilinx/au280/es1/1.0/1.0/board.xml as part xcu280-fsvh2892-2l-e-es1 specified in board_part file is either invalid or not available
WARNING: [Board 49-26] cannot add Board Part xilinx.com:au280_es1:part0:1.1 available at C:/Users/Qlala/AppData/Roaming/Xilinx/Vivado/2019.1/xhub/board_store/XilinxBoardStore/Vivado/2019.1/boards/Xilinx/au280/es1/1.1/1.1/board.xml as part xcu280-fsvh2892-2l-e-es1 specified in board_part file is either invalid or not available
WARNING: [Board 49-26] cannot add Board Part xilinx.com:vcu128_es:part0:1.0 available at C:/Users/Qlala/AppData/Roaming/Xilinx/Vivado/2019.1/xhub/board_store/XilinxBoardStore/Vivado/2019.1/boards/Xilinx/vcu128/1.0/1.0/board.xml as part xcvu37p-fsvh2892-2l-e-es1 specified in board_part file is either invalid or not available
WARNING: [Board 49-26] cannot add Board Part xilinx.com:vcu128_es:part0:1.1 available at C:/Users/Qlala/AppData/Roaming/Xilinx/Vivado/2019.1/xhub/board_store/XilinxBoardStore/Vivado/2019.1/boards/Xilinx/vcu128/1.1/1.1/board.xml as part xcvu37p-fsvh2892-2l-e-es1 specified in board_part file is either invalid or not available
WARNING: [Board 49-26] cannot add Board Part xilinx.com:vcu129_es:part0:1.0 available at C:/Users/Qlala/AppData/Roaming/Xilinx/Vivado/2019.1/xhub/board_store/XilinxBoardStore/Vivado/2019.1/boards/Xilinx/vcu129/es/1.0/1.0/board.xml as part xcvu29p-fsga2577-2l-e-es1 specified in board_part file is either invalid or not available
WARNING: [Board 49-26] cannot add Board Part xilinx.com:au280_es1:part0:1.0 available at C:/Users/Qlala/AppData/Roaming/Xilinx/Vivado/2019.1/xhub/board_store/XilinxBoardStore/Vivado/2019.1/boards/Xilinx/au280/es1/1.0/1.0/board.xml as part xcu280-fsvh2892-2l-e-es1 specified in board_part file is either invalid or not available
WARNING: [Board 49-26] cannot add Board Part xilinx.com:au280_es1:part0:1.1 available at C:/Users/Qlala/AppData/Roaming/Xilinx/Vivado/2019.1/xhub/board_store/XilinxBoardStore/Vivado/2019.1/boards/Xilinx/au280/es1/1.1/1.1/board.xml as part xcu280-fsvh2892-2l-e-es1 specified in board_part file is either invalid or not available
WARNING: [Board 49-26] cannot add Board Part xilinx.com:vcu128_es:part0:1.0 available at C:/Users/Qlala/AppData/Roaming/Xilinx/Vivado/2019.1/xhub/board_store/XilinxBoardStore/Vivado/2019.1/boards/Xilinx/vcu128/1.0/1.0/board.xml as part xcvu37p-fsvh2892-2l-e-es1 specified in board_part file is either invalid or not available
WARNING: [Board 49-26] cannot add Board Part xilinx.com:vcu128_es:part0:1.1 available at C:/Users/Qlala/AppData/Roaming/Xilinx/Vivado/2019.1/xhub/board_store/XilinxBoardStore/Vivado/2019.1/boards/Xilinx/vcu128/1.1/1.1/board.xml as part xcvu37p-fsvh2892-2l-e-es1 specified in board_part file is either invalid or not available
WARNING: [Board 49-26] cannot add Board Part xilinx.com:vcu129_es:part0:1.0 available at C:/Users/Qlala/AppData/Roaming/Xilinx/Vivado/2019.1/xhub/board_store/XilinxBoardStore/Vivado/2019.1/boards/Xilinx/vcu129/es/1.0/1.0/board.xml as part xcvu29p-fsga2577-2l-e-es1 specified in board_part file is either invalid or not available
WARNING: [Board 49-26] cannot add Board Part xilinx.com:au280_es1:part0:1.0 available at C:/Users/Qlala/AppData/Roaming/Xilinx/Vivado/2019.1/xhub/board_store/XilinxBoardStore/Vivado/2019.1/boards/Xilinx/au280/es1/1.0/1.0/board.xml as part xcu280-fsvh2892-2l-e-es1 specified in board_part file is either invalid or not available
WARNING: [Board 49-26] cannot add Board Part xilinx.com:au280_es1:part0:1.1 available at C:/Users/Qlala/AppData/Roaming/Xilinx/Vivado/2019.1/xhub/board_store/XilinxBoardStore/Vivado/2019.1/boards/Xilinx/au280/es1/1.1/1.1/board.xml as part xcu280-fsvh2892-2l-e-es1 specified in board_part file is either invalid or not available
WARNING: [Board 49-26] cannot add Board Part xilinx.com:vcu128_es:part0:1.0 available at C:/Users/Qlala/AppData/Roaming/Xilinx/Vivado/2019.1/xhub/board_store/XilinxBoardStore/Vivado/2019.1/boards/Xilinx/vcu128/1.0/1.0/board.xml as part xcvu37p-fsvh2892-2l-e-es1 specified in board_part file is either invalid or not available
WARNING: [Board 49-26] cannot add Board Part xilinx.com:vcu128_es:part0:1.1 available at C:/Users/Qlala/AppData/Roaming/Xilinx/Vivado/2019.1/xhub/board_store/XilinxBoardStore/Vivado/2019.1/boards/Xilinx/vcu128/1.1/1.1/board.xml as part xcvu37p-fsvh2892-2l-e-es1 specified in board_part file is either invalid or not available
WARNING: [Board 49-26] cannot add Board Part xilinx.com:vcu129_es:part0:1.0 available at C:/Users/Qlala/AppData/Roaming/Xilinx/Vivado/2019.1/xhub/board_store/XilinxBoardStore/Vivado/2019.1/boards/Xilinx/vcu129/es/1.0/1.0/board.xml as part xcvu29p-fsga2577-2l-e-es1 specified in board_part file is either invalid or not available
WARNING: [Board 49-26] cannot add Board Part xilinx.com:au280_es1:part0:1.1 available at C:/Users/Qlala/AppData/Roaming/Xilinx/Vivado/2019.1/xhub/board_store/XilinxBoardStore/Vivado/2019.1/boards/Xilinx/au280/es1/1.1/1.1/board.xml as part xcu280-fsvh2892-2l-e-es1 specified in board_part file is either invalid or not available
WARNING: [Board 49-26] cannot add Board Part xilinx.com:vcu128_es:part0:1.1 available at C:/Users/Qlala/AppData/Roaming/Xilinx/Vivado/2019.1/xhub/board_store/XilinxBoardStore/Vivado/2019.1/boards/Xilinx/vcu128/1.1/1.1/board.xml as part xcvu37p-fsvh2892-2l-e-es1 specified in board_part file is either invalid or not available
WARNING: [Board 49-26] cannot add Board Part xilinx.com:vcu129_es:part0:1.0 available at C:/Users/Qlala/AppData/Roaming/Xilinx/Vivado/2019.1/xhub/board_store/XilinxBoardStore/Vivado/2019.1/boards/Xilinx/vcu129/es/1.0/1.0/board.xml as part xcvu29p-fsga2577-2l-e-es1 specified in board_part file is either invalid or not available
WARNING: [Board 49-26] cannot add Board Part xilinx.com:au280_es1:part0:1.0 available at C:/Users/Qlala/AppData/Roaming/Xilinx/Vivado/2019.1/xhub/board_store/XilinxBoardStore/Vivado/2019.1/boards/Xilinx/au280/es1/1.0/1.0/board.xml as part xcu280-fsvh2892-2l-e-es1 specified in board_part file is either invalid or not available
WARNING: [Board 49-26] cannot add Board Part xilinx.com:au280_es1:part0:1.1 available at C:/Users/Qlala/AppData/Roaming/Xilinx/Vivado/2019.1/xhub/board_store/XilinxBoardStore/Vivado/2019.1/boards/Xilinx/au280/es1/1.1/1.1/board.xml as part xcu280-fsvh2892-2l-e-es1 specified in board_part file is either invalid or not available
WARNING: [Board 49-26] cannot add Board Part xilinx.com:vcu128_es:part0:1.0 available at C:/Users/Qlala/AppData/Roaming/Xilinx/Vivado/2019.1/xhub/board_store/XilinxBoardStore/Vivado/2019.1/boards/Xilinx/vcu128/1.0/1.0/board.xml as part xcvu37p-fsvh2892-2l-e-es1 specified in board_part file is either invalid or not available
WARNING: [Board 49-26] cannot add Board Part xilinx.com:vcu128_es:part0:1.1 available at C:/Users/Qlala/AppData/Roaming/Xilinx/Vivado/2019.1/xhub/board_store/XilinxBoardStore/Vivado/2019.1/boards/Xilinx/vcu128/1.1/1.1/board.xml as part xcvu37p-fsvh2892-2l-e-es1 specified in board_part file is either invalid or not available
WARNING: [Board 49-26] cannot add Board Part xilinx.com:vcu129_es:part0:1.0 available at C:/Users/Qlala/AppData/Roaming/Xilinx/Vivado/2019.1/xhub/board_store/XilinxBoardStore/Vivado/2019.1/boards/Xilinx/vcu129/es/1.0/1.0/board.xml as part xcvu29p-fsga2577-2l-e-es1 specified in board_part file is either invalid or not available
WARNING: [Board 49-26] cannot add Board Part xilinx.com:au280_es1:part0:1.0 available at C:/Users/Qlala/AppData/Roaming/Xilinx/Vivado/2019.1/xhub/board_store/XilinxBoardStore/Vivado/2019.1/boards/Xilinx/au280/es1/1.0/1.0/board.xml as part xcu280-fsvh2892-2l-e-es1 specified in board_part file is either invalid or not available
WARNING: [Board 49-26] cannot add Board Part xilinx.com:au280_es1:part0:1.1 available at C:/Users/Qlala/AppData/Roaming/Xilinx/Vivado/2019.1/xhub/board_store/XilinxBoardStore/Vivado/2019.1/boards/Xilinx/au280/es1/1.1/1.1/board.xml as part xcu280-fsvh2892-2l-e-es1 specified in board_part file is either invalid or not available
WARNING: [Board 49-26] cannot add Board Part xilinx.com:vcu128_es:part0:1.0 available at C:/Users/Qlala/AppData/Roaming/Xilinx/Vivado/2019.1/xhub/board_store/XilinxBoardStore/Vivado/2019.1/boards/Xilinx/vcu128/1.0/1.0/board.xml as part xcvu37p-fsvh2892-2l-e-es1 specified in board_part file is either invalid or not available
WARNING: [Board 49-26] cannot add Board Part xilinx.com:vcu128_es:part0:1.1 available at C:/Users/Qlala/AppData/Roaming/Xilinx/Vivado/2019.1/xhub/board_store/XilinxBoardStore/Vivado/2019.1/boards/Xilinx/vcu128/1.1/1.1/board.xml as part xcvu37p-fsvh2892-2l-e-es1 specified in board_part file is either invalid or not available
WARNING: [Board 49-26] cannot add Board Part xilinx.com:vcu129_es:part0:1.0 available at C:/Users/Qlala/AppData/Roaming/Xilinx/Vivado/2019.1/xhub/board_store/XilinxBoardStore/Vivado/2019.1/boards/Xilinx/vcu129/es/1.0/1.0/board.xml as part xcvu29p-fsga2577-2l-e-es1 specified in board_part file is either invalid or not available
WARNING: [Board 49-26] cannot add Board Part xilinx.com:au280_es1:part0:1.0 available at C:/Users/Qlala/AppData/Roaming/Xilinx/Vivado/2019.1/xhub/board_store/XilinxBoardStore/Vivado/2019.1/boards/Xilinx/au280/es1/1.0/1.0/board.xml as part xcu280-fsvh2892-2l-e-es1 specified in board_part file is either invalid or not available
WARNING: [Board 49-26] cannot add Board Part xilinx.com:au280_es1:part0:1.1 available at C:/Users/Qlala/AppData/Roaming/Xilinx/Vivado/2019.1/xhub/board_store/XilinxBoardStore/Vivado/2019.1/boards/Xilinx/au280/es1/1.1/1.1/board.xml as part xcu280-fsvh2892-2l-e-es1 specified in board_part file is either invalid or not available
WARNING: [Board 49-26] cannot add Board Part xilinx.com:vcu128_es:part0:1.0 available at C:/Users/Qlala/AppData/Roaming/Xilinx/Vivado/2019.1/xhub/board_store/XilinxBoardStore/Vivado/2019.1/boards/Xilinx/vcu128/1.0/1.0/board.xml as part xcvu37p-fsvh2892-2l-e-es1 specified in board_part file is either invalid or not available
WARNING: [Board 49-26] cannot add Board Part xilinx.com:vcu128_es:part0:1.1 available at C:/Users/Qlala/AppData/Roaming/Xilinx/Vivado/2019.1/xhub/board_store/XilinxBoardStore/Vivado/2019.1/boards/Xilinx/vcu128/1.1/1.1/board.xml as part xcvu37p-fsvh2892-2l-e-es1 specified in board_part file is either invalid or not available
WARNING: [Board 49-26] cannot add Board Part xilinx.com:vcu129_es:part0:1.0 available at C:/Users/Qlala/AppData/Roaming/Xilinx/Vivado/2019.1/xhub/board_store/XilinxBoardStore/Vivado/2019.1/boards/Xilinx/vcu129/es/1.0/1.0/board.xml as part xcvu29p-fsga2577-2l-e-es1 specified in board_part file is either invalid or not available
WARNING: [Board 49-26] cannot add Board Part xilinx.com:au280_es1:part0:1.0 available at C:/Users/Qlala/AppData/Roaming/Xilinx/Vivado/2019.1/xhub/board_store/XilinxBoardStore/Vivado/2019.1/boards/Xilinx/au280/es1/1.0/1.0/board.xml as part xcu280-fsvh2892-2l-e-es1 specified in board_part file is either invalid or not available
WARNING: [Board 49-26] cannot add Board Part xilinx.com:au280_es1:part0:1.1 available at C:/Users/Qlala/AppData/Roaming/Xilinx/Vivado/2019.1/xhub/board_store/XilinxBoardStore/Vivado/2019.1/boards/Xilinx/au280/es1/1.1/1.1/board.xml as part xcu280-fsvh2892-2l-e-es1 specified in board_part file is either invalid or not available
WARNING: [Board 49-26] cannot add Board Part xilinx.com:vcu128_es:part0:1.0 available at C:/Users/Qlala/AppData/Roaming/Xilinx/Vivado/2019.1/xhub/board_store/XilinxBoardStore/Vivado/2019.1/boards/Xilinx/vcu128/1.0/1.0/board.xml as part xcvu37p-fsvh2892-2l-e-es1 specified in board_part file is either invalid or not available
WARNING: [Board 49-26] cannot add Board Part xilinx.com:vcu128_es:part0:1.1 available at C:/Users/Qlala/AppData/Roaming/Xilinx/Vivado/2019.1/xhub/board_store/XilinxBoardStore/Vivado/2019.1/boards/Xilinx/vcu128/1.1/1.1/board.xml as part xcvu37p-fsvh2892-2l-e-es1 specified in board_part file is either invalid or not available
WARNING: [Board 49-26] cannot add Board Part xilinx.com:vcu129_es:part0:1.0 available at C:/Users/Qlala/AppData/Roaming/Xilinx/Vivado/2019.1/xhub/board_store/XilinxBoardStore/Vivado/2019.1/boards/Xilinx/vcu129/es/1.0/1.0/board.xml as part xcvu29p-fsga2577-2l-e-es1 specified in board_part file is either invalid or not available
WARNING: [Board 49-26] cannot add Board Part xilinx.com:au280_es1:part0:1.0 available at C:/Users/Qlala/AppData/Roaming/Xilinx/Vivado/2019.1/xhub/board_store/XilinxBoardStore/Vivado/2019.1/boards/Xilinx/au280/es1/1.0/1.0/board.xml as part xcu280-fsvh2892-2l-e-es1 specified in board_part file is either invalid or not available
WARNING: [Board 49-26] cannot add Board Part xilinx.com:au280_es1:part0:1.1 available at C:/Users/Qlala/AppData/Roaming/Xilinx/Vivado/2019.1/xhub/board_store/XilinxBoardStore/Vivado/2019.1/boards/Xilinx/au280/es1/1.1/1.1/board.xml as part xcu280-fsvh2892-2l-e-es1 specified in board_part file is either invalid or not available
WARNING: [Board 49-26] cannot add Board Part xilinx.com:vcu128_es:part0:1.0 available at C:/Users/Qlala/AppData/Roaming/Xilinx/Vivado/2019.1/xhub/board_store/XilinxBoardStore/Vivado/2019.1/boards/Xilinx/vcu128/1.0/1.0/board.xml as part xcvu37p-fsvh2892-2l-e-es1 specified in board_part file is either invalid or not available
WARNING: [Board 49-26] cannot add Board Part xilinx.com:vcu128_es:part0:1.1 available at C:/Users/Qlala/AppData/Roaming/Xilinx/Vivado/2019.1/xhub/board_store/XilinxBoardStore/Vivado/2019.1/boards/Xilinx/vcu128/1.1/1.1/board.xml as part xcvu37p-fsvh2892-2l-e-es1 specified in board_part file is either invalid or not available
WARNING: [Board 49-26] cannot add Board Part xilinx.com:vcu129_es:part0:1.0 available at C:/Users/Qlala/AppData/Roaming/Xilinx/Vivado/2019.1/xhub/board_store/XilinxBoardStore/Vivado/2019.1/boards/Xilinx/vcu129/es/1.0/1.0/board.xml as part xcvu29p-fsga2577-2l-e-es1 specified in board_part file is either invalid or not available
WARNING: [Board 49-26] cannot add Board Part xilinx.com:au280_es1:part0:1.1 available at C:/Users/Qlala/AppData/Roaming/Xilinx/Vivado/2019.1/xhub/board_store/XilinxBoardStore/Vivado/2019.1/boards/Xilinx/au280/es1/1.1/1.1/board.xml as part xcu280-fsvh2892-2l-e-es1 specified in board_part file is either invalid or not available
WARNING: [Board 49-26] cannot add Board Part xilinx.com:vcu128_es:part0:1.1 available at C:/Users/Qlala/AppData/Roaming/Xilinx/Vivado/2019.1/xhub/board_store/XilinxBoardStore/Vivado/2019.1/boards/Xilinx/vcu128/1.1/1.1/board.xml as part xcvu37p-fsvh2892-2l-e-es1 specified in board_part file is either invalid or not available
WARNING: [Board 49-26] cannot add Board Part xilinx.com:vcu129_es:part0:1.0 available at C:/Users/Qlala/AppData/Roaming/Xilinx/Vivado/2019.1/xhub/board_store/XilinxBoardStore/Vivado/2019.1/boards/Xilinx/vcu129/es/1.0/1.0/board.xml as part xcvu29p-fsga2577-2l-e-es1 specified in board_part file is either invalid or not available
