#-----------------------------------------------------------
# Webtalk v2019.1 (64-bit)
# SW Build 2552052 on Fri May 24 14:49:42 MDT 2019
# 
# Start of session at: Thu Feb 20 18:37:07 2020
# Process ID: 18660
# Current directory: C:/Users/DOU_Yuhan/Desktop/A2Projet/Algorithms_ARM/Algorithms_ARM.sdk/webtalk
# Command line: wbtcv.exe -mode batch -source sdk_webtalk.tcl
# Log file: C:/Users/DOU_Yuhan/Desktop/A2Projet/Algorithms_ARM/Algorithms_ARM.sdk/webtalk/webtalk.log
# Journal file: C:/Users/DOU_Yuhan/Desktop/A2Projet/Algorithms_ARM/Algorithms_ARM.sdk/webtalk\webtalk.jou
#-----------------------------------------------------------
source sdk_webtalk.tcl
# webtalk_init -webtalk_dir C:\\Users\\DOU_Yuhan\\Desktop\\A2Projet\\Algorithms_ARM\\Algorithms_ARM.sdk\\webtalk
# webtalk_register_client -client project
# webtalk_add_data -client project -key date_generated -value "2020-02-20 18:36:55" -context "software_version_and_target_device"
# webtalk_add_data -client project -key product_version -value "SDK v2019.1" -context "software_version_and_target_device"
# webtalk_add_data -client project -key build_version -value "2019.1" -context "software_version_and_target_device"
# webtalk_add_data -client project -key os_platform -value "amd64" -context "software_version_and_target_device"
# webtalk_add_data -client project -key registration_id -value "211868377_0_0_128" -context "software_version_and_target_device"
# webtalk_add_data -client project -key tool_flow -value "SDK" -context "software_version_and_target_device"
# webtalk_add_data -client project -key beta -value "false" -context "software_version_and_target_device"
# webtalk_add_data -client project -key route_design -value "NA" -context "software_version_and_target_device"
# webtalk_add_data -client project -key target_family -value "NA" -context "software_version_and_target_device"
# webtalk_add_data -client project -key target_device -value "NA" -context "software_version_and_target_device"
# webtalk_add_data -client project -key target_package -value "NA" -context "software_version_and_target_device"
# webtalk_add_data -client project -key target_speed -value "NA" -context "software_version_and_target_device"
# webtalk_add_data -client project -key random_id -value "9t8bftn81o5nadhdvnniueoe58" -context "software_version_and_target_device"
# webtalk_add_data -client project -key project_id -value "2019.1_7" -context "software_version_and_target_device"
# webtalk_add_data -client project -key project_iteration -value "7" -context "software_version_and_target_device"
# webtalk_add_data -client project -key os_name -value "Microsoft Windows 8 or later , 64-bit" -context "user_environment"
# webtalk_add_data -client project -key os_release -value "major release  (build 9200)" -context "user_environment"
# webtalk_add_data -client project -key cpu_name -value "Intel(R) Core(TM) i7-8565U CPU @ 1.80GHz" -context "user_environment"
# webtalk_add_data -client project -key cpu_speed -value "1992 MHz" -context "user_environment"
# webtalk_add_data -client project -key total_processors -value "1" -context "user_environment"
# webtalk_add_data -client project -key system_ram -value "17.018 GB" -context "user_environment"
# webtalk_register_client -client sdk
# webtalk_add_data -client sdk -key uid -value "1582197861608" -context "sdk\\\\bsp/1582197861608"
# webtalk_add_data -client sdk -key hwid -value "1581254250441" -context "sdk\\\\bsp/1582197861608"
# webtalk_add_data -client sdk -key os -value "standalone" -context "sdk\\\\bsp/1582197861608"
# webtalk_add_data -client sdk -key apptemplate -value "hello_world" -context "sdk\\\\bsp/1582197861608"
# webtalk_add_data -client sdk -key RecordType -value "BSPCreation" -context "sdk\\\\bsp/1582197861608"
# webtalk_add_data -client sdk -key uid -value "1582197886891" -context "sdk\\\\application/1582197886891"
# webtalk_add_data -client sdk -key hwid -value "1581254250441" -context "sdk\\\\application/1582197886891"
# webtalk_add_data -client sdk -key bspid -value "1582197861608" -context "sdk\\\\application/1582197886891"
# webtalk_add_data -client sdk -key newbsp -value "true" -context "sdk\\\\application/1582197886891"
# webtalk_add_data -client sdk -key os -value "standalone" -context "sdk\\\\application/1582197886891"
# webtalk_add_data -client sdk -key apptemplate -value "hello_world" -context "sdk\\\\application/1582197886891"
# webtalk_add_data -client sdk -key RecordType -value "APPCreation" -context "sdk\\\\application/1582197886891"
# webtalk_add_data -client sdk -key LangUsed -value "C" -context "sdk\\\\application/1582197886891"
# webtalk_add_data -client sdk -key Procused -value "ps7_cortexa9" -context "sdk\\\\application/1582197886891"
# webtalk_add_data -client sdk -key projSize -value "271.4140625" -context "sdk\\\\application/1582197886891"
# webtalk_add_data -client sdk -key uid -value "1582207298567" -context "sdk\\\\bsp/1582207298567"
# webtalk_add_data -client sdk -key hwid -value "1581254250441" -context "sdk\\\\bsp/1582207298567"
# webtalk_add_data -client sdk -key os -value "standalone" -context "sdk\\\\bsp/1582207298567"
# webtalk_add_data -client sdk -key apptemplate -value "hello_world" -context "sdk\\\\bsp/1582207298567"
# webtalk_add_data -client sdk -key RecordType -value "BSPCreation" -context "sdk\\\\bsp/1582207298567"
# webtalk_add_data -client sdk -key uid -value "1582207304690" -context "sdk\\\\application/1582207304690"
# webtalk_add_data -client sdk -key hwid -value "1581254250441" -context "sdk\\\\application/1582207304690"
# webtalk_add_data -client sdk -key bspid -value "1582207298567" -context "sdk\\\\application/1582207304690"
# webtalk_add_data -client sdk -key newbsp -value "true" -context "sdk\\\\application/1582207304690"
# webtalk_add_data -client sdk -key os -value "standalone" -context "sdk\\\\application/1582207304690"
# webtalk_add_data -client sdk -key apptemplate -value "hello_world" -context "sdk\\\\application/1582207304690"
# webtalk_add_data -client sdk -key RecordType -value "APPCreation" -context "sdk\\\\application/1582207304690"
# webtalk_add_data -client sdk -key LangUsed -value "C" -context "sdk\\\\application/1582207304690"
# webtalk_add_data -client sdk -key Procused -value "ps7_cortexa9" -context "sdk\\\\application/1582207304690"
# webtalk_add_data -client sdk -key projSize -value "273.5234375" -context "sdk\\\\application/1582207304690"
# webtalk_add_data -client sdk -key uid -value "NA" -context "sdk\\\\bsp/1582220215363"
# webtalk_add_data -client sdk -key RecordType -value "ToolUsage" -context "sdk\\\\bsp/1582220215363"
# webtalk_add_data -client sdk -key BootgenCount -value "0" -context "sdk\\\\bsp/1582220215363"
# webtalk_add_data -client sdk -key DebugCount -value "0" -context "sdk\\\\bsp/1582220215363"
# webtalk_add_data -client sdk -key PerfCount -value "0" -context "sdk\\\\bsp/1582220215363"
# webtalk_add_data -client sdk -key FlashCount -value "0" -context "sdk\\\\bsp/1582220215363"
# webtalk_add_data -client sdk -key CrossTriggCount -value "0" -context "sdk\\\\bsp/1582220215363"
# webtalk_add_data -client sdk -key QemuDebugCount -value "0" -context "sdk\\\\bsp/1582220215363"
# webtalk_transmit -clientid 3043159177 -regid "211868377_0_0_128" -xml C:\\Users\\DOU_Yuhan\\Desktop\\A2Projet\\Algorithms_ARM\\Algorithms_ARM.sdk\\webtalk\\usage_statistics_ext_sdk.xml -html C:\\Users\\DOU_Yuhan\\Desktop\\A2Projet\\Algorithms_ARM\\Algorithms_ARM.sdk\\webtalk\\usage_statistics_ext_sdk.html -wdm C:\\Users\\DOU_Yuhan\\Desktop\\A2Projet\\Algorithms_ARM\\Algorithms_ARM.sdk\\webtalk\\sdk_webtalk.wdm -intro "<H3>SDK Usage Report</H3><BR>"
# webtalk_terminate
INFO: [Common 17-206] Exiting Webtalk at Thu Feb 20 18:37:07 2020...
