#-----------------------------------------------------------
# Webtalk v2019.1 (64-bit)
# SW Build 2552052 on Fri May 24 14:49:42 MDT 2019
# 
# Start of session at: Sun Feb  9 19:19:13 2020
# Process ID: 21448
# Current directory: C:/Users/DOU_Yuhan/Desktop/A2Projet/Algorithms_ARM/Algorithms_ARM.sdk/webtalk
# Command line: wbtcv.exe -mode batch -source sdk_webtalk.tcl
# Log file: C:/Users/DOU_Yuhan/Desktop/A2Projet/Algorithms_ARM/Algorithms_ARM.sdk/webtalk/webtalk.log
# Journal file: C:/Users/DOU_Yuhan/Desktop/A2Projet/Algorithms_ARM/Algorithms_ARM.sdk/webtalk\webtalk.jou
#-----------------------------------------------------------
source sdk_webtalk.tcl
# webtalk_init -webtalk_dir C:\\Users\\DOU_Yuhan\\Desktop\\A2Projet\\Algorithms_ARM\\Algorithms_ARM.sdk\\webtalk
# webtalk_register_client -client project
# webtalk_add_data -client project -key date_generated -value "2020-02-09 19:19:06" -context "software_version_and_target_device"
# webtalk_add_data -client project -key product_version -value "SDK v2019.1" -context "software_version_and_target_device"
# webtalk_add_data -client project -key build_version -value "2019.1" -context "software_version_and_target_device"
# webtalk_add_data -client project -key os_platform -value "amd64" -context "software_version_and_target_device"
# webtalk_add_data -client project -key registration_id -value "211868377_0_0_128" -context "software_version_and_target_device"
# webtalk_add_data -client project -key tool_flow -value "SDK" -context "software_version_and_target_device"
# webtalk_add_data -client project -key beta -value "false" -context "software_version_and_target_device"
# webtalk_add_data -client project -key route_design -value "NA" -context "software_version_and_target_device"
# webtalk_add_data -client project -key target_family -value "NA" -context "software_version_and_target_device"
# webtalk_add_data -client project -key target_device -value "NA" -context "software_version_and_target_device"
# webtalk_add_data -client project -key target_package -value "NA" -context "software_version_and_target_device"
# webtalk_add_data -client project -key target_speed -value "NA" -context "software_version_and_target_device"
# webtalk_add_data -client project -key random_id -value "f17b2vj2m06i32apeeknq4pg17" -context "software_version_and_target_device"
# webtalk_add_data -client project -key project_id -value "2019.1_4" -context "software_version_and_target_device"
# webtalk_add_data -client project -key project_iteration -value "4" -context "software_version_and_target_device"
# webtalk_add_data -client project -key os_name -value "Microsoft Windows 8 or later , 64-bit" -context "user_environment"
# webtalk_add_data -client project -key os_release -value "major release  (build 9200)" -context "user_environment"
# webtalk_add_data -client project -key cpu_name -value "Intel(R) Core(TM) i7-8565U CPU @ 1.80GHz" -context "user_environment"
# webtalk_add_data -client project -key cpu_speed -value "1992 MHz" -context "user_environment"
# webtalk_add_data -client project -key total_processors -value "1" -context "user_environment"
# webtalk_add_data -client project -key system_ram -value "17.018 GB" -context "user_environment"
# webtalk_register_client -client sdk
# webtalk_add_data -client sdk -key uid -value "1581254250441" -context "sdk\\\\hardware/1581254250441"
# webtalk_add_data -client sdk -key isZynq -value "true" -context "sdk\\\\hardware/1581254250441"
# webtalk_add_data -client sdk -key isZynqMP -value "false" -context "sdk\\\\hardware/1581254250441"
# webtalk_add_data -client sdk -key Processors -value "2" -context "sdk\\\\hardware/1581254250441"
# webtalk_add_data -client sdk -key VivadoVersion -value "2019.1" -context "sdk\\\\hardware/1581254250441"
# webtalk_add_data -client sdk -key Arch -value "zynq" -context "sdk\\\\hardware/1581254250441"
# webtalk_add_data -client sdk -key Device -value "7z020" -context "sdk\\\\hardware/1581254250441"
# webtalk_add_data -client sdk -key IsHandoff -value "true" -context "sdk\\\\hardware/1581254250441"
# webtalk_add_data -client sdk -key os -value "NA" -context "sdk\\\\hardware/1581254250441"
# webtalk_add_data -client sdk -key apptemplate -value "NA" -context "sdk\\\\hardware/1581254250441"
# webtalk_add_data -client sdk -key RecordType -value "HWCreation" -context "sdk\\\\hardware/1581254250441"
# webtalk_add_data -client sdk -key uid -value "1581254738241" -context "sdk\\\\bsp/1581254738241"
# webtalk_add_data -client sdk -key hwid -value "1581254250441" -context "sdk\\\\bsp/1581254738241"
# webtalk_add_data -client sdk -key os -value "standalone" -context "sdk\\\\bsp/1581254738241"
# webtalk_add_data -client sdk -key apptemplate -value "hello_world" -context "sdk\\\\bsp/1581254738241"
# webtalk_add_data -client sdk -key RecordType -value "BSPCreation" -context "sdk\\\\bsp/1581254738241"
# webtalk_add_data -client sdk -key uid -value "1581254759018" -context "sdk\\\\application/1581254759018"
# webtalk_add_data -client sdk -key hwid -value "1581254250441" -context "sdk\\\\application/1581254759018"
# webtalk_add_data -client sdk -key bspid -value "1581254738241" -context "sdk\\\\application/1581254759018"
# webtalk_add_data -client sdk -key newbsp -value "true" -context "sdk\\\\application/1581254759018"
# webtalk_add_data -client sdk -key os -value "standalone" -context "sdk\\\\application/1581254759018"
# webtalk_add_data -client sdk -key apptemplate -value "hello_world" -context "sdk\\\\application/1581254759018"
# webtalk_add_data -client sdk -key RecordType -value "APPCreation" -context "sdk\\\\application/1581254759018"
# webtalk_add_data -client sdk -key LangUsed -value "C" -context "sdk\\\\application/1581254759018"
# webtalk_add_data -client sdk -key Procused -value "ps7_cortexa9" -context "sdk\\\\application/1581254759018"
# webtalk_add_data -client sdk -key projSize -value "265.140625" -context "sdk\\\\application/1581254759018"
# webtalk_add_data -client sdk -key uid -value "1581256368473" -context "sdk\\\\bsp/1581256368473"
# webtalk_add_data -client sdk -key hwid -value "1581254250441" -context "sdk\\\\bsp/1581256368473"
# webtalk_add_data -client sdk -key os -value "standalone" -context "sdk\\\\bsp/1581256368473"
# webtalk_add_data -client sdk -key apptemplate -value "hello_world" -context "sdk\\\\bsp/1581256368473"
# webtalk_add_data -client sdk -key RecordType -value "BSPCreation" -context "sdk\\\\bsp/1581256368473"
# webtalk_add_data -client sdk -key uid -value "1581256375024" -context "sdk\\\\application/1581256375024"
# webtalk_add_data -client sdk -key hwid -value "1581254250441" -context "sdk\\\\application/1581256375024"
# webtalk_add_data -client sdk -key bspid -value "1581256368473" -context "sdk\\\\application/1581256375024"
# webtalk_add_data -client sdk -key newbsp -value "true" -context "sdk\\\\application/1581256375024"
# webtalk_add_data -client sdk -key os -value "standalone" -context "sdk\\\\application/1581256375024"
# webtalk_add_data -client sdk -key apptemplate -value "hello_world" -context "sdk\\\\application/1581256375024"
# webtalk_add_data -client sdk -key RecordType -value "APPCreation" -context "sdk\\\\application/1581256375024"
# webtalk_add_data -client sdk -key LangUsed -value "C" -context "sdk\\\\application/1581256375024"
# webtalk_add_data -client sdk -key Procused -value "ps7_cortexa9" -context "sdk\\\\application/1581256375024"
# webtalk_add_data -client sdk -key projSize -value "262.421875" -context "sdk\\\\application/1581256375024"
# webtalk_add_data -client sdk -key uid -value "1581257427158" -context "sdk\\\\bsp/1581257427158"
# webtalk_add_data -client sdk -key hwid -value "1581254250441" -context "sdk\\\\bsp/1581257427158"
# webtalk_add_data -client sdk -key os -value "standalone" -context "sdk\\\\bsp/1581257427158"
# webtalk_add_data -client sdk -key apptemplate -value "hello_world" -context "sdk\\\\bsp/1581257427158"
# webtalk_add_data -client sdk -key RecordType -value "BSPCreation" -context "sdk\\\\bsp/1581257427158"
# webtalk_add_data -client sdk -key uid -value "1581257429422" -context "sdk\\\\application/1581257429422"
# webtalk_add_data -client sdk -key hwid -value "1581254250441" -context "sdk\\\\application/1581257429422"
# webtalk_add_data -client sdk -key bspid -value "1581257427158" -context "sdk\\\\application/1581257429422"
# webtalk_add_data -client sdk -key newbsp -value "true" -context "sdk\\\\application/1581257429422"
# webtalk_add_data -client sdk -key os -value "standalone" -context "sdk\\\\application/1581257429422"
# webtalk_add_data -client sdk -key apptemplate -value "hello_world" -context "sdk\\\\application/1581257429422"
# webtalk_add_data -client sdk -key RecordType -value "APPCreation" -context "sdk\\\\application/1581257429422"
# webtalk_add_data -client sdk -key LangUsed -value "C" -context "sdk\\\\application/1581257429422"
# webtalk_add_data -client sdk -key Procused -value "ps7_cortexa9" -context "sdk\\\\application/1581257429422"
# webtalk_add_data -client sdk -key projSize -value "325.6953125" -context "sdk\\\\application/1581257429422"
# webtalk_add_data -client sdk -key uid -value "1581269630193" -context "sdk\\\\bsp/1581269630193"
# webtalk_add_data -client sdk -key hwid -value "1581254250441" -context "sdk\\\\bsp/1581269630193"
# webtalk_add_data -client sdk -key os -value "standalone" -context "sdk\\\\bsp/1581269630193"
# webtalk_add_data -client sdk -key apptemplate -value "hello_world" -context "sdk\\\\bsp/1581269630193"
# webtalk_add_data -client sdk -key RecordType -value "BSPCreation" -context "sdk\\\\bsp/1581269630193"
# webtalk_add_data -client sdk -key uid -value "1581269634559" -context "sdk\\\\application/1581269634559"
# webtalk_add_data -client sdk -key hwid -value "1581254250441" -context "sdk\\\\application/1581269634559"
# webtalk_add_data -client sdk -key bspid -value "1581269630193" -context "sdk\\\\application/1581269634559"
# webtalk_add_data -client sdk -key newbsp -value "true" -context "sdk\\\\application/1581269634559"
# webtalk_add_data -client sdk -key os -value "standalone" -context "sdk\\\\application/1581269634559"
# webtalk_add_data -client sdk -key apptemplate -value "hello_world" -context "sdk\\\\application/1581269634559"
# webtalk_add_data -client sdk -key RecordType -value "APPCreation" -context "sdk\\\\application/1581269634559"
# webtalk_add_data -client sdk -key LangUsed -value "C" -context "sdk\\\\application/1581269634559"
# webtalk_add_data -client sdk -key Procused -value "ps7_cortexa9" -context "sdk\\\\application/1581269634559"
# webtalk_add_data -client sdk -key projSize -value "324.59765625" -context "sdk\\\\application/1581269634559"
# webtalk_add_data -client sdk -key uid -value "1581270623602" -context "sdk\\\\bsp/1581270623602"
# webtalk_add_data -client sdk -key hwid -value "1581254250441" -context "sdk\\\\bsp/1581270623602"
# webtalk_add_data -client sdk -key os -value "standalone" -context "sdk\\\\bsp/1581270623602"
# webtalk_add_data -client sdk -key apptemplate -value "hello_world" -context "sdk\\\\bsp/1581270623602"
# webtalk_add_data -client sdk -key RecordType -value "BSPCreation" -context "sdk\\\\bsp/1581270623602"
# webtalk_add_data -client sdk -key uid -value "1581270627660" -context "sdk\\\\application/1581270627660"
# webtalk_add_data -client sdk -key hwid -value "1581254250441" -context "sdk\\\\application/1581270627660"
# webtalk_add_data -client sdk -key bspid -value "1581270623602" -context "sdk\\\\application/1581270627660"
# webtalk_add_data -client sdk -key newbsp -value "true" -context "sdk\\\\application/1581270627660"
# webtalk_add_data -client sdk -key os -value "standalone" -context "sdk\\\\application/1581270627660"
# webtalk_add_data -client sdk -key apptemplate -value "hello_world" -context "sdk\\\\application/1581270627660"
# webtalk_add_data -client sdk -key RecordType -value "APPCreation" -context "sdk\\\\application/1581270627660"
# webtalk_add_data -client sdk -key LangUsed -value "C" -context "sdk\\\\application/1581270627660"
# webtalk_add_data -client sdk -key Procused -value "ps7_cortexa9" -context "sdk\\\\application/1581270627660"
# webtalk_add_data -client sdk -key projSize -value "288.44921875" -context "sdk\\\\application/1581270627660"
# webtalk_add_data -client sdk -key uid -value "NA" -context "sdk\\\\bsp/1581272343218"
# webtalk_add_data -client sdk -key RecordType -value "ToolUsage" -context "sdk\\\\bsp/1581272343218"
# webtalk_add_data -client sdk -key BootgenCount -value "0" -context "sdk\\\\bsp/1581272343218"
# webtalk_add_data -client sdk -key DebugCount -value "0" -context "sdk\\\\bsp/1581272343218"
# webtalk_add_data -client sdk -key PerfCount -value "0" -context "sdk\\\\bsp/1581272343218"
# webtalk_add_data -client sdk -key FlashCount -value "0" -context "sdk\\\\bsp/1581272343218"
# webtalk_add_data -client sdk -key CrossTriggCount -value "0" -context "sdk\\\\bsp/1581272343218"
# webtalk_add_data -client sdk -key QemuDebugCount -value "0" -context "sdk\\\\bsp/1581272343218"
# webtalk_transmit -clientid 468386454 -regid "211868377_0_0_128" -xml C:\\Users\\DOU_Yuhan\\Desktop\\A2Projet\\Algorithms_ARM\\Algorithms_ARM.sdk\\webtalk\\usage_statistics_ext_sdk.xml -html C:\\Users\\DOU_Yuhan\\Desktop\\A2Projet\\Algorithms_ARM\\Algorithms_ARM.sdk\\webtalk\\usage_statistics_ext_sdk.html -wdm C:\\Users\\DOU_Yuhan\\Desktop\\A2Projet\\Algorithms_ARM\\Algorithms_ARM.sdk\\webtalk\\sdk_webtalk.wdm -intro "<H3>SDK Usage Report</H3><BR>"
# webtalk_terminate
INFO: [Common 17-206] Exiting Webtalk at Sun Feb  9 19:19:13 2020...
