

================================================================
== Vivado HLS Report for 'multiply_block'
================================================================
* Date:           Tue Feb 25 19:21:44 2020

* Version:        2019.1 (Build 2552052 on Fri May 24 15:28:33 MDT 2019)
* Project:        block_matrix_64
* Solution:       solution1
* Product family: zynq
* Target device:  xc7z010i-clg225-1L


================================================================
== Performance Estimates
================================================================
+ Timing (ns): 
    * Summary: 
    +--------+-------+----------+------------+
    |  Clock | Target| Estimated| Uncertainty|
    +--------+-------+----------+------------+
    |ap_clk  |  10.00|     8.750|        1.25|
    +--------+-------+----------+------------+

+ Latency (clock cycles): 
    * Summary: 
    +--------+--------+--------+--------+---------+
    |     Latency     |     Interval    | Pipeline|
    |   min  |   max  |   min  |   max  |   Type  |
    +--------+--------+--------+--------+---------+
    |  286626|  286626|  286626|  286626|   none  |
    +--------+--------+--------+--------+---------+

    + Detail: 
        * Instance: 
        N/A

        * Loop: 
        +-------------------------+--------+--------+----------+-----------+-----------+-------+----------+
        |                         |     Latency     | Iteration|  Initiation Interval  |  Trip |          |
        |        Loop Name        |   min  |   max  |  Latency |  achieved |   target  | Count | Pipelined|
        +-------------------------+--------+--------+----------+-----------+-----------+-------+----------+
        |- multiply_block_label0  |   41024|   41024|       641|          -|          -|     64|    no    |
        | + memcpy_               |     639|     639|        10|          -|          -|     64|    no    |
        |- multiply_block_label1  |   41024|   41024|       641|          -|          -|     64|    no    |
        | + memcpy_               |     639|     639|        10|          -|          -|     64|    no    |
        |- multiply_block_label2  |   41024|   41024|       641|          -|          -|     64|    no    |
        | + memcpy_               |     639|     639|        10|          -|          -|     64|    no    |
        |- i_loop_k_loop_ii_loop  |  131096|  131096|        33|          8|          1|  16384|    yes   |
        |- memcpy_                |     191|     191|         3|          -|          -|     64|    no    |
        |- memcpy_                |     511|     511|         8|          -|          -|     64|    no    |
        |- memcpy_                |     511|     511|         8|          -|          -|     64|    no    |
        |- memcpy_                |     511|     511|         8|          -|          -|     64|    no    |
        |- memcpy_                |     511|     511|         8|          -|          -|     64|    no    |
        |- memcpy_                |     511|     511|         8|          -|          -|     64|    no    |
        |- memcpy_                |     511|     511|         8|          -|          -|     64|    no    |
        |- memcpy_                |     511|     511|         8|          -|          -|     64|    no    |
        |- memcpy_                |     511|     511|         8|          -|          -|     64|    no    |
        |- memcpy_                |     511|     511|         8|          -|          -|     64|    no    |
        |- memcpy_                |     511|     511|         8|          -|          -|     64|    no    |
        |- memcpy_                |     511|     511|         8|          -|          -|     64|    no    |
        |- memcpy_                |     511|     511|         8|          -|          -|     64|    no    |
        |- memcpy_                |     511|     511|         8|          -|          -|     64|    no    |
        |- memcpy_                |     511|     511|         8|          -|          -|     64|    no    |
        |- memcpy_                |     511|     511|         8|          -|          -|     64|    no    |
        |- memcpy_                |     511|     511|         8|          -|          -|     64|    no    |
        |- memcpy_                |     511|     511|         8|          -|          -|     64|    no    |
        |- memcpy_                |     511|     511|         8|          -|          -|     64|    no    |
        |- memcpy_                |     511|     511|         8|          -|          -|     64|    no    |
        |- memcpy_                |     511|     511|         8|          -|          -|     64|    no    |
        |- memcpy_                |     511|     511|         8|          -|          -|     64|    no    |
        |- memcpy_                |     511|     511|         8|          -|          -|     64|    no    |
        |- memcpy_                |     511|     511|         8|          -|          -|     64|    no    |
        |- memcpy_                |     511|     511|         8|          -|          -|     64|    no    |
        |- memcpy_                |     511|     511|         8|          -|          -|     64|    no    |
        |- memcpy_                |     511|     511|         8|          -|          -|     64|    no    |
        |- memcpy_                |     511|     511|         8|          -|          -|     64|    no    |
        |- memcpy_                |     511|     511|         8|          -|          -|     64|    no    |
        |- memcpy_                |     511|     511|         8|          -|          -|     64|    no    |
        |- memcpy_                |     511|     511|         8|          -|          -|     64|    no    |
        |- memcpy_                |     511|     511|         8|          -|          -|     64|    no    |
        |- memcpy_                |     511|     511|         8|          -|          -|     64|    no    |
        |- memcpy_                |     511|     511|         8|          -|          -|     64|    no    |
        |- memcpy_                |     511|     511|         8|          -|          -|     64|    no    |
        |- memcpy_                |     511|     511|         8|          -|          -|     64|    no    |
        |- memcpy_                |     511|     511|         8|          -|          -|     64|    no    |
        |- memcpy_                |     511|     511|         8|          -|          -|     64|    no    |
        |- memcpy_                |     511|     511|         8|          -|          -|     64|    no    |
        |- memcpy_                |     511|     511|         8|          -|          -|     64|    no    |
        |- memcpy_                |     511|     511|         8|          -|          -|     64|    no    |
        |- memcpy_                |     511|     511|         8|          -|          -|     64|    no    |
        |- memcpy_                |     511|     511|         8|          -|          -|     64|    no    |
        |- memcpy_                |     511|     511|         8|          -|          -|     64|    no    |
        |- memcpy_                |     511|     511|         8|          -|          -|     64|    no    |
        |- memcpy_                |     511|     511|         8|          -|          -|     64|    no    |
        |- memcpy_                |     511|     511|         8|          -|          -|     64|    no    |
        |- memcpy_                |     511|     511|         8|          -|          -|     64|    no    |
        |- memcpy_                |     511|     511|         8|          -|          -|     64|    no    |
        |- memcpy_                |     511|     511|         8|          -|          -|     64|    no    |
        |- memcpy_                |     511|     511|         8|          -|          -|     64|    no    |
        |- memcpy_                |     511|     511|         8|          -|          -|     64|    no    |
        |- memcpy_                |     511|     511|         8|          -|          -|     64|    no    |
        |- memcpy_                |     511|     511|         8|          -|          -|     64|    no    |
        |- memcpy_                |     511|     511|         8|          -|          -|     64|    no    |
        |- memcpy_                |     511|     511|         8|          -|          -|     64|    no    |
        |- memcpy_                |     511|     511|         8|          -|          -|     64|    no    |
        |- memcpy_                |     511|     511|         8|          -|          -|     64|    no    |
        |- memcpy_                |     511|     511|         8|          -|          -|     64|    no    |
        |- memcpy_                |     511|     511|         8|          -|          -|     64|    no    |
        |- memcpy_                |     511|     511|         8|          -|          -|     64|    no    |
        |- memcpy_                |     511|     511|         8|          -|          -|     64|    no    |
        |- memcpy_                |     511|     511|         8|          -|          -|     64|    no    |
        |- memcpy_                |     511|     511|         8|          -|          -|     64|    no    |
        +-------------------------+--------+--------+----------+-----------+-----------+-------+----------+



================================================================
== Utilization Estimates
================================================================
* Summary: 
+-----------------+---------+-------+-------+-------+-----+
|       Name      | BRAM_18K| DSP48E|   FF  |  LUT  | URAM|
+-----------------+---------+-------+-------+-------+-----+
|DSP              |        -|      -|      -|      -|    -|
|Expression       |        -|      -|      0|   8794|    -|
|FIFO             |        -|      -|      -|      -|    -|
|Instance         |        4|     10|   1870|   2814|    -|
|Memory           |       24|      -|      0|      0|    0|
|Multiplexer      |        -|      -|      -|   4152|    -|
|Register         |        0|      -|   6293|    224|    -|
+-----------------+---------+-------+-------+-------+-----+
|Total            |       28|     10|   8163|  15984|    0|
+-----------------+---------+-------+-------+-------+-----+
|Available        |      120|     80|  35200|  17600|    0|
+-----------------+---------+-------+-------+-------+-----+
|Utilization (%)  |       23|     12|     23|     90|    0|
+-----------------+---------+-------+-------+-------+-----+

+ Detail: 
    * Instance: 
    +--------------------------------------------------+-----------------------------------------------+---------+-------+-----+-----+-----+
    |                     Instance                     |                     Module                    | BRAM_18K| DSP48E|  FF | LUT | URAM|
    +--------------------------------------------------+-----------------------------------------------+---------+-------+-----+-----+-----+
    |multiply_block_CONTROL_BUS_s_axi_U                |multiply_block_CONTROL_BUS_s_axi               |        0|      0|  150|  232|    0|
    |multiply_block_INPUT_r_m_axi_U                    |multiply_block_INPUT_r_m_axi                   |        2|      0|  512|  580|    0|
    |multiply_block_OUTPUT_r_m_axi_U                   |multiply_block_OUTPUT_r_m_axi                  |        2|      0|  512|  580|    0|
    |multiply_block_fadd_32ns_32ns_32_5_full_dsp_1_U1  |multiply_block_fadd_32ns_32ns_32_5_full_dsp_1  |        0|      2|  205|  390|    0|
    |multiply_block_fadd_32ns_32ns_32_5_full_dsp_1_U2  |multiply_block_fadd_32ns_32ns_32_5_full_dsp_1  |        0|      2|  205|  390|    0|
    |multiply_block_fmul_32ns_32ns_32_4_max_dsp_1_U3   |multiply_block_fmul_32ns_32ns_32_4_max_dsp_1   |        0|      3|  143|  321|    0|
    |multiply_block_fmul_32ns_32ns_32_4_max_dsp_1_U4   |multiply_block_fmul_32ns_32ns_32_4_max_dsp_1   |        0|      3|  143|  321|    0|
    +--------------------------------------------------+-----------------------------------------------+---------+-------+-----+-----+-----+
    |Total                                             |                                               |        4|     10| 1870| 2814|    0|
    +--------------------------------------------------+-----------------------------------------------+---------+-------+-----+-----+-----+

    * DSP48E: 
    N/A

    * Memory: 
    +-------+-------------------+---------+---+----+-----+------+-----+------+-------------+
    | Memory|       Module      | BRAM_18K| FF| LUT| URAM| Words| Bits| Banks| W*Bits*Banks|
    +-------+-------------------+---------+---+----+-----+------+-----+------+-------------+
    |mA_U   |multiply_block_mA  |        8|  0|   0|    0|  4096|   32|     1|       131072|
    |mB_U   |multiply_block_mA  |        8|  0|   0|    0|  4096|   32|     1|       131072|
    |mC_U   |multiply_block_mC  |        8|  0|   0|    0|  4096|   32|     1|       131072|
    +-------+-------------------+---------+---+----+-----+------+-----+------+-------------+
    |Total  |                   |       24|  0|   0|    0| 12288|   96|     3|       393216|
    +-------+-------------------+---------+---+----+-----+------+-----+------+-------------+

    * FIFO: 
    N/A

    * Expression: 
    +---------------------------+----------+-------+---+----+------------+------------+
    |       Variable Name       | Operation| DSP48E| FF| LUT| Bitwidth P0| Bitwidth P1|
    +---------------------------+----------+-------+---+----+------------+------------+
    |add_ln21_1_fu_3165_p2      |     +    |      0|  0|  38|          31|          31|
    |add_ln21_fu_3147_p2        |     +    |      0|  0|  15|           6|           1|
    |add_ln23_1_fu_3220_p2      |     +    |      0|  0|  38|          31|          31|
    |add_ln23_fu_3202_p2        |     +    |      0|  0|  15|           6|           1|
    |add_ln25_1_fu_3275_p2      |     +    |      0|  0|  38|          31|          31|
    |add_ln25_fu_3257_p2        |     +    |      0|  0|  15|           6|           1|
    |add_ln30_fu_3526_p2        |     +    |      0|  0|  21|           1|          15|
    |add_ln31_1_fu_3640_p2      |     +    |      0|  0|  12|           1|          12|
    |add_ln32_1_fu_3634_p2      |     +    |      0|  0|  15|           1|           8|
    |add_ln40_10_fu_4194_p2     |     +    |      0|  0|  17|          13|          13|
    |add_ln40_11_fu_3822_p2     |     +    |      0|  0|  19|          14|          14|
    |add_ln40_12_fu_3857_p2     |     +    |      0|  0|  19|          14|          14|
    |add_ln40_1_fu_3346_p2      |     +    |      0|  0|  19|          14|          14|
    |add_ln40_2_fu_3394_p2      |     +    |      0|  0|  17|          13|          13|
    |add_ln40_3_fu_3442_p2      |     +    |      0|  0|  17|          13|          13|
    |add_ln40_4_fu_3490_p2      |     +    |      0|  0|  17|          13|          13|
    |add_ln40_5_fu_4098_p2      |     +    |      0|  0|  15|           7|           8|
    |add_ln40_6_fu_4122_p2      |     +    |      0|  0|  15|           8|           9|
    |add_ln40_7_fu_3749_p2      |     +    |      0|  0|  19|          14|          14|
    |add_ln40_8_fu_4157_p2      |     +    |      0|  0|  17|          13|          13|
    |add_ln40_9_fu_4365_p2      |     +    |      0|  0|  17|          13|          13|
    |add_ln40_fu_3804_p2        |     +    |      0|  0|  15|           7|           7|
    |add_ln49_100_fu_5802_p2    |     +    |      0|  0|  71|          64|          64|
    |add_ln49_101_fu_5834_p2    |     +    |      0|  0|  71|          64|          64|
    |add_ln49_102_fu_5866_p2    |     +    |      0|  0|  71|          64|          64|
    |add_ln49_103_fu_5898_p2    |     +    |      0|  0|  71|          64|          64|
    |add_ln49_104_fu_5930_p2    |     +    |      0|  0|  71|          64|          64|
    |add_ln49_105_fu_5962_p2    |     +    |      0|  0|  71|          64|          64|
    |add_ln49_106_fu_5994_p2    |     +    |      0|  0|  71|          64|          64|
    |add_ln49_107_fu_6026_p2    |     +    |      0|  0|  71|          64|          64|
    |add_ln49_108_fu_6058_p2    |     +    |      0|  0|  71|          64|          64|
    |add_ln49_109_fu_6090_p2    |     +    |      0|  0|  71|          64|          64|
    |add_ln49_10_fu_4923_p2     |     +    |      0|  0|  15|           6|           1|
    |add_ln49_110_fu_6122_p2    |     +    |      0|  0|  71|          64|          64|
    |add_ln49_111_fu_6154_p2    |     +    |      0|  0|  71|          64|          64|
    |add_ln49_112_fu_6186_p2    |     +    |      0|  0|  71|          64|          64|
    |add_ln49_113_fu_6218_p2    |     +    |      0|  0|  71|          64|          64|
    |add_ln49_114_fu_6250_p2    |     +    |      0|  0|  71|          64|          64|
    |add_ln49_115_fu_6282_p2    |     +    |      0|  0|  71|          64|          64|
    |add_ln49_116_fu_6314_p2    |     +    |      0|  0|  71|          64|          64|
    |add_ln49_117_fu_6346_p2    |     +    |      0|  0|  71|          64|          64|
    |add_ln49_118_fu_6378_p2    |     +    |      0|  0|  71|          64|          64|
    |add_ln49_119_fu_6410_p2    |     +    |      0|  0|  71|          64|          64|
    |add_ln49_11_fu_4955_p2     |     +    |      0|  0|  15|           6|           1|
    |add_ln49_120_fu_6442_p2    |     +    |      0|  0|  71|          64|          64|
    |add_ln49_121_fu_6474_p2    |     +    |      0|  0|  71|          64|          64|
    |add_ln49_122_fu_6506_p2    |     +    |      0|  0|  71|          64|          64|
    |add_ln49_123_fu_6538_p2    |     +    |      0|  0|  71|          64|          64|
    |add_ln49_124_fu_6570_p2    |     +    |      0|  0|  71|          64|          64|
    |add_ln49_125_fu_6602_p2    |     +    |      0|  0|  71|          64|          64|
    |add_ln49_126_fu_6634_p2    |     +    |      0|  0|  71|          64|          64|
    |add_ln49_12_fu_4987_p2     |     +    |      0|  0|  15|           6|           1|
    |add_ln49_13_fu_5019_p2     |     +    |      0|  0|  15|           6|           1|
    |add_ln49_14_fu_5051_p2     |     +    |      0|  0|  15|           6|           1|
    |add_ln49_15_fu_5083_p2     |     +    |      0|  0|  15|           6|           1|
    |add_ln49_16_fu_5115_p2     |     +    |      0|  0|  15|           6|           1|
    |add_ln49_17_fu_5147_p2     |     +    |      0|  0|  15|           6|           1|
    |add_ln49_18_fu_5179_p2     |     +    |      0|  0|  15|           6|           1|
    |add_ln49_19_fu_5211_p2     |     +    |      0|  0|  15|           6|           1|
    |add_ln49_1_fu_4635_p2      |     +    |      0|  0|  15|           6|           1|
    |add_ln49_20_fu_5243_p2     |     +    |      0|  0|  15|           6|           1|
    |add_ln49_21_fu_5275_p2     |     +    |      0|  0|  15|           6|           1|
    |add_ln49_22_fu_5307_p2     |     +    |      0|  0|  15|           6|           1|
    |add_ln49_23_fu_5339_p2     |     +    |      0|  0|  15|           6|           1|
    |add_ln49_24_fu_5371_p2     |     +    |      0|  0|  15|           6|           1|
    |add_ln49_25_fu_5403_p2     |     +    |      0|  0|  15|           6|           1|
    |add_ln49_26_fu_5435_p2     |     +    |      0|  0|  15|           6|           1|
    |add_ln49_27_fu_5467_p2     |     +    |      0|  0|  15|           6|           1|
    |add_ln49_28_fu_5499_p2     |     +    |      0|  0|  15|           6|           1|
    |add_ln49_29_fu_5531_p2     |     +    |      0|  0|  15|           6|           1|
    |add_ln49_2_fu_4667_p2      |     +    |      0|  0|  15|           6|           1|
    |add_ln49_30_fu_5563_p2     |     +    |      0|  0|  15|           6|           1|
    |add_ln49_31_fu_5595_p2     |     +    |      0|  0|  15|           6|           1|
    |add_ln49_32_fu_5627_p2     |     +    |      0|  0|  15|           6|           1|
    |add_ln49_33_fu_5659_p2     |     +    |      0|  0|  15|           6|           1|
    |add_ln49_34_fu_5691_p2     |     +    |      0|  0|  15|           6|           1|
    |add_ln49_35_fu_5723_p2     |     +    |      0|  0|  15|           6|           1|
    |add_ln49_36_fu_5755_p2     |     +    |      0|  0|  15|           6|           1|
    |add_ln49_37_fu_5787_p2     |     +    |      0|  0|  15|           6|           1|
    |add_ln49_38_fu_5819_p2     |     +    |      0|  0|  15|           6|           1|
    |add_ln49_39_fu_5851_p2     |     +    |      0|  0|  15|           6|           1|
    |add_ln49_3_fu_4699_p2      |     +    |      0|  0|  15|           6|           1|
    |add_ln49_40_fu_5883_p2     |     +    |      0|  0|  15|           6|           1|
    |add_ln49_41_fu_5915_p2     |     +    |      0|  0|  15|           6|           1|
    |add_ln49_42_fu_5947_p2     |     +    |      0|  0|  15|           6|           1|
    |add_ln49_43_fu_5979_p2     |     +    |      0|  0|  15|           6|           1|
    |add_ln49_44_fu_6011_p2     |     +    |      0|  0|  15|           6|           1|
    |add_ln49_45_fu_6043_p2     |     +    |      0|  0|  15|           6|           1|
    |add_ln49_46_fu_6075_p2     |     +    |      0|  0|  15|           6|           1|
    |add_ln49_47_fu_6107_p2     |     +    |      0|  0|  15|           6|           1|
    |add_ln49_48_fu_6139_p2     |     +    |      0|  0|  15|           6|           1|
    |add_ln49_49_fu_6171_p2     |     +    |      0|  0|  15|           6|           1|
    |add_ln49_4_fu_4731_p2      |     +    |      0|  0|  15|           6|           1|
    |add_ln49_50_fu_6203_p2     |     +    |      0|  0|  15|           6|           1|
    |add_ln49_51_fu_6235_p2     |     +    |      0|  0|  15|           6|           1|
    |add_ln49_52_fu_6267_p2     |     +    |      0|  0|  15|           6|           1|
    |add_ln49_53_fu_6299_p2     |     +    |      0|  0|  15|           6|           1|
    |add_ln49_54_fu_6331_p2     |     +    |      0|  0|  15|           6|           1|
    |add_ln49_55_fu_6363_p2     |     +    |      0|  0|  15|           6|           1|
    |add_ln49_56_fu_6395_p2     |     +    |      0|  0|  15|           6|           1|
    |add_ln49_57_fu_6427_p2     |     +    |      0|  0|  15|           6|           1|
    |add_ln49_58_fu_6459_p2     |     +    |      0|  0|  15|           6|           1|
    |add_ln49_59_fu_6491_p2     |     +    |      0|  0|  15|           6|           1|
    |add_ln49_5_fu_4763_p2      |     +    |      0|  0|  15|           6|           1|
    |add_ln49_60_fu_6523_p2     |     +    |      0|  0|  15|           6|           1|
    |add_ln49_61_fu_6555_p2     |     +    |      0|  0|  15|           6|           1|
    |add_ln49_62_fu_6587_p2     |     +    |      0|  0|  15|           6|           1|
    |add_ln49_63_fu_6619_p2     |     +    |      0|  0|  15|           6|           1|
    |add_ln49_64_fu_4650_p2     |     +    |      0|  0|  71|          64|          64|
    |add_ln49_65_fu_4682_p2     |     +    |      0|  0|  71|          64|          64|
    |add_ln49_66_fu_4714_p2     |     +    |      0|  0|  71|          64|          64|
    |add_ln49_67_fu_4746_p2     |     +    |      0|  0|  71|          64|          64|
    |add_ln49_68_fu_4778_p2     |     +    |      0|  0|  71|          64|          64|
    |add_ln49_69_fu_4810_p2     |     +    |      0|  0|  71|          64|          64|
    |add_ln49_6_fu_4795_p2      |     +    |      0|  0|  15|           6|           1|
    |add_ln49_70_fu_4842_p2     |     +    |      0|  0|  71|          64|          64|
    |add_ln49_71_fu_4874_p2     |     +    |      0|  0|  71|          64|          64|
    |add_ln49_72_fu_4906_p2     |     +    |      0|  0|  71|          64|          64|
    |add_ln49_73_fu_4938_p2     |     +    |      0|  0|  71|          64|          64|
    |add_ln49_74_fu_4970_p2     |     +    |      0|  0|  71|          64|          64|
    |add_ln49_75_fu_5002_p2     |     +    |      0|  0|  71|          64|          64|
    |add_ln49_76_fu_5034_p2     |     +    |      0|  0|  71|          64|          64|
    |add_ln49_77_fu_5066_p2     |     +    |      0|  0|  71|          64|          64|
    |add_ln49_78_fu_5098_p2     |     +    |      0|  0|  71|          64|          64|
    |add_ln49_79_fu_5130_p2     |     +    |      0|  0|  71|          64|          64|
    |add_ln49_7_fu_4827_p2      |     +    |      0|  0|  15|           6|           1|
    |add_ln49_80_fu_5162_p2     |     +    |      0|  0|  71|          64|          64|
    |add_ln49_81_fu_5194_p2     |     +    |      0|  0|  71|          64|          64|
    |add_ln49_82_fu_5226_p2     |     +    |      0|  0|  71|          64|          64|
    |add_ln49_83_fu_5258_p2     |     +    |      0|  0|  71|          64|          64|
    |add_ln49_84_fu_5290_p2     |     +    |      0|  0|  71|          64|          64|
    |add_ln49_85_fu_5322_p2     |     +    |      0|  0|  71|          64|          64|
    |add_ln49_86_fu_5354_p2     |     +    |      0|  0|  71|          64|          64|
    |add_ln49_87_fu_5386_p2     |     +    |      0|  0|  71|          64|          64|
    |add_ln49_88_fu_5418_p2     |     +    |      0|  0|  71|          64|          64|
    |add_ln49_89_fu_5450_p2     |     +    |      0|  0|  71|          64|          64|
    |add_ln49_8_fu_4859_p2      |     +    |      0|  0|  15|           6|           1|
    |add_ln49_90_fu_5482_p2     |     +    |      0|  0|  71|          64|          64|
    |add_ln49_91_fu_5514_p2     |     +    |      0|  0|  71|          64|          64|
    |add_ln49_92_fu_5546_p2     |     +    |      0|  0|  71|          64|          64|
    |add_ln49_93_fu_5578_p2     |     +    |      0|  0|  71|          64|          64|
    |add_ln49_94_fu_5610_p2     |     +    |      0|  0|  71|          64|          64|
    |add_ln49_95_fu_5642_p2     |     +    |      0|  0|  71|          64|          64|
    |add_ln49_96_fu_5674_p2     |     +    |      0|  0|  71|          64|          64|
    |add_ln49_97_fu_5706_p2     |     +    |      0|  0|  71|          64|          64|
    |add_ln49_98_fu_5738_p2     |     +    |      0|  0|  71|          64|          64|
    |add_ln49_99_fu_5770_p2     |     +    |      0|  0|  71|          64|          64|
    |add_ln49_9_fu_4891_p2      |     +    |      0|  0|  15|           6|           1|
    |add_ln49_fu_4618_p2        |     +    |      0|  0|  15|           6|           1|
    |i_4_fu_3196_p2             |     +    |      0|  0|  15|           7|           1|
    |i_6_fu_3532_p2             |     +    |      0|  0|  15|           3|           7|
    |i_7_fu_3251_p2             |     +    |      0|  0|  15|           7|           1|
    |i_fu_3141_p2               |     +    |      0|  0|  15|           7|           1|
    |ii_fu_4215_p2              |     +    |      0|  0|  12|           1|           3|
    |j_fu_3670_p2               |     +    |      0|  0|  15|           3|           7|
    |k_fu_3728_p2               |     +    |      0|  0|  15|           3|           7|
    |and_ln31_1_fu_3576_p2      |    and   |      0|  0|   2|           1|           1|
    |and_ln31_2_fu_3608_p2      |    and   |      0|  0|   2|           1|           1|
    |and_ln31_fu_3564_p2        |    and   |      0|  0|   2|           1|           1|
    |icmp_ln20_fu_3135_p2       |   icmp   |      0|  0|  11|           7|           8|
    |icmp_ln21_fu_3170_p2       |   icmp   |      0|  0|  11|           6|           2|
    |icmp_ln22_fu_3190_p2       |   icmp   |      0|  0|  11|           7|           8|
    |icmp_ln23_fu_3225_p2       |   icmp   |      0|  0|  11|           6|           2|
    |icmp_ln24_fu_3245_p2       |   icmp   |      0|  0|  11|           7|           8|
    |icmp_ln25_fu_3280_p2       |   icmp   |      0|  0|  11|           6|           2|
    |icmp_ln30_fu_3520_p2       |   icmp   |      0|  0|  13|          15|          16|
    |icmp_ln31_fu_3538_p2       |   icmp   |      0|  0|  13|          12|          11|
    |icmp_ln32_fu_3570_p2       |   icmp   |      0|  0|  11|           8|           7|
    |icmp_ln35_fu_3558_p2       |   icmp   |      0|  0|   9|           3|           4|
    |icmp_ln49_10_fu_4949_p2    |   icmp   |      0|  0|  11|           6|           2|
    |icmp_ln49_11_fu_4981_p2    |   icmp   |      0|  0|  11|           6|           2|
    |icmp_ln49_12_fu_5013_p2    |   icmp   |      0|  0|  11|           6|           2|
    |icmp_ln49_13_fu_5045_p2    |   icmp   |      0|  0|  11|           6|           2|
    |icmp_ln49_14_fu_5077_p2    |   icmp   |      0|  0|  11|           6|           2|
    |icmp_ln49_15_fu_5109_p2    |   icmp   |      0|  0|  11|           6|           2|
    |icmp_ln49_16_fu_5141_p2    |   icmp   |      0|  0|  11|           6|           2|
    |icmp_ln49_17_fu_5173_p2    |   icmp   |      0|  0|  11|           6|           2|
    |icmp_ln49_18_fu_5205_p2    |   icmp   |      0|  0|  11|           6|           2|
    |icmp_ln49_19_fu_5237_p2    |   icmp   |      0|  0|  11|           6|           2|
    |icmp_ln49_1_fu_4661_p2     |   icmp   |      0|  0|  11|           6|           2|
    |icmp_ln49_20_fu_5269_p2    |   icmp   |      0|  0|  11|           6|           2|
    |icmp_ln49_21_fu_5301_p2    |   icmp   |      0|  0|  11|           6|           2|
    |icmp_ln49_22_fu_5333_p2    |   icmp   |      0|  0|  11|           6|           2|
    |icmp_ln49_23_fu_5365_p2    |   icmp   |      0|  0|  11|           6|           2|
    |icmp_ln49_24_fu_5397_p2    |   icmp   |      0|  0|  11|           6|           2|
    |icmp_ln49_25_fu_5429_p2    |   icmp   |      0|  0|  11|           6|           2|
    |icmp_ln49_26_fu_5461_p2    |   icmp   |      0|  0|  11|           6|           2|
    |icmp_ln49_27_fu_5493_p2    |   icmp   |      0|  0|  11|           6|           2|
    |icmp_ln49_28_fu_5525_p2    |   icmp   |      0|  0|  11|           6|           2|
    |icmp_ln49_29_fu_5557_p2    |   icmp   |      0|  0|  11|           6|           2|
    |icmp_ln49_2_fu_4693_p2     |   icmp   |      0|  0|  11|           6|           2|
    |icmp_ln49_30_fu_5589_p2    |   icmp   |      0|  0|  11|           6|           2|
    |icmp_ln49_31_fu_5621_p2    |   icmp   |      0|  0|  11|           6|           2|
    |icmp_ln49_32_fu_5653_p2    |   icmp   |      0|  0|  11|           6|           2|
    |icmp_ln49_33_fu_5685_p2    |   icmp   |      0|  0|  11|           6|           2|
    |icmp_ln49_34_fu_5717_p2    |   icmp   |      0|  0|  11|           6|           2|
    |icmp_ln49_35_fu_5749_p2    |   icmp   |      0|  0|  11|           6|           2|
    |icmp_ln49_36_fu_5781_p2    |   icmp   |      0|  0|  11|           6|           2|
    |icmp_ln49_37_fu_5813_p2    |   icmp   |      0|  0|  11|           6|           2|
    |icmp_ln49_38_fu_5845_p2    |   icmp   |      0|  0|  11|           6|           2|
    |icmp_ln49_39_fu_5877_p2    |   icmp   |      0|  0|  11|           6|           2|
    |icmp_ln49_3_fu_4725_p2     |   icmp   |      0|  0|  11|           6|           2|
    |icmp_ln49_40_fu_5909_p2    |   icmp   |      0|  0|  11|           6|           2|
    |icmp_ln49_41_fu_5941_p2    |   icmp   |      0|  0|  11|           6|           2|
    |icmp_ln49_42_fu_5973_p2    |   icmp   |      0|  0|  11|           6|           2|
    |icmp_ln49_43_fu_6005_p2    |   icmp   |      0|  0|  11|           6|           2|
    |icmp_ln49_44_fu_6037_p2    |   icmp   |      0|  0|  11|           6|           2|
    |icmp_ln49_45_fu_6069_p2    |   icmp   |      0|  0|  11|           6|           2|
    |icmp_ln49_46_fu_6101_p2    |   icmp   |      0|  0|  11|           6|           2|
    |icmp_ln49_47_fu_6133_p2    |   icmp   |      0|  0|  11|           6|           2|
    |icmp_ln49_48_fu_6165_p2    |   icmp   |      0|  0|  11|           6|           2|
    |icmp_ln49_49_fu_6197_p2    |   icmp   |      0|  0|  11|           6|           2|
    |icmp_ln49_4_fu_4757_p2     |   icmp   |      0|  0|  11|           6|           2|
    |icmp_ln49_50_fu_6229_p2    |   icmp   |      0|  0|  11|           6|           2|
    |icmp_ln49_51_fu_6261_p2    |   icmp   |      0|  0|  11|           6|           2|
    |icmp_ln49_52_fu_6293_p2    |   icmp   |      0|  0|  11|           6|           2|
    |icmp_ln49_53_fu_6325_p2    |   icmp   |      0|  0|  11|           6|           2|
    |icmp_ln49_54_fu_6357_p2    |   icmp   |      0|  0|  11|           6|           2|
    |icmp_ln49_55_fu_6389_p2    |   icmp   |      0|  0|  11|           6|           2|
    |icmp_ln49_56_fu_6421_p2    |   icmp   |      0|  0|  11|           6|           2|
    |icmp_ln49_57_fu_6453_p2    |   icmp   |      0|  0|  11|           6|           2|
    |icmp_ln49_58_fu_6485_p2    |   icmp   |      0|  0|  11|           6|           2|
    |icmp_ln49_59_fu_6517_p2    |   icmp   |      0|  0|  11|           6|           2|
    |icmp_ln49_5_fu_4789_p2     |   icmp   |      0|  0|  11|           6|           2|
    |icmp_ln49_60_fu_6549_p2    |   icmp   |      0|  0|  11|           6|           2|
    |icmp_ln49_61_fu_6581_p2    |   icmp   |      0|  0|  11|           6|           2|
    |icmp_ln49_62_fu_6613_p2    |   icmp   |      0|  0|  11|           6|           2|
    |icmp_ln49_63_fu_6645_p2    |   icmp   |      0|  0|  11|           6|           2|
    |icmp_ln49_6_fu_4821_p2     |   icmp   |      0|  0|  11|           6|           2|
    |icmp_ln49_7_fu_4853_p2     |   icmp   |      0|  0|  11|           6|           2|
    |icmp_ln49_8_fu_4885_p2     |   icmp   |      0|  0|  11|           6|           2|
    |icmp_ln49_9_fu_4917_p2     |   icmp   |      0|  0|  11|           6|           2|
    |icmp_ln49_fu_4629_p2       |   icmp   |      0|  0|  11|           6|           2|
    |or_ln31_1_fu_3602_p2       |    or    |      0|  0|   2|           1|           1|
    |or_ln31_fu_3582_p2         |    or    |      0|  0|   2|           1|           1|
    |or_ln32_1_fu_3620_p2       |    or    |      0|  0|   2|           1|           1|
    |or_ln32_fu_3614_p2         |    or    |      0|  0|   2|           1|           1|
    |or_ln40_10_fu_3975_p2      |    or    |      0|  0|   6|           6|           2|
    |or_ln40_11_fu_3980_p2      |    or    |      0|  0|   6|           6|           2|
    |or_ln40_1_fu_3424_p2       |    or    |      0|  0|   6|           6|           2|
    |or_ln40_2_fu_3472_p2       |    or    |      0|  0|   6|           6|           2|
    |or_ln40_3_fu_3312_p2       |    or    |      0|  0|   6|           6|           1|
    |or_ln40_4_fu_3318_p2       |    or    |      0|  0|   6|           6|           2|
    |or_ln40_5_fu_3324_p2       |    or    |      0|  0|   6|           6|           2|
    |or_ln40_6_fu_3693_p2       |    or    |      0|  0|   6|           6|           1|
    |or_ln40_7_fu_3903_p2       |    or    |      0|  0|   6|           6|           2|
    |or_ln40_8_fu_3919_p2       |    or    |      0|  0|   6|           6|           2|
    |or_ln40_9_fu_3787_p2       |    or    |      0|  0|   6|           6|           1|
    |or_ln40_fu_3376_p2         |    or    |      0|  0|   6|           6|           1|
    |select_ln30_fu_3664_p3     |  select  |      0|  0|   7|           1|           7|
    |select_ln31_10_fu_4316_p3  |  select  |      0|  0|  12|           1|           8|
    |select_ln31_11_fu_4478_p3  |  select  |      0|  0|  12|           1|           8|
    |select_ln31_12_fu_3891_p3  |  select  |      0|  0|  13|           1|           2|
    |select_ln31_13_fu_4226_p3  |  select  |      0|  0|  12|           1|           7|
    |select_ln31_14_fu_4398_p3  |  select  |      0|  0|  12|           1|           8|
    |select_ln31_15_fu_4528_p3  |  select  |      0|  0|  12|           1|           8|
    |select_ln31_16_fu_3897_p3  |  select  |      0|  0|  13|           1|           2|
    |select_ln31_17_fu_4236_p3  |  select  |      0|  0|  12|           1|           7|
    |select_ln31_18_fu_4408_p3  |  select  |      0|  0|  12|           1|           8|
    |select_ln31_19_fu_4538_p3  |  select  |      0|  0|  12|           1|           8|
    |select_ln31_1_fu_3646_p3   |  select  |      0|  0|   6|           1|           1|
    |select_ln31_20_fu_3588_p3  |  select  |      0|  0|   7|           1|           1|
    |select_ln31_21_fu_3683_p3  |  select  |      0|  0|   7|           1|           7|
    |select_ln31_22_fu_3703_p3  |  select  |      0|  0|   6|           1|           6|
    |select_ln31_23_fu_3912_p3  |  select  |      0|  0|   6|           1|           6|
    |select_ln31_24_fu_3928_p3  |  select  |      0|  0|   6|           1|           6|
    |select_ln31_25_fu_3710_p3  |  select  |      0|  0|  14|           1|          14|
    |select_ln31_26_fu_4115_p3  |  select  |      0|  0|  13|           1|          13|
    |select_ln31_27_fu_4340_p3  |  select  |      0|  0|  64|           1|          64|
    |select_ln31_28_fu_4132_p3  |  select  |      0|  0|  13|           1|          13|
    |select_ln31_29_fu_3717_p3  |  select  |      0|  0|  13|           1|          13|
    |select_ln31_2_fu_3879_p3   |  select  |      0|  0|   6|           1|           2|
    |select_ln31_30_fu_4139_p3  |  select  |      0|  0|  64|           1|          64|
    |select_ln31_31_fu_4347_p3  |  select  |      0|  0|  64|           1|          64|
    |select_ln31_32_fu_4495_p3  |  select  |      0|  0|  64|           1|          64|
    |select_ln31_33_fu_3935_p3  |  select  |      0|  0|  13|           1|          13|
    |select_ln31_34_fu_4260_p3  |  select  |      0|  0|  64|           1|          64|
    |select_ln31_35_fu_4432_p3  |  select  |      0|  0|  64|           1|          64|
    |select_ln31_36_fu_4562_p3  |  select  |      0|  0|  64|           1|          64|
    |select_ln31_37_fu_3946_p3  |  select  |      0|  0|  13|           1|          13|
    |select_ln31_38_fu_4267_p3  |  select  |      0|  0|  64|           1|          64|
    |select_ln31_39_fu_4439_p3  |  select  |      0|  0|  64|           1|          64|
    |select_ln31_3_fu_3885_p3   |  select  |      0|  0|   6|           1|           2|
    |select_ln31_40_fu_4569_p3  |  select  |      0|  0|  64|           1|          64|
    |select_ln31_41_fu_3833_p3  |  select  |      0|  0|   6|           1|           1|
    |select_ln31_42_fu_4001_p3  |  select  |      0|  0|   6|           1|           2|
    |select_ln31_43_fu_4024_p3  |  select  |      0|  0|   6|           1|           2|
    |select_ln31_44_fu_4522_p3  |  select  |      0|  0|  12|           1|           1|
    |select_ln31_4_fu_3652_p3   |  select  |      0|  0|  14|           1|           1|
    |select_ln31_5_fu_4067_p3   |  select  |      0|  0|  13|           1|           7|
    |select_ln31_6_fu_4306_p3   |  select  |      0|  0|  13|           1|           8|
    |select_ln31_7_fu_4073_p3   |  select  |      0|  0|  13|           1|           8|
    |select_ln31_8_fu_3658_p3   |  select  |      0|  0|  13|           1|           1|
    |select_ln31_9_fu_4079_p3   |  select  |      0|  0|  12|           1|           7|
    |select_ln31_fu_3544_p3     |  select  |      0|  0|   7|           1|           1|
    |select_ln32_10_fu_3985_p3  |  select  |      0|  0|  64|           1|          64|
    |select_ln32_11_fu_4290_p3  |  select  |      0|  0|  64|           1|          64|
    |select_ln32_12_fu_4462_p3  |  select  |      0|  0|  64|           1|          64|
    |select_ln32_13_fu_4592_p3  |  select  |      0|  0|  64|           1|          64|
    |select_ln32_14_fu_3993_p3  |  select  |      0|  0|  64|           1|          64|
    |select_ln32_15_fu_4298_p3  |  select  |      0|  0|  64|           1|          64|
    |select_ln32_16_fu_4470_p3  |  select  |      0|  0|  64|           1|          64|
    |select_ln32_17_fu_4600_p3  |  select  |      0|  0|  64|           1|          64|
    |select_ln32_18_fu_3839_p3  |  select  |      0|  0|   6|           1|           6|
    |select_ln32_19_fu_4007_p3  |  select  |      0|  0|   6|           1|           6|
    |select_ln32_1_fu_3765_p3   |  select  |      0|  0|   7|           1|           7|
    |select_ln32_20_fu_4030_p3  |  select  |      0|  0|   6|           1|           6|
    |select_ln32_21_fu_4220_p3  |  select  |      0|  0|   8|           1|           1|
    |select_ln32_2_fu_3775_p3   |  select  |      0|  0|  14|           1|          14|
    |select_ln32_3_fu_4171_p3   |  select  |      0|  0|  13|           1|          13|
    |select_ln32_4_fu_4382_p3   |  select  |      0|  0|  64|           1|          64|
    |select_ln32_5_fu_4200_p3   |  select  |      0|  0|  13|           1|          13|
    |select_ln32_6_fu_3793_p3   |  select  |      0|  0|  64|           1|          64|
    |select_ln32_7_fu_4207_p3   |  select  |      0|  0|  64|           1|          64|
    |select_ln32_8_fu_4390_p3   |  select  |      0|  0|  64|           1|          64|
    |select_ln32_9_fu_4514_p3   |  select  |      0|  0|  64|           1|          64|
    |select_ln32_fu_3626_p3     |  select  |      0|  0|   3|           1|           1|
    |ap_enable_pp0              |    xor   |      0|  0|   2|           1|           2|
    |xor_ln31_1_fu_3596_p2      |    xor   |      0|  0|   2|           1|           2|
    |xor_ln31_fu_3552_p2        |    xor   |      0|  0|   2|           1|           2|
    +---------------------------+----------+-------+---+----+------------+------------+
    |Total                      |          |      0|  0|8794|        5328|        6402|
    +---------------------------+----------+-------+---+----+------------+------------+

    * Multiplexer: 
    +---------------------------------------------+------+-----------+-----+-----------+
    |                     Name                    |  LUT | Input Size| Bits| Total Bits|
    +---------------------------------------------+------+-----------+-----+-----------+
    |INPUT_r_ARADDR                               |    15|          3|   32|         96|
    |INPUT_r_blk_n_AR                             |     9|          2|    1|          2|
    |INPUT_r_blk_n_R                              |     9|          2|    1|          2|
    |OUTPUT_r_AWADDR                              |   293|         65|   32|       2080|
    |OUTPUT_r_AWLEN                               |    15|          3|   32|         96|
    |OUTPUT_r_blk_n_AR                            |     9|          2|    1|          2|
    |OUTPUT_r_blk_n_AW                            |     9|          2|    1|          2|
    |OUTPUT_r_blk_n_B                             |     9|          2|    1|          2|
    |OUTPUT_r_blk_n_R                             |     9|          2|    1|          2|
    |OUTPUT_r_blk_n_W                             |     9|          2|    1|          2|
    |ap_NS_fsm                                    |  2193|        556|    1|        556|
    |ap_enable_reg_pp0_iter4                      |     9|          2|    1|          2|
    |ap_phi_mux_i_3_phi_fu_2170_p4                |     9|          2|    7|         14|
    |ap_phi_mux_ii_0_phi_fu_2226_p4               |     9|          2|    3|          6|
    |ap_phi_mux_indvar_flatten113_phi_fu_2182_p4  |     9|          2|   12|         24|
    |ap_phi_mux_indvar_flatten229_phi_fu_2159_p4  |     9|          2|   15|         30|
    |ap_phi_mux_indvar_flatten_phi_fu_2204_p4     |     9|          2|    8|         16|
    |ap_phi_mux_j_0_phi_fu_2193_p4                |     9|          2|    7|         14|
    |ap_phi_mux_k_0_phi_fu_2215_p4                |     9|          2|    7|         14|
    |empty_100_reg_2530                           |     9|          2|    6|         12|
    |empty_103_reg_2541                           |     9|          2|    6|         12|
    |empty_106_reg_2552                           |     9|          2|    6|         12|
    |empty_109_reg_2563                           |     9|          2|    6|         12|
    |empty_10_reg_2121                            |     9|          2|    6|         12|
    |empty_112_reg_2574                           |     9|          2|    6|         12|
    |empty_115_reg_2585                           |     9|          2|    6|         12|
    |empty_118_reg_2596                           |     9|          2|    6|         12|
    |empty_121_reg_2607                           |     9|          2|    6|         12|
    |empty_124_reg_2618                           |     9|          2|    6|         12|
    |empty_127_reg_2629                           |     9|          2|    6|         12|
    |empty_130_reg_2640                           |     9|          2|    6|         12|
    |empty_133_reg_2651                           |     9|          2|    6|         12|
    |empty_136_reg_2662                           |     9|          2|    6|         12|
    |empty_139_reg_2673                           |     9|          2|    6|         12|
    |empty_142_reg_2684                           |     9|          2|    6|         12|
    |empty_145_reg_2695                           |     9|          2|    6|         12|
    |empty_148_reg_2706                           |     9|          2|    6|         12|
    |empty_14_reg_2144                            |     9|          2|    6|         12|
    |empty_151_reg_2717                           |     9|          2|    6|         12|
    |empty_154_reg_2728                           |     9|          2|    6|         12|
    |empty_157_reg_2739                           |     9|          2|    6|         12|
    |empty_160_reg_2750                           |     9|          2|    6|         12|
    |empty_163_reg_2761                           |     9|          2|    6|         12|
    |empty_166_reg_2772                           |     9|          2|    6|         12|
    |empty_169_reg_2783                           |     9|          2|    6|         12|
    |empty_172_reg_2794                           |     9|          2|    6|         12|
    |empty_175_reg_2805                           |     9|          2|    6|         12|
    |empty_178_reg_2816                           |     9|          2|    6|         12|
    |empty_181_reg_2827                           |     9|          2|    6|         12|
    |empty_184_reg_2838                           |     9|          2|    6|         12|
    |empty_187_reg_2849                           |     9|          2|    6|         12|
    |empty_190_reg_2860                           |     9|          2|    6|         12|
    |empty_193_reg_2871                           |     9|          2|    6|         12|
    |empty_196_reg_2882                           |     9|          2|    6|         12|
    |empty_199_reg_2893                           |     9|          2|    6|         12|
    |empty_202_reg_2904                           |     9|          2|    6|         12|
    |empty_205_reg_2915                           |     9|          2|    6|         12|
    |empty_208_reg_2926                           |     9|          2|    6|         12|
    |empty_22_reg_2244                            |     9|          2|    6|         12|
    |empty_25_reg_2255                            |     9|          2|    6|         12|
    |empty_28_reg_2266                            |     9|          2|    6|         12|
    |empty_31_reg_2277                            |     9|          2|    6|         12|
    |empty_34_reg_2288                            |     9|          2|    6|         12|
    |empty_37_reg_2299                            |     9|          2|    6|         12|
    |empty_40_reg_2310                            |     9|          2|    6|         12|
    |empty_43_reg_2321                            |     9|          2|    6|         12|
    |empty_46_reg_2332                            |     9|          2|    6|         12|
    |empty_49_reg_2343                            |     9|          2|    6|         12|
    |empty_52_reg_2354                            |     9|          2|    6|         12|
    |empty_55_reg_2365                            |     9|          2|    6|         12|
    |empty_58_reg_2376                            |     9|          2|    6|         12|
    |empty_61_reg_2387                            |     9|          2|    6|         12|
    |empty_64_reg_2398                            |     9|          2|    6|         12|
    |empty_67_reg_2409                            |     9|          2|    6|         12|
    |empty_6_reg_2098                             |     9|          2|    6|         12|
    |empty_70_reg_2420                            |     9|          2|    6|         12|
    |empty_73_reg_2431                            |     9|          2|    6|         12|
    |empty_76_reg_2442                            |     9|          2|    6|         12|
    |empty_79_reg_2453                            |     9|          2|    6|         12|
    |empty_82_reg_2464                            |     9|          2|    6|         12|
    |empty_85_reg_2475                            |     9|          2|    6|         12|
    |empty_88_reg_2486                            |     9|          2|    6|         12|
    |empty_91_reg_2497                            |     9|          2|    6|         12|
    |empty_94_reg_2508                            |     9|          2|    6|         12|
    |empty_97_reg_2519                            |     9|          2|    6|         12|
    |grp_fu_2937_p0                               |    44|          9|   32|        288|
    |grp_fu_2937_p1                               |    44|          9|   32|        288|
    |grp_fu_2941_p0                               |    44|          9|   32|        288|
    |grp_fu_2941_p1                               |    44|          9|   32|        288|
    |grp_fu_2945_p0                               |    27|          5|   32|        160|
    |grp_fu_2945_p1                               |    27|          5|   32|        160|
    |grp_fu_2949_p0                               |    27|          5|   32|        160|
    |grp_fu_2949_p1                               |    27|          5|   32|        160|
    |i_0_reg_2086                                 |     9|          2|    7|         14|
    |i_1_reg_2109                                 |     9|          2|    7|         14|
    |i_2_reg_2132                                 |     9|          2|    7|         14|
    |i_3_reg_2166                                 |     9|          2|    7|         14|
    |ii_0_reg_2222                                |     9|          2|    3|          6|
    |indvar_flatten113_reg_2178                   |     9|          2|   12|         24|
    |indvar_flatten229_reg_2155                   |     9|          2|   15|         30|
    |indvar_flatten_reg_2200                      |     9|          2|    8|         16|
    |j_0_reg_2189                                 |     9|          2|    7|         14|
    |k_0_reg_2211                                 |     9|          2|    7|         14|
    |mA_address0                                  |    21|          4|   12|         48|
    |mA_address1                                  |    15|          3|   12|         36|
    |mB_address0                                  |    47|         10|   12|        120|
    |mB_address1                                  |    44|          9|   12|        108|
    |mC_address0                                  |   169|         38|   12|        456|
    |mC_address1                                  |   165|         37|   12|        444|
    |mC_d0                                        |    21|          4|   32|        128|
    |mC_d1                                        |    15|          3|   32|         96|
    |phi_ln49_reg_2233                            |     9|          2|    6|         12|
    |reg_2963                                     |     9|          2|   32|         64|
    |reg_3053                                     |     9|          2|   32|         64|
    |reg_3059                                     |     9|          2|   32|         64|
    +---------------------------------------------+------+-----------+-----+-----------+
    |Total                                        |  4152|        981| 1134|       7346|
    +---------------------------------------------+------+-----------+-----+-----------+

    * Register: 
    +----------------------------------+-----+----+-----+-----------+
    |               Name               |  FF | LUT| Bits| Const Bits|
    +----------------------------------+-----+----+-----+-----------+
    |INPUT_addr_1_read_reg_6809        |   32|   0|   32|          0|
    |INPUT_addr_read_reg_6771          |   32|   0|   32|          0|
    |OUTPUT_addr_10_reg_7692           |   32|   0|   32|          0|
    |OUTPUT_addr_11_reg_7712           |   32|   0|   32|          0|
    |OUTPUT_addr_12_reg_7732           |   32|   0|   32|          0|
    |OUTPUT_addr_13_reg_7752           |   32|   0|   32|          0|
    |OUTPUT_addr_14_reg_7772           |   32|   0|   32|          0|
    |OUTPUT_addr_15_reg_7792           |   32|   0|   32|          0|
    |OUTPUT_addr_16_reg_7812           |   32|   0|   32|          0|
    |OUTPUT_addr_17_reg_7832           |   32|   0|   32|          0|
    |OUTPUT_addr_18_reg_7852           |   32|   0|   32|          0|
    |OUTPUT_addr_19_reg_7872           |   32|   0|   32|          0|
    |OUTPUT_addr_20_reg_7892           |   32|   0|   32|          0|
    |OUTPUT_addr_21_reg_7912           |   32|   0|   32|          0|
    |OUTPUT_addr_22_reg_7932           |   32|   0|   32|          0|
    |OUTPUT_addr_23_reg_7952           |   32|   0|   32|          0|
    |OUTPUT_addr_24_reg_7972           |   32|   0|   32|          0|
    |OUTPUT_addr_25_reg_7992           |   32|   0|   32|          0|
    |OUTPUT_addr_26_reg_8012           |   32|   0|   32|          0|
    |OUTPUT_addr_27_reg_8032           |   32|   0|   32|          0|
    |OUTPUT_addr_28_reg_8052           |   32|   0|   32|          0|
    |OUTPUT_addr_29_reg_8072           |   32|   0|   32|          0|
    |OUTPUT_addr_2_reg_7532            |   32|   0|   32|          0|
    |OUTPUT_addr_30_reg_8092           |   32|   0|   32|          0|
    |OUTPUT_addr_31_reg_8112           |   32|   0|   32|          0|
    |OUTPUT_addr_32_reg_8132           |   32|   0|   32|          0|
    |OUTPUT_addr_33_reg_8152           |   32|   0|   32|          0|
    |OUTPUT_addr_34_reg_8172           |   32|   0|   32|          0|
    |OUTPUT_addr_35_reg_8192           |   32|   0|   32|          0|
    |OUTPUT_addr_36_reg_8212           |   32|   0|   32|          0|
    |OUTPUT_addr_37_reg_8232           |   32|   0|   32|          0|
    |OUTPUT_addr_38_reg_8252           |   32|   0|   32|          0|
    |OUTPUT_addr_39_reg_8272           |   32|   0|   32|          0|
    |OUTPUT_addr_3_reg_7552            |   32|   0|   32|          0|
    |OUTPUT_addr_40_reg_8292           |   32|   0|   32|          0|
    |OUTPUT_addr_41_reg_8312           |   32|   0|   32|          0|
    |OUTPUT_addr_42_reg_8332           |   32|   0|   32|          0|
    |OUTPUT_addr_43_reg_8352           |   32|   0|   32|          0|
    |OUTPUT_addr_44_reg_8372           |   32|   0|   32|          0|
    |OUTPUT_addr_45_reg_8392           |   32|   0|   32|          0|
    |OUTPUT_addr_46_reg_8412           |   32|   0|   32|          0|
    |OUTPUT_addr_47_reg_8432           |   32|   0|   32|          0|
    |OUTPUT_addr_48_reg_8452           |   32|   0|   32|          0|
    |OUTPUT_addr_49_reg_8472           |   32|   0|   32|          0|
    |OUTPUT_addr_4_reg_7572            |   32|   0|   32|          0|
    |OUTPUT_addr_50_reg_8492           |   32|   0|   32|          0|
    |OUTPUT_addr_51_reg_8512           |   32|   0|   32|          0|
    |OUTPUT_addr_52_reg_8532           |   32|   0|   32|          0|
    |OUTPUT_addr_53_reg_8552           |   32|   0|   32|          0|
    |OUTPUT_addr_54_reg_8572           |   32|   0|   32|          0|
    |OUTPUT_addr_55_reg_8592           |   32|   0|   32|          0|
    |OUTPUT_addr_56_reg_8612           |   32|   0|   32|          0|
    |OUTPUT_addr_57_reg_8632           |   32|   0|   32|          0|
    |OUTPUT_addr_58_reg_8652           |   32|   0|   32|          0|
    |OUTPUT_addr_59_reg_8672           |   32|   0|   32|          0|
    |OUTPUT_addr_5_reg_7592            |   32|   0|   32|          0|
    |OUTPUT_addr_60_reg_8692           |   32|   0|   32|          0|
    |OUTPUT_addr_61_reg_8712           |   32|   0|   32|          0|
    |OUTPUT_addr_62_reg_8732           |   32|   0|   32|          0|
    |OUTPUT_addr_63_reg_8752           |   32|   0|   32|          0|
    |OUTPUT_addr_64_reg_8772           |   32|   0|   32|          0|
    |OUTPUT_addr_6_reg_7612            |   32|   0|   32|          0|
    |OUTPUT_addr_7_reg_7632            |   32|   0|   32|          0|
    |OUTPUT_addr_8_reg_7652            |   32|   0|   32|          0|
    |OUTPUT_addr_9_reg_7672            |   32|   0|   32|          0|
    |OUTPUT_addr_read_reg_6848         |   32|   0|   32|          0|
    |add_ln21_1_reg_6756               |   31|   0|   31|          0|
    |add_ln21_reg_6746                 |    6|   0|    6|          0|
    |add_ln23_1_reg_6794               |   31|   0|   31|          0|
    |add_ln23_reg_6784                 |    6|   0|    6|          0|
    |add_ln25_1_reg_6833               |   31|   0|   31|          0|
    |add_ln25_reg_6823                 |    6|   0|    6|          0|
    |add_ln30_reg_6967                 |   15|   0|   15|          0|
    |add_ln31_1_reg_7081               |   12|   0|   12|          0|
    |add_ln32_1_reg_7076               |    8|   0|    8|          0|
    |add_ln40_1_reg_6868               |   14|   0|   14|          0|
    |add_ln40_2_reg_6893               |   13|   0|   13|          0|
    |add_ln40_3_reg_6918               |   13|   0|   13|          0|
    |add_ln40_4_reg_6943               |   13|   0|   13|          0|
    |add_ln40_reg_7159                 |    7|   0|    7|          0|
    |add_ln49_10_reg_7707              |    6|   0|    6|          0|
    |add_ln49_11_reg_7727              |    6|   0|    6|          0|
    |add_ln49_12_reg_7747              |    6|   0|    6|          0|
    |add_ln49_13_reg_7767              |    6|   0|    6|          0|
    |add_ln49_14_reg_7787              |    6|   0|    6|          0|
    |add_ln49_15_reg_7807              |    6|   0|    6|          0|
    |add_ln49_16_reg_7827              |    6|   0|    6|          0|
    |add_ln49_17_reg_7847              |    6|   0|    6|          0|
    |add_ln49_18_reg_7867              |    6|   0|    6|          0|
    |add_ln49_19_reg_7887              |    6|   0|    6|          0|
    |add_ln49_1_reg_7527               |    6|   0|    6|          0|
    |add_ln49_20_reg_7907              |    6|   0|    6|          0|
    |add_ln49_21_reg_7927              |    6|   0|    6|          0|
    |add_ln49_22_reg_7947              |    6|   0|    6|          0|
    |add_ln49_23_reg_7967              |    6|   0|    6|          0|
    |add_ln49_24_reg_7987              |    6|   0|    6|          0|
    |add_ln49_25_reg_8007              |    6|   0|    6|          0|
    |add_ln49_26_reg_8027              |    6|   0|    6|          0|
    |add_ln49_27_reg_8047              |    6|   0|    6|          0|
    |add_ln49_28_reg_8067              |    6|   0|    6|          0|
    |add_ln49_29_reg_8087              |    6|   0|    6|          0|
    |add_ln49_2_reg_7547               |    6|   0|    6|          0|
    |add_ln49_30_reg_8107              |    6|   0|    6|          0|
    |add_ln49_31_reg_8127              |    6|   0|    6|          0|
    |add_ln49_32_reg_8147              |    6|   0|    6|          0|
    |add_ln49_33_reg_8167              |    6|   0|    6|          0|
    |add_ln49_34_reg_8187              |    6|   0|    6|          0|
    |add_ln49_35_reg_8207              |    6|   0|    6|          0|
    |add_ln49_36_reg_8227              |    6|   0|    6|          0|
    |add_ln49_37_reg_8247              |    6|   0|    6|          0|
    |add_ln49_38_reg_8267              |    6|   0|    6|          0|
    |add_ln49_39_reg_8287              |    6|   0|    6|          0|
    |add_ln49_3_reg_7567               |    6|   0|    6|          0|
    |add_ln49_40_reg_8307              |    6|   0|    6|          0|
    |add_ln49_41_reg_8327              |    6|   0|    6|          0|
    |add_ln49_42_reg_8347              |    6|   0|    6|          0|
    |add_ln49_43_reg_8367              |    6|   0|    6|          0|
    |add_ln49_44_reg_8387              |    6|   0|    6|          0|
    |add_ln49_45_reg_8407              |    6|   0|    6|          0|
    |add_ln49_46_reg_8427              |    6|   0|    6|          0|
    |add_ln49_47_reg_8447              |    6|   0|    6|          0|
    |add_ln49_48_reg_8467              |    6|   0|    6|          0|
    |add_ln49_49_reg_8487              |    6|   0|    6|          0|
    |add_ln49_4_reg_7587               |    6|   0|    6|          0|
    |add_ln49_50_reg_8507              |    6|   0|    6|          0|
    |add_ln49_51_reg_8527              |    6|   0|    6|          0|
    |add_ln49_52_reg_8547              |    6|   0|    6|          0|
    |add_ln49_53_reg_8567              |    6|   0|    6|          0|
    |add_ln49_54_reg_8587              |    6|   0|    6|          0|
    |add_ln49_55_reg_8607              |    6|   0|    6|          0|
    |add_ln49_56_reg_8627              |    6|   0|    6|          0|
    |add_ln49_57_reg_8647              |    6|   0|    6|          0|
    |add_ln49_58_reg_8667              |    6|   0|    6|          0|
    |add_ln49_59_reg_8687              |    6|   0|    6|          0|
    |add_ln49_5_reg_7607               |    6|   0|    6|          0|
    |add_ln49_60_reg_8707              |    6|   0|    6|          0|
    |add_ln49_61_reg_8727              |    6|   0|    6|          0|
    |add_ln49_62_reg_8747              |    6|   0|    6|          0|
    |add_ln49_63_reg_8767              |    6|   0|    6|          0|
    |add_ln49_6_reg_7627               |    6|   0|    6|          0|
    |add_ln49_7_reg_7647               |    6|   0|    6|          0|
    |add_ln49_8_reg_7667               |    6|   0|    6|          0|
    |add_ln49_9_reg_7687               |    6|   0|    6|          0|
    |add_ln49_reg_7513                 |    6|   0|    6|          0|
    |and_ln31_1_reg_7008               |    1|   0|    1|          0|
    |and_ln31_2_reg_7046               |    1|   0|    1|          0|
    |ap_CS_fsm                         |  555|   0|  555|          0|
    |ap_enable_reg_pp0_iter0           |    1|   0|    1|          0|
    |ap_enable_reg_pp0_iter1           |    1|   0|    1|          0|
    |ap_enable_reg_pp0_iter2           |    1|   0|    1|          0|
    |ap_enable_reg_pp0_iter3           |    1|   0|    1|          0|
    |ap_enable_reg_pp0_iter4           |    1|   0|    1|          0|
    |empty_100_reg_2530                |    6|   0|    6|          0|
    |empty_103_reg_2541                |    6|   0|    6|          0|
    |empty_106_reg_2552                |    6|   0|    6|          0|
    |empty_109_reg_2563                |    6|   0|    6|          0|
    |empty_10_reg_2121                 |    6|   0|    6|          0|
    |empty_112_reg_2574                |    6|   0|    6|          0|
    |empty_115_reg_2585                |    6|   0|    6|          0|
    |empty_118_reg_2596                |    6|   0|    6|          0|
    |empty_121_reg_2607                |    6|   0|    6|          0|
    |empty_124_reg_2618                |    6|   0|    6|          0|
    |empty_127_reg_2629                |    6|   0|    6|          0|
    |empty_130_reg_2640                |    6|   0|    6|          0|
    |empty_133_reg_2651                |    6|   0|    6|          0|
    |empty_136_reg_2662                |    6|   0|    6|          0|
    |empty_139_reg_2673                |    6|   0|    6|          0|
    |empty_142_reg_2684                |    6|   0|    6|          0|
    |empty_145_reg_2695                |    6|   0|    6|          0|
    |empty_148_reg_2706                |    6|   0|    6|          0|
    |empty_14_reg_2144                 |    6|   0|    6|          0|
    |empty_151_reg_2717                |    6|   0|    6|          0|
    |empty_154_reg_2728                |    6|   0|    6|          0|
    |empty_157_reg_2739                |    6|   0|    6|          0|
    |empty_160_reg_2750                |    6|   0|    6|          0|
    |empty_163_reg_2761                |    6|   0|    6|          0|
    |empty_166_reg_2772                |    6|   0|    6|          0|
    |empty_169_reg_2783                |    6|   0|    6|          0|
    |empty_172_reg_2794                |    6|   0|    6|          0|
    |empty_175_reg_2805                |    6|   0|    6|          0|
    |empty_178_reg_2816                |    6|   0|    6|          0|
    |empty_181_reg_2827                |    6|   0|    6|          0|
    |empty_184_reg_2838                |    6|   0|    6|          0|
    |empty_187_reg_2849                |    6|   0|    6|          0|
    |empty_190_reg_2860                |    6|   0|    6|          0|
    |empty_193_reg_2871                |    6|   0|    6|          0|
    |empty_196_reg_2882                |    6|   0|    6|          0|
    |empty_199_reg_2893                |    6|   0|    6|          0|
    |empty_202_reg_2904                |    6|   0|    6|          0|
    |empty_205_reg_2915                |    6|   0|    6|          0|
    |empty_208_reg_2926                |    6|   0|    6|          0|
    |empty_22_reg_2244                 |    6|   0|    6|          0|
    |empty_25_reg_2255                 |    6|   0|    6|          0|
    |empty_28_reg_2266                 |    6|   0|    6|          0|
    |empty_31_reg_2277                 |    6|   0|    6|          0|
    |empty_34_reg_2288                 |    6|   0|    6|          0|
    |empty_37_reg_2299                 |    6|   0|    6|          0|
    |empty_40_reg_2310                 |    6|   0|    6|          0|
    |empty_43_reg_2321                 |    6|   0|    6|          0|
    |empty_46_reg_2332                 |    6|   0|    6|          0|
    |empty_49_reg_2343                 |    6|   0|    6|          0|
    |empty_52_reg_2354                 |    6|   0|    6|          0|
    |empty_55_reg_2365                 |    6|   0|    6|          0|
    |empty_58_reg_2376                 |    6|   0|    6|          0|
    |empty_61_reg_2387                 |    6|   0|    6|          0|
    |empty_64_reg_2398                 |    6|   0|    6|          0|
    |empty_67_reg_2409                 |    6|   0|    6|          0|
    |empty_6_reg_2098                  |    6|   0|    6|          0|
    |empty_70_reg_2420                 |    6|   0|    6|          0|
    |empty_73_reg_2431                 |    6|   0|    6|          0|
    |empty_76_reg_2442                 |    6|   0|    6|          0|
    |empty_79_reg_2453                 |    6|   0|    6|          0|
    |empty_82_reg_2464                 |    6|   0|    6|          0|
    |empty_85_reg_2475                 |    6|   0|    6|          0|
    |empty_88_reg_2486                 |    6|   0|    6|          0|
    |empty_91_reg_2497                 |    6|   0|    6|          0|
    |empty_94_reg_2508                 |    6|   0|    6|          0|
    |empty_97_reg_2519                 |    6|   0|    6|          0|
    |empty_reg_6656                    |   30|   0|   64|         34|
    |i_0_reg_2086                      |    7|   0|    7|          0|
    |i_1_reg_2109                      |    7|   0|    7|          0|
    |i_2_reg_2132                      |    7|   0|    7|          0|
    |i_3_reg_2166                      |    7|   0|    7|          0|
    |i_4_reg_6779                      |    7|   0|    7|          0|
    |i_6_reg_6972                      |    7|   0|    7|          0|
    |i_7_reg_6818                      |    7|   0|    7|          0|
    |i_reg_6741                        |    7|   0|    7|          0|
    |icmp_ln21_reg_6761                |    1|   0|    1|          0|
    |icmp_ln23_reg_6799                |    1|   0|    1|          0|
    |icmp_ln25_reg_6838                |    1|   0|    1|          0|
    |icmp_ln30_reg_6963                |    1|   0|    1|          0|
    |icmp_ln31_reg_6977                |    1|   0|    1|          0|
    |icmp_ln49_10_reg_7723             |    1|   0|    1|          0|
    |icmp_ln49_11_reg_7743             |    1|   0|    1|          0|
    |icmp_ln49_12_reg_7763             |    1|   0|    1|          0|
    |icmp_ln49_13_reg_7783             |    1|   0|    1|          0|
    |icmp_ln49_14_reg_7803             |    1|   0|    1|          0|
    |icmp_ln49_15_reg_7823             |    1|   0|    1|          0|
    |icmp_ln49_16_reg_7843             |    1|   0|    1|          0|
    |icmp_ln49_17_reg_7863             |    1|   0|    1|          0|
    |icmp_ln49_18_reg_7883             |    1|   0|    1|          0|
    |icmp_ln49_19_reg_7903             |    1|   0|    1|          0|
    |icmp_ln49_1_reg_7543              |    1|   0|    1|          0|
    |icmp_ln49_20_reg_7923             |    1|   0|    1|          0|
    |icmp_ln49_21_reg_7943             |    1|   0|    1|          0|
    |icmp_ln49_22_reg_7963             |    1|   0|    1|          0|
    |icmp_ln49_23_reg_7983             |    1|   0|    1|          0|
    |icmp_ln49_24_reg_8003             |    1|   0|    1|          0|
    |icmp_ln49_25_reg_8023             |    1|   0|    1|          0|
    |icmp_ln49_26_reg_8043             |    1|   0|    1|          0|
    |icmp_ln49_27_reg_8063             |    1|   0|    1|          0|
    |icmp_ln49_28_reg_8083             |    1|   0|    1|          0|
    |icmp_ln49_29_reg_8103             |    1|   0|    1|          0|
    |icmp_ln49_2_reg_7563              |    1|   0|    1|          0|
    |icmp_ln49_30_reg_8123             |    1|   0|    1|          0|
    |icmp_ln49_31_reg_8143             |    1|   0|    1|          0|
    |icmp_ln49_32_reg_8163             |    1|   0|    1|          0|
    |icmp_ln49_33_reg_8183             |    1|   0|    1|          0|
    |icmp_ln49_34_reg_8203             |    1|   0|    1|          0|
    |icmp_ln49_35_reg_8223             |    1|   0|    1|          0|
    |icmp_ln49_36_reg_8243             |    1|   0|    1|          0|
    |icmp_ln49_37_reg_8263             |    1|   0|    1|          0|
    |icmp_ln49_38_reg_8283             |    1|   0|    1|          0|
    |icmp_ln49_39_reg_8303             |    1|   0|    1|          0|
    |icmp_ln49_3_reg_7583              |    1|   0|    1|          0|
    |icmp_ln49_40_reg_8323             |    1|   0|    1|          0|
    |icmp_ln49_41_reg_8343             |    1|   0|    1|          0|
    |icmp_ln49_42_reg_8363             |    1|   0|    1|          0|
    |icmp_ln49_43_reg_8383             |    1|   0|    1|          0|
    |icmp_ln49_44_reg_8403             |    1|   0|    1|          0|
    |icmp_ln49_45_reg_8423             |    1|   0|    1|          0|
    |icmp_ln49_46_reg_8443             |    1|   0|    1|          0|
    |icmp_ln49_47_reg_8463             |    1|   0|    1|          0|
    |icmp_ln49_48_reg_8483             |    1|   0|    1|          0|
    |icmp_ln49_49_reg_8503             |    1|   0|    1|          0|
    |icmp_ln49_4_reg_7603              |    1|   0|    1|          0|
    |icmp_ln49_50_reg_8523             |    1|   0|    1|          0|
    |icmp_ln49_51_reg_8543             |    1|   0|    1|          0|
    |icmp_ln49_52_reg_8563             |    1|   0|    1|          0|
    |icmp_ln49_53_reg_8583             |    1|   0|    1|          0|
    |icmp_ln49_54_reg_8603             |    1|   0|    1|          0|
    |icmp_ln49_55_reg_8623             |    1|   0|    1|          0|
    |icmp_ln49_56_reg_8643             |    1|   0|    1|          0|
    |icmp_ln49_57_reg_8663             |    1|   0|    1|          0|
    |icmp_ln49_58_reg_8683             |    1|   0|    1|          0|
    |icmp_ln49_59_reg_8703             |    1|   0|    1|          0|
    |icmp_ln49_5_reg_7623              |    1|   0|    1|          0|
    |icmp_ln49_60_reg_8723             |    1|   0|    1|          0|
    |icmp_ln49_61_reg_8743             |    1|   0|    1|          0|
    |icmp_ln49_62_reg_8763             |    1|   0|    1|          0|
    |icmp_ln49_63_reg_8783             |    1|   0|    1|          0|
    |icmp_ln49_6_reg_7643              |    1|   0|    1|          0|
    |icmp_ln49_7_reg_7663              |    1|   0|    1|          0|
    |icmp_ln49_8_reg_7683              |    1|   0|    1|          0|
    |icmp_ln49_9_reg_7703              |    1|   0|    1|          0|
    |icmp_ln49_reg_7523                |    1|   0|    1|          0|
    |ii_0_reg_2222                     |    3|   0|    3|          0|
    |ii_reg_7322                       |    3|   0|    3|          0|
    |indvar_flatten113_reg_2178        |   12|   0|   12|          0|
    |indvar_flatten229_reg_2155        |   15|   0|   15|          0|
    |indvar_flatten_reg_2200           |    8|   0|    8|          0|
    |j_0_reg_2189                      |    7|   0|    7|          0|
    |j_reg_7091                        |    7|   0|    7|          0|
    |k_0_reg_2211                      |    7|   0|    7|          0|
    |k_reg_7124                        |    7|   0|    7|          0|
    |mA_load_1_reg_7269                |   32|   0|   32|          0|
    |mA_load_2_reg_7300                |   32|   0|   32|          0|
    |mA_load_3_reg_7306                |   32|   0|   32|          0|
    |mA_load_reg_7263                  |   32|   0|   32|          0|
    |mC_addr_4_reg_7177                |   12|   0|   12|          0|
    |mC_addr_5_reg_7182                |   11|   0|   12|          1|
    |mC_addr_6_reg_7251                |   11|   0|   12|          1|
    |mC_addr_7_reg_7257                |   10|   0|   12|          2|
    |mC_load_65_reg_7275               |   32|   0|   32|          0|
    |mC_load_66_reg_7312               |   32|   0|   32|          0|
    |mC_load_67_reg_7317               |   32|   0|   32|          0|
    |or_ln31_reg_7032                  |    1|   0|    1|          0|
    |or_ln40_10_reg_7215               |    5|   0|    6|          1|
    |or_ln40_11_reg_7223               |    4|   0|    6|          2|
    |or_ln40_1_reg_6913                |    5|   0|    6|          1|
    |or_ln40_2_reg_6938                |    4|   0|    6|          2|
    |or_ln40_3_reg_6853                |    5|   0|    6|          1|
    |or_ln40_4_reg_6858                |    5|   0|    6|          1|
    |or_ln40_5_reg_6863                |    4|   0|    6|          2|
    |or_ln40_6_reg_7110                |    5|   0|    6|          1|
    |or_ln40_7_reg_7187                |    5|   0|    6|          1|
    |or_ln40_8_reg_7201                |    4|   0|    6|          2|
    |or_ln40_9_reg_7146                |    5|   0|    6|          1|
    |or_ln40_reg_6888                  |    5|   0|    6|          1|
    |out_mC5_reg_6651                  |   30|   0|   30|          0|
    |p_cast161_reg_6728                |   30|   0|   31|          1|
    |p_cast162_reg_6723                |   30|   0|   31|          1|
    |p_cast_reg_6733                   |   30|   0|   31|          1|
    |phi_ln49_reg_2233                 |    6|   0|    6|          0|
    |reg_2953                          |   32|   0|   32|          0|
    |reg_2958                          |   32|   0|   32|          0|
    |reg_2963                          |   32|   0|   32|          0|
    |reg_3033                          |   32|   0|   32|          0|
    |reg_3038                          |   32|   0|   32|          0|
    |reg_3043                          |   32|   0|   32|          0|
    |reg_3048                          |   32|   0|   32|          0|
    |reg_3053                          |   32|   0|   32|          0|
    |reg_3059                          |   32|   0|   32|          0|
    |reg_3065                          |   32|   0|   32|          0|
    |reg_3071                          |   32|   0|   32|          0|
    |reg_3077                          |   32|   0|   32|          0|
    |reg_3083                          |   32|   0|   32|          0|
    |select_ln30_reg_7086              |    7|   0|    7|          0|
    |select_ln31_20_reg_7040           |    7|   0|    7|          0|
    |select_ln31_21_reg_7104           |    7|   0|    7|          0|
    |select_ln31_22_reg_7117           |    5|   0|    6|          1|
    |select_ln31_23_reg_7194           |    5|   0|    6|          1|
    |select_ln31_24_reg_7208           |    4|   0|    6|          2|
    |select_ln31_44_reg_7392           |   12|   0|   12|          0|
    |select_ln31_reg_7002              |    7|   0|    7|          0|
    |select_ln32_1_reg_7136            |    7|   0|    7|          0|
    |select_ln32_21_reg_7327           |    8|   0|    8|          0|
    |select_ln32_5_reg_7290            |   13|   0|   13|          0|
    |select_ln32_reg_7070              |    3|   0|    3|          0|
    |tmp1_reg_7362                     |   32|   0|   32|          0|
    |tmp_0_1_reg_7407                  |   32|   0|   32|          0|
    |tmp_0_2_reg_7427                  |   32|   0|   32|          0|
    |tmp_0_3_reg_7447                  |   32|   0|   32|          0|
    |tmp_0_3_reg_7447_pp0_iter2_reg    |   32|   0|   32|          0|
    |tmp_101_reg_6789                  |   13|   0|   13|          0|
    |tmp_102_reg_6828                  |   13|   0|   13|          0|
    |tmp_112_1_reg_7412                |   32|   0|   32|          0|
    |tmp_112_2_reg_7432                |   32|   0|   32|          0|
    |tmp_112_3_reg_7452                |   32|   0|   32|          0|
    |tmp_112_3_reg_7452_pp0_iter2_reg  |   32|   0|   32|          0|
    |tmp_1_0_2_reg_7487                |   32|   0|   32|          0|
    |tmp_1_1_2_reg_7492                |   32|   0|   32|          0|
    |tmp_1_2_1_reg_7477                |   32|   0|   32|          0|
    |tmp_1_2_2_reg_7497                |   32|   0|   32|          0|
    |tmp_1_2_reg_7457                  |   32|   0|   32|          0|
    |tmp_1_3_1_reg_7482                |   32|   0|   32|          0|
    |tmp_1_3_2_reg_7502                |   32|   0|   32|          0|
    |tmp_1_3_reg_7462                  |   32|   0|   32|          0|
    |tmp_21_reg_7382                   |   32|   0|   32|          0|
    |tmp_2_1_reg_7417                  |   32|   0|   32|          0|
    |tmp_2_2_reg_7437                  |   32|   0|   32|          0|
    |tmp_2_3_reg_7467                  |   32|   0|   32|          0|
    |tmp_31_reg_7387                   |   32|   0|   32|          0|
    |tmp_3_1_reg_7422                  |   32|   0|   32|          0|
    |tmp_3_2_reg_7442                  |   32|   0|   32|          0|
    |tmp_3_3_reg_7472                  |   32|   0|   32|          0|
    |tmp_74_reg_6873                   |   12|   0|   13|          1|
    |tmp_75_reg_6878                   |   12|   0|   13|          1|
    |tmp_76_reg_6883                   |   11|   0|   13|          2|
    |tmp_78_reg_6898                   |   10|   0|   12|          2|
    |tmp_79_reg_6903                   |   10|   0|   12|          2|
    |tmp_80_reg_6908                   |    9|   0|   12|          3|
    |tmp_82_reg_6923                   |   10|   0|   12|          2|
    |tmp_83_reg_6928                   |   10|   0|   12|          2|
    |tmp_84_reg_6933                   |    9|   0|   12|          3|
    |tmp_86_reg_6948                   |    9|   0|   12|          3|
    |tmp_87_reg_6953                   |    9|   0|   12|          3|
    |tmp_88_reg_6958                   |    8|   0|   12|          4|
    |tmp_89_reg_6751                   |   13|   0|   13|          0|
    |tmp_s_reg_7367                    |   32|   0|   32|          0|
    |trunc_ln31_1_reg_7098             |    6|   0|    6|          0|
    |trunc_ln32_1_reg_7130             |    6|   0|    6|          0|
    |zext_ln31_13_reg_7280             |    7|   0|   13|          6|
    |icmp_ln30_reg_6963                |   64|  32|    1|          0|
    |mC_addr_4_reg_7177                |   64|  32|   12|          0|
    |mC_addr_5_reg_7182                |   64|  32|   12|          1|
    |mC_addr_6_reg_7251                |   64|  32|   12|          1|
    |mC_addr_7_reg_7257                |   64|  32|   12|          2|
    |tmp_2_3_reg_7467                  |   64|  32|   32|          0|
    |tmp_3_3_reg_7472                  |   64|  32|   32|          0|
    +----------------------------------+-----+----+-----+-----------+
    |Total                             | 6293| 224| 6053|         99|
    +----------------------------------+-----+----+-----+-----------+



================================================================
== Interface
================================================================
* Summary: 
+---------------------------+-----+-----+------------+----------------+--------------+
|         RTL Ports         | Dir | Bits|  Protocol  |  Source Object |    C Type    |
+---------------------------+-----+-----+------------+----------------+--------------+
|s_axi_CONTROL_BUS_AWVALID  |  in |    1|    s_axi   |   CONTROL_BUS  |    scalar    |
|s_axi_CONTROL_BUS_AWREADY  | out |    1|    s_axi   |   CONTROL_BUS  |    scalar    |
|s_axi_CONTROL_BUS_AWADDR   |  in |    6|    s_axi   |   CONTROL_BUS  |    scalar    |
|s_axi_CONTROL_BUS_WVALID   |  in |    1|    s_axi   |   CONTROL_BUS  |    scalar    |
|s_axi_CONTROL_BUS_WREADY   | out |    1|    s_axi   |   CONTROL_BUS  |    scalar    |
|s_axi_CONTROL_BUS_WDATA    |  in |   32|    s_axi   |   CONTROL_BUS  |    scalar    |
|s_axi_CONTROL_BUS_WSTRB    |  in |    4|    s_axi   |   CONTROL_BUS  |    scalar    |
|s_axi_CONTROL_BUS_ARVALID  |  in |    1|    s_axi   |   CONTROL_BUS  |    scalar    |
|s_axi_CONTROL_BUS_ARREADY  | out |    1|    s_axi   |   CONTROL_BUS  |    scalar    |
|s_axi_CONTROL_BUS_ARADDR   |  in |    6|    s_axi   |   CONTROL_BUS  |    scalar    |
|s_axi_CONTROL_BUS_RVALID   | out |    1|    s_axi   |   CONTROL_BUS  |    scalar    |
|s_axi_CONTROL_BUS_RREADY   |  in |    1|    s_axi   |   CONTROL_BUS  |    scalar    |
|s_axi_CONTROL_BUS_RDATA    | out |   32|    s_axi   |   CONTROL_BUS  |    scalar    |
|s_axi_CONTROL_BUS_RRESP    | out |    2|    s_axi   |   CONTROL_BUS  |    scalar    |
|s_axi_CONTROL_BUS_BVALID   | out |    1|    s_axi   |   CONTROL_BUS  |    scalar    |
|s_axi_CONTROL_BUS_BREADY   |  in |    1|    s_axi   |   CONTROL_BUS  |    scalar    |
|s_axi_CONTROL_BUS_BRESP    | out |    2|    s_axi   |   CONTROL_BUS  |    scalar    |
|ap_clk                     |  in |    1| ap_ctrl_hs | multiply_block | return value |
|ap_rst_n                   |  in |    1| ap_ctrl_hs | multiply_block | return value |
|interrupt                  | out |    1| ap_ctrl_hs | multiply_block | return value |
|m_axi_INPUT_r_AWVALID      | out |    1|    m_axi   |     INPUT_r    |    pointer   |
|m_axi_INPUT_r_AWREADY      |  in |    1|    m_axi   |     INPUT_r    |    pointer   |
|m_axi_INPUT_r_AWADDR       | out |   32|    m_axi   |     INPUT_r    |    pointer   |
|m_axi_INPUT_r_AWID         | out |    1|    m_axi   |     INPUT_r    |    pointer   |
|m_axi_INPUT_r_AWLEN        | out |    8|    m_axi   |     INPUT_r    |    pointer   |
|m_axi_INPUT_r_AWSIZE       | out |    3|    m_axi   |     INPUT_r    |    pointer   |
|m_axi_INPUT_r_AWBURST      | out |    2|    m_axi   |     INPUT_r    |    pointer   |
|m_axi_INPUT_r_AWLOCK       | out |    2|    m_axi   |     INPUT_r    |    pointer   |
|m_axi_INPUT_r_AWCACHE      | out |    4|    m_axi   |     INPUT_r    |    pointer   |
|m_axi_INPUT_r_AWPROT       | out |    3|    m_axi   |     INPUT_r    |    pointer   |
|m_axi_INPUT_r_AWQOS        | out |    4|    m_axi   |     INPUT_r    |    pointer   |
|m_axi_INPUT_r_AWREGION     | out |    4|    m_axi   |     INPUT_r    |    pointer   |
|m_axi_INPUT_r_AWUSER       | out |    1|    m_axi   |     INPUT_r    |    pointer   |
|m_axi_INPUT_r_WVALID       | out |    1|    m_axi   |     INPUT_r    |    pointer   |
|m_axi_INPUT_r_WREADY       |  in |    1|    m_axi   |     INPUT_r    |    pointer   |
|m_axi_INPUT_r_WDATA        | out |   32|    m_axi   |     INPUT_r    |    pointer   |
|m_axi_INPUT_r_WSTRB        | out |    4|    m_axi   |     INPUT_r    |    pointer   |
|m_axi_INPUT_r_WLAST        | out |    1|    m_axi   |     INPUT_r    |    pointer   |
|m_axi_INPUT_r_WID          | out |    1|    m_axi   |     INPUT_r    |    pointer   |
|m_axi_INPUT_r_WUSER        | out |    1|    m_axi   |     INPUT_r    |    pointer   |
|m_axi_INPUT_r_ARVALID      | out |    1|    m_axi   |     INPUT_r    |    pointer   |
|m_axi_INPUT_r_ARREADY      |  in |    1|    m_axi   |     INPUT_r    |    pointer   |
|m_axi_INPUT_r_ARADDR       | out |   32|    m_axi   |     INPUT_r    |    pointer   |
|m_axi_INPUT_r_ARID         | out |    1|    m_axi   |     INPUT_r    |    pointer   |
|m_axi_INPUT_r_ARLEN        | out |    8|    m_axi   |     INPUT_r    |    pointer   |
|m_axi_INPUT_r_ARSIZE       | out |    3|    m_axi   |     INPUT_r    |    pointer   |
|m_axi_INPUT_r_ARBURST      | out |    2|    m_axi   |     INPUT_r    |    pointer   |
|m_axi_INPUT_r_ARLOCK       | out |    2|    m_axi   |     INPUT_r    |    pointer   |
|m_axi_INPUT_r_ARCACHE      | out |    4|    m_axi   |     INPUT_r    |    pointer   |
|m_axi_INPUT_r_ARPROT       | out |    3|    m_axi   |     INPUT_r    |    pointer   |
|m_axi_INPUT_r_ARQOS        | out |    4|    m_axi   |     INPUT_r    |    pointer   |
|m_axi_INPUT_r_ARREGION     | out |    4|    m_axi   |     INPUT_r    |    pointer   |
|m_axi_INPUT_r_ARUSER       | out |    1|    m_axi   |     INPUT_r    |    pointer   |
|m_axi_INPUT_r_RVALID       |  in |    1|    m_axi   |     INPUT_r    |    pointer   |
|m_axi_INPUT_r_RREADY       | out |    1|    m_axi   |     INPUT_r    |    pointer   |
|m_axi_INPUT_r_RDATA        |  in |   32|    m_axi   |     INPUT_r    |    pointer   |
|m_axi_INPUT_r_RLAST        |  in |    1|    m_axi   |     INPUT_r    |    pointer   |
|m_axi_INPUT_r_RID          |  in |    1|    m_axi   |     INPUT_r    |    pointer   |
|m_axi_INPUT_r_RUSER        |  in |    1|    m_axi   |     INPUT_r    |    pointer   |
|m_axi_INPUT_r_RRESP        |  in |    2|    m_axi   |     INPUT_r    |    pointer   |
|m_axi_INPUT_r_BVALID       |  in |    1|    m_axi   |     INPUT_r    |    pointer   |
|m_axi_INPUT_r_BREADY       | out |    1|    m_axi   |     INPUT_r    |    pointer   |
|m_axi_INPUT_r_BRESP        |  in |    2|    m_axi   |     INPUT_r    |    pointer   |
|m_axi_INPUT_r_BID          |  in |    1|    m_axi   |     INPUT_r    |    pointer   |
|m_axi_INPUT_r_BUSER        |  in |    1|    m_axi   |     INPUT_r    |    pointer   |
|m_axi_OUTPUT_r_AWVALID     | out |    1|    m_axi   |    OUTPUT_r    |    pointer   |
|m_axi_OUTPUT_r_AWREADY     |  in |    1|    m_axi   |    OUTPUT_r    |    pointer   |
|m_axi_OUTPUT_r_AWADDR      | out |   32|    m_axi   |    OUTPUT_r    |    pointer   |
|m_axi_OUTPUT_r_AWID        | out |    1|    m_axi   |    OUTPUT_r    |    pointer   |
|m_axi_OUTPUT_r_AWLEN       | out |    8|    m_axi   |    OUTPUT_r    |    pointer   |
|m_axi_OUTPUT_r_AWSIZE      | out |    3|    m_axi   |    OUTPUT_r    |    pointer   |
|m_axi_OUTPUT_r_AWBURST     | out |    2|    m_axi   |    OUTPUT_r    |    pointer   |
|m_axi_OUTPUT_r_AWLOCK      | out |    2|    m_axi   |    OUTPUT_r    |    pointer   |
|m_axi_OUTPUT_r_AWCACHE     | out |    4|    m_axi   |    OUTPUT_r    |    pointer   |
|m_axi_OUTPUT_r_AWPROT      | out |    3|    m_axi   |    OUTPUT_r    |    pointer   |
|m_axi_OUTPUT_r_AWQOS       | out |    4|    m_axi   |    OUTPUT_r    |    pointer   |
|m_axi_OUTPUT_r_AWREGION    | out |    4|    m_axi   |    OUTPUT_r    |    pointer   |
|m_axi_OUTPUT_r_AWUSER      | out |    1|    m_axi   |    OUTPUT_r    |    pointer   |
|m_axi_OUTPUT_r_WVALID      | out |    1|    m_axi   |    OUTPUT_r    |    pointer   |
|m_axi_OUTPUT_r_WREADY      |  in |    1|    m_axi   |    OUTPUT_r    |    pointer   |
|m_axi_OUTPUT_r_WDATA       | out |   32|    m_axi   |    OUTPUT_r    |    pointer   |
|m_axi_OUTPUT_r_WSTRB       | out |    4|    m_axi   |    OUTPUT_r    |    pointer   |
|m_axi_OUTPUT_r_WLAST       | out |    1|    m_axi   |    OUTPUT_r    |    pointer   |
|m_axi_OUTPUT_r_WID         | out |    1|    m_axi   |    OUTPUT_r    |    pointer   |
|m_axi_OUTPUT_r_WUSER       | out |    1|    m_axi   |    OUTPUT_r    |    pointer   |
|m_axi_OUTPUT_r_ARVALID     | out |    1|    m_axi   |    OUTPUT_r    |    pointer   |
|m_axi_OUTPUT_r_ARREADY     |  in |    1|    m_axi   |    OUTPUT_r    |    pointer   |
|m_axi_OUTPUT_r_ARADDR      | out |   32|    m_axi   |    OUTPUT_r    |    pointer   |
|m_axi_OUTPUT_r_ARID        | out |    1|    m_axi   |    OUTPUT_r    |    pointer   |
|m_axi_OUTPUT_r_ARLEN       | out |    8|    m_axi   |    OUTPUT_r    |    pointer   |
|m_axi_OUTPUT_r_ARSIZE      | out |    3|    m_axi   |    OUTPUT_r    |    pointer   |
|m_axi_OUTPUT_r_ARBURST     | out |    2|    m_axi   |    OUTPUT_r    |    pointer   |
|m_axi_OUTPUT_r_ARLOCK      | out |    2|    m_axi   |    OUTPUT_r    |    pointer   |
|m_axi_OUTPUT_r_ARCACHE     | out |    4|    m_axi   |    OUTPUT_r    |    pointer   |
|m_axi_OUTPUT_r_ARPROT      | out |    3|    m_axi   |    OUTPUT_r    |    pointer   |
|m_axi_OUTPUT_r_ARQOS       | out |    4|    m_axi   |    OUTPUT_r    |    pointer   |
|m_axi_OUTPUT_r_ARREGION    | out |    4|    m_axi   |    OUTPUT_r    |    pointer   |
|m_axi_OUTPUT_r_ARUSER      | out |    1|    m_axi   |    OUTPUT_r    |    pointer   |
|m_axi_OUTPUT_r_RVALID      |  in |    1|    m_axi   |    OUTPUT_r    |    pointer   |
|m_axi_OUTPUT_r_RREADY      | out |    1|    m_axi   |    OUTPUT_r    |    pointer   |
|m_axi_OUTPUT_r_RDATA       |  in |   32|    m_axi   |    OUTPUT_r    |    pointer   |
|m_axi_OUTPUT_r_RLAST       |  in |    1|    m_axi   |    OUTPUT_r    |    pointer   |
|m_axi_OUTPUT_r_RID         |  in |    1|    m_axi   |    OUTPUT_r    |    pointer   |
|m_axi_OUTPUT_r_RUSER       |  in |    1|    m_axi   |    OUTPUT_r    |    pointer   |
|m_axi_OUTPUT_r_RRESP       |  in |    2|    m_axi   |    OUTPUT_r    |    pointer   |
|m_axi_OUTPUT_r_BVALID      |  in |    1|    m_axi   |    OUTPUT_r    |    pointer   |
|m_axi_OUTPUT_r_BREADY      | out |    1|    m_axi   |    OUTPUT_r    |    pointer   |
|m_axi_OUTPUT_r_BRESP       |  in |    2|    m_axi   |    OUTPUT_r    |    pointer   |
|m_axi_OUTPUT_r_BID         |  in |    1|    m_axi   |    OUTPUT_r    |    pointer   |
|m_axi_OUTPUT_r_BUSER       |  in |    1|    m_axi   |    OUTPUT_r    |    pointer   |
+---------------------------+-----+-----+------------+----------------+--------------+

