Copyright 1986-2019 Xilinx, Inc. All Rights Reserved.
---------------------------------------------------------------------------------------------------------------------------------------------------
| Tool Version : Vivado v.2019.1.3 (win64) Build 2644227 Wed Sep  4 09:45:24 MDT 2019
| Date         : Tue Feb 11 10:36:35 2020
| Host         : Qlala-Blade running 64-bit major release  (build 9200)
| Command      : report_drc -file design_multi_wrapper_drc_opted.rpt -pb design_multi_wrapper_drc_opted.pb -rpx design_multi_wrapper_drc_opted.rpx
| Design       : design_multi_wrapper
| Device       : xc7z020clg484-1
| Speed File   : -1
| Design State : Synthesized
---------------------------------------------------------------------------------------------------------------------------------------------------

Report DRC

Table of Contents
-----------------
1. REPORT SUMMARY
2. REPORT DETAILS

1. REPORT SUMMARY
-----------------
            Netlist: netlist
          Floorplan: design_1
      Design limits: <entire design considered>
           Ruledeck: default
             Max violations: <unlimited>
             Violations found: 66
+-----------+----------+-------------------------------------------------------------------+------------+
| Rule      | Severity | Description                                                       | Violations |
+-----------+----------+-------------------------------------------------------------------+------------+
| CHECK-3   | Warning  | Report rule limit reached                                         | 1          |
| DPIP-1    | Warning  | Input pipelining                                                  | 22         |
| DPOP-1    | Warning  | PREG Output pipelining                                            | 5          |
| DPOP-2    | Warning  | MREG Output pipelining                                            | 4          |
| REQP-1840 | Warning  | RAMB18 async control check                                        | 20         |
| AVAL-4    | Advisory | enum_USE_DPORT_FALSE_enum_DREG_ADREG_0_connects_CED_CEAD_RSTD_GND | 7          |
| AVAL-5    | Advisory | enum_USE_MULT_NONE_enum_DREG_ADREG_0_connects_CED_CEAD_RSTD_GND   | 3          |
| REQP-1725 | Advisory | DSP_Abus_sign_bit_alert                                           | 4          |
+-----------+----------+-------------------------------------------------------------------+------------+

2. REPORT DETAILS
-----------------
CHECK-3#1 Warning
Report rule limit reached  
REQP-1840 rule limit reached: 20 violations have been found.
Related violations: <none>

DPIP-1#1 Warning
Input pipelining  
DSP design_multi_i/Kmeans_0/U0/Kmeans_fadd_32ns_32ns_32_5_full_dsp_1_U21/Kmeans_ap_fadd_3_full_dsp_32_u/U0/i_synth/ADDSUB_OP.ADDSUB/DSP.OP/DSP48E1_BODY.ALIGN_ADD/DSP2/DSP input design_multi_i/Kmeans_0/U0/Kmeans_fadd_32ns_32ns_32_5_full_dsp_1_U21/Kmeans_ap_fadd_3_full_dsp_32_u/U0/i_synth/ADDSUB_OP.ADDSUB/DSP.OP/DSP48E1_BODY.ALIGN_ADD/DSP2/DSP/A[29:0] is not pipelined. Pipelining DSP48 input will improve performance.
Related violations: <none>

DPIP-1#2 Warning
Input pipelining  
DSP design_multi_i/Kmeans_0/U0/Kmeans_fadd_32ns_32ns_32_5_full_dsp_1_U21/Kmeans_ap_fadd_3_full_dsp_32_u/U0/i_synth/ADDSUB_OP.ADDSUB/DSP.OP/DSP48E1_BODY.ALIGN_ADD/DSP2/DSP input design_multi_i/Kmeans_0/U0/Kmeans_fadd_32ns_32ns_32_5_full_dsp_1_U21/Kmeans_ap_fadd_3_full_dsp_32_u/U0/i_synth/ADDSUB_OP.ADDSUB/DSP.OP/DSP48E1_BODY.ALIGN_ADD/DSP2/DSP/B[17:0] is not pipelined. Pipelining DSP48 input will improve performance.
Related violations: <none>

DPIP-1#3 Warning
Input pipelining  
DSP design_multi_i/Kmeans_0/U0/Kmeans_fadd_32ns_32ns_32_5_full_dsp_1_U21/Kmeans_ap_fadd_3_full_dsp_32_u/U0/i_synth/ADDSUB_OP.ADDSUB/DSP.OP/DSP48E1_BODY.ALIGN_ADD/DSP2/DSP input design_multi_i/Kmeans_0/U0/Kmeans_fadd_32ns_32ns_32_5_full_dsp_1_U21/Kmeans_ap_fadd_3_full_dsp_32_u/U0/i_synth/ADDSUB_OP.ADDSUB/DSP.OP/DSP48E1_BODY.ALIGN_ADD/DSP2/DSP/C[47:0] is not pipelined. Pipelining DSP48 input will improve performance.
Related violations: <none>

DPIP-1#4 Warning
Input pipelining  
DSP design_multi_i/Kmeans_0/U0/Kmeans_fadd_32ns_32ns_32_5_full_dsp_1_U21/Kmeans_ap_fadd_3_full_dsp_32_u/U0/i_synth/ADDSUB_OP.ADDSUB/DSP.OP/DSP48E1_BODY.NORM_RND/FULL_USAGE_DSP.SHIFT_RND/DSP input design_multi_i/Kmeans_0/U0/Kmeans_fadd_32ns_32ns_32_5_full_dsp_1_U21/Kmeans_ap_fadd_3_full_dsp_32_u/U0/i_synth/ADDSUB_OP.ADDSUB/DSP.OP/DSP48E1_BODY.NORM_RND/FULL_USAGE_DSP.SHIFT_RND/DSP/C[47:0] is not pipelined. Pipelining DSP48 input will improve performance.
Related violations: <none>

DPIP-1#5 Warning
Input pipelining  
DSP design_multi_i/Kmeans_0/U0/Kmeans_fadd_32ns_32ns_32_5_full_dsp_1_U22/Kmeans_ap_fadd_3_full_dsp_32_u/U0/i_synth/ADDSUB_OP.ADDSUB/DSP.OP/DSP48E1_BODY.ALIGN_ADD/DSP2/DSP input design_multi_i/Kmeans_0/U0/Kmeans_fadd_32ns_32ns_32_5_full_dsp_1_U22/Kmeans_ap_fadd_3_full_dsp_32_u/U0/i_synth/ADDSUB_OP.ADDSUB/DSP.OP/DSP48E1_BODY.ALIGN_ADD/DSP2/DSP/A[29:0] is not pipelined. Pipelining DSP48 input will improve performance.
Related violations: <none>

DPIP-1#6 Warning
Input pipelining  
DSP design_multi_i/Kmeans_0/U0/Kmeans_fadd_32ns_32ns_32_5_full_dsp_1_U22/Kmeans_ap_fadd_3_full_dsp_32_u/U0/i_synth/ADDSUB_OP.ADDSUB/DSP.OP/DSP48E1_BODY.ALIGN_ADD/DSP2/DSP input design_multi_i/Kmeans_0/U0/Kmeans_fadd_32ns_32ns_32_5_full_dsp_1_U22/Kmeans_ap_fadd_3_full_dsp_32_u/U0/i_synth/ADDSUB_OP.ADDSUB/DSP.OP/DSP48E1_BODY.ALIGN_ADD/DSP2/DSP/B[17:0] is not pipelined. Pipelining DSP48 input will improve performance.
Related violations: <none>

DPIP-1#7 Warning
Input pipelining  
DSP design_multi_i/Kmeans_0/U0/Kmeans_fadd_32ns_32ns_32_5_full_dsp_1_U22/Kmeans_ap_fadd_3_full_dsp_32_u/U0/i_synth/ADDSUB_OP.ADDSUB/DSP.OP/DSP48E1_BODY.ALIGN_ADD/DSP2/DSP input design_multi_i/Kmeans_0/U0/Kmeans_fadd_32ns_32ns_32_5_full_dsp_1_U22/Kmeans_ap_fadd_3_full_dsp_32_u/U0/i_synth/ADDSUB_OP.ADDSUB/DSP.OP/DSP48E1_BODY.ALIGN_ADD/DSP2/DSP/C[47:0] is not pipelined. Pipelining DSP48 input will improve performance.
Related violations: <none>

DPIP-1#8 Warning
Input pipelining  
DSP design_multi_i/Kmeans_0/U0/Kmeans_fadd_32ns_32ns_32_5_full_dsp_1_U22/Kmeans_ap_fadd_3_full_dsp_32_u/U0/i_synth/ADDSUB_OP.ADDSUB/DSP.OP/DSP48E1_BODY.NORM_RND/FULL_USAGE_DSP.SHIFT_RND/DSP input design_multi_i/Kmeans_0/U0/Kmeans_fadd_32ns_32ns_32_5_full_dsp_1_U22/Kmeans_ap_fadd_3_full_dsp_32_u/U0/i_synth/ADDSUB_OP.ADDSUB/DSP.OP/DSP48E1_BODY.NORM_RND/FULL_USAGE_DSP.SHIFT_RND/DSP/C[47:0] is not pipelined. Pipelining DSP48 input will improve performance.
Related violations: <none>

DPIP-1#9 Warning
Input pipelining  
DSP design_multi_i/Kmeans_0/U0/grp_distance_fu_591/Kmeans_dadd_64ns_64ns_64_5_full_dsp_1_U6/Kmeans_ap_dadd_3_full_dsp_64_u/U0/i_synth/ADDSUB_OP.ADDSUB/LOGIC_SPEED.OP/ALIGN_BLK/FRAC_ADDSUB/DSP_ADD.FRAC_ADDSUB/DSP48E1_ADD.DSP48E1_ADD/DSP input design_multi_i/Kmeans_0/U0/grp_distance_fu_591/Kmeans_dadd_64ns_64ns_64_5_full_dsp_1_U6/Kmeans_ap_dadd_3_full_dsp_64_u/U0/i_synth/ADDSUB_OP.ADDSUB/LOGIC_SPEED.OP/ALIGN_BLK/FRAC_ADDSUB/DSP_ADD.FRAC_ADDSUB/DSP48E1_ADD.DSP48E1_ADD/DSP/A[29:0] is not pipelined. Pipelining DSP48 input will improve performance.
Related violations: <none>

DPIP-1#10 Warning
Input pipelining  
DSP design_multi_i/Kmeans_0/U0/grp_distance_fu_591/Kmeans_dadd_64ns_64ns_64_5_full_dsp_1_U6/Kmeans_ap_dadd_3_full_dsp_64_u/U0/i_synth/ADDSUB_OP.ADDSUB/LOGIC_SPEED.OP/ALIGN_BLK/FRAC_ADDSUB/DSP_ADD.FRAC_ADDSUB/DSP48E1_ADD.DSP48E1_ADD/DSP input design_multi_i/Kmeans_0/U0/grp_distance_fu_591/Kmeans_dadd_64ns_64ns_64_5_full_dsp_1_U6/Kmeans_ap_dadd_3_full_dsp_64_u/U0/i_synth/ADDSUB_OP.ADDSUB/LOGIC_SPEED.OP/ALIGN_BLK/FRAC_ADDSUB/DSP_ADD.FRAC_ADDSUB/DSP48E1_ADD.DSP48E1_ADD/DSP/B[17:0] is not pipelined. Pipelining DSP48 input will improve performance.
Related violations: <none>

DPIP-1#11 Warning
Input pipelining  
DSP design_multi_i/Kmeans_0/U0/grp_distance_fu_591/Kmeans_dadd_64ns_64ns_64_5_full_dsp_1_U6/Kmeans_ap_dadd_3_full_dsp_64_u/U0/i_synth/ADDSUB_OP.ADDSUB/LOGIC_SPEED.OP/ALIGN_BLK/FRAC_ADDSUB/DSP_ADD.FRAC_ADDSUB/DSP48E1_ADD.DSP48E1_ADD/DSP input design_multi_i/Kmeans_0/U0/grp_distance_fu_591/Kmeans_dadd_64ns_64ns_64_5_full_dsp_1_U6/Kmeans_ap_dadd_3_full_dsp_64_u/U0/i_synth/ADDSUB_OP.ADDSUB/LOGIC_SPEED.OP/ALIGN_BLK/FRAC_ADDSUB/DSP_ADD.FRAC_ADDSUB/DSP48E1_ADD.DSP48E1_ADD/DSP/C[47:0] is not pipelined. Pipelining DSP48 input will improve performance.
Related violations: <none>

DPIP-1#12 Warning
Input pipelining  
DSP design_multi_i/Kmeans_0/U0/grp_distance_fu_591/Kmeans_dadd_64ns_64ns_64_5_full_dsp_1_U6/Kmeans_ap_dadd_3_full_dsp_64_u/U0/i_synth/ADDSUB_OP.ADDSUB/LOGIC_SPEED.OP/ALIGN_BLK/FRAC_ADDSUB/DSP_ADD.FRAC_ADDSUB/DSP48E1_GEN.DSP48E1_DEL/DSP input design_multi_i/Kmeans_0/U0/grp_distance_fu_591/Kmeans_dadd_64ns_64ns_64_5_full_dsp_1_U6/Kmeans_ap_dadd_3_full_dsp_64_u/U0/i_synth/ADDSUB_OP.ADDSUB/LOGIC_SPEED.OP/ALIGN_BLK/FRAC_ADDSUB/DSP_ADD.FRAC_ADDSUB/DSP48E1_GEN.DSP48E1_DEL/DSP/A[29:0] is not pipelined. Pipelining DSP48 input will improve performance.
Related violations: <none>

DPIP-1#13 Warning
Input pipelining  
DSP design_multi_i/Kmeans_0/U0/grp_distance_fu_591/Kmeans_dadd_64ns_64ns_64_5_full_dsp_1_U6/Kmeans_ap_dadd_3_full_dsp_64_u/U0/i_synth/ADDSUB_OP.ADDSUB/LOGIC_SPEED.OP/NORM/ROUND/DSP48_E1.DSP48E1_ADD.DSP48E1_ADD/DSP input design_multi_i/Kmeans_0/U0/grp_distance_fu_591/Kmeans_dadd_64ns_64ns_64_5_full_dsp_1_U6/Kmeans_ap_dadd_3_full_dsp_64_u/U0/i_synth/ADDSUB_OP.ADDSUB/LOGIC_SPEED.OP/NORM/ROUND/DSP48_E1.DSP48E1_ADD.DSP48E1_ADD/DSP/B[17:0] is not pipelined. Pipelining DSP48 input will improve performance.
Related violations: <none>

DPIP-1#14 Warning
Input pipelining  
DSP design_multi_i/Kmeans_0/U0/grp_distance_fu_591/Kmeans_dadd_64ns_64ns_64_5_full_dsp_1_U6/Kmeans_ap_dadd_3_full_dsp_64_u/U0/i_synth/ADDSUB_OP.ADDSUB/LOGIC_SPEED.OP/NORM/ROUND/DSP48_E1.DSP48E1_ADD.DSP48E1_ADD/DSP input design_multi_i/Kmeans_0/U0/grp_distance_fu_591/Kmeans_dadd_64ns_64ns_64_5_full_dsp_1_U6/Kmeans_ap_dadd_3_full_dsp_64_u/U0/i_synth/ADDSUB_OP.ADDSUB/LOGIC_SPEED.OP/NORM/ROUND/DSP48_E1.DSP48E1_ADD.DSP48E1_ADD/DSP/C[47:0] is not pipelined. Pipelining DSP48 input will improve performance.
Related violations: <none>

DPIP-1#15 Warning
Input pipelining  
DSP design_multi_i/Kmeans_0/U0/grp_distance_fu_591/Kmeans_fsub_32ns_32ns_32_5_full_dsp_1_U1/Kmeans_ap_fsub_3_full_dsp_32_u/U0/i_synth/ADDSUB_OP.ADDSUB/DSP.OP/DSP48E1_BODY.ALIGN_ADD/DSP2/DSP input design_multi_i/Kmeans_0/U0/grp_distance_fu_591/Kmeans_fsub_32ns_32ns_32_5_full_dsp_1_U1/Kmeans_ap_fsub_3_full_dsp_32_u/U0/i_synth/ADDSUB_OP.ADDSUB/DSP.OP/DSP48E1_BODY.ALIGN_ADD/DSP2/DSP/A[29:0] is not pipelined. Pipelining DSP48 input will improve performance.
Related violations: <none>

DPIP-1#16 Warning
Input pipelining  
DSP design_multi_i/Kmeans_0/U0/grp_distance_fu_591/Kmeans_fsub_32ns_32ns_32_5_full_dsp_1_U1/Kmeans_ap_fsub_3_full_dsp_32_u/U0/i_synth/ADDSUB_OP.ADDSUB/DSP.OP/DSP48E1_BODY.ALIGN_ADD/DSP2/DSP input design_multi_i/Kmeans_0/U0/grp_distance_fu_591/Kmeans_fsub_32ns_32ns_32_5_full_dsp_1_U1/Kmeans_ap_fsub_3_full_dsp_32_u/U0/i_synth/ADDSUB_OP.ADDSUB/DSP.OP/DSP48E1_BODY.ALIGN_ADD/DSP2/DSP/B[17:0] is not pipelined. Pipelining DSP48 input will improve performance.
Related violations: <none>

DPIP-1#17 Warning
Input pipelining  
DSP design_multi_i/Kmeans_0/U0/grp_distance_fu_591/Kmeans_fsub_32ns_32ns_32_5_full_dsp_1_U1/Kmeans_ap_fsub_3_full_dsp_32_u/U0/i_synth/ADDSUB_OP.ADDSUB/DSP.OP/DSP48E1_BODY.ALIGN_ADD/DSP2/DSP input design_multi_i/Kmeans_0/U0/grp_distance_fu_591/Kmeans_fsub_32ns_32ns_32_5_full_dsp_1_U1/Kmeans_ap_fsub_3_full_dsp_32_u/U0/i_synth/ADDSUB_OP.ADDSUB/DSP.OP/DSP48E1_BODY.ALIGN_ADD/DSP2/DSP/C[47:0] is not pipelined. Pipelining DSP48 input will improve performance.
Related violations: <none>

DPIP-1#18 Warning
Input pipelining  
DSP design_multi_i/Kmeans_0/U0/grp_distance_fu_591/Kmeans_fsub_32ns_32ns_32_5_full_dsp_1_U1/Kmeans_ap_fsub_3_full_dsp_32_u/U0/i_synth/ADDSUB_OP.ADDSUB/DSP.OP/DSP48E1_BODY.NORM_RND/FULL_USAGE_DSP.SHIFT_RND/DSP input design_multi_i/Kmeans_0/U0/grp_distance_fu_591/Kmeans_fsub_32ns_32ns_32_5_full_dsp_1_U1/Kmeans_ap_fsub_3_full_dsp_32_u/U0/i_synth/ADDSUB_OP.ADDSUB/DSP.OP/DSP48E1_BODY.NORM_RND/FULL_USAGE_DSP.SHIFT_RND/DSP/C[47:0] is not pipelined. Pipelining DSP48 input will improve performance.
Related violations: <none>

DPIP-1#19 Warning
Input pipelining  
DSP design_multi_i/Kmeans_0/U0/grp_distance_fu_591/Kmeans_fsub_32ns_32ns_32_5_full_dsp_1_U2/Kmeans_ap_fsub_3_full_dsp_32_u/U0/i_synth/ADDSUB_OP.ADDSUB/DSP.OP/DSP48E1_BODY.ALIGN_ADD/DSP2/DSP input design_multi_i/Kmeans_0/U0/grp_distance_fu_591/Kmeans_fsub_32ns_32ns_32_5_full_dsp_1_U2/Kmeans_ap_fsub_3_full_dsp_32_u/U0/i_synth/ADDSUB_OP.ADDSUB/DSP.OP/DSP48E1_BODY.ALIGN_ADD/DSP2/DSP/A[29:0] is not pipelined. Pipelining DSP48 input will improve performance.
Related violations: <none>

DPIP-1#20 Warning
Input pipelining  
DSP design_multi_i/Kmeans_0/U0/grp_distance_fu_591/Kmeans_fsub_32ns_32ns_32_5_full_dsp_1_U2/Kmeans_ap_fsub_3_full_dsp_32_u/U0/i_synth/ADDSUB_OP.ADDSUB/DSP.OP/DSP48E1_BODY.ALIGN_ADD/DSP2/DSP input design_multi_i/Kmeans_0/U0/grp_distance_fu_591/Kmeans_fsub_32ns_32ns_32_5_full_dsp_1_U2/Kmeans_ap_fsub_3_full_dsp_32_u/U0/i_synth/ADDSUB_OP.ADDSUB/DSP.OP/DSP48E1_BODY.ALIGN_ADD/DSP2/DSP/B[17:0] is not pipelined. Pipelining DSP48 input will improve performance.
Related violations: <none>

DPIP-1#21 Warning
Input pipelining  
DSP design_multi_i/Kmeans_0/U0/grp_distance_fu_591/Kmeans_fsub_32ns_32ns_32_5_full_dsp_1_U2/Kmeans_ap_fsub_3_full_dsp_32_u/U0/i_synth/ADDSUB_OP.ADDSUB/DSP.OP/DSP48E1_BODY.ALIGN_ADD/DSP2/DSP input design_multi_i/Kmeans_0/U0/grp_distance_fu_591/Kmeans_fsub_32ns_32ns_32_5_full_dsp_1_U2/Kmeans_ap_fsub_3_full_dsp_32_u/U0/i_synth/ADDSUB_OP.ADDSUB/DSP.OP/DSP48E1_BODY.ALIGN_ADD/DSP2/DSP/C[47:0] is not pipelined. Pipelining DSP48 input will improve performance.
Related violations: <none>

DPIP-1#22 Warning
Input pipelining  
DSP design_multi_i/Kmeans_0/U0/grp_distance_fu_591/Kmeans_fsub_32ns_32ns_32_5_full_dsp_1_U2/Kmeans_ap_fsub_3_full_dsp_32_u/U0/i_synth/ADDSUB_OP.ADDSUB/DSP.OP/DSP48E1_BODY.NORM_RND/FULL_USAGE_DSP.SHIFT_RND/DSP input design_multi_i/Kmeans_0/U0/grp_distance_fu_591/Kmeans_fsub_32ns_32ns_32_5_full_dsp_1_U2/Kmeans_ap_fsub_3_full_dsp_32_u/U0/i_synth/ADDSUB_OP.ADDSUB/DSP.OP/DSP48E1_BODY.NORM_RND/FULL_USAGE_DSP.SHIFT_RND/DSP/C[47:0] is not pipelined. Pipelining DSP48 input will improve performance.
Related violations: <none>

DPOP-1#1 Warning
PREG Output pipelining  
DSP design_multi_i/Kmeans_0/U0/Kmeans_fadd_32ns_32ns_32_5_full_dsp_1_U21/Kmeans_ap_fadd_3_full_dsp_32_u/U0/i_synth/ADDSUB_OP.ADDSUB/DSP.OP/DSP48E1_BODY.NORM_RND/FULL_USAGE_DSP.SHIFT_RND/DSP output design_multi_i/Kmeans_0/U0/Kmeans_fadd_32ns_32ns_32_5_full_dsp_1_U21/Kmeans_ap_fadd_3_full_dsp_32_u/U0/i_synth/ADDSUB_OP.ADDSUB/DSP.OP/DSP48E1_BODY.NORM_RND/FULL_USAGE_DSP.SHIFT_RND/DSP/P[47:0] is not pipelined (PREG=0). Pipelining the DSP48 output will improve performance and often saves power so it is suggested whenever possible to fully pipeline this function.  If this DSP48 function was inferred, it is suggested to describe an additional register stage after this function.  If the DSP48 was instantiated in the design, it is suggested to set the PREG attribute to 1.
Related violations: <none>

DPOP-1#2 Warning
PREG Output pipelining  
DSP design_multi_i/Kmeans_0/U0/Kmeans_fadd_32ns_32ns_32_5_full_dsp_1_U22/Kmeans_ap_fadd_3_full_dsp_32_u/U0/i_synth/ADDSUB_OP.ADDSUB/DSP.OP/DSP48E1_BODY.NORM_RND/FULL_USAGE_DSP.SHIFT_RND/DSP output design_multi_i/Kmeans_0/U0/Kmeans_fadd_32ns_32ns_32_5_full_dsp_1_U22/Kmeans_ap_fadd_3_full_dsp_32_u/U0/i_synth/ADDSUB_OP.ADDSUB/DSP.OP/DSP48E1_BODY.NORM_RND/FULL_USAGE_DSP.SHIFT_RND/DSP/P[47:0] is not pipelined (PREG=0). Pipelining the DSP48 output will improve performance and often saves power so it is suggested whenever possible to fully pipeline this function.  If this DSP48 function was inferred, it is suggested to describe an additional register stage after this function.  If the DSP48 was instantiated in the design, it is suggested to set the PREG attribute to 1.
Related violations: <none>

DPOP-1#3 Warning
PREG Output pipelining  
DSP design_multi_i/Kmeans_0/U0/grp_distance_fu_591/Kmeans_dadd_64ns_64ns_64_5_full_dsp_1_U6/Kmeans_ap_dadd_3_full_dsp_64_u/U0/i_synth/ADDSUB_OP.ADDSUB/LOGIC_SPEED.OP/NORM/ROUND/DSP48_E1.DSP48E1_ADD.DSP48E1_ADD/DSP output design_multi_i/Kmeans_0/U0/grp_distance_fu_591/Kmeans_dadd_64ns_64ns_64_5_full_dsp_1_U6/Kmeans_ap_dadd_3_full_dsp_64_u/U0/i_synth/ADDSUB_OP.ADDSUB/LOGIC_SPEED.OP/NORM/ROUND/DSP48_E1.DSP48E1_ADD.DSP48E1_ADD/DSP/P[47:0] is not pipelined (PREG=0). Pipelining the DSP48 output will improve performance and often saves power so it is suggested whenever possible to fully pipeline this function.  If this DSP48 function was inferred, it is suggested to describe an additional register stage after this function.  If the DSP48 was instantiated in the design, it is suggested to set the PREG attribute to 1.
Related violations: <none>

DPOP-1#4 Warning
PREG Output pipelining  
DSP design_multi_i/Kmeans_0/U0/grp_distance_fu_591/Kmeans_fsub_32ns_32ns_32_5_full_dsp_1_U1/Kmeans_ap_fsub_3_full_dsp_32_u/U0/i_synth/ADDSUB_OP.ADDSUB/DSP.OP/DSP48E1_BODY.NORM_RND/FULL_USAGE_DSP.SHIFT_RND/DSP output design_multi_i/Kmeans_0/U0/grp_distance_fu_591/Kmeans_fsub_32ns_32ns_32_5_full_dsp_1_U1/Kmeans_ap_fsub_3_full_dsp_32_u/U0/i_synth/ADDSUB_OP.ADDSUB/DSP.OP/DSP48E1_BODY.NORM_RND/FULL_USAGE_DSP.SHIFT_RND/DSP/P[47:0] is not pipelined (PREG=0). Pipelining the DSP48 output will improve performance and often saves power so it is suggested whenever possible to fully pipeline this function.  If this DSP48 function was inferred, it is suggested to describe an additional register stage after this function.  If the DSP48 was instantiated in the design, it is suggested to set the PREG attribute to 1.
Related violations: <none>

DPOP-1#5 Warning
PREG Output pipelining  
DSP design_multi_i/Kmeans_0/U0/grp_distance_fu_591/Kmeans_fsub_32ns_32ns_32_5_full_dsp_1_U2/Kmeans_ap_fsub_3_full_dsp_32_u/U0/i_synth/ADDSUB_OP.ADDSUB/DSP.OP/DSP48E1_BODY.NORM_RND/FULL_USAGE_DSP.SHIFT_RND/DSP output design_multi_i/Kmeans_0/U0/grp_distance_fu_591/Kmeans_fsub_32ns_32ns_32_5_full_dsp_1_U2/Kmeans_ap_fsub_3_full_dsp_32_u/U0/i_synth/ADDSUB_OP.ADDSUB/DSP.OP/DSP48E1_BODY.NORM_RND/FULL_USAGE_DSP.SHIFT_RND/DSP/P[47:0] is not pipelined (PREG=0). Pipelining the DSP48 output will improve performance and often saves power so it is suggested whenever possible to fully pipeline this function.  If this DSP48 function was inferred, it is suggested to describe an additional register stage after this function.  If the DSP48 was instantiated in the design, it is suggested to set the PREG attribute to 1.
Related violations: <none>

DPOP-2#1 Warning
MREG Output pipelining  
DSP design_multi_i/Kmeans_0/U0/Kmeans_fadd_32ns_32ns_32_5_full_dsp_1_U21/Kmeans_ap_fadd_3_full_dsp_32_u/U0/i_synth/ADDSUB_OP.ADDSUB/DSP.OP/DSP48E1_BODY.NORM_RND/FULL_USAGE_DSP.SHIFT_RND/DSP multiplier stage design_multi_i/Kmeans_0/U0/Kmeans_fadd_32ns_32ns_32_5_full_dsp_1_U21/Kmeans_ap_fadd_3_full_dsp_32_u/U0/i_synth/ADDSUB_OP.ADDSUB/DSP.OP/DSP48E1_BODY.NORM_RND/FULL_USAGE_DSP.SHIFT_RND/DSP/P[47:0] is not pipelined (MREG=0). Pipelining the multiplier function will improve performance and will save significant power so it is suggested whenever possible to fully pipeline this function.  If this multiplier was inferred, it is suggested to describe an additional register stage after this function.  If there is no registered adder/accumulator following the multiply function, two pipeline stages are suggested to allow both the MREG and PREG registers to be used.  If the DSP48 was instantiated in the design, it is suggested to set both the MREG and PREG attributes to 1 when performing multiply functions.
Related violations: <none>

DPOP-2#2 Warning
MREG Output pipelining  
DSP design_multi_i/Kmeans_0/U0/Kmeans_fadd_32ns_32ns_32_5_full_dsp_1_U22/Kmeans_ap_fadd_3_full_dsp_32_u/U0/i_synth/ADDSUB_OP.ADDSUB/DSP.OP/DSP48E1_BODY.NORM_RND/FULL_USAGE_DSP.SHIFT_RND/DSP multiplier stage design_multi_i/Kmeans_0/U0/Kmeans_fadd_32ns_32ns_32_5_full_dsp_1_U22/Kmeans_ap_fadd_3_full_dsp_32_u/U0/i_synth/ADDSUB_OP.ADDSUB/DSP.OP/DSP48E1_BODY.NORM_RND/FULL_USAGE_DSP.SHIFT_RND/DSP/P[47:0] is not pipelined (MREG=0). Pipelining the multiplier function will improve performance and will save significant power so it is suggested whenever possible to fully pipeline this function.  If this multiplier was inferred, it is suggested to describe an additional register stage after this function.  If there is no registered adder/accumulator following the multiply function, two pipeline stages are suggested to allow both the MREG and PREG registers to be used.  If the DSP48 was instantiated in the design, it is suggested to set both the MREG and PREG attributes to 1 when performing multiply functions.
Related violations: <none>

DPOP-2#3 Warning
MREG Output pipelining  
DSP design_multi_i/Kmeans_0/U0/grp_distance_fu_591/Kmeans_fsub_32ns_32ns_32_5_full_dsp_1_U1/Kmeans_ap_fsub_3_full_dsp_32_u/U0/i_synth/ADDSUB_OP.ADDSUB/DSP.OP/DSP48E1_BODY.NORM_RND/FULL_USAGE_DSP.SHIFT_RND/DSP multiplier stage design_multi_i/Kmeans_0/U0/grp_distance_fu_591/Kmeans_fsub_32ns_32ns_32_5_full_dsp_1_U1/Kmeans_ap_fsub_3_full_dsp_32_u/U0/i_synth/ADDSUB_OP.ADDSUB/DSP.OP/DSP48E1_BODY.NORM_RND/FULL_USAGE_DSP.SHIFT_RND/DSP/P[47:0] is not pipelined (MREG=0). Pipelining the multiplier function will improve performance and will save significant power so it is suggested whenever possible to fully pipeline this function.  If this multiplier was inferred, it is suggested to describe an additional register stage after this function.  If there is no registered adder/accumulator following the multiply function, two pipeline stages are suggested to allow both the MREG and PREG registers to be used.  If the DSP48 was instantiated in the design, it is suggested to set both the MREG and PREG attributes to 1 when performing multiply functions.
Related violations: <none>

DPOP-2#4 Warning
MREG Output pipelining  
DSP design_multi_i/Kmeans_0/U0/grp_distance_fu_591/Kmeans_fsub_32ns_32ns_32_5_full_dsp_1_U2/Kmeans_ap_fsub_3_full_dsp_32_u/U0/i_synth/ADDSUB_OP.ADDSUB/DSP.OP/DSP48E1_BODY.NORM_RND/FULL_USAGE_DSP.SHIFT_RND/DSP multiplier stage design_multi_i/Kmeans_0/U0/grp_distance_fu_591/Kmeans_fsub_32ns_32ns_32_5_full_dsp_1_U2/Kmeans_ap_fsub_3_full_dsp_32_u/U0/i_synth/ADDSUB_OP.ADDSUB/DSP.OP/DSP48E1_BODY.NORM_RND/FULL_USAGE_DSP.SHIFT_RND/DSP/P[47:0] is not pipelined (MREG=0). Pipelining the multiplier function will improve performance and will save significant power so it is suggested whenever possible to fully pipeline this function.  If this multiplier was inferred, it is suggested to describe an additional register stage after this function.  If there is no registered adder/accumulator following the multiply function, two pipeline stages are suggested to allow both the MREG and PREG registers to be used.  If the DSP48 was instantiated in the design, it is suggested to set both the MREG and PREG attributes to 1 when performing multiply functions.
Related violations: <none>

REQP-1840#1 Warning
RAMB18 async control check  
The RAMB18E1 design_multi_i/Kmeans_0/U0/Kmeans_OUTPUT_r_m_axi_U/bus_write/buff_wdata/mem_reg has an input control pin design_multi_i/Kmeans_0/U0/Kmeans_OUTPUT_r_m_axi_U/bus_write/buff_wdata/mem_reg/ADDRARDADDR[11] (net: design_multi_i/Kmeans_0/U0/Kmeans_OUTPUT_r_m_axi_U/bus_write/buff_wdata/mem_reg_i_2__0_n_3) which is driven by a register (design_multi_i/axi_interconnect_1/m00_couplers/auto_pc/inst/gen_axi4_axi3.axi3_conv_inst/USE_READ.USE_SPLIT_R.read_addr_inst/USE_R_CHANNEL.cmd_queue/inst/fifo_gen_inst/inst_fifo_gen/gconvfifo.rf/grf.rf/gntv_or_sync_fifo.gl0.rd/gr1.gr1_int.rfwft/empty_fwft_i_reg) that has an active asychronous set or reset. This may cause corruption of the memory contents and/or read values when the set/reset is asserted and is not analyzed by the default static timing analysis. It is suggested to eliminate the use of a set/reset to registers driving this RAMB pin or else use a synchronous reset in which the assertion of the reset is timed by default.
Related violations: <none>

REQP-1840#2 Warning
RAMB18 async control check  
The RAMB18E1 design_multi_i/Kmeans_0/U0/Kmeans_OUTPUT_r_m_axi_U/bus_write/buff_wdata/mem_reg has an input control pin design_multi_i/Kmeans_0/U0/Kmeans_OUTPUT_r_m_axi_U/bus_write/buff_wdata/mem_reg/ADDRARDADDR[11] (net: design_multi_i/Kmeans_0/U0/Kmeans_OUTPUT_r_m_axi_U/bus_write/buff_wdata/mem_reg_i_2__0_n_3) which is driven by a register (design_multi_i/axi_interconnect_1/m00_couplers/auto_pc/inst/gen_axi4_axi3.axi3_conv_inst/USE_READ.USE_SPLIT_R.read_addr_inst/USE_R_CHANNEL.cmd_queue/inst/fifo_gen_inst/inst_fifo_gen/gconvfifo.rf/grf.rf/gntv_or_sync_fifo.gl0.wr/gwss.wsts/ram_full_i_reg) that has an active asychronous set or reset. This may cause corruption of the memory contents and/or read values when the set/reset is asserted and is not analyzed by the default static timing analysis. It is suggested to eliminate the use of a set/reset to registers driving this RAMB pin or else use a synchronous reset in which the assertion of the reset is timed by default.
Related violations: <none>

REQP-1840#3 Warning
RAMB18 async control check  
The RAMB18E1 design_multi_i/Kmeans_0/U0/Kmeans_OUTPUT_r_m_axi_U/bus_write/buff_wdata/mem_reg has an input control pin design_multi_i/Kmeans_0/U0/Kmeans_OUTPUT_r_m_axi_U/bus_write/buff_wdata/mem_reg/ADDRARDADDR[11] (net: design_multi_i/Kmeans_0/U0/Kmeans_OUTPUT_r_m_axi_U/bus_write/buff_wdata/mem_reg_i_2__0_n_3) which is driven by a register (design_multi_i/axi_interconnect_1/m00_couplers/auto_pc/inst/gen_axi4_axi3.axi3_conv_inst/USE_WRITE.write_addr_inst/USE_BURSTS.cmd_queue/inst/fifo_gen_inst/inst_fifo_gen/gconvfifo.rf/grf.rf/gntv_or_sync_fifo.gl0.rd/gr1.gr1_int.rfwft/empty_fwft_i_reg) that has an active asychronous set or reset. This may cause corruption of the memory contents and/or read values when the set/reset is asserted and is not analyzed by the default static timing analysis. It is suggested to eliminate the use of a set/reset to registers driving this RAMB pin or else use a synchronous reset in which the assertion of the reset is timed by default.
Related violations: <none>

REQP-1840#4 Warning
RAMB18 async control check  
The RAMB18E1 design_multi_i/Kmeans_0/U0/Kmeans_OUTPUT_r_m_axi_U/bus_write/buff_wdata/mem_reg has an input control pin design_multi_i/Kmeans_0/U0/Kmeans_OUTPUT_r_m_axi_U/bus_write/buff_wdata/mem_reg/ADDRARDADDR[11] (net: design_multi_i/Kmeans_0/U0/Kmeans_OUTPUT_r_m_axi_U/bus_write/buff_wdata/mem_reg_i_2__0_n_3) which is driven by a register (design_multi_i/axi_interconnect_1/m00_couplers/auto_pc/inst/gen_axi4_axi3.axi3_conv_inst/USE_WRITE.write_addr_inst/USE_BURSTS.cmd_queue/inst/fifo_gen_inst/inst_fifo_gen/gconvfifo.rf/grf.rf/gntv_or_sync_fifo.gl0.wr/gwss.wsts/ram_full_i_reg) that has an active asychronous set or reset. This may cause corruption of the memory contents and/or read values when the set/reset is asserted and is not analyzed by the default static timing analysis. It is suggested to eliminate the use of a set/reset to registers driving this RAMB pin or else use a synchronous reset in which the assertion of the reset is timed by default.
Related violations: <none>

REQP-1840#5 Warning
RAMB18 async control check  
The RAMB18E1 design_multi_i/Kmeans_0/U0/Kmeans_OUTPUT_r_m_axi_U/bus_write/buff_wdata/mem_reg has an input control pin design_multi_i/Kmeans_0/U0/Kmeans_OUTPUT_r_m_axi_U/bus_write/buff_wdata/mem_reg/ADDRARDADDR[11] (net: design_multi_i/Kmeans_0/U0/Kmeans_OUTPUT_r_m_axi_U/bus_write/buff_wdata/mem_reg_i_2__0_n_3) which is driven by a register (design_multi_i/axi_interconnect_1/m00_couplers/auto_pc/inst/gen_axi4_axi3.axi3_conv_inst/USE_WRITE.write_addr_inst/USE_B_CHANNEL.cmd_b_queue/inst/fifo_gen_inst/inst_fifo_gen/gconvfifo.rf/grf.rf/gntv_or_sync_fifo.gl0.wr/gwss.wsts/ram_full_i_reg) that has an active asychronous set or reset. This may cause corruption of the memory contents and/or read values when the set/reset is asserted and is not analyzed by the default static timing analysis. It is suggested to eliminate the use of a set/reset to registers driving this RAMB pin or else use a synchronous reset in which the assertion of the reset is timed by default.
Related violations: <none>

REQP-1840#6 Warning
RAMB18 async control check  
The RAMB18E1 design_multi_i/Kmeans_0/U0/Kmeans_OUTPUT_r_m_axi_U/bus_write/buff_wdata/mem_reg has an input control pin design_multi_i/Kmeans_0/U0/Kmeans_OUTPUT_r_m_axi_U/bus_write/buff_wdata/mem_reg/ADDRARDADDR[11] (net: design_multi_i/Kmeans_0/U0/Kmeans_OUTPUT_r_m_axi_U/bus_write/buff_wdata/mem_reg_i_2__0_n_3) which is driven by a register (design_multi_i/axi_interconnect_2/m00_couplers/auto_pc/inst/gen_axi4_axi3.axi3_conv_inst/USE_READ.USE_SPLIT_R.read_addr_inst/USE_R_CHANNEL.cmd_queue/inst/fifo_gen_inst/inst_fifo_gen/gconvfifo.rf/grf.rf/gntv_or_sync_fifo.gl0.rd/gr1.gr1_int.rfwft/empty_fwft_i_reg) that has an active asychronous set or reset. This may cause corruption of the memory contents and/or read values when the set/reset is asserted and is not analyzed by the default static timing analysis. It is suggested to eliminate the use of a set/reset to registers driving this RAMB pin or else use a synchronous reset in which the assertion of the reset is timed by default.
Related violations: <none>

REQP-1840#7 Warning
RAMB18 async control check  
The RAMB18E1 design_multi_i/Kmeans_0/U0/Kmeans_OUTPUT_r_m_axi_U/bus_write/buff_wdata/mem_reg has an input control pin design_multi_i/Kmeans_0/U0/Kmeans_OUTPUT_r_m_axi_U/bus_write/buff_wdata/mem_reg/ADDRARDADDR[11] (net: design_multi_i/Kmeans_0/U0/Kmeans_OUTPUT_r_m_axi_U/bus_write/buff_wdata/mem_reg_i_2__0_n_3) which is driven by a register (design_multi_i/axi_interconnect_2/m00_couplers/auto_pc/inst/gen_axi4_axi3.axi3_conv_inst/USE_READ.USE_SPLIT_R.read_addr_inst/USE_R_CHANNEL.cmd_queue/inst/fifo_gen_inst/inst_fifo_gen/gconvfifo.rf/grf.rf/gntv_or_sync_fifo.gl0.wr/gwss.wsts/ram_full_i_reg) that has an active asychronous set or reset. This may cause corruption of the memory contents and/or read values when the set/reset is asserted and is not analyzed by the default static timing analysis. It is suggested to eliminate the use of a set/reset to registers driving this RAMB pin or else use a synchronous reset in which the assertion of the reset is timed by default.
Related violations: <none>

REQP-1840#8 Warning
RAMB18 async control check  
The RAMB18E1 design_multi_i/Kmeans_0/U0/Kmeans_OUTPUT_r_m_axi_U/bus_write/buff_wdata/mem_reg has an input control pin design_multi_i/Kmeans_0/U0/Kmeans_OUTPUT_r_m_axi_U/bus_write/buff_wdata/mem_reg/ADDRARDADDR[11] (net: design_multi_i/Kmeans_0/U0/Kmeans_OUTPUT_r_m_axi_U/bus_write/buff_wdata/mem_reg_i_2__0_n_3) which is driven by a register (design_multi_i/axi_interconnect_2/m00_couplers/auto_pc/inst/gen_axi4_axi3.axi3_conv_inst/USE_WRITE.write_addr_inst/USE_BURSTS.cmd_queue/inst/fifo_gen_inst/inst_fifo_gen/gconvfifo.rf/grf.rf/gntv_or_sync_fifo.gl0.rd/gr1.gr1_int.rfwft/empty_fwft_i_reg) that has an active asychronous set or reset. This may cause corruption of the memory contents and/or read values when the set/reset is asserted and is not analyzed by the default static timing analysis. It is suggested to eliminate the use of a set/reset to registers driving this RAMB pin or else use a synchronous reset in which the assertion of the reset is timed by default.
Related violations: <none>

REQP-1840#9 Warning
RAMB18 async control check  
The RAMB18E1 design_multi_i/Kmeans_0/U0/Kmeans_OUTPUT_r_m_axi_U/bus_write/buff_wdata/mem_reg has an input control pin design_multi_i/Kmeans_0/U0/Kmeans_OUTPUT_r_m_axi_U/bus_write/buff_wdata/mem_reg/ADDRARDADDR[11] (net: design_multi_i/Kmeans_0/U0/Kmeans_OUTPUT_r_m_axi_U/bus_write/buff_wdata/mem_reg_i_2__0_n_3) which is driven by a register (design_multi_i/axi_interconnect_2/m00_couplers/auto_pc/inst/gen_axi4_axi3.axi3_conv_inst/USE_WRITE.write_addr_inst/USE_BURSTS.cmd_queue/inst/fifo_gen_inst/inst_fifo_gen/gconvfifo.rf/grf.rf/gntv_or_sync_fifo.gl0.wr/gwss.wsts/ram_full_i_reg) that has an active asychronous set or reset. This may cause corruption of the memory contents and/or read values when the set/reset is asserted and is not analyzed by the default static timing analysis. It is suggested to eliminate the use of a set/reset to registers driving this RAMB pin or else use a synchronous reset in which the assertion of the reset is timed by default.
Related violations: <none>

REQP-1840#10 Warning
RAMB18 async control check  
The RAMB18E1 design_multi_i/Kmeans_0/U0/Kmeans_OUTPUT_r_m_axi_U/bus_write/buff_wdata/mem_reg has an input control pin design_multi_i/Kmeans_0/U0/Kmeans_OUTPUT_r_m_axi_U/bus_write/buff_wdata/mem_reg/ADDRARDADDR[11] (net: design_multi_i/Kmeans_0/U0/Kmeans_OUTPUT_r_m_axi_U/bus_write/buff_wdata/mem_reg_i_2__0_n_3) which is driven by a register (design_multi_i/axi_interconnect_2/m00_couplers/auto_pc/inst/gen_axi4_axi3.axi3_conv_inst/USE_WRITE.write_addr_inst/USE_B_CHANNEL.cmd_b_queue/inst/fifo_gen_inst/inst_fifo_gen/gconvfifo.rf/grf.rf/gntv_or_sync_fifo.gl0.wr/gwss.wsts/ram_full_i_reg) that has an active asychronous set or reset. This may cause corruption of the memory contents and/or read values when the set/reset is asserted and is not analyzed by the default static timing analysis. It is suggested to eliminate the use of a set/reset to registers driving this RAMB pin or else use a synchronous reset in which the assertion of the reset is timed by default.
Related violations: <none>

REQP-1840#11 Warning
RAMB18 async control check  
The RAMB18E1 design_multi_i/Kmeans_0/U0/Kmeans_OUTPUT_r_m_axi_U/bus_write/buff_wdata/mem_reg has an input control pin design_multi_i/Kmeans_0/U0/Kmeans_OUTPUT_r_m_axi_U/bus_write/buff_wdata/mem_reg/ADDRARDADDR[12] (net: design_multi_i/Kmeans_0/U0/Kmeans_OUTPUT_r_m_axi_U/bus_write/buff_wdata/mem_reg_i_1__0_n_3) which is driven by a register (design_multi_i/axi_interconnect_1/m00_couplers/auto_pc/inst/gen_axi4_axi3.axi3_conv_inst/USE_READ.USE_SPLIT_R.read_addr_inst/USE_R_CHANNEL.cmd_queue/inst/fifo_gen_inst/inst_fifo_gen/gconvfifo.rf/grf.rf/gntv_or_sync_fifo.gl0.rd/gr1.gr1_int.rfwft/empty_fwft_i_reg) that has an active asychronous set or reset. This may cause corruption of the memory contents and/or read values when the set/reset is asserted and is not analyzed by the default static timing analysis. It is suggested to eliminate the use of a set/reset to registers driving this RAMB pin or else use a synchronous reset in which the assertion of the reset is timed by default.
Related violations: <none>

REQP-1840#12 Warning
RAMB18 async control check  
The RAMB18E1 design_multi_i/Kmeans_0/U0/Kmeans_OUTPUT_r_m_axi_U/bus_write/buff_wdata/mem_reg has an input control pin design_multi_i/Kmeans_0/U0/Kmeans_OUTPUT_r_m_axi_U/bus_write/buff_wdata/mem_reg/ADDRARDADDR[12] (net: design_multi_i/Kmeans_0/U0/Kmeans_OUTPUT_r_m_axi_U/bus_write/buff_wdata/mem_reg_i_1__0_n_3) which is driven by a register (design_multi_i/axi_interconnect_1/m00_couplers/auto_pc/inst/gen_axi4_axi3.axi3_conv_inst/USE_READ.USE_SPLIT_R.read_addr_inst/USE_R_CHANNEL.cmd_queue/inst/fifo_gen_inst/inst_fifo_gen/gconvfifo.rf/grf.rf/gntv_or_sync_fifo.gl0.wr/gwss.wsts/ram_full_i_reg) that has an active asychronous set or reset. This may cause corruption of the memory contents and/or read values when the set/reset is asserted and is not analyzed by the default static timing analysis. It is suggested to eliminate the use of a set/reset to registers driving this RAMB pin or else use a synchronous reset in which the assertion of the reset is timed by default.
Related violations: <none>

REQP-1840#13 Warning
RAMB18 async control check  
The RAMB18E1 design_multi_i/Kmeans_0/U0/Kmeans_OUTPUT_r_m_axi_U/bus_write/buff_wdata/mem_reg has an input control pin design_multi_i/Kmeans_0/U0/Kmeans_OUTPUT_r_m_axi_U/bus_write/buff_wdata/mem_reg/ADDRARDADDR[12] (net: design_multi_i/Kmeans_0/U0/Kmeans_OUTPUT_r_m_axi_U/bus_write/buff_wdata/mem_reg_i_1__0_n_3) which is driven by a register (design_multi_i/axi_interconnect_1/m00_couplers/auto_pc/inst/gen_axi4_axi3.axi3_conv_inst/USE_WRITE.write_addr_inst/USE_BURSTS.cmd_queue/inst/fifo_gen_inst/inst_fifo_gen/gconvfifo.rf/grf.rf/gntv_or_sync_fifo.gl0.rd/gr1.gr1_int.rfwft/empty_fwft_i_reg) that has an active asychronous set or reset. This may cause corruption of the memory contents and/or read values when the set/reset is asserted and is not analyzed by the default static timing analysis. It is suggested to eliminate the use of a set/reset to registers driving this RAMB pin or else use a synchronous reset in which the assertion of the reset is timed by default.
Related violations: <none>

REQP-1840#14 Warning
RAMB18 async control check  
The RAMB18E1 design_multi_i/Kmeans_0/U0/Kmeans_OUTPUT_r_m_axi_U/bus_write/buff_wdata/mem_reg has an input control pin design_multi_i/Kmeans_0/U0/Kmeans_OUTPUT_r_m_axi_U/bus_write/buff_wdata/mem_reg/ADDRARDADDR[12] (net: design_multi_i/Kmeans_0/U0/Kmeans_OUTPUT_r_m_axi_U/bus_write/buff_wdata/mem_reg_i_1__0_n_3) which is driven by a register (design_multi_i/axi_interconnect_1/m00_couplers/auto_pc/inst/gen_axi4_axi3.axi3_conv_inst/USE_WRITE.write_addr_inst/USE_BURSTS.cmd_queue/inst/fifo_gen_inst/inst_fifo_gen/gconvfifo.rf/grf.rf/gntv_or_sync_fifo.gl0.wr/gwss.wsts/ram_full_i_reg) that has an active asychronous set or reset. This may cause corruption of the memory contents and/or read values when the set/reset is asserted and is not analyzed by the default static timing analysis. It is suggested to eliminate the use of a set/reset to registers driving this RAMB pin or else use a synchronous reset in which the assertion of the reset is timed by default.
Related violations: <none>

REQP-1840#15 Warning
RAMB18 async control check  
The RAMB18E1 design_multi_i/Kmeans_0/U0/Kmeans_OUTPUT_r_m_axi_U/bus_write/buff_wdata/mem_reg has an input control pin design_multi_i/Kmeans_0/U0/Kmeans_OUTPUT_r_m_axi_U/bus_write/buff_wdata/mem_reg/ADDRARDADDR[12] (net: design_multi_i/Kmeans_0/U0/Kmeans_OUTPUT_r_m_axi_U/bus_write/buff_wdata/mem_reg_i_1__0_n_3) which is driven by a register (design_multi_i/axi_interconnect_1/m00_couplers/auto_pc/inst/gen_axi4_axi3.axi3_conv_inst/USE_WRITE.write_addr_inst/USE_B_CHANNEL.cmd_b_queue/inst/fifo_gen_inst/inst_fifo_gen/gconvfifo.rf/grf.rf/gntv_or_sync_fifo.gl0.wr/gwss.wsts/ram_full_i_reg) that has an active asychronous set or reset. This may cause corruption of the memory contents and/or read values when the set/reset is asserted and is not analyzed by the default static timing analysis. It is suggested to eliminate the use of a set/reset to registers driving this RAMB pin or else use a synchronous reset in which the assertion of the reset is timed by default.
Related violations: <none>

REQP-1840#16 Warning
RAMB18 async control check  
The RAMB18E1 design_multi_i/Kmeans_0/U0/Kmeans_OUTPUT_r_m_axi_U/bus_write/buff_wdata/mem_reg has an input control pin design_multi_i/Kmeans_0/U0/Kmeans_OUTPUT_r_m_axi_U/bus_write/buff_wdata/mem_reg/ADDRARDADDR[12] (net: design_multi_i/Kmeans_0/U0/Kmeans_OUTPUT_r_m_axi_U/bus_write/buff_wdata/mem_reg_i_1__0_n_3) which is driven by a register (design_multi_i/axi_interconnect_2/m00_couplers/auto_pc/inst/gen_axi4_axi3.axi3_conv_inst/USE_READ.USE_SPLIT_R.read_addr_inst/USE_R_CHANNEL.cmd_queue/inst/fifo_gen_inst/inst_fifo_gen/gconvfifo.rf/grf.rf/gntv_or_sync_fifo.gl0.rd/gr1.gr1_int.rfwft/empty_fwft_i_reg) that has an active asychronous set or reset. This may cause corruption of the memory contents and/or read values when the set/reset is asserted and is not analyzed by the default static timing analysis. It is suggested to eliminate the use of a set/reset to registers driving this RAMB pin or else use a synchronous reset in which the assertion of the reset is timed by default.
Related violations: <none>

REQP-1840#17 Warning
RAMB18 async control check  
The RAMB18E1 design_multi_i/Kmeans_0/U0/Kmeans_OUTPUT_r_m_axi_U/bus_write/buff_wdata/mem_reg has an input control pin design_multi_i/Kmeans_0/U0/Kmeans_OUTPUT_r_m_axi_U/bus_write/buff_wdata/mem_reg/ADDRARDADDR[12] (net: design_multi_i/Kmeans_0/U0/Kmeans_OUTPUT_r_m_axi_U/bus_write/buff_wdata/mem_reg_i_1__0_n_3) which is driven by a register (design_multi_i/axi_interconnect_2/m00_couplers/auto_pc/inst/gen_axi4_axi3.axi3_conv_inst/USE_READ.USE_SPLIT_R.read_addr_inst/USE_R_CHANNEL.cmd_queue/inst/fifo_gen_inst/inst_fifo_gen/gconvfifo.rf/grf.rf/gntv_or_sync_fifo.gl0.wr/gwss.wsts/ram_full_i_reg) that has an active asychronous set or reset. This may cause corruption of the memory contents and/or read values when the set/reset is asserted and is not analyzed by the default static timing analysis. It is suggested to eliminate the use of a set/reset to registers driving this RAMB pin or else use a synchronous reset in which the assertion of the reset is timed by default.
Related violations: <none>

REQP-1840#18 Warning
RAMB18 async control check  
The RAMB18E1 design_multi_i/Kmeans_0/U0/Kmeans_OUTPUT_r_m_axi_U/bus_write/buff_wdata/mem_reg has an input control pin design_multi_i/Kmeans_0/U0/Kmeans_OUTPUT_r_m_axi_U/bus_write/buff_wdata/mem_reg/ADDRARDADDR[12] (net: design_multi_i/Kmeans_0/U0/Kmeans_OUTPUT_r_m_axi_U/bus_write/buff_wdata/mem_reg_i_1__0_n_3) which is driven by a register (design_multi_i/axi_interconnect_2/m00_couplers/auto_pc/inst/gen_axi4_axi3.axi3_conv_inst/USE_WRITE.write_addr_inst/USE_BURSTS.cmd_queue/inst/fifo_gen_inst/inst_fifo_gen/gconvfifo.rf/grf.rf/gntv_or_sync_fifo.gl0.rd/gr1.gr1_int.rfwft/empty_fwft_i_reg) that has an active asychronous set or reset. This may cause corruption of the memory contents and/or read values when the set/reset is asserted and is not analyzed by the default static timing analysis. It is suggested to eliminate the use of a set/reset to registers driving this RAMB pin or else use a synchronous reset in which the assertion of the reset is timed by default.
Related violations: <none>

REQP-1840#19 Warning
RAMB18 async control check  
The RAMB18E1 design_multi_i/Kmeans_0/U0/Kmeans_OUTPUT_r_m_axi_U/bus_write/buff_wdata/mem_reg has an input control pin design_multi_i/Kmeans_0/U0/Kmeans_OUTPUT_r_m_axi_U/bus_write/buff_wdata/mem_reg/ADDRARDADDR[12] (net: design_multi_i/Kmeans_0/U0/Kmeans_OUTPUT_r_m_axi_U/bus_write/buff_wdata/mem_reg_i_1__0_n_3) which is driven by a register (design_multi_i/axi_interconnect_2/m00_couplers/auto_pc/inst/gen_axi4_axi3.axi3_conv_inst/USE_WRITE.write_addr_inst/USE_BURSTS.cmd_queue/inst/fifo_gen_inst/inst_fifo_gen/gconvfifo.rf/grf.rf/gntv_or_sync_fifo.gl0.wr/gwss.wsts/ram_full_i_reg) that has an active asychronous set or reset. This may cause corruption of the memory contents and/or read values when the set/reset is asserted and is not analyzed by the default static timing analysis. It is suggested to eliminate the use of a set/reset to registers driving this RAMB pin or else use a synchronous reset in which the assertion of the reset is timed by default.
Related violations: <none>

REQP-1840#20 Warning
RAMB18 async control check  
The RAMB18E1 design_multi_i/Kmeans_0/U0/Kmeans_OUTPUT_r_m_axi_U/bus_write/buff_wdata/mem_reg has an input control pin design_multi_i/Kmeans_0/U0/Kmeans_OUTPUT_r_m_axi_U/bus_write/buff_wdata/mem_reg/ADDRARDADDR[12] (net: design_multi_i/Kmeans_0/U0/Kmeans_OUTPUT_r_m_axi_U/bus_write/buff_wdata/mem_reg_i_1__0_n_3) which is driven by a register (design_multi_i/axi_interconnect_2/m00_couplers/auto_pc/inst/gen_axi4_axi3.axi3_conv_inst/USE_WRITE.write_addr_inst/USE_B_CHANNEL.cmd_b_queue/inst/fifo_gen_inst/inst_fifo_gen/gconvfifo.rf/grf.rf/gntv_or_sync_fifo.gl0.wr/gwss.wsts/ram_full_i_reg) that has an active asychronous set or reset. This may cause corruption of the memory contents and/or read values when the set/reset is asserted and is not analyzed by the default static timing analysis. It is suggested to eliminate the use of a set/reset to registers driving this RAMB pin or else use a synchronous reset in which the assertion of the reset is timed by default.
Related violations: <none>

AVAL-4#1 Advisory
enum_USE_DPORT_FALSE_enum_DREG_ADREG_0_connects_CED_CEAD_RSTD_GND  
design_multi_i/Kmeans_0/U0/Kmeans_fadd_32ns_32ns_32_5_full_dsp_1_U21/Kmeans_ap_fadd_3_full_dsp_32_u/U0/i_synth/ADDSUB_OP.ADDSUB/DSP.OP/DSP48E1_BODY.NORM_RND/FULL_USAGE_DSP.SHIFT_RND/DSP: DSP48E1 is not using the D port (USE_DPORT = FALSE). For improved power characteristics, set DREG and ADREG to '1', tie CED, CEAD, and RSTD to logic '0'.
Related violations: <none>

AVAL-4#2 Advisory
enum_USE_DPORT_FALSE_enum_DREG_ADREG_0_connects_CED_CEAD_RSTD_GND  
design_multi_i/Kmeans_0/U0/Kmeans_fadd_32ns_32ns_32_5_full_dsp_1_U22/Kmeans_ap_fadd_3_full_dsp_32_u/U0/i_synth/ADDSUB_OP.ADDSUB/DSP.OP/DSP48E1_BODY.NORM_RND/FULL_USAGE_DSP.SHIFT_RND/DSP: DSP48E1 is not using the D port (USE_DPORT = FALSE). For improved power characteristics, set DREG and ADREG to '1', tie CED, CEAD, and RSTD to logic '0'.
Related violations: <none>

AVAL-4#3 Advisory
enum_USE_DPORT_FALSE_enum_DREG_ADREG_0_connects_CED_CEAD_RSTD_GND  
design_multi_i/Kmeans_0/U0/grp_distance_fu_591/Kmeans_dadd_64ns_64ns_64_5_full_dsp_1_U6/Kmeans_ap_dadd_3_full_dsp_64_u/U0/i_synth/ADDSUB_OP.ADDSUB/LOGIC_SPEED.OP/ALIGN_BLK/FRAC_ADDSUB/DSP_ADD.FRAC_ADDSUB/DSP48E1_ADD.DSP48E1_ADD/DSP: DSP48E1 is not using the D port (USE_DPORT = FALSE). For improved power characteristics, set DREG and ADREG to '1', tie CED, CEAD, and RSTD to logic '0'.
Related violations: <none>

AVAL-4#4 Advisory
enum_USE_DPORT_FALSE_enum_DREG_ADREG_0_connects_CED_CEAD_RSTD_GND  
design_multi_i/Kmeans_0/U0/grp_distance_fu_591/Kmeans_dadd_64ns_64ns_64_5_full_dsp_1_U6/Kmeans_ap_dadd_3_full_dsp_64_u/U0/i_synth/ADDSUB_OP.ADDSUB/LOGIC_SPEED.OP/ALIGN_BLK/FRAC_ADDSUB/DSP_ADD.FRAC_ADDSUB/DSP48E1_GEN.DSP48E1_DEL/DSP: DSP48E1 is not using the D port (USE_DPORT = FALSE). For improved power characteristics, set DREG and ADREG to '1', tie CED, CEAD, and RSTD to logic '0'.
Related violations: <none>

AVAL-4#5 Advisory
enum_USE_DPORT_FALSE_enum_DREG_ADREG_0_connects_CED_CEAD_RSTD_GND  
design_multi_i/Kmeans_0/U0/grp_distance_fu_591/Kmeans_dadd_64ns_64ns_64_5_full_dsp_1_U6/Kmeans_ap_dadd_3_full_dsp_64_u/U0/i_synth/ADDSUB_OP.ADDSUB/LOGIC_SPEED.OP/NORM/ROUND/DSP48_E1.DSP48E1_ADD.DSP48E1_ADD/DSP: DSP48E1 is not using the D port (USE_DPORT = FALSE). For improved power characteristics, set DREG and ADREG to '1', tie CED, CEAD, and RSTD to logic '0'.
Related violations: <none>

AVAL-4#6 Advisory
enum_USE_DPORT_FALSE_enum_DREG_ADREG_0_connects_CED_CEAD_RSTD_GND  
design_multi_i/Kmeans_0/U0/grp_distance_fu_591/Kmeans_fsub_32ns_32ns_32_5_full_dsp_1_U1/Kmeans_ap_fsub_3_full_dsp_32_u/U0/i_synth/ADDSUB_OP.ADDSUB/DSP.OP/DSP48E1_BODY.NORM_RND/FULL_USAGE_DSP.SHIFT_RND/DSP: DSP48E1 is not using the D port (USE_DPORT = FALSE). For improved power characteristics, set DREG and ADREG to '1', tie CED, CEAD, and RSTD to logic '0'.
Related violations: <none>

AVAL-4#7 Advisory
enum_USE_DPORT_FALSE_enum_DREG_ADREG_0_connects_CED_CEAD_RSTD_GND  
design_multi_i/Kmeans_0/U0/grp_distance_fu_591/Kmeans_fsub_32ns_32ns_32_5_full_dsp_1_U2/Kmeans_ap_fsub_3_full_dsp_32_u/U0/i_synth/ADDSUB_OP.ADDSUB/DSP.OP/DSP48E1_BODY.NORM_RND/FULL_USAGE_DSP.SHIFT_RND/DSP: DSP48E1 is not using the D port (USE_DPORT = FALSE). For improved power characteristics, set DREG and ADREG to '1', tie CED, CEAD, and RSTD to logic '0'.
Related violations: <none>

AVAL-5#1 Advisory
enum_USE_MULT_NONE_enum_DREG_ADREG_0_connects_CED_CEAD_RSTD_GND  
design_multi_i/Kmeans_0/U0/grp_distance_fu_591/Kmeans_dadd_64ns_64ns_64_5_full_dsp_1_U6/Kmeans_ap_dadd_3_full_dsp_64_u/U0/i_synth/ADDSUB_OP.ADDSUB/LOGIC_SPEED.OP/ALIGN_BLK/FRAC_ADDSUB/DSP_ADD.FRAC_ADDSUB/DSP48E1_ADD.DSP48E1_ADD/DSP: DSP48E1 is not using the Multiplier (USE_MULT = NONE). For improved power characteristics, set DREG and ADREG to '1', tie CED, CEAD, and RSTD to logic '0'.
Related violations: <none>

AVAL-5#2 Advisory
enum_USE_MULT_NONE_enum_DREG_ADREG_0_connects_CED_CEAD_RSTD_GND  
design_multi_i/Kmeans_0/U0/grp_distance_fu_591/Kmeans_dadd_64ns_64ns_64_5_full_dsp_1_U6/Kmeans_ap_dadd_3_full_dsp_64_u/U0/i_synth/ADDSUB_OP.ADDSUB/LOGIC_SPEED.OP/ALIGN_BLK/FRAC_ADDSUB/DSP_ADD.FRAC_ADDSUB/DSP48E1_GEN.DSP48E1_DEL/DSP: DSP48E1 is not using the Multiplier (USE_MULT = NONE). For improved power characteristics, set DREG and ADREG to '1', tie CED, CEAD, and RSTD to logic '0'.
Related violations: <none>

AVAL-5#3 Advisory
enum_USE_MULT_NONE_enum_DREG_ADREG_0_connects_CED_CEAD_RSTD_GND  
design_multi_i/Kmeans_0/U0/grp_distance_fu_591/Kmeans_dadd_64ns_64ns_64_5_full_dsp_1_U6/Kmeans_ap_dadd_3_full_dsp_64_u/U0/i_synth/ADDSUB_OP.ADDSUB/LOGIC_SPEED.OP/NORM/ROUND/DSP48_E1.DSP48E1_ADD.DSP48E1_ADD/DSP: DSP48E1 is not using the Multiplier (USE_MULT = NONE). For improved power characteristics, set DREG and ADREG to '1', tie CED, CEAD, and RSTD to logic '0'.
Related violations: <none>

REQP-1725#1 Advisory
DSP_Abus_sign_bit_alert  
design_multi_i/Kmeans_0/U0/Kmeans_fadd_32ns_32ns_32_5_full_dsp_1_U21/Kmeans_ap_fadd_3_full_dsp_32_u/U0/i_synth/ADDSUB_OP.ADDSUB/DSP.OP/DSP48E1_BODY.ALIGN_ADD/DSP2/DSP: When using the PreAdder and USE_DPORT is TRUE, the A operand should be restricted to 24 bit two's complement (and sign extended) to avoid over/underflow in the pre-add stage.
Related violations: <none>

REQP-1725#2 Advisory
DSP_Abus_sign_bit_alert  
design_multi_i/Kmeans_0/U0/Kmeans_fadd_32ns_32ns_32_5_full_dsp_1_U22/Kmeans_ap_fadd_3_full_dsp_32_u/U0/i_synth/ADDSUB_OP.ADDSUB/DSP.OP/DSP48E1_BODY.ALIGN_ADD/DSP2/DSP: When using the PreAdder and USE_DPORT is TRUE, the A operand should be restricted to 24 bit two's complement (and sign extended) to avoid over/underflow in the pre-add stage.
Related violations: <none>

REQP-1725#3 Advisory
DSP_Abus_sign_bit_alert  
design_multi_i/Kmeans_0/U0/grp_distance_fu_591/Kmeans_fsub_32ns_32ns_32_5_full_dsp_1_U1/Kmeans_ap_fsub_3_full_dsp_32_u/U0/i_synth/ADDSUB_OP.ADDSUB/DSP.OP/DSP48E1_BODY.ALIGN_ADD/DSP2/DSP: When using the PreAdder and USE_DPORT is TRUE, the A operand should be restricted to 24 bit two's complement (and sign extended) to avoid over/underflow in the pre-add stage.
Related violations: <none>

REQP-1725#4 Advisory
DSP_Abus_sign_bit_alert  
design_multi_i/Kmeans_0/U0/grp_distance_fu_591/Kmeans_fsub_32ns_32ns_32_5_full_dsp_1_U2/Kmeans_ap_fsub_3_full_dsp_32_u/U0/i_synth/ADDSUB_OP.ADDSUB/DSP.OP/DSP48E1_BODY.ALIGN_ADD/DSP2/DSP: When using the PreAdder and USE_DPORT is TRUE, the A operand should be restricted to 24 bit two's complement (and sign extended) to avoid over/underflow in the pre-add stage.
Related violations: <none>


