
*** Running vivado
    with args -log design_1_processing_system7_0_0.vds -m64 -product Vivado -mode batch -messageDb vivado.pb -notrace -source design_1_processing_system7_0_0.tcl

awk: symbol lookup error: awk: undefined symbol: mpfr_z_sub

****** Vivado v2016.4 (64-bit)
  **** SW Build 1756540 on Mon Jan 23 19:11:19 MST 2017
  **** IP Build 1755317 on Mon Jan 23 20:30:07 MST 2017
    ** Copyright 1986-2016 Xilinx, Inc. All Rights Reserved.

source design_1_processing_system7_0_0.tcl -notrace
awk: symbol lookup error: awk: undefined symbol: mpfr_z_sub
Starting RTL Elaboration : Time (s): cpu = 00:00:06 ; elapsed = 00:00:06 . Memory (MB): peak = 1077.566 ; gain = 147.086 ; free physical = 126 ; free virtual = 6451
INFO: [Synth 8-638] synthesizing module 'design_1_processing_system7_0_0' [/home/nikkatsa/Documents/Sobel_system_ddr/Sobel_system_ddr.srcs/sources_1/bd/design_1/ip/design_1_processing_system7_0_0/synth/design_1_processing_system7_0_0.v:60]
INFO: [Synth 8-638] synthesizing module 'processing_system7_v5_5_processing_system7' [/home/nikkatsa/Documents/Sobel_system_ddr/Sobel_system_ddr.srcs/sources_1/bd/design_1/ip/design_1_processing_system7_0_0/hdl/verilog/processing_system7_v5_5_processing_system7.v:161]
INFO: [Synth 8-638] synthesizing module 'BUFG' [/opt/Xilinx/Vivado/2016.4/scripts/rt/data/unisim_comp.v:607]
INFO: [Synth 8-256] done synthesizing module 'BUFG' (1#1) [/opt/Xilinx/Vivado/2016.4/scripts/rt/data/unisim_comp.v:607]
INFO: [Synth 8-638] synthesizing module 'BIBUF' [/opt/Xilinx/Vivado/2016.4/scripts/rt/data/unisim_comp.v:268]
INFO: [Synth 8-256] done synthesizing module 'BIBUF' (2#1) [/opt/Xilinx/Vivado/2016.4/scripts/rt/data/unisim_comp.v:268]
INFO: [Synth 8-638] synthesizing module 'PS7' [/opt/Xilinx/Vivado/2016.4/scripts/rt/data/unisim_comp.v:33182]
INFO: [Synth 8-256] done synthesizing module 'PS7' (3#1) [/opt/Xilinx/Vivado/2016.4/scripts/rt/data/unisim_comp.v:33182]
INFO: [Synth 8-256] done synthesizing module 'processing_system7_v5_5_processing_system7' (4#1) [/home/nikkatsa/Documents/Sobel_system_ddr/Sobel_system_ddr.srcs/sources_1/bd/design_1/ip/design_1_processing_system7_0_0/hdl/verilog/processing_system7_v5_5_processing_system7.v:161]
INFO: [Synth 8-256] done synthesizing module 'design_1_processing_system7_0_0' (5#1) [/home/nikkatsa/Documents/Sobel_system_ddr/Sobel_system_ddr.srcs/sources_1/bd/design_1/ip/design_1_processing_system7_0_0/synth/design_1_processing_system7_0_0.v:60]
Finished RTL Elaboration : Time (s): cpu = 00:00:07 ; elapsed = 00:00:07 . Memory (MB): peak = 1119.035 ; gain = 188.555 ; free physical = 119 ; free virtual = 6407
Finished RTL Optimization Phase 1 : Time (s): cpu = 00:00:07 ; elapsed = 00:00:07 . Memory (MB): peak = 1119.035 ; gain = 188.555 ; free physical = 122 ; free virtual = 6404
INFO: [Device 21-403] Loading part xc7z020clg484-1
Constraint Validation Runtime : Time (s): cpu = 00:00:00.02 ; elapsed = 00:00:00.03 . Memory (MB): peak = 1428.113 ; gain = 0.000 ; free physical = 127 ; free virtual = 6100
Finished Constraint Validation : Time (s): cpu = 00:00:16 ; elapsed = 00:00:16 . Memory (MB): peak = 1428.113 ; gain = 497.633 ; free physical = 118 ; free virtual = 5986
Finished Loading Part and Timing Information : Time (s): cpu = 00:00:16 ; elapsed = 00:00:16 . Memory (MB): peak = 1428.113 ; gain = 497.633 ; free physical = 118 ; free virtual = 5987
Finished applying 'set_property' XDC Constraints : Time (s): cpu = 00:00:16 ; elapsed = 00:00:16 . Memory (MB): peak = 1428.113 ; gain = 497.633 ; free physical = 119 ; free virtual = 5988
Finished RTL Optimization Phase 2 : Time (s): cpu = 00:00:16 ; elapsed = 00:00:17 . Memory (MB): peak = 1428.113 ; gain = 497.633 ; free physical = 122 ; free virtual = 5980
Finished Cross Boundary and Area Optimization : Time (s): cpu = 00:00:17 ; elapsed = 00:00:17 . Memory (MB): peak = 1428.113 ; gain = 497.633 ; free physical = 122 ; free virtual = 5964
Finished Applying XDC Timing Constraints : Time (s): cpu = 00:00:25 ; elapsed = 00:00:26 . Memory (MB): peak = 1595.113 ; gain = 664.633 ; free physical = 168 ; free virtual = 5734
Finished Timing Optimization : Time (s): cpu = 00:00:25 ; elapsed = 00:00:26 . Memory (MB): peak = 1615.121 ; gain = 684.641 ; free physical = 147 ; free virtual = 5714
Finished Technology Mapping : Time (s): cpu = 00:00:27 ; elapsed = 00:00:27 . Memory (MB): peak = 1623.129 ; gain = 692.648 ; free physical = 136 ; free virtual = 5703
Finished IO Insertion : Time (s): cpu = 00:00:28 ; elapsed = 00:00:29 . Memory (MB): peak = 1623.129 ; gain = 692.648 ; free physical = 133 ; free virtual = 5699
Finished Renaming Generated Instances : Time (s): cpu = 00:00:28 ; elapsed = 00:00:29 . Memory (MB): peak = 1623.129 ; gain = 692.648 ; free physical = 133 ; free virtual = 5699
Finished Rebuilding User Hierarchy : Time (s): cpu = 00:00:28 ; elapsed = 00:00:29 . Memory (MB): peak = 1623.129 ; gain = 692.648 ; free physical = 133 ; free virtual = 5699
Finished Renaming Generated Ports : Time (s): cpu = 00:00:28 ; elapsed = 00:00:29 . Memory (MB): peak = 1623.129 ; gain = 692.648 ; free physical = 133 ; free virtual = 5699
Finished Handling Custom Attributes : Time (s): cpu = 00:00:28 ; elapsed = 00:00:29 . Memory (MB): peak = 1623.129 ; gain = 692.648 ; free physical = 133 ; free virtual = 5699
Finished Renaming Generated Nets : Time (s): cpu = 00:00:28 ; elapsed = 00:00:29 . Memory (MB): peak = 1623.129 ; gain = 692.648 ; free physical = 133 ; free virtual = 5699

Report Cell Usage: 
+------+------+------+
|      |Cell  |Count |
+------+------+------+
|1     |BIBUF |   130|
|2     |BUFG  |     1|
|3     |LUT1  |   112|
|4     |PS7   |     1|
+------+------+------+
Finished Writing Synthesis Report : Time (s): cpu = 00:00:28 ; elapsed = 00:00:29 . Memory (MB): peak = 1623.129 ; gain = 692.648 ; free physical = 133 ; free virtual = 5699
synth_design: Time (s): cpu = 00:00:29 ; elapsed = 00:00:29 . Memory (MB): peak = 1636.129 ; gain = 638.145 ; free physical = 117 ; free virtual = 5635
