Copyright 1986-2019 Xilinx, Inc. All Rights Reserved.
-------------------------------------------------------------------------------------------------------------------------------------------------------------------------
| Tool Version     : Vivado v.2019.1.3 (win64) Build 2644227 Wed Sep  4 09:45:24 MDT 2019
| Date             : Sun Mar  1 17:21:51 2020
| Host             : Qlala-Blade running 64-bit major release  (build 9200)
| Command          : report_power -file design_mb_wrapper_power_routed.rpt -pb design_mb_wrapper_power_summary_routed.pb -rpx design_mb_wrapper_power_routed.rpx
| Design           : design_mb_wrapper
| Device           : xc7z020clg484-1
| Design State     : routed
| Grade            : commercial
| Process          : typical
| Characterization : Production
-------------------------------------------------------------------------------------------------------------------------------------------------------------------------

Power Report

Table of Contents
-----------------
1. Summary
1.1 On-Chip Components
1.2 Power Supply Summary
1.3 Confidence Level
2. Settings
2.1 Environment
2.2 Clock Constraints
3. Detailed Reports
3.1 By Hierarchy

1. Summary
----------

+--------------------------+--------------+
| Total On-Chip Power (W)  | 1.901        |
| Design Power Budget (W)  | Unspecified* |
| Power Budget Margin (W)  | NA           |
| Dynamic (W)              | 1.753        |
| Device Static (W)        | 0.148        |
| Effective TJA (C/W)      | 11.5         |
| Max Ambient (C)          | 63.1         |
| Junction Temperature (C) | 46.9         |
| Confidence Level         | Medium       |
| Setting File             | ---          |
| Simulation Activity File | ---          |
| Design Nets Matched      | NA           |
+--------------------------+--------------+
* Specify Design Power Budget using, set_operating_conditions -design_power_budget <value in Watts>


1.1 On-Chip Components
----------------------

+--------------------------+-----------+----------+-----------+-----------------+
| On-Chip                  | Power (W) | Used     | Available | Utilization (%) |
+--------------------------+-----------+----------+-----------+-----------------+
| Clocks                   |     0.047 |       12 |       --- |             --- |
| Slice Logic              |     0.017 |    23298 |       --- |             --- |
|   LUT as Logic           |     0.013 |     7513 |     53200 |           14.12 |
|   LUT as Distributed RAM |     0.002 |      758 |     17400 |            4.36 |
|   Register               |     0.001 |    10627 |    106400 |            9.99 |
|   CARRY4                 |    <0.001 |      239 |     13300 |            1.80 |
|   F7/F8 Muxes            |    <0.001 |       35 |     53200 |            0.07 |
|   LUT as Shift Register  |    <0.001 |      244 |     17400 |            1.40 |
|   Others                 |     0.000 |     1549 |       --- |             --- |
| Signals                  |     0.024 |    17141 |       --- |             --- |
| Block RAM                |     0.014 |        8 |       140 |            5.71 |
| MMCM                     |     0.107 |        1 |         4 |           25.00 |
| DSPs                     |     0.003 |        3 |       220 |            1.36 |
| PS7                      |     1.542 |        1 |       --- |             --- |
| Static Power             |     0.148 |          |           |                 |
| Total                    |     1.901 |          |           |                 |
+--------------------------+-----------+----------+-----------+-----------------+


1.2 Power Supply Summary
------------------------

+-----------+-------------+-----------+-------------+------------+
| Source    | Voltage (V) | Total (A) | Dynamic (A) | Static (A) |
+-----------+-------------+-----------+-------------+------------+
| Vccint    |       1.000 |     0.121 |       0.105 |      0.017 |
| Vccaux    |       1.800 |     0.075 |       0.059 |      0.016 |
| Vcco33    |       3.300 |     0.000 |       0.000 |      0.000 |
| Vcco25    |       2.500 |     0.000 |       0.000 |      0.000 |
| Vcco18    |       1.800 |     0.000 |       0.000 |      0.000 |
| Vcco15    |       1.500 |     0.000 |       0.000 |      0.000 |
| Vcco135   |       1.350 |     0.000 |       0.000 |      0.000 |
| Vcco12    |       1.200 |     0.000 |       0.000 |      0.000 |
| Vccaux_io |       1.800 |     0.000 |       0.000 |      0.000 |
| Vccbram   |       1.000 |     0.003 |       0.001 |      0.002 |
| MGTAVcc   |       1.000 |     0.000 |       0.000 |      0.000 |
| MGTAVtt   |       1.200 |     0.000 |       0.000 |      0.000 |
| MGTVccaux |       1.800 |     0.000 |       0.000 |      0.000 |
| Vccpint   |       1.000 |     0.763 |       0.731 |      0.033 |
| Vccpaux   |       1.800 |     0.061 |       0.051 |      0.010 |
| Vccpll    |       1.800 |     0.017 |       0.014 |      0.003 |
| Vcco_ddr  |       1.500 |     0.459 |       0.457 |      0.002 |
| Vcco_mio0 |       3.300 |     0.003 |       0.002 |      0.001 |
| Vcco_mio1 |       1.800 |     0.003 |       0.002 |      0.001 |
| Vccadc    |       1.800 |     0.020 |       0.000 |      0.020 |
+-----------+-------------+-----------+-------------+------------+


1.3 Confidence Level
--------------------

+-----------------------------+------------+------------------------------------------------+------------------------------------------------------------------------------------------------------------+
| User Input Data             | Confidence | Details                                        | Action                                                                                                     |
+-----------------------------+------------+------------------------------------------------+------------------------------------------------------------------------------------------------------------+
| Design implementation state | High       | Design is routed                               |                                                                                                            |
| Clock nodes activity        | High       | User specified more than 95% of clocks         |                                                                                                            |
| I/O nodes activity          | High       | User specified more than 95% of inputs         |                                                                                                            |
| Internal nodes activity     | Medium     | User specified less than 25% of internal nodes | Provide missing internal nodes activity with simulation results or by editing the "By Resource Type" views |
| Device models               | High       | Device models are Production                   |                                                                                                            |
|                             |            |                                                |                                                                                                            |
| Overall confidence level    | Medium     |                                                |                                                                                                            |
+-----------------------------+------------+------------------------------------------------+------------------------------------------------------------------------------------------------------------+


2. Settings
-----------

2.1 Environment
---------------

+-----------------------+------------------------+
| Ambient Temp (C)      | 25.0                   |
| ThetaJA (C/W)         | 11.5                   |
| Airflow (LFM)         | 250                    |
| Heat Sink             | none                   |
| ThetaSA (C/W)         | 0.0                    |
| Board Selection       | medium (10"x10")       |
| # of Board Layers     | 8to11 (8 to 11 Layers) |
| Board Temperature (C) | 25.0                   |
+-----------------------+------------------------+


2.2 Clock Constraints
---------------------

+---------------------------------------------------------------------------+--------------------------------------------------------------+-----------------+
| Clock                                                                     | Domain                                                       | Constraint (ns) |
+---------------------------------------------------------------------------+--------------------------------------------------------------+-----------------+
| AXI_HP_clk_design_mb_clk_wiz_0_0                                          | design_mb_i/clk_wiz_0/inst/AXI_HP_clk_design_mb_clk_wiz_0_0  |            10.0 |
| AXI_clk_design_mb_clk_wiz_0_0                                             | design_mb_i/clk_wiz_0/inst/AXI_clk_design_mb_clk_wiz_0_0     |            10.0 |
| clk_fpga_0                                                                | design_mb_i/processing_system7_0/inst/FCLK_CLK0              |            10.0 |
| clk_fpga_0                                                                | design_mb_i/processing_system7_0/inst/FCLK_CLK_unbuffered[0] |            10.0 |
| clkfbout_design_mb_clk_wiz_0_0                                            | design_mb_i/clk_wiz_0/inst/clkfbout_design_mb_clk_wiz_0_0    |            10.0 |
| design_mb_i/mdm_1/U0/MDM_Core_I1/Use_Dbg_Reg_Access.DbgReg_DRCK_i_reg/Q   | design_mb_i/mdm_1/U0/MDM_Core_I1/dbgreg_drck                 |            40.0 |
| design_mb_i/mdm_1/U0/MDM_Core_I1/Use_Dbg_Reg_Access.DbgReg_UPDATE_i_reg/Q | design_mb_i/mdm_1/U0/MDM_Core_I1/dbgreg_update               |            80.0 |
| design_mb_i/mdm_1/U0/Use_E2.BSCAN_I/Use_E2.BSCANE2_I/DRCK                 | design_mb_i/mdm_1/U0/Use_E2.BSCAN_I/DRCK                     |            33.3 |
| design_mb_i/mdm_1/U0/Use_E2.BSCAN_I/Use_E2.BSCANE2_I/UPDATE               | design_mb_i/mdm_1/U0/Use_E2.BSCAN_I/UPDATE                   |            33.3 |
| mb_clk_design_mb_clk_wiz_0_0                                              | design_mb_i/clk_wiz_0/inst/mb_clk_design_mb_clk_wiz_0_0      |            10.0 |
+---------------------------------------------------------------------------+--------------------------------------------------------------+-----------------+


3. Detailed Reports
-------------------

3.1 By Hierarchy
----------------

+---------------------------+-----------+
| Name                      | Power (W) |
+---------------------------+-----------+
| design_mb_wrapper         |     1.753 |
|   design_mb_i             |     1.753 |
|     axi_bram_ctrl_0       |     0.002 |
|       U0                  |     0.002 |
|     axi_bram_ctrl_0_bram  |     0.002 |
|       U0                  |     0.002 |
|     axi_interconnect_0    |     0.002 |
|       xbar                |     0.002 |
|     axi_interconnect_1    |     0.016 |
|       m00_couplers        |     0.008 |
|       m01_couplers        |     0.007 |
|       xbar                |     0.001 |
|     axi_mem_intercon      |     0.030 |
|       m00_couplers        |     0.002 |
|       m01_couplers        |     0.006 |
|       m02_couplers        |     0.006 |
|       s00_couplers        |     0.012 |
|       xbar                |     0.004 |
|     axi_timer_0           |     0.003 |
|       U0                  |     0.003 |
|     clk_wiz_0             |     0.108 |
|       inst                |     0.108 |
|     mdm_1                 |     0.003 |
|       U0                  |     0.003 |
|     microblaze_0          |     0.032 |
|       U0                  |     0.032 |
|     microblaze_0_axi_intc |     0.002 |
|       U0                  |     0.002 |
|     processing_system7_0  |     1.543 |
|       inst                |     1.543 |
|     ps7_0_axi_periph      |     0.009 |
|       m00_couplers        |     0.004 |
|       m01_couplers        |     0.003 |
|       xbar                |     0.002 |
+---------------------------+-----------+


