Copyright 1986-2019 Xilinx, Inc. All Rights Reserved.
-----------------------------------------------------------------------------------------------------------------------------------------------------------------------------------------
| Tool Version : Vivado v.2019.1.3 (win64) Build 2644227 Wed Sep  4 09:45:24 MDT 2019
| Date         : Mon Mar  2 00:36:53 2020
| Host         : Qlala-Blade running 64-bit major release  (build 9200)
| Command      : report_methodology -file design_mb_wrapper_methodology_drc_routed.rpt -pb design_mb_wrapper_methodology_drc_routed.pb -rpx design_mb_wrapper_methodology_drc_routed.rpx
| Design       : design_mb_wrapper
| Device       : xc7z020clg484-1
| Speed File   : -1
| Design State : Fully Routed
-----------------------------------------------------------------------------------------------------------------------------------------------------------------------------------------

Report Methodology

Table of Contents
-----------------
1. REPORT SUMMARY
2. REPORT DETAILS

1. REPORT SUMMARY
-----------------
            Netlist: netlist
          Floorplan: design_1
      Design limits: <entire design considered>
             Max violations: <unlimited>
             Violations found: 10
+-----------+------------------+----------------------------------------------------+------------+
| Rule      | Severity         | Description                                        | Violations |
+-----------+------------------+----------------------------------------------------+------------+
| TIMING-2  | Critical Warning | Invalid primary clock source pin                   | 1          |
| TIMING-4  | Critical Warning | Invalid primary clock redefinition on a clock tree | 1          |
| LUTAR-1   | Warning          | LUT drives async reset alert                       | 6          |
| TIMING-9  | Warning          | Unknown CDC Logic                                  | 1          |
| TIMING-10 | Warning          | Missing property on synchronizer                   | 1          |
+-----------+------------------+----------------------------------------------------+------------+

2. REPORT DETAILS
-----------------
TIMING-2#1 Critical Warning
Invalid primary clock source pin  
A primary clock design_mb_i/clk_wiz_0/inst/clk_in1 is created on an inappropriate pin design_mb_i/clk_wiz_0/inst/clk_in1. It is recommended to create a primary clock only on a proper clock source (input port or primitive output pin with no timing arc)
Related violations: <none>

TIMING-4#1 Critical Warning
Invalid primary clock redefinition on a clock tree  
Invalid clock redefinition on a clock tree. The primary clock design_mb_i/clk_wiz_0/inst/clk_in1 is defined downstream of clock clk_fpga_0 and overrides its insertion delay and/or waveform definition
Related violations: <none>

LUTAR-1#1 Warning
LUT drives async reset alert  
LUT cell design_mb_i/mdm_1/U0/MDM_Core_I1/Use_BSCAN.Config_Reg[30]_i_1, with 2 or more inputs, drives asynchronous preset/clear pin(s) design_mb_i/mdm_1/U0/MDM_Core_I1/Use_BSCAN.Config_Reg_reg[0]/CLR, design_mb_i/mdm_1/U0/MDM_Core_I1/Use_BSCAN.Config_Reg_reg[10]/CLR, design_mb_i/mdm_1/U0/MDM_Core_I1/Use_BSCAN.Config_Reg_reg[26]/CLR, design_mb_i/mdm_1/U0/MDM_Core_I1/Use_BSCAN.Config_Reg_reg[3]/CLR, design_mb_i/mdm_1/U0/MDM_Core_I1/Use_BSCAN.Config_Reg_reg_c/CLR, design_mb_i/mdm_1/U0/MDM_Core_I1/Use_BSCAN.Config_Reg_reg_c_0/CLR, design_mb_i/mdm_1/U0/MDM_Core_I1/Use_BSCAN.Config_Reg_reg_c_1/CLR, design_mb_i/mdm_1/U0/MDM_Core_I1/Use_BSCAN.Config_Reg_reg_c_10/CLR, design_mb_i/mdm_1/U0/MDM_Core_I1/Use_BSCAN.Config_Reg_reg_c_11/CLR, design_mb_i/mdm_1/U0/MDM_Core_I1/Use_BSCAN.Config_Reg_reg_c_12/CLR, design_mb_i/mdm_1/U0/MDM_Core_I1/Use_BSCAN.Config_Reg_reg_c_2/CLR, design_mb_i/mdm_1/U0/MDM_Core_I1/Use_BSCAN.Config_Reg_reg_c_3/CLR, design_mb_i/mdm_1/U0/MDM_Core_I1/Use_BSCAN.Config_Reg_reg_c_4/CLR, design_mb_i/mdm_1/U0/MDM_Core_I1/Use_BSCAN.Config_Reg_reg_c_5/CLR, design_mb_i/mdm_1/U0/MDM_Core_I1/Use_BSCAN.Config_Reg_reg_c_6/CLR (the first 15 of 23 listed). The LUT may glitch and trigger an unexpected reset, even if it is a properly timed path.
Related violations: <none>

LUTAR-1#2 Warning
LUT drives async reset alert  
LUT cell design_mb_i/mdm_1/U0/Use_Dbg_Reg_Access.BUFGCTRL_UPDATE/sel_n_i_2, with 2 or more inputs, drives asynchronous preset/clear pin(s) design_mb_i/mdm_1/U0/MDM_Core_I1/JTAG_CONTROL_I/sel_n_reg/PRE. The LUT may glitch and trigger an unexpected reset, even if it is a properly timed path.
Related violations: <none>

LUTAR-1#3 Warning
LUT drives async reset alert  
LUT cell design_mb_i/mdm_1/U0/Use_E2.BSCAN_I/Use_Dbg_Reg_Access.No_BSCANID.jtag_busy_i_1, with 2 or more inputs, drives asynchronous preset/clear pin(s) design_mb_i/mdm_1/U0/MDM_Core_I1/Use_BSCAN.PORT_Selector_1_reg[0]/CLR, design_mb_i/mdm_1/U0/MDM_Core_I1/Use_BSCAN.PORT_Selector_1_reg[1]/CLR, design_mb_i/mdm_1/U0/MDM_Core_I1/Use_BSCAN.PORT_Selector_1_reg[2]/CLR, design_mb_i/mdm_1/U0/MDM_Core_I1/Use_BSCAN.PORT_Selector_1_reg[3]/CLR, design_mb_i/mdm_1/U0/MDM_Core_I1/Use_BSCAN.PORT_Selector_reg[0]/CLR, design_mb_i/mdm_1/U0/MDM_Core_I1/Use_BSCAN.PORT_Selector_reg[1]/CLR, design_mb_i/mdm_1/U0/MDM_Core_I1/Use_BSCAN.PORT_Selector_reg[2]/CLR, design_mb_i/mdm_1/U0/MDM_Core_I1/Use_BSCAN.PORT_Selector_reg[3]/CLR, design_mb_i/mdm_1/U0/MDM_Core_I1/Use_BSCAN.TDI_Shifter_reg[0]/CLR, design_mb_i/mdm_1/U0/MDM_Core_I1/Use_BSCAN.TDI_Shifter_reg[1]/CLR, design_mb_i/mdm_1/U0/MDM_Core_I1/Use_BSCAN.TDI_Shifter_reg[2]/CLR, design_mb_i/mdm_1/U0/MDM_Core_I1/Use_BSCAN.TDI_Shifter_reg[3]/CLR. The LUT may glitch and trigger an unexpected reset, even if it is a properly timed path.
Related violations: <none>

LUTAR-1#4 Warning
LUT drives async reset alert  
LUT cell design_mb_i/mdm_1/U0/Use_E2.BSCAN_I/Use_Dbg_Reg_Access.No_BSCANID.update_reset_i_1, with 2 or more inputs, drives asynchronous preset/clear pin(s) design_mb_i/mdm_1/U0/Use_Dbg_Reg_Access.No_BSCANID.jtag_busy_reg/CLR, design_mb_i/mdm_1/U0/Use_Dbg_Reg_Access.No_BSCANID.update_reset_reg/PRE. The LUT may glitch and trigger an unexpected reset, even if it is a properly timed path.
Related violations: <none>

LUTAR-1#5 Warning
LUT drives async reset alert  
LUT cell design_mb_i/microblaze_0/U0/MicroBlaze_Core_I/Area.Core/Implement_Debug_Logic.Master_Core.Debug_Area/Serial_Dbg_Intf.force_stop_TClk_i_1, with 2 or more inputs, drives asynchronous preset/clear pin(s) design_mb_i/microblaze_0/U0/MicroBlaze_Core_I/Area.Core/Implement_Debug_Logic.Master_Core.Debug_Area/Serial_Dbg_Intf.force_stop_TClk_reg/CLR. The LUT may glitch and trigger an unexpected reset, even if it is a properly timed path.
Related violations: <none>

LUTAR-1#6 Warning
LUT drives async reset alert  
LUT cell design_mb_i/microblaze_0/U0/MicroBlaze_Core_I/Area.Core/Implement_Debug_Logic.Master_Core.Debug_Area/Serial_Dbg_Intf.normal_stop_TClk_i_1, with 2 or more inputs, drives asynchronous preset/clear pin(s) design_mb_i/microblaze_0/U0/MicroBlaze_Core_I/Area.Core/Implement_Debug_Logic.Master_Core.Debug_Area/Serial_Dbg_Intf.normal_stop_TClk_reg/CLR. The LUT may glitch and trigger an unexpected reset, even if it is a properly timed path.
Related violations: <none>

TIMING-9#1 Warning
Unknown CDC Logic  
One or more asynchronous Clock Domain Crossing has been detected between 2 clock domains through a set_false_path or a set_clock_groups or set_max_delay -datapath_only constraint but no double-registers logic synchronizer has been found on the side of the capture clock. It is recommended to run report_cdc for a complete and detailed CDC coverage. Please consider using XPM_CDC to avoid Critical severities
Related violations: <none>

TIMING-10#1 Warning
Missing property on synchronizer  
One or more logic synchronizer has been detected between 2 clock domains but the synchronizer does not have the property ASYNC_REG defined on one or both registers. It is recommended to run report_cdc for a complete and detailed CDC coverage
Related violations: <none>


