Copyright 1986-2019 Xilinx, Inc. All Rights Reserved.
---------------------------------------------------------------------------------------------------------------------------------------------
| Tool Version : Vivado v.2019.1.3 (win64) Build 2644227 Wed Sep  4 09:45:24 MDT 2019
| Date         : Sun Mar  1 17:59:28 2020
| Host         : Qlala-Blade running 64-bit major release  (build 9200)
| Command      : report_drc -file design_mb_wrapper_drc_routed.rpt -pb design_mb_wrapper_drc_routed.pb -rpx design_mb_wrapper_drc_routed.rpx
| Design       : design_mb_wrapper
| Device       : xc7z020clg484-1
| Speed File   : -1
| Design State : Fully Routed
---------------------------------------------------------------------------------------------------------------------------------------------

Report DRC

Table of Contents
-----------------
1. REPORT SUMMARY
2. REPORT DETAILS

1. REPORT SUMMARY
-----------------
            Netlist: netlist
          Floorplan: design_1
      Design limits: <entire design considered>
           Ruledeck: default
             Max violations: <unlimited>
             Violations found: 28
+-----------+----------+----------------------------+------------+
| Rule      | Severity | Description                | Violations |
+-----------+----------+----------------------------+------------+
| CHECK-3   | Warning  | Report rule limit reached  | 1          |
| DPIP-1    | Warning  | Input pipelining           | 4          |
| DPOP-1    | Warning  | PREG Output pipelining     | 1          |
| DPOP-2    | Warning  | MREG Output pipelining     | 1          |
| REQP-1839 | Warning  | RAMB36 async control check | 20         |
| RTSTAT-10 | Warning  | No routable loads          | 1          |
+-----------+----------+----------------------------+------------+

2. REPORT DETAILS
-----------------
CHECK-3#1 Warning
Report rule limit reached  
REQP-1839 rule limit reached: 20 violations have been found.
Related violations: <none>

DPIP-1#1 Warning
Input pipelining  
DSP design_mb_i/microblaze_0/U0/MicroBlaze_Core_I/Area.Core/Data_Flow_I/mul_unit_I/Use_HW_MUL.Using_DSP48_Architectures.No_MUL64.dsp_module_I2/Using_DSP48E1.DSP48E1_I1/Using_FPGA.DSP48E1_I1 input design_mb_i/microblaze_0/U0/MicroBlaze_Core_I/Area.Core/Data_Flow_I/mul_unit_I/Use_HW_MUL.Using_DSP48_Architectures.No_MUL64.dsp_module_I2/Using_DSP48E1.DSP48E1_I1/Using_FPGA.DSP48E1_I1/A[29:0] is not pipelined. Pipelining DSP48 input will improve performance.
Related violations: <none>

DPIP-1#2 Warning
Input pipelining  
DSP design_mb_i/microblaze_0/U0/MicroBlaze_Core_I/Area.Core/Data_Flow_I/mul_unit_I/Use_HW_MUL.Using_DSP48_Architectures.No_MUL64.dsp_module_I2/Using_DSP48E1.DSP48E1_I1/Using_FPGA.DSP48E1_I1 input design_mb_i/microblaze_0/U0/MicroBlaze_Core_I/Area.Core/Data_Flow_I/mul_unit_I/Use_HW_MUL.Using_DSP48_Architectures.No_MUL64.dsp_module_I2/Using_DSP48E1.DSP48E1_I1/Using_FPGA.DSP48E1_I1/B[17:0] is not pipelined. Pipelining DSP48 input will improve performance.
Related violations: <none>

DPIP-1#3 Warning
Input pipelining  
DSP design_mb_i/microblaze_0/U0/MicroBlaze_Core_I/Area.Core/Data_Flow_I/mul_unit_I/Use_HW_MUL.Using_DSP48_Architectures.dsp_module_I1/Using_DSP48E1.DSP48E1_I1/Using_FPGA.DSP48E1_I1 input design_mb_i/microblaze_0/U0/MicroBlaze_Core_I/Area.Core/Data_Flow_I/mul_unit_I/Use_HW_MUL.Using_DSP48_Architectures.dsp_module_I1/Using_DSP48E1.DSP48E1_I1/Using_FPGA.DSP48E1_I1/A[29:0] is not pipelined. Pipelining DSP48 input will improve performance.
Related violations: <none>

DPIP-1#4 Warning
Input pipelining  
DSP design_mb_i/microblaze_0/U0/MicroBlaze_Core_I/Area.Core/Data_Flow_I/mul_unit_I/Use_HW_MUL.Using_DSP48_Architectures.dsp_module_I1/Using_DSP48E1.DSP48E1_I1/Using_FPGA.DSP48E1_I1 input design_mb_i/microblaze_0/U0/MicroBlaze_Core_I/Area.Core/Data_Flow_I/mul_unit_I/Use_HW_MUL.Using_DSP48_Architectures.dsp_module_I1/Using_DSP48E1.DSP48E1_I1/Using_FPGA.DSP48E1_I1/B[17:0] is not pipelined. Pipelining DSP48 input will improve performance.
Related violations: <none>

DPOP-1#1 Warning
PREG Output pipelining  
DSP design_mb_i/microblaze_0/U0/MicroBlaze_Core_I/Area.Core/Data_Flow_I/mul_unit_I/Use_HW_MUL.Using_DSP48_Architectures.No_MUL64.dsp_module_I3/Using_DSP48E1.DSP48E1_I1/Using_FPGA.DSP48E1_I1 output design_mb_i/microblaze_0/U0/MicroBlaze_Core_I/Area.Core/Data_Flow_I/mul_unit_I/Use_HW_MUL.Using_DSP48_Architectures.No_MUL64.dsp_module_I3/Using_DSP48E1.DSP48E1_I1/Using_FPGA.DSP48E1_I1/P[47:0] is not pipelined (PREG=0). Pipelining the DSP48 output will improve performance and often saves power so it is suggested whenever possible to fully pipeline this function.  If this DSP48 function was inferred, it is suggested to describe an additional register stage after this function.  If the DSP48 was instantiated in the design, it is suggested to set the PREG attribute to 1.
Related violations: <none>

DPOP-2#1 Warning
MREG Output pipelining  
DSP design_mb_i/microblaze_0/U0/MicroBlaze_Core_I/Area.Core/Data_Flow_I/mul_unit_I/Use_HW_MUL.Using_DSP48_Architectures.dsp_module_I1/Using_DSP48E1.DSP48E1_I1/Using_FPGA.DSP48E1_I1 multiplier stage design_mb_i/microblaze_0/U0/MicroBlaze_Core_I/Area.Core/Data_Flow_I/mul_unit_I/Use_HW_MUL.Using_DSP48_Architectures.dsp_module_I1/Using_DSP48E1.DSP48E1_I1/Using_FPGA.DSP48E1_I1/P[47:0] is not pipelined (MREG=0). Pipelining the multiplier function will improve performance and will save significant power so it is suggested whenever possible to fully pipeline this function.  If this multiplier was inferred, it is suggested to describe an additional register stage after this function.  If there is no registered adder/accumulator following the multiply function, two pipeline stages are suggested to allow both the MREG and PREG registers to be used.  If the DSP48 was instantiated in the design, it is suggested to set both the MREG and PREG attributes to 1 when performing multiply functions.
Related violations: <none>

REQP-1839#1 Warning
RAMB36 async control check  
The RAMB36E1 design_mb_i/microblaze_0/U0/MicroBlaze_Core_I/Area.Core/Using_DCache.Using_WriteThrough.DCache_I1/Data_Memory/Not_Using_XPM.Using_B36_S36.The_BRAMs[0].RAMB36_I1/Using_FPGA.Native has an input control pin design_mb_i/microblaze_0/U0/MicroBlaze_Core_I/Area.Core/Using_DCache.Using_WriteThrough.DCache_I1/Data_Memory/Not_Using_XPM.Using_B36_S36.The_BRAMs[0].RAMB36_I1/Using_FPGA.Native/ENBWREN (net: design_mb_i/microblaze_0/U0/MicroBlaze_Core_I/Area.Core/Using_DCache.Using_WriteThrough.DCache_I1/Data_Memory/Not_Using_XPM.Using_B36_S36.The_BRAMs[0].RAMB36_I1/DIBDI[0]) which is driven by a register (design_mb_i/axi_mem_intercon/s00_couplers/auto_pc/inst/gen_axi4_axi3.axi3_conv_inst/USE_READ.USE_SPLIT_R.read_addr_inst/USE_R_CHANNEL.cmd_queue/inst/fifo_gen_inst/inst_fifo_gen/gconvfifo.rf/grf.rf/gntv_or_sync_fifo.gl0.rd/gr1.gr1_int.rfwft/empty_fwft_i_reg) that has an active asychronous set or reset. This may cause corruption of the memory contents and/or read values when the set/reset is asserted and is not analyzed by the default static timing analysis. It is suggested to eliminate the use of a set/reset to registers driving this RAMB pin or else use a synchronous reset in which the assertion of the reset is timed by default.
Related violations: <none>

REQP-1839#2 Warning
RAMB36 async control check  
The RAMB36E1 design_mb_i/microblaze_0/U0/MicroBlaze_Core_I/Area.Core/Using_DCache.Using_WriteThrough.DCache_I1/Data_Memory/Not_Using_XPM.Using_B36_S36.The_BRAMs[0].RAMB36_I1/Using_FPGA.Native has an input control pin design_mb_i/microblaze_0/U0/MicroBlaze_Core_I/Area.Core/Using_DCache.Using_WriteThrough.DCache_I1/Data_Memory/Not_Using_XPM.Using_B36_S36.The_BRAMs[0].RAMB36_I1/Using_FPGA.Native/WEBWE[0] (net: design_mb_i/microblaze_0/U0/MicroBlaze_Core_I/Area.Core/Using_DCache.Using_WriteThrough.DCache_I1/Data_Memory/Not_Using_XPM.Using_B36_S36.The_BRAMs[0].RAMB36_I1/DIBDI[0]) which is driven by a register (design_mb_i/axi_mem_intercon/s00_couplers/auto_pc/inst/gen_axi4_axi3.axi3_conv_inst/USE_READ.USE_SPLIT_R.read_addr_inst/USE_R_CHANNEL.cmd_queue/inst/fifo_gen_inst/inst_fifo_gen/gconvfifo.rf/grf.rf/gntv_or_sync_fifo.gl0.rd/gr1.gr1_int.rfwft/empty_fwft_i_reg) that has an active asychronous set or reset. This may cause corruption of the memory contents and/or read values when the set/reset is asserted and is not analyzed by the default static timing analysis. It is suggested to eliminate the use of a set/reset to registers driving this RAMB pin or else use a synchronous reset in which the assertion of the reset is timed by default.
Related violations: <none>

REQP-1839#3 Warning
RAMB36 async control check  
The RAMB36E1 design_mb_i/microblaze_0/U0/MicroBlaze_Core_I/Area.Core/Using_DCache.Using_WriteThrough.DCache_I1/Data_Memory/Not_Using_XPM.Using_B36_S36.The_BRAMs[0].RAMB36_I1/Using_FPGA.Native has an input control pin design_mb_i/microblaze_0/U0/MicroBlaze_Core_I/Area.Core/Using_DCache.Using_WriteThrough.DCache_I1/Data_Memory/Not_Using_XPM.Using_B36_S36.The_BRAMs[0].RAMB36_I1/Using_FPGA.Native/WEBWE[1] (net: design_mb_i/microblaze_0/U0/MicroBlaze_Core_I/Area.Core/Using_DCache.Using_WriteThrough.DCache_I1/Data_Memory/Not_Using_XPM.Using_B36_S36.The_BRAMs[0].RAMB36_I1/DIBDI[0]) which is driven by a register (design_mb_i/axi_mem_intercon/s00_couplers/auto_pc/inst/gen_axi4_axi3.axi3_conv_inst/USE_READ.USE_SPLIT_R.read_addr_inst/USE_R_CHANNEL.cmd_queue/inst/fifo_gen_inst/inst_fifo_gen/gconvfifo.rf/grf.rf/gntv_or_sync_fifo.gl0.rd/gr1.gr1_int.rfwft/empty_fwft_i_reg) that has an active asychronous set or reset. This may cause corruption of the memory contents and/or read values when the set/reset is asserted and is not analyzed by the default static timing analysis. It is suggested to eliminate the use of a set/reset to registers driving this RAMB pin or else use a synchronous reset in which the assertion of the reset is timed by default.
Related violations: <none>

REQP-1839#4 Warning
RAMB36 async control check  
The RAMB36E1 design_mb_i/microblaze_0/U0/MicroBlaze_Core_I/Area.Core/Using_DCache.Using_WriteThrough.DCache_I1/Data_Memory/Not_Using_XPM.Using_B36_S36.The_BRAMs[0].RAMB36_I1/Using_FPGA.Native has an input control pin design_mb_i/microblaze_0/U0/MicroBlaze_Core_I/Area.Core/Using_DCache.Using_WriteThrough.DCache_I1/Data_Memory/Not_Using_XPM.Using_B36_S36.The_BRAMs[0].RAMB36_I1/Using_FPGA.Native/WEBWE[2] (net: design_mb_i/microblaze_0/U0/MicroBlaze_Core_I/Area.Core/Using_DCache.Using_WriteThrough.DCache_I1/Data_Memory/Not_Using_XPM.Using_B36_S36.The_BRAMs[0].RAMB36_I1/DIBDI[0]) which is driven by a register (design_mb_i/axi_mem_intercon/s00_couplers/auto_pc/inst/gen_axi4_axi3.axi3_conv_inst/USE_READ.USE_SPLIT_R.read_addr_inst/USE_R_CHANNEL.cmd_queue/inst/fifo_gen_inst/inst_fifo_gen/gconvfifo.rf/grf.rf/gntv_or_sync_fifo.gl0.rd/gr1.gr1_int.rfwft/empty_fwft_i_reg) that has an active asychronous set or reset. This may cause corruption of the memory contents and/or read values when the set/reset is asserted and is not analyzed by the default static timing analysis. It is suggested to eliminate the use of a set/reset to registers driving this RAMB pin or else use a synchronous reset in which the assertion of the reset is timed by default.
Related violations: <none>

REQP-1839#5 Warning
RAMB36 async control check  
The RAMB36E1 design_mb_i/microblaze_0/U0/MicroBlaze_Core_I/Area.Core/Using_DCache.Using_WriteThrough.DCache_I1/Tag_Memory/Not_Using_XPM.Using_B36_S36.The_BRAMs[0].RAMB36_I1/Using_FPGA.Native has an input control pin design_mb_i/microblaze_0/U0/MicroBlaze_Core_I/Area.Core/Using_DCache.Using_WriteThrough.DCache_I1/Tag_Memory/Not_Using_XPM.Using_B36_S36.The_BRAMs[0].RAMB36_I1/Using_FPGA.Native/ADDRBWRADDR[10] (net: design_mb_i/microblaze_0/U0/MicroBlaze_Core_I/Area.Core/Using_DCache.Using_WriteThrough.DCache_I1/Tag_Memory/Not_Using_XPM.Using_B36_S36.The_BRAMs[0].RAMB36_I1/ADDRBWRADDR[3]) which is driven by a register (design_mb_i/axi_mem_intercon/s00_couplers/auto_pc/inst/gen_axi4_axi3.axi3_conv_inst/USE_READ.USE_SPLIT_R.read_addr_inst/USE_R_CHANNEL.cmd_queue/inst/fifo_gen_inst/inst_fifo_gen/gconvfifo.rf/grf.rf/gntv_or_sync_fifo.gl0.rd/gr1.gr1_int.rfwft/empty_fwft_i_reg) that has an active asychronous set or reset. This may cause corruption of the memory contents and/or read values when the set/reset is asserted and is not analyzed by the default static timing analysis. It is suggested to eliminate the use of a set/reset to registers driving this RAMB pin or else use a synchronous reset in which the assertion of the reset is timed by default.
Related violations: <none>

REQP-1839#6 Warning
RAMB36 async control check  
The RAMB36E1 design_mb_i/microblaze_0/U0/MicroBlaze_Core_I/Area.Core/Using_DCache.Using_WriteThrough.DCache_I1/Tag_Memory/Not_Using_XPM.Using_B36_S36.The_BRAMs[0].RAMB36_I1/Using_FPGA.Native has an input control pin design_mb_i/microblaze_0/U0/MicroBlaze_Core_I/Area.Core/Using_DCache.Using_WriteThrough.DCache_I1/Tag_Memory/Not_Using_XPM.Using_B36_S36.The_BRAMs[0].RAMB36_I1/Using_FPGA.Native/ADDRBWRADDR[11] (net: design_mb_i/microblaze_0/U0/MicroBlaze_Core_I/Area.Core/Using_DCache.Using_WriteThrough.DCache_I1/Tag_Memory/Not_Using_XPM.Using_B36_S36.The_BRAMs[0].RAMB36_I1/ADDRBWRADDR[4]) which is driven by a register (design_mb_i/axi_mem_intercon/s00_couplers/auto_pc/inst/gen_axi4_axi3.axi3_conv_inst/USE_READ.USE_SPLIT_R.read_addr_inst/USE_R_CHANNEL.cmd_queue/inst/fifo_gen_inst/inst_fifo_gen/gconvfifo.rf/grf.rf/gntv_or_sync_fifo.gl0.rd/gr1.gr1_int.rfwft/empty_fwft_i_reg) that has an active asychronous set or reset. This may cause corruption of the memory contents and/or read values when the set/reset is asserted and is not analyzed by the default static timing analysis. It is suggested to eliminate the use of a set/reset to registers driving this RAMB pin or else use a synchronous reset in which the assertion of the reset is timed by default.
Related violations: <none>

REQP-1839#7 Warning
RAMB36 async control check  
The RAMB36E1 design_mb_i/microblaze_0/U0/MicroBlaze_Core_I/Area.Core/Using_DCache.Using_WriteThrough.DCache_I1/Tag_Memory/Not_Using_XPM.Using_B36_S36.The_BRAMs[0].RAMB36_I1/Using_FPGA.Native has an input control pin design_mb_i/microblaze_0/U0/MicroBlaze_Core_I/Area.Core/Using_DCache.Using_WriteThrough.DCache_I1/Tag_Memory/Not_Using_XPM.Using_B36_S36.The_BRAMs[0].RAMB36_I1/Using_FPGA.Native/ADDRBWRADDR[12] (net: design_mb_i/microblaze_0/U0/MicroBlaze_Core_I/Area.Core/Using_DCache.Using_WriteThrough.DCache_I1/Tag_Memory/Not_Using_XPM.Using_B36_S36.The_BRAMs[0].RAMB36_I1/ADDRBWRADDR[5]) which is driven by a register (design_mb_i/axi_mem_intercon/s00_couplers/auto_pc/inst/gen_axi4_axi3.axi3_conv_inst/USE_READ.USE_SPLIT_R.read_addr_inst/USE_R_CHANNEL.cmd_queue/inst/fifo_gen_inst/inst_fifo_gen/gconvfifo.rf/grf.rf/gntv_or_sync_fifo.gl0.rd/gr1.gr1_int.rfwft/empty_fwft_i_reg) that has an active asychronous set or reset. This may cause corruption of the memory contents and/or read values when the set/reset is asserted and is not analyzed by the default static timing analysis. It is suggested to eliminate the use of a set/reset to registers driving this RAMB pin or else use a synchronous reset in which the assertion of the reset is timed by default.
Related violations: <none>

REQP-1839#8 Warning
RAMB36 async control check  
The RAMB36E1 design_mb_i/microblaze_0/U0/MicroBlaze_Core_I/Area.Core/Using_DCache.Using_WriteThrough.DCache_I1/Tag_Memory/Not_Using_XPM.Using_B36_S36.The_BRAMs[0].RAMB36_I1/Using_FPGA.Native has an input control pin design_mb_i/microblaze_0/U0/MicroBlaze_Core_I/Area.Core/Using_DCache.Using_WriteThrough.DCache_I1/Tag_Memory/Not_Using_XPM.Using_B36_S36.The_BRAMs[0].RAMB36_I1/Using_FPGA.Native/ADDRBWRADDR[13] (net: design_mb_i/microblaze_0/U0/MicroBlaze_Core_I/Area.Core/Using_DCache.Using_WriteThrough.DCache_I1/Tag_Memory/Not_Using_XPM.Using_B36_S36.The_BRAMs[0].RAMB36_I1/ADDRBWRADDR[6]) which is driven by a register (design_mb_i/axi_mem_intercon/s00_couplers/auto_pc/inst/gen_axi4_axi3.axi3_conv_inst/USE_READ.USE_SPLIT_R.read_addr_inst/USE_R_CHANNEL.cmd_queue/inst/fifo_gen_inst/inst_fifo_gen/gconvfifo.rf/grf.rf/gntv_or_sync_fifo.gl0.rd/gr1.gr1_int.rfwft/empty_fwft_i_reg) that has an active asychronous set or reset. This may cause corruption of the memory contents and/or read values when the set/reset is asserted and is not analyzed by the default static timing analysis. It is suggested to eliminate the use of a set/reset to registers driving this RAMB pin or else use a synchronous reset in which the assertion of the reset is timed by default.
Related violations: <none>

REQP-1839#9 Warning
RAMB36 async control check  
The RAMB36E1 design_mb_i/microblaze_0/U0/MicroBlaze_Core_I/Area.Core/Using_DCache.Using_WriteThrough.DCache_I1/Tag_Memory/Not_Using_XPM.Using_B36_S36.The_BRAMs[0].RAMB36_I1/Using_FPGA.Native has an input control pin design_mb_i/microblaze_0/U0/MicroBlaze_Core_I/Area.Core/Using_DCache.Using_WriteThrough.DCache_I1/Tag_Memory/Not_Using_XPM.Using_B36_S36.The_BRAMs[0].RAMB36_I1/Using_FPGA.Native/ADDRBWRADDR[14] (net: design_mb_i/microblaze_0/U0/MicroBlaze_Core_I/Area.Core/Using_DCache.Using_WriteThrough.DCache_I1/Tag_Memory/Not_Using_XPM.Using_B36_S36.The_BRAMs[0].RAMB36_I1/ADDRBWRADDR[7]) which is driven by a register (design_mb_i/axi_mem_intercon/s00_couplers/auto_pc/inst/gen_axi4_axi3.axi3_conv_inst/USE_READ.USE_SPLIT_R.read_addr_inst/USE_R_CHANNEL.cmd_queue/inst/fifo_gen_inst/inst_fifo_gen/gconvfifo.rf/grf.rf/gntv_or_sync_fifo.gl0.rd/gr1.gr1_int.rfwft/empty_fwft_i_reg) that has an active asychronous set or reset. This may cause corruption of the memory contents and/or read values when the set/reset is asserted and is not analyzed by the default static timing analysis. It is suggested to eliminate the use of a set/reset to registers driving this RAMB pin or else use a synchronous reset in which the assertion of the reset is timed by default.
Related violations: <none>

REQP-1839#10 Warning
RAMB36 async control check  
The RAMB36E1 design_mb_i/microblaze_0/U0/MicroBlaze_Core_I/Area.Core/Using_DCache.Using_WriteThrough.DCache_I1/Tag_Memory/Not_Using_XPM.Using_B36_S36.The_BRAMs[0].RAMB36_I1/Using_FPGA.Native has an input control pin design_mb_i/microblaze_0/U0/MicroBlaze_Core_I/Area.Core/Using_DCache.Using_WriteThrough.DCache_I1/Tag_Memory/Not_Using_XPM.Using_B36_S36.The_BRAMs[0].RAMB36_I1/Using_FPGA.Native/ADDRBWRADDR[7] (net: design_mb_i/microblaze_0/U0/MicroBlaze_Core_I/Area.Core/Using_DCache.Using_WriteThrough.DCache_I1/Tag_Memory/Not_Using_XPM.Using_B36_S36.The_BRAMs[0].RAMB36_I1/ADDRBWRADDR[0]) which is driven by a register (design_mb_i/axi_mem_intercon/s00_couplers/auto_pc/inst/gen_axi4_axi3.axi3_conv_inst/USE_READ.USE_SPLIT_R.read_addr_inst/USE_R_CHANNEL.cmd_queue/inst/fifo_gen_inst/inst_fifo_gen/gconvfifo.rf/grf.rf/gntv_or_sync_fifo.gl0.rd/gr1.gr1_int.rfwft/empty_fwft_i_reg) that has an active asychronous set or reset. This may cause corruption of the memory contents and/or read values when the set/reset is asserted and is not analyzed by the default static timing analysis. It is suggested to eliminate the use of a set/reset to registers driving this RAMB pin or else use a synchronous reset in which the assertion of the reset is timed by default.
Related violations: <none>

REQP-1839#11 Warning
RAMB36 async control check  
The RAMB36E1 design_mb_i/microblaze_0/U0/MicroBlaze_Core_I/Area.Core/Using_DCache.Using_WriteThrough.DCache_I1/Tag_Memory/Not_Using_XPM.Using_B36_S36.The_BRAMs[0].RAMB36_I1/Using_FPGA.Native has an input control pin design_mb_i/microblaze_0/U0/MicroBlaze_Core_I/Area.Core/Using_DCache.Using_WriteThrough.DCache_I1/Tag_Memory/Not_Using_XPM.Using_B36_S36.The_BRAMs[0].RAMB36_I1/Using_FPGA.Native/ADDRBWRADDR[8] (net: design_mb_i/microblaze_0/U0/MicroBlaze_Core_I/Area.Core/Using_DCache.Using_WriteThrough.DCache_I1/Tag_Memory/Not_Using_XPM.Using_B36_S36.The_BRAMs[0].RAMB36_I1/ADDRBWRADDR[1]) which is driven by a register (design_mb_i/axi_mem_intercon/s00_couplers/auto_pc/inst/gen_axi4_axi3.axi3_conv_inst/USE_READ.USE_SPLIT_R.read_addr_inst/USE_R_CHANNEL.cmd_queue/inst/fifo_gen_inst/inst_fifo_gen/gconvfifo.rf/grf.rf/gntv_or_sync_fifo.gl0.rd/gr1.gr1_int.rfwft/empty_fwft_i_reg) that has an active asychronous set or reset. This may cause corruption of the memory contents and/or read values when the set/reset is asserted and is not analyzed by the default static timing analysis. It is suggested to eliminate the use of a set/reset to registers driving this RAMB pin or else use a synchronous reset in which the assertion of the reset is timed by default.
Related violations: <none>

REQP-1839#12 Warning
RAMB36 async control check  
The RAMB36E1 design_mb_i/microblaze_0/U0/MicroBlaze_Core_I/Area.Core/Using_DCache.Using_WriteThrough.DCache_I1/Tag_Memory/Not_Using_XPM.Using_B36_S36.The_BRAMs[0].RAMB36_I1/Using_FPGA.Native has an input control pin design_mb_i/microblaze_0/U0/MicroBlaze_Core_I/Area.Core/Using_DCache.Using_WriteThrough.DCache_I1/Tag_Memory/Not_Using_XPM.Using_B36_S36.The_BRAMs[0].RAMB36_I1/Using_FPGA.Native/ADDRBWRADDR[9] (net: design_mb_i/microblaze_0/U0/MicroBlaze_Core_I/Area.Core/Using_DCache.Using_WriteThrough.DCache_I1/Tag_Memory/Not_Using_XPM.Using_B36_S36.The_BRAMs[0].RAMB36_I1/ADDRBWRADDR[2]) which is driven by a register (design_mb_i/axi_mem_intercon/s00_couplers/auto_pc/inst/gen_axi4_axi3.axi3_conv_inst/USE_READ.USE_SPLIT_R.read_addr_inst/USE_R_CHANNEL.cmd_queue/inst/fifo_gen_inst/inst_fifo_gen/gconvfifo.rf/grf.rf/gntv_or_sync_fifo.gl0.rd/gr1.gr1_int.rfwft/empty_fwft_i_reg) that has an active asychronous set or reset. This may cause corruption of the memory contents and/or read values when the set/reset is asserted and is not analyzed by the default static timing analysis. It is suggested to eliminate the use of a set/reset to registers driving this RAMB pin or else use a synchronous reset in which the assertion of the reset is timed by default.
Related violations: <none>

REQP-1839#13 Warning
RAMB36 async control check  
The RAMB36E1 design_mb_i/microblaze_0/U0/MicroBlaze_Core_I/Area.Core/Using_DCache.Using_WriteThrough.DCache_I1/Tag_Memory/Not_Using_XPM.Using_B36_S36.The_BRAMs[0].RAMB36_I1/Using_FPGA.Native has an input control pin design_mb_i/microblaze_0/U0/MicroBlaze_Core_I/Area.Core/Using_DCache.Using_WriteThrough.DCache_I1/Tag_Memory/Not_Using_XPM.Using_B36_S36.The_BRAMs[0].RAMB36_I1/Using_FPGA.Native/ENBWREN (net: design_mb_i/microblaze_0/U0/MicroBlaze_Core_I/Area.Core/Using_DCache.Using_WriteThrough.DCache_I1/Tag_Memory/Not_Using_XPM.Using_B36_S36.The_BRAMs[0].RAMB36_I1/WEBWE[0]) which is driven by a register (design_mb_i/axi_mem_intercon/s00_couplers/auto_pc/inst/gen_axi4_axi3.axi3_conv_inst/USE_READ.USE_SPLIT_R.read_addr_inst/USE_R_CHANNEL.cmd_queue/inst/fifo_gen_inst/inst_fifo_gen/gconvfifo.rf/grf.rf/gntv_or_sync_fifo.gl0.rd/gr1.gr1_int.rfwft/empty_fwft_i_reg) that has an active asychronous set or reset. This may cause corruption of the memory contents and/or read values when the set/reset is asserted and is not analyzed by the default static timing analysis. It is suggested to eliminate the use of a set/reset to registers driving this RAMB pin or else use a synchronous reset in which the assertion of the reset is timed by default.
Related violations: <none>

REQP-1839#14 Warning
RAMB36 async control check  
The RAMB36E1 design_mb_i/microblaze_0/U0/MicroBlaze_Core_I/Area.Core/Using_DCache.Using_WriteThrough.DCache_I1/Tag_Memory/Not_Using_XPM.Using_B36_S36.The_BRAMs[0].RAMB36_I1/Using_FPGA.Native has an input control pin design_mb_i/microblaze_0/U0/MicroBlaze_Core_I/Area.Core/Using_DCache.Using_WriteThrough.DCache_I1/Tag_Memory/Not_Using_XPM.Using_B36_S36.The_BRAMs[0].RAMB36_I1/Using_FPGA.Native/WEBWE[0] (net: design_mb_i/microblaze_0/U0/MicroBlaze_Core_I/Area.Core/Using_DCache.Using_WriteThrough.DCache_I1/Tag_Memory/Not_Using_XPM.Using_B36_S36.The_BRAMs[0].RAMB36_I1/WEBWE[0]) which is driven by a register (design_mb_i/axi_mem_intercon/s00_couplers/auto_pc/inst/gen_axi4_axi3.axi3_conv_inst/USE_READ.USE_SPLIT_R.read_addr_inst/USE_R_CHANNEL.cmd_queue/inst/fifo_gen_inst/inst_fifo_gen/gconvfifo.rf/grf.rf/gntv_or_sync_fifo.gl0.rd/gr1.gr1_int.rfwft/empty_fwft_i_reg) that has an active asychronous set or reset. This may cause corruption of the memory contents and/or read values when the set/reset is asserted and is not analyzed by the default static timing analysis. It is suggested to eliminate the use of a set/reset to registers driving this RAMB pin or else use a synchronous reset in which the assertion of the reset is timed by default.
Related violations: <none>

REQP-1839#15 Warning
RAMB36 async control check  
The RAMB36E1 design_mb_i/microblaze_0/U0/MicroBlaze_Core_I/Area.Core/Using_DCache.Using_WriteThrough.DCache_I1/Tag_Memory/Not_Using_XPM.Using_B36_S36.The_BRAMs[0].RAMB36_I1/Using_FPGA.Native has an input control pin design_mb_i/microblaze_0/U0/MicroBlaze_Core_I/Area.Core/Using_DCache.Using_WriteThrough.DCache_I1/Tag_Memory/Not_Using_XPM.Using_B36_S36.The_BRAMs[0].RAMB36_I1/Using_FPGA.Native/WEBWE[1] (net: design_mb_i/microblaze_0/U0/MicroBlaze_Core_I/Area.Core/Using_DCache.Using_WriteThrough.DCache_I1/Tag_Memory/Not_Using_XPM.Using_B36_S36.The_BRAMs[0].RAMB36_I1/WEBWE[0]) which is driven by a register (design_mb_i/axi_mem_intercon/s00_couplers/auto_pc/inst/gen_axi4_axi3.axi3_conv_inst/USE_READ.USE_SPLIT_R.read_addr_inst/USE_R_CHANNEL.cmd_queue/inst/fifo_gen_inst/inst_fifo_gen/gconvfifo.rf/grf.rf/gntv_or_sync_fifo.gl0.rd/gr1.gr1_int.rfwft/empty_fwft_i_reg) that has an active asychronous set or reset. This may cause corruption of the memory contents and/or read values when the set/reset is asserted and is not analyzed by the default static timing analysis. It is suggested to eliminate the use of a set/reset to registers driving this RAMB pin or else use a synchronous reset in which the assertion of the reset is timed by default.
Related violations: <none>

REQP-1839#16 Warning
RAMB36 async control check  
The RAMB36E1 design_mb_i/microblaze_0/U0/MicroBlaze_Core_I/Area.Core/Using_DCache.Using_WriteThrough.DCache_I1/Tag_Memory/Not_Using_XPM.Using_B36_S36.The_BRAMs[0].RAMB36_I1/Using_FPGA.Native has an input control pin design_mb_i/microblaze_0/U0/MicroBlaze_Core_I/Area.Core/Using_DCache.Using_WriteThrough.DCache_I1/Tag_Memory/Not_Using_XPM.Using_B36_S36.The_BRAMs[0].RAMB36_I1/Using_FPGA.Native/WEBWE[2] (net: design_mb_i/microblaze_0/U0/MicroBlaze_Core_I/Area.Core/Using_DCache.Using_WriteThrough.DCache_I1/Tag_Memory/Not_Using_XPM.Using_B36_S36.The_BRAMs[0].RAMB36_I1/WEBWE[0]) which is driven by a register (design_mb_i/axi_mem_intercon/s00_couplers/auto_pc/inst/gen_axi4_axi3.axi3_conv_inst/USE_READ.USE_SPLIT_R.read_addr_inst/USE_R_CHANNEL.cmd_queue/inst/fifo_gen_inst/inst_fifo_gen/gconvfifo.rf/grf.rf/gntv_or_sync_fifo.gl0.rd/gr1.gr1_int.rfwft/empty_fwft_i_reg) that has an active asychronous set or reset. This may cause corruption of the memory contents and/or read values when the set/reset is asserted and is not analyzed by the default static timing analysis. It is suggested to eliminate the use of a set/reset to registers driving this RAMB pin or else use a synchronous reset in which the assertion of the reset is timed by default.
Related violations: <none>

REQP-1839#17 Warning
RAMB36 async control check  
The RAMB36E1 design_mb_i/microblaze_0/U0/MicroBlaze_Core_I/Area.Core/Using_ICache.ICache_I1/Data_RAM_Module/Not_Using_XPM.Using_B36_S36.The_BRAMs[0].RAMB36_I1/Using_FPGA.Native has an input control pin design_mb_i/microblaze_0/U0/MicroBlaze_Core_I/Area.Core/Using_ICache.ICache_I1/Data_RAM_Module/Not_Using_XPM.Using_B36_S36.The_BRAMs[0].RAMB36_I1/Using_FPGA.Native/ENBWREN (net: design_mb_i/microblaze_0/U0/MicroBlaze_Core_I/Area.Core/Using_ICache.ICache_I1/Data_RAM_Module/Not_Using_XPM.Using_B36_S36.The_BRAMs[0].RAMB36_I1/E[0]) which is driven by a register (design_mb_i/axi_interconnect_1/s00_couplers/auto_cc/inst/gen_clock_conv.gen_async_conv.asyncfifo_axi/inst_fifo_gen/gaxi_full_lite.gread_ch.grdch2.axi_rdch/grf.rf/gntv_or_sync_fifo.gl0.rd/gr1.gr1_int.rfwft/empty_fwft_i_reg) that has an active asychronous set or reset. This may cause corruption of the memory contents and/or read values when the set/reset is asserted and is not analyzed by the default static timing analysis. It is suggested to eliminate the use of a set/reset to registers driving this RAMB pin or else use a synchronous reset in which the assertion of the reset is timed by default.
Related violations: <none>

REQP-1839#18 Warning
RAMB36 async control check  
The RAMB36E1 design_mb_i/microblaze_0/U0/MicroBlaze_Core_I/Area.Core/Using_ICache.ICache_I1/Tag_RAM_Module/Not_Using_XPM.Using_B36_S36.The_BRAMs[0].RAMB36_I1/Using_FPGA.Native has an input control pin design_mb_i/microblaze_0/U0/MicroBlaze_Core_I/Area.Core/Using_ICache.ICache_I1/Tag_RAM_Module/Not_Using_XPM.Using_B36_S36.The_BRAMs[0].RAMB36_I1/Using_FPGA.Native/ADDRBWRADDR[12] (net: design_mb_i/microblaze_0/U0/MicroBlaze_Core_I/Area.Core/Using_ICache.ICache_I1/Tag_RAM_Module/Not_Using_XPM.Using_B36_S36.The_BRAMs[0].RAMB36_I1/ADDRBWRADDR[5]) which is driven by a register (design_mb_i/axi_interconnect_1/s00_couplers/auto_cc/inst/gen_clock_conv.gen_async_conv.asyncfifo_axi/inst_fifo_gen/gaxi_full_lite.gread_ch.grdch2.axi_rdch/grf.rf/gntv_or_sync_fifo.gl0.rd/gr1.gr1_int.rfwft/empty_fwft_i_reg) that has an active asychronous set or reset. This may cause corruption of the memory contents and/or read values when the set/reset is asserted and is not analyzed by the default static timing analysis. It is suggested to eliminate the use of a set/reset to registers driving this RAMB pin or else use a synchronous reset in which the assertion of the reset is timed by default.
Related violations: <none>

REQP-1839#19 Warning
RAMB36 async control check  
The RAMB36E1 design_mb_i/microblaze_0/U0/MicroBlaze_Core_I/Area.Core/Using_ICache.ICache_I1/Tag_RAM_Module/Not_Using_XPM.Using_B36_S36.The_BRAMs[0].RAMB36_I1/Using_FPGA.Native has an input control pin design_mb_i/microblaze_0/U0/MicroBlaze_Core_I/Area.Core/Using_ICache.ICache_I1/Tag_RAM_Module/Not_Using_XPM.Using_B36_S36.The_BRAMs[0].RAMB36_I1/Using_FPGA.Native/ADDRBWRADDR[13] (net: design_mb_i/microblaze_0/U0/MicroBlaze_Core_I/Area.Core/Using_ICache.ICache_I1/Tag_RAM_Module/Not_Using_XPM.Using_B36_S36.The_BRAMs[0].RAMB36_I1/ADDRBWRADDR[6]) which is driven by a register (design_mb_i/axi_interconnect_1/s00_couplers/auto_cc/inst/gen_clock_conv.gen_async_conv.asyncfifo_axi/inst_fifo_gen/gaxi_full_lite.gread_ch.grdch2.axi_rdch/grf.rf/gntv_or_sync_fifo.gl0.rd/gr1.gr1_int.rfwft/empty_fwft_i_reg) that has an active asychronous set or reset. This may cause corruption of the memory contents and/or read values when the set/reset is asserted and is not analyzed by the default static timing analysis. It is suggested to eliminate the use of a set/reset to registers driving this RAMB pin or else use a synchronous reset in which the assertion of the reset is timed by default.
Related violations: <none>

REQP-1839#20 Warning
RAMB36 async control check  
The RAMB36E1 design_mb_i/microblaze_0/U0/MicroBlaze_Core_I/Area.Core/Using_ICache.ICache_I1/Tag_RAM_Module/Not_Using_XPM.Using_B36_S36.The_BRAMs[0].RAMB36_I1/Using_FPGA.Native has an input control pin design_mb_i/microblaze_0/U0/MicroBlaze_Core_I/Area.Core/Using_ICache.ICache_I1/Tag_RAM_Module/Not_Using_XPM.Using_B36_S36.The_BRAMs[0].RAMB36_I1/Using_FPGA.Native/ADDRBWRADDR[14] (net: design_mb_i/microblaze_0/U0/MicroBlaze_Core_I/Area.Core/Using_ICache.ICache_I1/Tag_RAM_Module/Not_Using_XPM.Using_B36_S36.The_BRAMs[0].RAMB36_I1/ADDRBWRADDR[7]) which is driven by a register (design_mb_i/axi_interconnect_1/s00_couplers/auto_cc/inst/gen_clock_conv.gen_async_conv.asyncfifo_axi/inst_fifo_gen/gaxi_full_lite.gread_ch.grdch2.axi_rdch/grf.rf/gntv_or_sync_fifo.gl0.rd/gr1.gr1_int.rfwft/empty_fwft_i_reg) that has an active asychronous set or reset. This may cause corruption of the memory contents and/or read values when the set/reset is asserted and is not analyzed by the default static timing analysis. It is suggested to eliminate the use of a set/reset to registers driving this RAMB pin or else use a synchronous reset in which the assertion of the reset is timed by default.
Related violations: <none>

RTSTAT-10#1 Warning
No routable loads  
41 net(s) have no routable loads. The problem bus(es) and/or net(s) are design_mb_i/axi_mem_intercon/s00_couplers/auto_cc/inst/gen_clock_conv.gen_async_conv.asyncfifo_axi/inst_fifo_gen/gaxi_full_lite.gread_ch.grach2.axi_rach/grf.rf/gntv_or_sync_fifo.gl0.rd/gr1.gr1_int.rfwft/aempty_fwft_i, design_mb_i/axi_mem_intercon/s00_couplers/auto_pc/inst/gen_axi4_axi3.axi3_conv_inst/USE_READ.USE_SPLIT_R.read_addr_inst/USE_R_CHANNEL.cmd_queue/inst/fifo_gen_inst/inst_fifo_gen/gconvfifo.rf/grf.rf/gntv_or_sync_fifo.gl0.rd/gr1.gr1_int.rfwft/aempty_fwft_i, design_mb_i/axi_mem_intercon/s00_couplers/auto_cc/inst/gen_clock_conv.gen_async_conv.asyncfifo_axi/inst_fifo_gen/gaxi_full_lite.gwrite_ch.gwrch2.axi_wrch/grf.rf/gntv_or_sync_fifo.gl0.rd/gr1.gr1_int.rfwft/aempty_fwft_i, design_mb_i/axi_interconnect_1/s00_couplers/auto_cc/inst/gen_clock_conv.gen_async_conv.asyncfifo_axi/inst_fifo_gen/gaxi_full_lite.gread_ch.grach2.axi_rach/grf.rf/gntv_or_sync_fifo.gl0.rd/gr1.gr1_int.rfwft/aempty_fwft_i, design_mb_i/axi_mem_intercon/s00_couplers/auto_cc/inst/gen_clock_conv.gen_async_conv.asyncfifo_axi/inst_fifo_gen/gaxi_full_lite.gread_ch.grdch2.axi_rdch/grf.rf/gntv_or_sync_fifo.gl0.rd/gr1.gr1_int.rfwft/aempty_fwft_i, design_mb_i/axi_mem_intercon/s00_couplers/auto_cc/inst/gen_clock_conv.gen_async_conv.asyncfifo_axi/inst_fifo_gen/gaxi_full_lite.gwrite_ch.gwdch2.axi_wdch/grf.rf/gntv_or_sync_fifo.gl0.rd/gr1.gr1_int.rfwft/aempty_fwft_i, design_mb_i/axi_interconnect_1/s00_couplers/auto_pc/inst/gen_axi4_axi3.axi3_conv_inst/USE_READ.USE_SPLIT_R.read_addr_inst/USE_R_CHANNEL.cmd_queue/inst/fifo_gen_inst/inst_fifo_gen/gconvfifo.rf/grf.rf/gntv_or_sync_fifo.gl0.rd/gr1.gr1_int.rfwft/aempty_fwft_i, design_mb_i/axi_mem_intercon/s00_couplers/auto_cc/inst/gen_clock_conv.gen_async_conv.asyncfifo_axi/inst_fifo_gen/gaxi_full_lite.gwrite_ch.gwach2.axi_wach/grf.rf/gntv_or_sync_fifo.gl0.rd/gr1.gr1_int.rfwft/aempty_fwft_i, design_mb_i/axi_mem_intercon/s00_couplers/auto_pc/inst/gen_axi4_axi3.axi3_conv_inst/USE_WRITE.write_addr_inst/USE_B_CHANNEL.cmd_b_queue/inst/fifo_gen_inst/inst_fifo_gen/gconvfifo.rf/grf.rf/gntv_or_sync_fifo.gl0.rd/gr1.gr1_int.rfwft/aempty_fwft_i, design_mb_i/axi_interconnect_1/s00_couplers/auto_cc/inst/gen_clock_conv.gen_async_conv.asyncfifo_axi/inst_fifo_gen/gaxi_full_lite.gread_ch.grdch2.axi_rdch/grf.rf/gntv_or_sync_fifo.gl0.rd/gr1.gr1_int.rfwft/aempty_fwft_i, design_mb_i/axi_mem_intercon/s00_couplers/auto_pc/inst/gen_axi4_axi3.axi3_conv_inst/USE_WRITE.write_addr_inst/USE_BURSTS.cmd_queue/inst/fifo_gen_inst/inst_fifo_gen/gconvfifo.rf/grf.rf/gntv_or_sync_fifo.gl0.rd/gr1.gr1_int.rfwft/aempty_fwft_i, design_mb_i/axi_interconnect_1/s00_couplers/auto_pc/inst/gen_axi4_axi3.axi3_conv_inst/USE_READ.USE_SPLIT_R.read_addr_inst/USE_R_CHANNEL.cmd_queue/inst/fifo_gen_inst/inst_fifo_gen/gconvfifo.rf/grf.rf/gntv_or_sync_fifo.gl0.wr/gwss.wsts/ram_afull_fb, design_mb_i/axi_mem_intercon/s00_couplers/auto_pc/inst/gen_axi4_axi3.axi3_conv_inst/USE_WRITE.write_addr_inst/USE_B_CHANNEL.cmd_b_queue/inst/fifo_gen_inst/inst_fifo_gen/gconvfifo.rf/grf.rf/gntv_or_sync_fifo.gl0.wr/gwss.wsts/ram_afull_fb, design_mb_i/axi_mem_intercon/s00_couplers/auto_pc/inst/gen_axi4_axi3.axi3_conv_inst/USE_READ.USE_SPLIT_R.read_addr_inst/USE_R_CHANNEL.cmd_queue/inst/fifo_gen_inst/inst_fifo_gen/gconvfifo.rf/grf.rf/gntv_or_sync_fifo.gl0.wr/gwss.wsts/ram_afull_fb, design_mb_i/axi_mem_intercon/s00_couplers/auto_pc/inst/gen_axi4_axi3.axi3_conv_inst/USE_WRITE.write_addr_inst/USE_BURSTS.cmd_queue/inst/fifo_gen_inst/inst_fifo_gen/gconvfifo.rf/grf.rf/gntv_or_sync_fifo.gl0.wr/gwss.wsts/ram_afull_fb (the first 15 of 41 listed).
Related violations: <none>


