Copyright 1986-2016 Xilinx, Inc. All Rights Reserved.
------------------------------------------------------------------------------------
| Tool Version : Vivado v.2016.4 (lin64) Build 1756540 Mon Jan 23 19:11:19 MST 2017
| Date         : Tue Jun 13 12:27:56 2017
| Host         : nikkatsa-laptop running 64-bit Ubuntu 16.04.2 LTS
| Command      : upgrade_ip
| Device       : xc7z020clg484-1
------------------------------------------------------------------------------------

Upgrade Log for IP 'design_1_sobel_0_0'

1. Summary
----------

SUCCESS in the upgrade of design_1_sobel_0_0 (xilinx.com:hls:sobel:1.0) from (Rev. 1706131204) to (Rev. 1706131227)






Copyright 1986-2016 Xilinx, Inc. All Rights Reserved.
------------------------------------------------------------------------------------
| Tool Version : Vivado v.2016.4 (lin64) Build 1756540 Mon Jan 23 19:11:19 MST 2017
| Date         : Tue Jun 13 12:06:45 2017
| Host         : nikkatsa-laptop running 64-bit Ubuntu 16.04.2 LTS
| Command      : upgrade_ip
| Device       : xc7z020clg484-1
------------------------------------------------------------------------------------

Upgrade Log for IP 'design_1_sobel_0_0'

1. Summary
----------

SUCCESS in the upgrade of design_1_sobel_0_0 (xilinx.com:hls:sobel:1.0) from (Rev. 1705171702) to (Rev. 1706131204)

