
*** Running vivado
    with args -log design_1_rst_ps7_0_100M_0.vds -m64 -product Vivado -mode batch -messageDb vivado.pb -notrace -source design_1_rst_ps7_0_100M_0.tcl

awk: symbol lookup error: awk: undefined symbol: mpfr_z_sub

****** Vivado v2016.4 (64-bit)
  **** SW Build 1756540 on Mon Jan 23 19:11:19 MST 2017
  **** IP Build 1755317 on Mon Jan 23 20:30:07 MST 2017
    ** Copyright 1986-2016 Xilinx, Inc. All Rights Reserved.

source design_1_rst_ps7_0_100M_0.tcl -notrace
awk: symbol lookup error: awk: undefined symbol: mpfr_z_sub
Starting RTL Elaboration : Time (s): cpu = 00:00:11 ; elapsed = 00:00:12 . Memory (MB): peak = 1064.562 ; gain = 134.086 ; free physical = 116 ; free virtual = 5880
INFO: [Synth 8-638] synthesizing module 'design_1_rst_ps7_0_100M_0' [/home/nikkatsa/Documents/Sobel_system_ddr/Sobel_system_ddr.srcs/sources_1/bd/design_1/ip/design_1_rst_ps7_0_100M_0/synth/design_1_rst_ps7_0_100M_0.vhd:71]
INFO: [Synth 8-638] synthesizing module 'proc_sys_reset' [/home/nikkatsa/Documents/Sobel_system_ddr/Sobel_system_ddr.srcs/sources_1/bd/design_1/ipshared/04b4/hdl/proc_sys_reset_v5_0_vh_rfs.vhd:1323]
INFO: [Synth 8-638] synthesizing module 'lpf' [/home/nikkatsa/Documents/Sobel_system_ddr/Sobel_system_ddr.srcs/sources_1/bd/design_1/ipshared/04b4/hdl/proc_sys_reset_v5_0_vh_rfs.vhd:816]
INFO: [Synth 8-638] synthesizing module 'SRL16' [/opt/Xilinx/Vivado/2016.4/scripts/rt/data/unisim_comp.v:43312]
INFO: [Synth 8-256] done synthesizing module 'SRL16' (1#1) [/opt/Xilinx/Vivado/2016.4/scripts/rt/data/unisim_comp.v:43312]
INFO: [Synth 8-638] synthesizing module 'cdc_sync' [/home/nikkatsa/Documents/Sobel_system_ddr/Sobel_system_ddr.srcs/sources_1/bd/design_1/ipshared/52cb/hdl/lib_cdc_v1_0_rfs.vhd:106]
INFO: [Synth 8-256] done synthesizing module 'cdc_sync' (2#1) [/home/nikkatsa/Documents/Sobel_system_ddr/Sobel_system_ddr.srcs/sources_1/bd/design_1/ipshared/52cb/hdl/lib_cdc_v1_0_rfs.vhd:106]
INFO: [Synth 8-256] done synthesizing module 'lpf' (3#1) [/home/nikkatsa/Documents/Sobel_system_ddr/Sobel_system_ddr.srcs/sources_1/bd/design_1/ipshared/04b4/hdl/proc_sys_reset_v5_0_vh_rfs.vhd:816]
INFO: [Synth 8-638] synthesizing module 'sequence_psr' [/home/nikkatsa/Documents/Sobel_system_ddr/Sobel_system_ddr.srcs/sources_1/bd/design_1/ipshared/04b4/hdl/proc_sys_reset_v5_0_vh_rfs.vhd:301]
INFO: [Synth 8-638] synthesizing module 'upcnt_n' [/home/nikkatsa/Documents/Sobel_system_ddr/Sobel_system_ddr.srcs/sources_1/bd/design_1/ipshared/04b4/hdl/proc_sys_reset_v5_0_vh_rfs.vhd:125]
INFO: [Synth 8-256] done synthesizing module 'upcnt_n' (4#1) [/home/nikkatsa/Documents/Sobel_system_ddr/Sobel_system_ddr.srcs/sources_1/bd/design_1/ipshared/04b4/hdl/proc_sys_reset_v5_0_vh_rfs.vhd:125]
INFO: [Synth 8-256] done synthesizing module 'sequence_psr' (5#1) [/home/nikkatsa/Documents/Sobel_system_ddr/Sobel_system_ddr.srcs/sources_1/bd/design_1/ipshared/04b4/hdl/proc_sys_reset_v5_0_vh_rfs.vhd:301]
INFO: [Synth 8-256] done synthesizing module 'proc_sys_reset' (6#1) [/home/nikkatsa/Documents/Sobel_system_ddr/Sobel_system_ddr.srcs/sources_1/bd/design_1/ipshared/04b4/hdl/proc_sys_reset_v5_0_vh_rfs.vhd:1323]
INFO: [Synth 8-256] done synthesizing module 'design_1_rst_ps7_0_100M_0' (7#1) [/home/nikkatsa/Documents/Sobel_system_ddr/Sobel_system_ddr.srcs/sources_1/bd/design_1/ip/design_1_rst_ps7_0_100M_0/synth/design_1_rst_ps7_0_100M_0.vhd:71]
Finished RTL Elaboration : Time (s): cpu = 00:00:13 ; elapsed = 00:00:13 . Memory (MB): peak = 1106.031 ; gain = 175.555 ; free physical = 121 ; free virtual = 5746
Finished RTL Optimization Phase 1 : Time (s): cpu = 00:00:13 ; elapsed = 00:00:14 . Memory (MB): peak = 1106.031 ; gain = 175.555 ; free physical = 137 ; free virtual = 5732
INFO: [Device 21-403] Loading part xc7z020clg484-1
Constraint Validation Runtime : Time (s): cpu = 00:00:00.02 ; elapsed = 00:00:00.03 . Memory (MB): peak = 1485.625 ; gain = 0.000 ; free physical = 122 ; free virtual = 4655
Finished Constraint Validation : Time (s): cpu = 00:00:30 ; elapsed = 00:00:34 . Memory (MB): peak = 1485.625 ; gain = 555.148 ; free physical = 128 ; free virtual = 4467
Finished Loading Part and Timing Information : Time (s): cpu = 00:00:30 ; elapsed = 00:00:34 . Memory (MB): peak = 1485.625 ; gain = 555.148 ; free physical = 127 ; free virtual = 4467
Finished applying 'set_property' XDC Constraints : Time (s): cpu = 00:00:30 ; elapsed = 00:00:34 . Memory (MB): peak = 1485.625 ; gain = 555.148 ; free physical = 124 ; free virtual = 4465
Finished RTL Optimization Phase 2 : Time (s): cpu = 00:00:30 ; elapsed = 00:00:34 . Memory (MB): peak = 1485.625 ; gain = 555.148 ; free physical = 129 ; free virtual = 4414
Finished Cross Boundary and Area Optimization : Time (s): cpu = 00:00:30 ; elapsed = 00:00:34 . Memory (MB): peak = 1485.625 ; gain = 555.148 ; free physical = 132 ; free virtual = 4363
Finished Applying XDC Timing Constraints : Time (s): cpu = 00:00:44 ; elapsed = 00:00:49 . Memory (MB): peak = 1485.625 ; gain = 555.148 ; free physical = 139 ; free virtual = 4171
Finished Timing Optimization : Time (s): cpu = 00:00:44 ; elapsed = 00:00:49 . Memory (MB): peak = 1485.625 ; gain = 555.148 ; free physical = 138 ; free virtual = 4171
Finished Technology Mapping : Time (s): cpu = 00:00:44 ; elapsed = 00:00:49 . Memory (MB): peak = 1485.625 ; gain = 555.148 ; free physical = 119 ; free virtual = 4151
Finished IO Insertion : Time (s): cpu = 00:00:45 ; elapsed = 00:00:49 . Memory (MB): peak = 1485.625 ; gain = 555.148 ; free physical = 121 ; free virtual = 4146
Finished Renaming Generated Instances : Time (s): cpu = 00:00:45 ; elapsed = 00:00:49 . Memory (MB): peak = 1485.625 ; gain = 555.148 ; free physical = 121 ; free virtual = 4146
Finished Rebuilding User Hierarchy : Time (s): cpu = 00:00:45 ; elapsed = 00:00:49 . Memory (MB): peak = 1485.625 ; gain = 555.148 ; free physical = 121 ; free virtual = 4146
Finished Renaming Generated Ports : Time (s): cpu = 00:00:45 ; elapsed = 00:00:49 . Memory (MB): peak = 1485.625 ; gain = 555.148 ; free physical = 121 ; free virtual = 4146
Finished Handling Custom Attributes : Time (s): cpu = 00:00:45 ; elapsed = 00:00:50 . Memory (MB): peak = 1485.625 ; gain = 555.148 ; free physical = 120 ; free virtual = 4145
Finished Renaming Generated Nets : Time (s): cpu = 00:00:45 ; elapsed = 00:00:50 . Memory (MB): peak = 1485.625 ; gain = 555.148 ; free physical = 120 ; free virtual = 4145

Report Cell Usage: 
+------+------+------+
|      |Cell  |Count |
+------+------+------+
|1     |LUT1  |     5|
|2     |LUT2  |     9|
|3     |LUT3  |     1|
|4     |LUT4  |     6|
|5     |LUT5  |     3|
|6     |LUT6  |     1|
|7     |SRL16 |     1|
|8     |FDR   |     8|
|9     |FDRE  |    28|
|10    |FDSE  |     4|
+------+------+------+
Finished Writing Synthesis Report : Time (s): cpu = 00:00:45 ; elapsed = 00:00:50 . Memory (MB): peak = 1485.625 ; gain = 555.148 ; free physical = 120 ; free virtual = 4145
synth_design: Time (s): cpu = 00:00:43 ; elapsed = 00:00:49 . Memory (MB): peak = 1485.625 ; gain = 487.645 ; free physical = 132 ; free virtual = 3775
