10:11:34 INFO  : Registering command handlers for SDK TCF services
10:11:35 INFO  : Launching XSCT server: xsct.bat -interactive C:\Users\Qlala\Documents\M2_SETI\A2\git\A2\Hardware\demo_software\multiprocessor_sw\temp_xsdb_launch_script.tcl
10:11:38 INFO  : XSCT server has started successfully.
10:11:38 INFO  : Processing command line option -hwspec C:/Users/Qlala/Documents/M2_SETI/A2/git/A2/Hardware/demo_software/multiprocessor_sw/design_multi_wrapper.hdf.
10:11:38 INFO  : Successfully done setting XSCT server connection channel  
10:11:38 INFO  : Successfully done setting SDK workspace  
10:18:22 INFO  : 'targets -set -filter {jtag_cable_name =~ "Digilent Zed 210248686847" && level==0} -index 1' command is executed.
10:18:22 INFO  : 'fpga -state' command is executed.
10:18:22 INFO  : Connected to target on host '127.0.0.1' and port '3121'.
10:18:22 INFO  : Jtag cable 'Digilent Zed 210248686847' is selected.
10:18:22 INFO  : 'jtag frequency' command is executed.
10:18:22 INFO  : Sourcing of 'C:/Users/Qlala/Documents/M2_SETI/A2/git/A2/Hardware/demo_software/multiprocessor_sw/design_multi_wrapper_hw_platform_0/ps7_init.tcl' is done.
10:18:22 INFO  : Context for 'APU' is selected.
10:18:22 INFO  : Hardware design information is loaded from 'C:/Users/Qlala/Documents/M2_SETI/A2/git/A2/Hardware/demo_software/multiprocessor_sw/design_multi_wrapper_hw_platform_0/system.hdf'.
10:18:22 INFO  : 'configparams force-mem-access 1' command is executed.
10:18:22 INFO  : Context for 'APU' is selected.
10:18:22 INFO  : 'stop' command is executed.
10:18:22 INFO  : 'ps7_init' command is executed.
10:18:23 INFO  : 'ps7_post_config' command is executed.
10:18:23 INFO  : 'configparams mdm-detect-bscan-mask 2' command is executed.
10:18:23 INFO  : Context for processor 'ps7_cortexa9_0' is selected.
10:18:23 INFO  : Processor reset is completed for 'ps7_cortexa9_0'.
10:18:23 INFO  : Context for processor 'ps7_cortexa9_0' is selected.
10:18:23 INFO  : The application 'C:/Users/Qlala/Documents/M2_SETI/A2/git/A2/Hardware/demo_software/multiprocessor_sw/test_zynq/Debug/test_zynq.elf' is downloaded to processor 'ps7_cortexa9_0'.
10:18:23 INFO  : 'configparams force-mem-access 0' command is executed.
10:18:23 INFO  : ----------------XSDB Script----------------
connect -url tcp:127.0.0.1:3121
source C:/Users/Qlala/Documents/M2_SETI/A2/git/A2/Hardware/demo_software/multiprocessor_sw/design_multi_wrapper_hw_platform_0/ps7_init.tcl
targets -set -nocase -filter {name =~"APU*" && jtag_cable_name =~ "Digilent Zed 210248686847"} -index 0
loadhw -hw C:/Users/Qlala/Documents/M2_SETI/A2/git/A2/Hardware/demo_software/multiprocessor_sw/design_multi_wrapper_hw_platform_0/system.hdf -mem-ranges [list {0x40000000 0xbfffffff}]
configparams force-mem-access 1
targets -set -nocase -filter {name =~"APU*" && jtag_cable_name =~ "Digilent Zed 210248686847"} -index 0
stop
ps7_init
ps7_post_config
configparams mdm-detect-bscan-mask 2
targets -set -nocase -filter {name =~ "ARM*#0" && jtag_cable_name =~ "Digilent Zed 210248686847"} -index 0
rst -processor
targets -set -nocase -filter {name =~ "ARM*#0" && jtag_cable_name =~ "Digilent Zed 210248686847"} -index 0
dow C:/Users/Qlala/Documents/M2_SETI/A2/git/A2/Hardware/demo_software/multiprocessor_sw/test_zynq/Debug/test_zynq.elf
configparams force-mem-access 0
----------------End of Script----------------

10:18:23 INFO  : Memory regions updated for context APU
10:18:23 INFO  : Memory regions updated for context PA
10:18:23 INFO  : Memory regions updated for context MicroBlaze Debug Module at USER2
10:18:23 INFO  : Context for processor 'ps7_cortexa9_0' is selected.
10:18:23 INFO  : 'con' command is executed.
10:18:23 INFO  : ----------------XSDB Script (After Launch)----------------
targets -set -nocase -filter {name =~ "ARM*#0" && jtag_cable_name =~ "Digilent Zed 210248686847"} -index 0
con
----------------End of Script----------------

10:18:23 INFO  : Launch script is exported to file 'C:\Users\Qlala\Documents\M2_SETI\A2\git\A2\Hardware\demo_software\multiprocessor_sw\.sdk\launch_scripts\xilinx_c-c++_application_(system_debugger)\system_debugger_using_debug_test_zynq.elf_on_local.tcl'
10:21:31 INFO  : Disconnected from the channel tcfchan#1.
10:21:32 INFO  : 'targets -set -filter {jtag_cable_name =~ "Digilent Zed 210248686847" && level==0} -index 1' command is executed.
10:21:32 INFO  : 'fpga -state' command is executed.
10:21:32 INFO  : Connected to target on host '127.0.0.1' and port '3121'.
10:21:32 INFO  : Jtag cable 'Digilent Zed 210248686847' is selected.
10:21:32 INFO  : 'jtag frequency' command is executed.
10:21:32 INFO  : Sourcing of 'C:/Users/Qlala/Documents/M2_SETI/A2/git/A2/Hardware/demo_software/multiprocessor_sw/design_multi_wrapper_hw_platform_0/ps7_init.tcl' is done.
10:21:32 INFO  : Context for 'APU' is selected.
10:21:35 INFO  : Hardware design information is loaded from 'C:/Users/Qlala/Documents/M2_SETI/A2/git/A2/Hardware/demo_software/multiprocessor_sw/design_multi_wrapper_hw_platform_0/system.hdf'.
10:21:35 INFO  : 'configparams force-mem-access 1' command is executed.
10:21:35 INFO  : Context for 'APU' is selected.
10:21:35 INFO  : 'stop' command is executed.
10:21:36 INFO  : 'ps7_init' command is executed.
10:21:36 INFO  : 'ps7_post_config' command is executed.
10:21:36 INFO  : 'configparams mdm-detect-bscan-mask 2' command is executed.
10:21:36 INFO  : Context for processor 'ps7_cortexa9_0' is selected.
10:21:36 INFO  : Processor reset is completed for 'ps7_cortexa9_0'.
10:21:36 INFO  : Context for processor 'ps7_cortexa9_0' is selected.
10:21:36 INFO  : The application 'C:/Users/Qlala/Documents/M2_SETI/A2/git/A2/Hardware/demo_software/multiprocessor_sw/test_zynq/Debug/test_zynq.elf' is downloaded to processor 'ps7_cortexa9_0'.
10:21:36 INFO  : 'configparams force-mem-access 0' command is executed.
10:21:36 INFO  : ----------------XSDB Script----------------
connect -url tcp:127.0.0.1:3121
source C:/Users/Qlala/Documents/M2_SETI/A2/git/A2/Hardware/demo_software/multiprocessor_sw/design_multi_wrapper_hw_platform_0/ps7_init.tcl
targets -set -nocase -filter {name =~"APU*" && jtag_cable_name =~ "Digilent Zed 210248686847"} -index 0
loadhw -hw C:/Users/Qlala/Documents/M2_SETI/A2/git/A2/Hardware/demo_software/multiprocessor_sw/design_multi_wrapper_hw_platform_0/system.hdf -mem-ranges [list {0x40000000 0xbfffffff}]
configparams force-mem-access 1
targets -set -nocase -filter {name =~"APU*" && jtag_cable_name =~ "Digilent Zed 210248686847"} -index 0
stop
ps7_init
ps7_post_config
configparams mdm-detect-bscan-mask 2
targets -set -nocase -filter {name =~ "ARM*#0" && jtag_cable_name =~ "Digilent Zed 210248686847"} -index 0
rst -processor
targets -set -nocase -filter {name =~ "ARM*#0" && jtag_cable_name =~ "Digilent Zed 210248686847"} -index 0
dow C:/Users/Qlala/Documents/M2_SETI/A2/git/A2/Hardware/demo_software/multiprocessor_sw/test_zynq/Debug/test_zynq.elf
configparams force-mem-access 0
----------------End of Script----------------

10:21:36 INFO  : Memory regions updated for context APU
10:21:36 INFO  : Memory regions updated for context PA
10:21:36 INFO  : Memory regions updated for context MicroBlaze Debug Module at USER2
10:21:36 INFO  : Context for processor 'ps7_cortexa9_0' is selected.
10:21:36 INFO  : 'con' command is executed.
10:21:36 INFO  : ----------------XSDB Script (After Launch)----------------
targets -set -nocase -filter {name =~ "ARM*#0" && jtag_cable_name =~ "Digilent Zed 210248686847"} -index 0
con
----------------End of Script----------------

10:21:36 INFO  : Launch script is exported to file 'C:\Users\Qlala\Documents\M2_SETI\A2\git\A2\Hardware\demo_software\multiprocessor_sw\.sdk\launch_scripts\xilinx_c-c++_application_(system_debugger)\system_debugger_using_debug_test_zynq.elf_on_local.tcl'
10:53:14 INFO  : SDK has detected change in the last modified timestamps for source hardware specification file Source:1581414719816,  Project:1581409706945
10:53:14 INFO  : Project design_multi_wrapper_hw_platform_0's source hardware specification located at C:/Users/Qlala/Documents/M2_SETI/A2/git/A2/Hardware/demo_software/multiprocessor_sw/design_multi_wrapper.hdf is now different from the local copy.
		 The local copy will be replaced with the source specification and your workspace will be updated.
10:53:19 INFO  : Copied contents of C:/Users/Qlala/Documents/M2_SETI/A2/git/A2/Hardware/demo_software/multiprocessor_sw/design_multi_wrapper.hdf into \design_multi_wrapper_hw_platform_0\system.hdf.
10:53:23 INFO  : Synchronizing projects in the workspace with the hardware platform specification changes.
10:53:26 INFO  : 
10:53:27 INFO  : Updating hardware inferred compiler options for test_zynq.
10:53:27 INFO  : Clearing existing target manager status.
10:53:27 INFO  : Closing and re-opening the MSS file of ther project test_zynq_bsp
10:53:28 INFO  : Workspace synchronized with the new hardware specification file. Cleaning dependent projects...
10:53:29 WARN  : Linker script will not be updated automatically. Users need to update it manually.
10:57:28 INFO  : Disconnected from the channel tcfchan#2.
10:57:30 INFO  : 'targets -set -filter {jtag_cable_name =~ "Digilent Zed 210248686847" && level==0} -index 1' command is executed.
10:57:30 INFO  : 'fpga -state' command is executed.
10:57:30 INFO  : Connected to target on host '127.0.0.1' and port '3121'.
10:57:31 INFO  : Jtag cable 'Digilent Zed 210248686847' is selected.
10:57:31 INFO  : 'jtag frequency' command is executed.
10:57:31 INFO  : Sourcing of 'C:/Users/Qlala/Documents/M2_SETI/A2/git/A2/Hardware/demo_software/multiprocessor_sw/design_multi_wrapper_hw_platform_0/ps7_init.tcl' is done.
10:57:31 INFO  : Context for 'APU' is selected.
10:57:31 INFO  : Hardware design information is loaded from 'C:/Users/Qlala/Documents/M2_SETI/A2/git/A2/Hardware/demo_software/multiprocessor_sw/design_multi_wrapper_hw_platform_0/system.hdf'.
10:57:31 INFO  : 'configparams force-mem-access 1' command is executed.
10:57:31 INFO  : Context for 'APU' is selected.
10:57:31 INFO  : 'stop' command is executed.
10:57:31 INFO  : 'ps7_init' command is executed.
10:57:31 INFO  : 'ps7_post_config' command is executed.
10:57:31 INFO  : 'configparams mdm-detect-bscan-mask 2' command is executed.
10:57:31 INFO  : Context for processor 'ps7_cortexa9_0' is selected.
10:57:31 INFO  : Processor reset is completed for 'ps7_cortexa9_0'.
10:57:31 INFO  : Context for processor 'ps7_cortexa9_0' is selected.
10:57:31 INFO  : The application 'C:/Users/Qlala/Documents/M2_SETI/A2/git/A2/Hardware/demo_software/multiprocessor_sw/test_zynq/Debug/test_zynq.elf' is downloaded to processor 'ps7_cortexa9_0'.
10:57:31 INFO  : 'configparams force-mem-access 0' command is executed.
10:57:31 INFO  : ----------------XSDB Script----------------
connect -url tcp:127.0.0.1:3121
source C:/Users/Qlala/Documents/M2_SETI/A2/git/A2/Hardware/demo_software/multiprocessor_sw/design_multi_wrapper_hw_platform_0/ps7_init.tcl
targets -set -nocase -filter {name =~"APU*" && jtag_cable_name =~ "Digilent Zed 210248686847"} -index 0
loadhw -hw C:/Users/Qlala/Documents/M2_SETI/A2/git/A2/Hardware/demo_software/multiprocessor_sw/design_multi_wrapper_hw_platform_0/system.hdf -mem-ranges [list {0x40000000 0xbfffffff}]
configparams force-mem-access 1
targets -set -nocase -filter {name =~"APU*" && jtag_cable_name =~ "Digilent Zed 210248686847"} -index 0
stop
ps7_init
ps7_post_config
configparams mdm-detect-bscan-mask 2
targets -set -nocase -filter {name =~ "ARM*#0" && jtag_cable_name =~ "Digilent Zed 210248686847"} -index 0
rst -processor
targets -set -nocase -filter {name =~ "ARM*#0" && jtag_cable_name =~ "Digilent Zed 210248686847"} -index 0
dow C:/Users/Qlala/Documents/M2_SETI/A2/git/A2/Hardware/demo_software/multiprocessor_sw/test_zynq/Debug/test_zynq.elf
configparams force-mem-access 0
----------------End of Script----------------

10:57:32 INFO  : Memory regions updated for context APU
10:57:32 INFO  : Memory regions updated for context PA
10:57:32 INFO  : Memory regions updated for context MicroBlaze Debug Module at USER2
10:57:32 INFO  : Context for processor 'ps7_cortexa9_0' is selected.
10:57:32 INFO  : 'con' command is executed.
10:57:32 INFO  : ----------------XSDB Script (After Launch)----------------
targets -set -nocase -filter {name =~ "ARM*#0" && jtag_cable_name =~ "Digilent Zed 210248686847"} -index 0
con
----------------End of Script----------------

10:57:32 INFO  : Launch script is exported to file 'C:\Users\Qlala\Documents\M2_SETI\A2\git\A2\Hardware\demo_software\multiprocessor_sw\.sdk\launch_scripts\xilinx_c-c++_application_(system_debugger)\system_debugger_using_debug_test_zynq.elf_on_local.tcl'
10:57:44 INFO  : Connected to target on host '127.0.0.1' and port '3121'.
10:57:44 INFO  : 'targets -set -filter {jtag_cable_name =~ "Digilent Zed 210248686847" && level==0} -index 1' command is executed.
10:57:46 INFO  : FPGA configured successfully with bitstream "C:/Users/Qlala/Documents/M2_SETI/A2/git/A2/Hardware/demo_software/multiprocessor_sw/design_multi_wrapper_hw_platform_0/design_multi_wrapper.bit"
10:57:54 INFO  : Disconnected from the channel tcfchan#3.
10:57:55 INFO  : 'targets -set -filter {jtag_cable_name =~ "Digilent Zed 210248686847" && level==0} -index 1' command is executed.
10:57:55 INFO  : 'fpga -state' command is executed.
10:57:55 INFO  : Connected to target on host '127.0.0.1' and port '3121'.
10:57:55 INFO  : Jtag cable 'Digilent Zed 210248686847' is selected.
10:57:55 INFO  : 'jtag frequency' command is executed.
10:57:55 INFO  : Sourcing of 'C:/Users/Qlala/Documents/M2_SETI/A2/git/A2/Hardware/demo_software/multiprocessor_sw/design_multi_wrapper_hw_platform_0/ps7_init.tcl' is done.
10:57:55 INFO  : Context for 'APU' is selected.
10:57:58 INFO  : Hardware design information is loaded from 'C:/Users/Qlala/Documents/M2_SETI/A2/git/A2/Hardware/demo_software/multiprocessor_sw/design_multi_wrapper_hw_platform_0/system.hdf'.
10:57:58 INFO  : 'configparams force-mem-access 1' command is executed.
10:57:58 INFO  : Context for 'APU' is selected.
10:57:58 INFO  : 'stop' command is executed.
10:57:58 INFO  : 'ps7_init' command is executed.
10:57:58 INFO  : 'ps7_post_config' command is executed.
10:57:58 INFO  : 'configparams mdm-detect-bscan-mask 2' command is executed.
10:57:59 INFO  : Context for processor 'ps7_cortexa9_0' is selected.
10:57:59 INFO  : Processor reset is completed for 'ps7_cortexa9_0'.
10:57:59 INFO  : Context for processor 'ps7_cortexa9_0' is selected.
10:57:59 INFO  : The application 'C:/Users/Qlala/Documents/M2_SETI/A2/git/A2/Hardware/demo_software/multiprocessor_sw/test_zynq/Debug/test_zynq.elf' is downloaded to processor 'ps7_cortexa9_0'.
10:57:59 INFO  : 'configparams force-mem-access 0' command is executed.
10:57:59 INFO  : ----------------XSDB Script----------------
connect -url tcp:127.0.0.1:3121
source C:/Users/Qlala/Documents/M2_SETI/A2/git/A2/Hardware/demo_software/multiprocessor_sw/design_multi_wrapper_hw_platform_0/ps7_init.tcl
targets -set -nocase -filter {name =~"APU*" && jtag_cable_name =~ "Digilent Zed 210248686847"} -index 0
loadhw -hw C:/Users/Qlala/Documents/M2_SETI/A2/git/A2/Hardware/demo_software/multiprocessor_sw/design_multi_wrapper_hw_platform_0/system.hdf -mem-ranges [list {0x40000000 0xbfffffff}]
configparams force-mem-access 1
targets -set -nocase -filter {name =~"APU*" && jtag_cable_name =~ "Digilent Zed 210248686847"} -index 0
stop
ps7_init
ps7_post_config
configparams mdm-detect-bscan-mask 2
targets -set -nocase -filter {name =~ "ARM*#0" && jtag_cable_name =~ "Digilent Zed 210248686847"} -index 0
rst -processor
targets -set -nocase -filter {name =~ "ARM*#0" && jtag_cable_name =~ "Digilent Zed 210248686847"} -index 0
dow C:/Users/Qlala/Documents/M2_SETI/A2/git/A2/Hardware/demo_software/multiprocessor_sw/test_zynq/Debug/test_zynq.elf
configparams force-mem-access 0
----------------End of Script----------------

10:57:59 INFO  : Memory regions updated for context APU
10:57:59 INFO  : Memory regions updated for context PA
10:57:59 INFO  : Memory regions updated for context MicroBlaze Debug Module at USER2
10:57:59 INFO  : Context for processor 'ps7_cortexa9_0' is selected.
10:57:59 INFO  : 'con' command is executed.
10:57:59 INFO  : ----------------XSDB Script (After Launch)----------------
targets -set -nocase -filter {name =~ "ARM*#0" && jtag_cable_name =~ "Digilent Zed 210248686847"} -index 0
con
----------------End of Script----------------

10:57:59 INFO  : Launch script is exported to file 'C:\Users\Qlala\Documents\M2_SETI\A2\git\A2\Hardware\demo_software\multiprocessor_sw\.sdk\launch_scripts\xilinx_c-c++_application_(system_debugger)\system_debugger_using_debug_test_zynq.elf_on_local.tcl'
10:58:17 INFO  : Disconnected from the channel tcfchan#4.
