Copyright 1986-2019 Xilinx, Inc. All Rights Reserved.
-------------------------------------------------------------------------------------------------------------------------------------------------------------------------
| Tool Version     : Vivado v.2019.1.3 (win64) Build 2644227 Wed Sep  4 09:45:24 MDT 2019
| Date             : Sun Feb 23 21:16:30 2020
| Host             : Qlala running 64-bit major release  (build 9200)
| Command          : report_power -file design_IP_wrapper_power_routed.rpt -pb design_IP_wrapper_power_summary_routed.pb -rpx design_IP_wrapper_power_routed.rpx
| Design           : design_IP_wrapper
| Device           : xc7z020clg484-1
| Design State     : routed
| Grade            : commercial
| Process          : typical
| Characterization : Production
-------------------------------------------------------------------------------------------------------------------------------------------------------------------------

Power Report

Table of Contents
-----------------
1. Summary
1.1 On-Chip Components
1.2 Power Supply Summary
1.3 Confidence Level
2. Settings
2.1 Environment
2.2 Clock Constraints
3. Detailed Reports
3.1 By Hierarchy

1. Summary
----------

+--------------------------+--------------+
| Total On-Chip Power (W)  | 2.011        |
| Design Power Budget (W)  | Unspecified* |
| Power Budget Margin (W)  | NA           |
| Dynamic (W)              | 1.856        |
| Device Static (W)        | 0.154        |
| Effective TJA (C/W)      | 11.5         |
| Max Ambient (C)          | 61.8         |
| Junction Temperature (C) | 48.2         |
| Confidence Level         | Medium       |
| Setting File             | ---          |
| Simulation Activity File | ---          |
| Design Nets Matched      | NA           |
+--------------------------+--------------+
* Specify Design Power Budget using, set_operating_conditions -design_power_budget <value in Watts>


1.1 On-Chip Components
----------------------

+--------------------------+-----------+----------+-----------+-----------------+
| On-Chip                  | Power (W) | Used     | Available | Utilization (%) |
+--------------------------+-----------+----------+-----------+-----------------+
| Clocks                   |     0.072 |        8 |       --- |             --- |
| Slice Logic              |     0.039 |    40559 |       --- |             --- |
|   LUT as Logic           |     0.033 |    12613 |     53200 |           23.71 |
|   Register               |     0.003 |    20824 |    106400 |           19.57 |
|   CARRY4                 |     0.002 |     1075 |     13300 |            8.08 |
|   LUT as Distributed RAM |     0.001 |      718 |     17400 |            4.13 |
|   LUT as Shift Register  |    <0.001 |      370 |     17400 |            2.13 |
|   F7/F8 Muxes            |    <0.001 |       16 |     53200 |            0.03 |
|   Others                 |     0.000 |     1912 |       --- |             --- |
| Signals                  |     0.059 |    32308 |       --- |             --- |
| Block RAM                |     0.028 |        7 |       140 |            5.00 |
| MMCM                     |     0.107 |        1 |         4 |           25.00 |
| DSPs                     |     0.011 |       17 |       220 |            7.73 |
| I/O                      |    <0.001 |        8 |       200 |            4.00 |
| PS7                      |     1.540 |        1 |       --- |             --- |
| Static Power             |     0.154 |          |           |                 |
| Total                    |     2.011 |          |           |                 |
+--------------------------+-----------+----------+-----------+-----------------+


1.2 Power Supply Summary
------------------------

+-----------+-------------+-----------+-------------+------------+
| Source    | Voltage (V) | Total (A) | Dynamic (A) | Static (A) |
+-----------+-------------+-----------+-------------+------------+
| Vccint    |       1.000 |     0.227 |       0.209 |      0.018 |
| Vccaux    |       1.800 |     0.075 |       0.059 |      0.016 |
| Vcco33    |       3.300 |     0.001 |       0.000 |      0.001 |
| Vcco25    |       2.500 |     0.000 |       0.000 |      0.000 |
| Vcco18    |       1.800 |     0.000 |       0.000 |      0.000 |
| Vcco15    |       1.500 |     0.000 |       0.000 |      0.000 |
| Vcco135   |       1.350 |     0.000 |       0.000 |      0.000 |
| Vcco12    |       1.200 |     0.000 |       0.000 |      0.000 |
| Vccaux_io |       1.800 |     0.000 |       0.000 |      0.000 |
| Vccbram   |       1.000 |     0.003 |       0.001 |      0.002 |
| MGTAVcc   |       1.000 |     0.000 |       0.000 |      0.000 |
| MGTAVtt   |       1.200 |     0.000 |       0.000 |      0.000 |
| MGTVccaux |       1.800 |     0.000 |       0.000 |      0.000 |
| Vccpint   |       1.000 |     0.763 |       0.728 |      0.034 |
| Vccpaux   |       1.800 |     0.061 |       0.051 |      0.010 |
| Vccpll    |       1.800 |     0.017 |       0.014 |      0.003 |
| Vcco_ddr  |       1.500 |     0.459 |       0.457 |      0.002 |
| Vcco_mio0 |       3.300 |     0.003 |       0.002 |      0.001 |
| Vcco_mio1 |       1.800 |     0.003 |       0.002 |      0.001 |
| Vccadc    |       1.800 |     0.020 |       0.000 |      0.020 |
+-----------+-------------+-----------+-------------+------------+


1.3 Confidence Level
--------------------

+-----------------------------+------------+------------------------------------------------+------------------------------------------------------------------------------------------------------------+
| User Input Data             | Confidence | Details                                        | Action                                                                                                     |
+-----------------------------+------------+------------------------------------------------+------------------------------------------------------------------------------------------------------------+
| Design implementation state | High       | Design is routed                               |                                                                                                            |
| Clock nodes activity        | High       | User specified more than 95% of clocks         |                                                                                                            |
| I/O nodes activity          | High       | User specified more than 95% of inputs         |                                                                                                            |
| Internal nodes activity     | Medium     | User specified less than 25% of internal nodes | Provide missing internal nodes activity with simulation results or by editing the "By Resource Type" views |
| Device models               | High       | Device models are Production                   |                                                                                                            |
|                             |            |                                                |                                                                                                            |
| Overall confidence level    | Medium     |                                                |                                                                                                            |
+-----------------------------+------------+------------------------------------------------+------------------------------------------------------------------------------------------------------------+


2. Settings
-----------

2.1 Environment
---------------

+-----------------------+------------------------+
| Ambient Temp (C)      | 25.0                   |
| ThetaJA (C/W)         | 11.5                   |
| Airflow (LFM)         | 250                    |
| Heat Sink             | none                   |
| ThetaSA (C/W)         | 0.0                    |
| Board Selection       | medium (10"x10")       |
| # of Board Layers     | 8to11 (8 to 11 Layers) |
| Board Temperature (C) | 25.0                   |
+-----------------------+------------------------+


2.2 Clock Constraints
---------------------

+----------------------------------+--------------------------------------------------------------+-----------------+
| Clock                            | Domain                                                       | Constraint (ns) |
+----------------------------------+--------------------------------------------------------------+-----------------+
| AXI_clk_design_IP_clk_wiz_0_0    | design_IP_i/clk_wiz_0/inst/AXI_clk_design_IP_clk_wiz_0_0     |            10.0 |
| HLS_CLK_design_IP_clk_wiz_0_0    | design_IP_i/clk_wiz_0/inst/HLS_CLK_design_IP_clk_wiz_0_0     |            10.0 |
| HLS_km_CLK_design_IP_clk_wiz_0_0 | design_IP_i/clk_wiz_0/inst/HLS_km_CLK_design_IP_clk_wiz_0_0  |            10.0 |
| clk_fpga_0                       | design_IP_i/processing_system7_0/inst/FCLK_CLK0              |            10.0 |
| clk_fpga_0                       | design_IP_i/processing_system7_0/inst/FCLK_CLK_unbuffered[0] |            10.0 |
| clkfbout_design_IP_clk_wiz_0_0   | design_IP_i/clk_wiz_0/inst/clkfbout_design_IP_clk_wiz_0_0    |            10.0 |
+----------------------------------+--------------------------------------------------------------+-----------------+


3. Detailed Reports
-------------------

3.1 By Hierarchy
----------------

+--------------------------+-----------+
| Name                     | Power (W) |
+--------------------------+-----------+
| design_IP_wrapper        |     1.856 |
|   design_IP_i            |     1.856 |
|     axi_interconnect_0   |     0.039 |
|       m00_couplers       |     0.002 |
|       s00_couplers       |     0.007 |
|       s01_couplers       |     0.008 |
|       s02_couplers       |     0.008 |
|       s03_couplers       |     0.006 |
|       xbar               |     0.004 |
|     axi_interconnect_1   |     0.006 |
|       m01_couplers       |     0.001 |
|       s00_couplers       |     0.003 |
|     clk_wiz_0            |     0.108 |
|       inst               |     0.108 |
|     kmeans_0             |     0.072 |
|       U0                 |     0.072 |
|     multiply_block_0     |     0.087 |
|       U0                 |     0.087 |
|     processing_system7_0 |     1.541 |
|       inst               |     1.541 |
|     ps7_0_axi_periph     |     0.003 |
|       s00_couplers       |     0.003 |
+--------------------------+-----------+


