#-----------------------------------------------------------
# Webtalk v2019.1.3 (64-bit)
# SW Build 2644227 on Wed Sep  4 09:45:24 MDT 2019
# 
# Start of session at: Tue Feb 11 10:58:19 2020
# Process ID: 248
# Current directory: C:/Users/Qlala/Documents/M2_SETI/A2/git/A2/Hardware/demo_software/multiprocessor_sw/webtalk
# Command line: wbtcv.exe -mode batch -source sdk_webtalk.tcl
# Log file: C:/Users/Qlala/Documents/M2_SETI/A2/git/A2/Hardware/demo_software/multiprocessor_sw/webtalk/webtalk.log
# Journal file: C:/Users/Qlala/Documents/M2_SETI/A2/git/A2/Hardware/demo_software/multiprocessor_sw/webtalk\webtalk.jou
#-----------------------------------------------------------
source sdk_webtalk.tcl
# webtalk_init -webtalk_dir C:\\Users\\Qlala\\Documents\\M2_SETI\\A2\\git\\A2\\Hardware\\demo_software\\multiprocessor_sw\\webtalk
# webtalk_register_client -client project
# webtalk_add_data -client project -key date_generated -value "2020-02-11 10:58:17" -context "software_version_and_target_device"
# webtalk_add_data -client project -key product_version -value "SDK v2019.1" -context "software_version_and_target_device"
# webtalk_add_data -client project -key build_version -value "2019.1" -context "software_version_and_target_device"
# webtalk_add_data -client project -key os_platform -value "amd64" -context "software_version_and_target_device"
# webtalk_add_data -client project -key registration_id -value "211327087_0_0_060" -context "software_version_and_target_device"
# webtalk_add_data -client project -key tool_flow -value "SDK" -context "software_version_and_target_device"
# webtalk_add_data -client project -key beta -value "false" -context "software_version_and_target_device"
# webtalk_add_data -client project -key route_design -value "NA" -context "software_version_and_target_device"
# webtalk_add_data -client project -key target_family -value "NA" -context "software_version_and_target_device"
# webtalk_add_data -client project -key target_device -value "NA" -context "software_version_and_target_device"
# webtalk_add_data -client project -key target_package -value "NA" -context "software_version_and_target_device"
# webtalk_add_data -client project -key target_speed -value "NA" -context "software_version_and_target_device"
# webtalk_add_data -client project -key random_id -value "a6ufbak3e274qfnb333hh86n55" -context "software_version_and_target_device"
# webtalk_add_data -client project -key project_id -value "2019.1_9" -context "software_version_and_target_device"
# webtalk_add_data -client project -key project_iteration -value "9" -context "software_version_and_target_device"
# webtalk_add_data -client project -key os_name -value "Microsoft Windows 8 or later , 64-bit" -context "user_environment"
# webtalk_add_data -client project -key os_release -value "major release  (build 9200)" -context "user_environment"
# webtalk_add_data -client project -key cpu_name -value "Intel(R) Core(TM) i7-6700HQ CPU @ 2.60GHz" -context "user_environment"
# webtalk_add_data -client project -key cpu_speed -value "2592 MHz" -context "user_environment"
# webtalk_add_data -client project -key total_processors -value "1" -context "user_environment"
# webtalk_add_data -client project -key system_ram -value "17.067 GB" -context "user_environment"
# webtalk_register_client -client sdk
# webtalk_add_data -client sdk -key uid -value "1581412304278" -context "sdk\\\\hardware/1581412304278"
# webtalk_add_data -client sdk -key isZynq -value "true" -context "sdk\\\\hardware/1581412304278"
# webtalk_add_data -client sdk -key isZynqMP -value "false" -context "sdk\\\\hardware/1581412304278"
# webtalk_add_data -client sdk -key Processors -value "3" -context "sdk\\\\hardware/1581412304278"
# webtalk_add_data -client sdk -key VivadoVersion -value "2019.1.3" -context "sdk\\\\hardware/1581412304278"
# webtalk_add_data -client sdk -key Arch -value "zynq" -context "sdk\\\\hardware/1581412304278"
# webtalk_add_data -client sdk -key Device -value "7z020" -context "sdk\\\\hardware/1581412304278"
# webtalk_add_data -client sdk -key IsHandoff -value "true" -context "sdk\\\\hardware/1581412304278"
# webtalk_add_data -client sdk -key os -value "NA" -context "sdk\\\\hardware/1581412304278"
# webtalk_add_data -client sdk -key apptemplate -value "NA" -context "sdk\\\\hardware/1581412304278"
# webtalk_add_data -client sdk -key RecordType -value "HWCreation" -context "sdk\\\\hardware/1581412304278"
# webtalk_add_data -client sdk -key uid -value "1581412471617" -context "sdk\\\\bsp/1581412471617"
# webtalk_add_data -client sdk -key hwid -value "1581412304278" -context "sdk\\\\bsp/1581412471617"
# webtalk_add_data -client sdk -key os -value "standalone" -context "sdk\\\\bsp/1581412471617"
# webtalk_add_data -client sdk -key apptemplate -value "hello_world" -context "sdk\\\\bsp/1581412471617"
# webtalk_add_data -client sdk -key RecordType -value "BSPCreation" -context "sdk\\\\bsp/1581412471617"
# webtalk_add_data -client sdk -key uid -value "1581412475938" -context "sdk\\\\application/1581412475938"
# webtalk_add_data -client sdk -key hwid -value "1581412304278" -context "sdk\\\\application/1581412475938"
# webtalk_add_data -client sdk -key bspid -value "1581412471617" -context "sdk\\\\application/1581412475938"
# webtalk_add_data -client sdk -key newbsp -value "true" -context "sdk\\\\application/1581412475938"
# webtalk_add_data -client sdk -key os -value "standalone" -context "sdk\\\\application/1581412475938"
# webtalk_add_data -client sdk -key apptemplate -value "hello_world" -context "sdk\\\\application/1581412475938"
# webtalk_add_data -client sdk -key RecordType -value "APPCreation" -context "sdk\\\\application/1581412475938"
# webtalk_add_data -client sdk -key LangUsed -value "C" -context "sdk\\\\application/1581412475938"
# webtalk_add_data -client sdk -key Procused -value "ps7_cortexa9" -context "sdk\\\\application/1581412475938"
# webtalk_add_data -client sdk -key projSize -value "442.99609375" -context "sdk\\\\application/1581412475938"
# webtalk_add_data -client sdk -key uid -value "NA" -context "sdk\\\\bsp/1581415097082"
# webtalk_add_data -client sdk -key RecordType -value "ToolUsage" -context "sdk\\\\bsp/1581415097082"
# webtalk_add_data -client sdk -key BootgenCount -value "0" -context "sdk\\\\bsp/1581415097082"
# webtalk_add_data -client sdk -key DebugCount -value "4" -context "sdk\\\\bsp/1581415097082"
# webtalk_add_data -client sdk -key PerfCount -value "0" -context "sdk\\\\bsp/1581415097082"
# webtalk_add_data -client sdk -key FlashCount -value "0" -context "sdk\\\\bsp/1581415097082"
# webtalk_add_data -client sdk -key CrossTriggCount -value "0" -context "sdk\\\\bsp/1581415097082"
# webtalk_add_data -client sdk -key QemuDebugCount -value "0" -context "sdk\\\\bsp/1581415097082"
# webtalk_transmit -clientid 779545016 -regid "211327087_0_0_060" -xml C:\\Users\\Qlala\\Documents\\M2_SETI\\A2\\git\\A2\\Hardware\\demo_software\\multiprocessor_sw\\webtalk\\usage_statistics_ext_sdk.xml -html C:\\Users\\Qlala\\Documents\\M2_SETI\\A2\\git\\A2\\Hardware\\demo_software\\multiprocessor_sw\\webtalk\\usage_statistics_ext_sdk.html -wdm C:\\Users\\Qlala\\Documents\\M2_SETI\\A2\\git\\A2\\Hardware\\demo_software\\multiprocessor_sw\\webtalk\\sdk_webtalk.wdm -intro "<H3>SDK Usage Report</H3><BR>"
# webtalk_terminate
INFO: [Common 17-206] Exiting Webtalk at Tue Feb 11 10:58:19 2020...
