19:18:45 INFO  : Registering command handlers for SDK TCF services
19:18:48 INFO  : Launching XSCT server: xsct -n -interactive /home/nikkatsa/Working_Projects/Sobel_Filter_HLS_System/Sobel_System/Sobel_system_ddr/Sobel_system_ddr.sdk/temp_xsdb_launch_script.tcl
19:18:48 ERROR : (XSDB Server)awk: symbol lookup error: awk: undefined symbol: mpfr_z_sub

19:18:49 INFO  : XSCT server has started successfully.
19:18:49 INFO  : Successfully done setting XSCT server connection channel  
19:18:49 INFO  : Successfully done setting SDK workspace  
19:18:49 INFO  : Processing command line option -hwspec /home/nikkatsa/Working_Projects/Sobel_Filter_HLS_System/Sobel_System/Sobel_system_ddr/Sobel_system_ddr.sdk/design_1_wrapper.hdf.
19:20:30 INFO  : Connected to target on host '127.0.0.1' and port '3121'.
19:20:30 INFO  : 'targets -set -filter {jtag_cable_name =~ "Digilent Zed 210248650939" && level==0} -index 1' command is executed.
19:20:32 INFO  : FPGA configured successfully with bitstream "/home/nikkatsa/Working_Projects/Sobel_Filter_HLS_System/Sobel_System/Sobel_system_ddr/Sobel_system_ddr.sdk/design_1_wrapper_hw_platform_0/design_1_wrapper.bit"
19:20:38 INFO  : 'targets -set -filter {jtag_cable_name =~ "Digilent Zed 210248650939" && level==0} -index 1' command is executed.
19:20:38 INFO  : 'fpga -state' command is executed.
19:20:38 INFO  : Connected to target on host '127.0.0.1' and port '3121'.
19:20:38 INFO  : Jtag cable 'Digilent Zed 210248650939' is selected.
19:20:38 INFO  : 'jtag frequency' command is executed.
19:20:38 INFO  : Sourcing of '/home/nikkatsa/Working_Projects/Sobel_Filter_HLS_System/Sobel_System/Sobel_system_ddr/Sobel_system_ddr.sdk/design_1_wrapper_hw_platform_0/ps7_init.tcl' is done.
19:20:38 INFO  : Context for 'APU' is selected.
19:20:38 INFO  : Hardware design information is loaded from '/home/nikkatsa/Working_Projects/Sobel_Filter_HLS_System/Sobel_System/Sobel_system_ddr/Sobel_system_ddr.sdk/design_1_wrapper_hw_platform_0/system.hdf'.
19:20:38 INFO  : Context for 'APU' is selected.
19:20:38 INFO  : 'stop' command is executed.
19:20:39 INFO  : 'ps7_init' command is executed.
19:20:39 INFO  : 'ps7_post_config' command is executed.
19:20:39 INFO  : Context for processor 'ps7_cortexa9_0' is selected.
19:20:39 INFO  : Processor reset is completed for 'ps7_cortexa9_0'.
19:20:39 INFO  : Context for processor 'ps7_cortexa9_0' is selected.
19:20:39 INFO  : The application '/home/nikkatsa/Working_Projects/Sobel_Filter_HLS_System/Sobel_System/Sobel_system_ddr/Sobel_system_ddr.sdk/sobel/Debug/sobel.elf' is downloaded to processor 'ps7_cortexa9_0'.
19:20:39 INFO  : ----------------XSDB Script----------------
connect -url tcp:127.0.0.1:3121
source /home/nikkatsa/Working_Projects/Sobel_Filter_HLS_System/Sobel_System/Sobel_system_ddr/Sobel_system_ddr.sdk/design_1_wrapper_hw_platform_0/ps7_init.tcl
targets -set -nocase -filter {name =~"APU*" && jtag_cable_name =~ "Digilent Zed 210248650939"} -index 0
loadhw /home/nikkatsa/Working_Projects/Sobel_Filter_HLS_System/Sobel_System/Sobel_system_ddr/Sobel_system_ddr.sdk/design_1_wrapper_hw_platform_0/system.hdf
targets -set -nocase -filter {name =~"APU*" && jtag_cable_name =~ "Digilent Zed 210248650939"} -index 0
stop
ps7_init
ps7_post_config
targets -set -nocase -filter {name =~ "ARM*#0" && jtag_cable_name =~ "Digilent Zed 210248650939"} -index 0
rst -processor
targets -set -nocase -filter {name =~ "ARM*#0" && jtag_cable_name =~ "Digilent Zed 210248650939"} -index 0
dow /home/nikkatsa/Working_Projects/Sobel_Filter_HLS_System/Sobel_System/Sobel_system_ddr/Sobel_system_ddr.sdk/sobel/Debug/sobel.elf
----------------End of Script----------------

19:20:39 INFO  : Memory regions updated for context APU
19:20:39 INFO  : Context for processor 'ps7_cortexa9_0' is selected.
19:20:39 INFO  : 'con' command is executed.
19:20:39 INFO  : ----------------XSDB Script (After Launch)----------------
targets -set -nocase -filter {name =~ "ARM*#0" && jtag_cable_name =~ "Digilent Zed 210248650939"} -index 0
con
----------------End of Script----------------

19:20:39 INFO  : Launch script is exported to file '/home/nikkatsa/Working_Projects/Sobel_Filter_HLS_System/Sobel_System/Sobel_system_ddr/Sobel_system_ddr.sdk/.sdk/launch_scripts/xilinx_c-c++_application_(system_debugger)/system_debugger_using_debug_sobel.elf_on_local.tcl'
19:21:08 INFO  : Disconnected from the channel tcfchan#1.
19:21:09 INFO  : 'targets -set -filter {jtag_cable_name =~ "Digilent Zed 210248650939" && level==0} -index 1' command is executed.
19:21:09 INFO  : 'fpga -state' command is executed.
19:21:09 INFO  : Connected to target on host '127.0.0.1' and port '3121'.
19:21:09 INFO  : Jtag cable 'Digilent Zed 210248650939' is selected.
19:21:09 INFO  : 'jtag frequency' command is executed.
19:21:09 INFO  : Sourcing of '/home/nikkatsa/Working_Projects/Sobel_Filter_HLS_System/Sobel_System/Sobel_system_ddr/Sobel_system_ddr.sdk/design_1_wrapper_hw_platform_0/ps7_init.tcl' is done.
19:21:09 INFO  : Context for 'APU' is selected.
19:21:11 INFO  : Hardware design information is loaded from '/home/nikkatsa/Working_Projects/Sobel_Filter_HLS_System/Sobel_System/Sobel_system_ddr/Sobel_system_ddr.sdk/design_1_wrapper_hw_platform_0/system.hdf'.
19:21:11 INFO  : Context for 'APU' is selected.
19:21:11 INFO  : 'stop' command is executed.
19:21:11 INFO  : 'ps7_init' command is executed.
19:21:11 INFO  : 'ps7_post_config' command is executed.
19:21:11 INFO  : Context for processor 'ps7_cortexa9_0' is selected.
19:21:11 INFO  : Processor reset is completed for 'ps7_cortexa9_0'.
19:21:11 INFO  : Context for processor 'ps7_cortexa9_0' is selected.
19:21:11 INFO  : The application '/home/nikkatsa/Working_Projects/Sobel_Filter_HLS_System/Sobel_System/Sobel_system_ddr/Sobel_system_ddr.sdk/sobel/Debug/sobel.elf' is downloaded to processor 'ps7_cortexa9_0'.
19:21:11 INFO  : ----------------XSDB Script----------------
connect -url tcp:127.0.0.1:3121
source /home/nikkatsa/Working_Projects/Sobel_Filter_HLS_System/Sobel_System/Sobel_system_ddr/Sobel_system_ddr.sdk/design_1_wrapper_hw_platform_0/ps7_init.tcl
targets -set -nocase -filter {name =~"APU*" && jtag_cable_name =~ "Digilent Zed 210248650939"} -index 0
loadhw /home/nikkatsa/Working_Projects/Sobel_Filter_HLS_System/Sobel_System/Sobel_system_ddr/Sobel_system_ddr.sdk/design_1_wrapper_hw_platform_0/system.hdf
targets -set -nocase -filter {name =~"APU*" && jtag_cable_name =~ "Digilent Zed 210248650939"} -index 0
stop
ps7_init
ps7_post_config
targets -set -nocase -filter {name =~ "ARM*#0" && jtag_cable_name =~ "Digilent Zed 210248650939"} -index 0
rst -processor
targets -set -nocase -filter {name =~ "ARM*#0" && jtag_cable_name =~ "Digilent Zed 210248650939"} -index 0
dow /home/nikkatsa/Working_Projects/Sobel_Filter_HLS_System/Sobel_System/Sobel_system_ddr/Sobel_system_ddr.sdk/sobel/Debug/sobel.elf
----------------End of Script----------------

19:21:11 INFO  : Memory regions updated for context APU
19:21:11 INFO  : Context for processor 'ps7_cortexa9_0' is selected.
19:21:11 INFO  : 'con' command is executed.
19:21:11 INFO  : ----------------XSDB Script (After Launch)----------------
targets -set -nocase -filter {name =~ "ARM*#0" && jtag_cable_name =~ "Digilent Zed 210248650939"} -index 0
con
----------------End of Script----------------

19:21:11 INFO  : Launch script is exported to file '/home/nikkatsa/Working_Projects/Sobel_Filter_HLS_System/Sobel_System/Sobel_system_ddr/Sobel_system_ddr.sdk/.sdk/launch_scripts/xilinx_c-c++_application_(system_debugger)/system_debugger_using_debug_sobel.elf_on_local.tcl'
19:21:19 INFO  : Disconnected from the channel tcfchan#2.
19:21:20 INFO  : 'targets -set -filter {jtag_cable_name =~ "Digilent Zed 210248650939" && level==0} -index 1' command is executed.
19:21:20 INFO  : 'fpga -state' command is executed.
19:21:20 INFO  : Connected to target on host '127.0.0.1' and port '3121'.
19:21:21 INFO  : Jtag cable 'Digilent Zed 210248650939' is selected.
19:21:21 INFO  : 'jtag frequency' command is executed.
19:21:21 INFO  : Sourcing of '/home/nikkatsa/Working_Projects/Sobel_Filter_HLS_System/Sobel_System/Sobel_system_ddr/Sobel_system_ddr.sdk/design_1_wrapper_hw_platform_0/ps7_init.tcl' is done.
19:21:21 INFO  : Context for 'APU' is selected.
19:21:22 INFO  : Hardware design information is loaded from '/home/nikkatsa/Working_Projects/Sobel_Filter_HLS_System/Sobel_System/Sobel_system_ddr/Sobel_system_ddr.sdk/design_1_wrapper_hw_platform_0/system.hdf'.
19:21:22 INFO  : Context for 'APU' is selected.
19:21:22 INFO  : 'stop' command is executed.
19:21:23 INFO  : 'ps7_init' command is executed.
19:21:23 INFO  : 'ps7_post_config' command is executed.
19:21:23 INFO  : Context for processor 'ps7_cortexa9_0' is selected.
19:21:23 INFO  : Processor reset is completed for 'ps7_cortexa9_0'.
19:21:23 INFO  : Context for processor 'ps7_cortexa9_0' is selected.
19:21:23 INFO  : The application '/home/nikkatsa/Working_Projects/Sobel_Filter_HLS_System/Sobel_System/Sobel_system_ddr/Sobel_system_ddr.sdk/sobel/Debug/sobel.elf' is downloaded to processor 'ps7_cortexa9_0'.
19:21:23 INFO  : ----------------XSDB Script----------------
connect -url tcp:127.0.0.1:3121
source /home/nikkatsa/Working_Projects/Sobel_Filter_HLS_System/Sobel_System/Sobel_system_ddr/Sobel_system_ddr.sdk/design_1_wrapper_hw_platform_0/ps7_init.tcl
targets -set -nocase -filter {name =~"APU*" && jtag_cable_name =~ "Digilent Zed 210248650939"} -index 0
loadhw /home/nikkatsa/Working_Projects/Sobel_Filter_HLS_System/Sobel_System/Sobel_system_ddr/Sobel_system_ddr.sdk/design_1_wrapper_hw_platform_0/system.hdf
targets -set -nocase -filter {name =~"APU*" && jtag_cable_name =~ "Digilent Zed 210248650939"} -index 0
stop
ps7_init
ps7_post_config
targets -set -nocase -filter {name =~ "ARM*#0" && jtag_cable_name =~ "Digilent Zed 210248650939"} -index 0
rst -processor
targets -set -nocase -filter {name =~ "ARM*#0" && jtag_cable_name =~ "Digilent Zed 210248650939"} -index 0
dow /home/nikkatsa/Working_Projects/Sobel_Filter_HLS_System/Sobel_System/Sobel_system_ddr/Sobel_system_ddr.sdk/sobel/Debug/sobel.elf
----------------End of Script----------------

19:21:23 INFO  : Memory regions updated for context APU
19:21:23 INFO  : Context for processor 'ps7_cortexa9_0' is selected.
19:21:23 INFO  : 'con' command is executed.
19:21:23 INFO  : ----------------XSDB Script (After Launch)----------------
targets -set -nocase -filter {name =~ "ARM*#0" && jtag_cable_name =~ "Digilent Zed 210248650939"} -index 0
con
----------------End of Script----------------

19:21:23 INFO  : Launch script is exported to file '/home/nikkatsa/Working_Projects/Sobel_Filter_HLS_System/Sobel_System/Sobel_system_ddr/Sobel_system_ddr.sdk/.sdk/launch_scripts/xilinx_c-c++_application_(system_debugger)/system_debugger_using_debug_sobel.elf_on_local.tcl'
19:21:28 INFO  : Disconnected from the channel tcfchan#3.
19:21:29 INFO  : 'targets -set -filter {jtag_cable_name =~ "Digilent Zed 210248650939" && level==0} -index 1' command is executed.
19:21:29 INFO  : 'fpga -state' command is executed.
19:21:29 INFO  : Connected to target on host '127.0.0.1' and port '3121'.
19:21:29 INFO  : Jtag cable 'Digilent Zed 210248650939' is selected.
19:21:29 INFO  : 'jtag frequency' command is executed.
19:21:29 INFO  : Sourcing of '/home/nikkatsa/Working_Projects/Sobel_Filter_HLS_System/Sobel_System/Sobel_system_ddr/Sobel_system_ddr.sdk/design_1_wrapper_hw_platform_0/ps7_init.tcl' is done.
19:21:29 INFO  : Context for 'APU' is selected.
19:21:31 INFO  : Hardware design information is loaded from '/home/nikkatsa/Working_Projects/Sobel_Filter_HLS_System/Sobel_System/Sobel_system_ddr/Sobel_system_ddr.sdk/design_1_wrapper_hw_platform_0/system.hdf'.
19:21:31 INFO  : Context for 'APU' is selected.
19:21:31 INFO  : 'stop' command is executed.
19:21:31 INFO  : 'ps7_init' command is executed.
19:21:31 INFO  : 'ps7_post_config' command is executed.
19:21:31 INFO  : Context for processor 'ps7_cortexa9_0' is selected.
19:21:31 INFO  : Processor reset is completed for 'ps7_cortexa9_0'.
19:21:31 INFO  : Context for processor 'ps7_cortexa9_0' is selected.
19:21:31 INFO  : The application '/home/nikkatsa/Working_Projects/Sobel_Filter_HLS_System/Sobel_System/Sobel_system_ddr/Sobel_system_ddr.sdk/sobel/Debug/sobel.elf' is downloaded to processor 'ps7_cortexa9_0'.
19:21:31 INFO  : ----------------XSDB Script----------------
connect -url tcp:127.0.0.1:3121
source /home/nikkatsa/Working_Projects/Sobel_Filter_HLS_System/Sobel_System/Sobel_system_ddr/Sobel_system_ddr.sdk/design_1_wrapper_hw_platform_0/ps7_init.tcl
targets -set -nocase -filter {name =~"APU*" && jtag_cable_name =~ "Digilent Zed 210248650939"} -index 0
loadhw /home/nikkatsa/Working_Projects/Sobel_Filter_HLS_System/Sobel_System/Sobel_system_ddr/Sobel_system_ddr.sdk/design_1_wrapper_hw_platform_0/system.hdf
targets -set -nocase -filter {name =~"APU*" && jtag_cable_name =~ "Digilent Zed 210248650939"} -index 0
stop
ps7_init
ps7_post_config
targets -set -nocase -filter {name =~ "ARM*#0" && jtag_cable_name =~ "Digilent Zed 210248650939"} -index 0
rst -processor
targets -set -nocase -filter {name =~ "ARM*#0" && jtag_cable_name =~ "Digilent Zed 210248650939"} -index 0
dow /home/nikkatsa/Working_Projects/Sobel_Filter_HLS_System/Sobel_System/Sobel_system_ddr/Sobel_system_ddr.sdk/sobel/Debug/sobel.elf
----------------End of Script----------------

19:21:31 INFO  : Memory regions updated for context APU
19:21:32 INFO  : Context for processor 'ps7_cortexa9_0' is selected.
19:21:32 INFO  : 'con' command is executed.
19:21:32 INFO  : ----------------XSDB Script (After Launch)----------------
targets -set -nocase -filter {name =~ "ARM*#0" && jtag_cable_name =~ "Digilent Zed 210248650939"} -index 0
con
----------------End of Script----------------

19:21:32 INFO  : Launch script is exported to file '/home/nikkatsa/Working_Projects/Sobel_Filter_HLS_System/Sobel_System/Sobel_system_ddr/Sobel_system_ddr.sdk/.sdk/launch_scripts/xilinx_c-c++_application_(system_debugger)/system_debugger_using_debug_sobel.elf_on_local.tcl'
19:21:39 INFO  : Disconnected from the channel tcfchan#4.
19:34:24 INFO  : Registering command handlers for SDK TCF services
19:34:25 INFO  : Launching XSCT server: xsct.bat -interactive C:\Users\Qlala\Documents\M2_SETI\A2\git\A2\Sobel_Filter_HLS_System\Sobel_System\Sobel_system_ddr\Sobel_system_ddr.sdk\temp_xsdb_launch_script.tcl
19:34:32 INFO  : XSCT server has started successfully.
19:34:32 INFO  : Successfully done setting XSCT server connection channel  
19:34:36 INFO  : Processing command line option -hwspec C:/Users/Qlala/Documents/M2_SETI/A2/git/A2/Sobel_Filter_HLS_System/Sobel_System/Sobel_system_ddr/Sobel_system_ddr.sdk/design_1_wrapper.hdf.
19:34:36 INFO  : Successfully done setting SDK workspace  
19:34:44 ERROR : (XSDB Server)ERROR: [Hsi 55-1594] Core cpu_cortexa9 of version 2.3 not found in repositories
ERROR: [Hsi 55-1594] Core devcfg of version 3.4 not found in repositories
ERROR: [Hsi 55-1594] Core emacps of version 3.3 not found in repositories
ERROR: [Hsi 55-1594] Core gpiops of version 3.1 not found in repositories
ERROR: [Hsi 55-1594] Core qspips of version 3.3 not found in repositories
ERROR: [Hsi 55-1594] Core scugic of version 3.5 not found in repositories
ERROR: [Hsi 55-1594] Core sdps of version 3.1 not found in repositories
ERROR: [Hsi 55-1594] Core ttcps of version 3.2 not found in repositories
ERROR: [Hsi 55-1594] Core uartps of version 3.3 not found in repositories
ERROR: [Hsi 55-1594] Core standalone of version 6.1 not found in repositories
ERROR: [Hsi 55-1594] Core xilffs of version 3.5 not found in repositories

19:34:44 ERROR : (XSDB Server)ERROR: [Hsi 55-1452] Error: running open_sw_design.

19:34:44 ERROR :  [Common 17-39] 'hsi::open_sw_design' failed due to earlier errors.
19:34:44 ERROR : (XSDB Server)ERROR: [Hsi 55-1594] Core cpu_cortexa9 of version 2.3 not found in repositories
ERROR: [Hsi 55-1594] Core devcfg of version 3.4 not found in repositories
ERROR: [Hsi 55-1594] Core emacps of version 3.3 not found in repositories
ERROR: [Hsi 55-1594] Core gpiops of version 3.1 not found in repositories
ERROR: [Hsi 55-1594] Core qspips of version 3.3 not found in repositories
ERROR: [Hsi 55-1594] Core scugic of version 3.5 not found in repositories
ERROR: [Hsi 55-1594] Core sdps of version 3.1 not found in repositories
ERROR: [Hsi 55-1594] Core ttcps of version 3.2 not found in repositories
ERROR: [Hsi 55-1594] Core uartps of version 3.3 not found in repositories
ERROR: [Hsi 55-1594] Core standalone of version 6.1 not found in repositories
ERROR: [Hsi 55-1594] Core xilffs of version 3.5 not found in repositories
ERROR: [Hsi 55-1452] Error: running open_sw_design.

19:34:44 INFO  : Unable to read in MSS file C:\Users\Qlala\Documents\M2_SETI\A2\git\A2\Sobel_Filter_HLS_System\Sobel_System\Sobel_system_ddr\Sobel_system_ddr.sdk\standalone_bsp_0\system.mss : null
19:34:49 ERROR : (XSDB Server)ERROR: [Hsi 55-1594] Core cpu_cortexa9 of version 2.3 not found in repositories
ERROR: [Hsi 55-1594] Core devcfg of version 3.4 not found in repositories
ERROR: [Hsi 55-1594] Core emacps of version 3.3 not found in repositories
ERROR: [Hsi 55-1594] Core gpiops of version 3.1 not found in repositories
ERROR: [Hsi 55-1594] Core qspips of version 3.3 not found in repositories
ERROR: [Hsi 55-1594] Core scugic of version 3.5 not found in repositories
ERROR: [Hsi 55-1594] Core sdps of version 3.1 not found in repositories
ERROR: [Hsi 55-1594] Core ttcps of version 3.2 not found in repositories
ERROR: [Hsi 55-1594] Core uartps of version 3.3 not found in repositories
ERROR: [Hsi 55-1594] Core standalone of version 6.1 not found in repositories
ERROR: [Hsi 55-1594] Core xilffs of version 3.5 not found in repositories
ERROR: [Hsi 55-1452] Error: running open_sw_design.

19:34:49 ERROR : (XSDB Server)ERROR: [Hsi 55-1594] Core cpu_cortexa9 of version 2.3 not found in repositories
ERROR: [Hsi 55-1594] Core devcfg of version 3.4 not found in repositories
ERROR: [Hsi 55-1594] Core emacps of version 3.3 not found in repositories
ERROR: [Hsi 55-1594] Core gpiops of version 3.1 not found in repositories
ERROR: [Hsi 55-1594] Core qspips of version 3.3 not found in repositories
ERROR: [Hsi 55-1594] Core scugic of version 3.5 not found in repositories
ERROR: [Hsi 55-1594] Core sdps of version 3.1 not found in repositories
ERROR: [Hsi 55-1594] Core ttcps of version 3.2 not found in repositories
ERROR: [Hsi 55-1594] Core uartps of version 3.3 not found in repositories
ERROR: [Hsi 55-1594] Core standalone of version 6.1 not found in repositories
ERROR: [Hsi 55-1594] Core xilffs of version 3.5 not found in repositories
ERROR: [Hsi 55-1452] Error: running open_sw_design.

19:34:51 ERROR : (XSDB Server)ERROR: [Hsi 55-1594] Core cpu_cortexa9 of version 2.3 not found in repositories

19:34:51 ERROR : (XSDB Server)ERROR: [Hsi 55-1594] Core devcfg of version 3.4 not found in repositories
ERROR: [Hsi 55-1594] Core emacps of version 3.3 not found in repositories
ERROR: [Hsi 55-1594] Core gpiops of version 3.1 not found in repositories
ERROR: [Hsi 55-1594] Core qspips of version 3.3 not found in repositories
ERROR: [Hsi 55-1594] Core scugic of version 3.5 not found in repositories
ERROR: [Hsi 55-1594] Core sdps of version 3.1 not found in repositories
ERROR: [Hsi 55-1594] Core ttcps of version 3.2 not found in repositories
ERROR: [Hsi 55-1594] Core uartps of version 3.3 not found in repositories
ERROR: [Hsi 55-1594] Core standalone of version 6.1 not found in repositories
ERROR: [Hsi 55-1594] Core xilffs of version 3.5 not found in repositories
ERROR: [Hsi 55-1452] Error: running open_sw_design.

19:34:51 ERROR :  [Common 17-39] 'hsi::open_sw_design' failed due to earlier errors.
19:34:51 ERROR : (XSDB Server)ERROR: [Hsi 55-1594] Core cpu_cortexa9 of version 2.3 not found in repositories

19:34:51 ERROR : (XSDB Server)ERROR: [Hsi 55-1594] Core devcfg of version 3.4 not found in repositories
ERROR: [Hsi 55-1594] Core emacps of version 3.3 not found in repositories
ERROR: [Hsi 55-1594] Core gpiops of version 3.1 not found in repositories
ERROR: [Hsi 55-1594] Core qspips of version 3.3 not found in repositories
ERROR: [Hsi 55-1594] Core scugic of version 3.5 not found in repositories

19:34:51 ERROR : (XSDB Server)ERROR: [Hsi 55-1594] Core sdps of version 3.1 not found in repositories
ERROR: [Hsi 55-1594] Core ttcps of version 3.2 not found in repositories
ERROR: [Hsi 55-1594] Core uartps of version 3.3 not found in repositories

19:34:51 ERROR : (XSDB Server)ERROR: [Hsi 55-1594] Core standalone of version 6.1 not found in repositories
ERROR: [Hsi 55-1594] Core xilffs of version 3.5 not found in repositories

19:34:51 ERROR : (XSDB Server)ERROR: [Hsi 55-1452] Error: running open_sw_design.

19:34:52 INFO  : Unable to read in MSS file C:\Users\Qlala\Documents\M2_SETI\A2\git\A2\Sobel_Filter_HLS_System\Sobel_System\Sobel_system_ddr\Sobel_system_ddr.sdk\standalone_bsp_0\system.mss : null
19:34:52 ERROR : (XSDB Server)ERROR: [Hsi 55-1594] Core cpu_cortexa9 of version 2.3 not found in repositories

19:34:52 ERROR : (XSDB Server)ERROR: [Hsi 55-1594] Core devcfg of version 3.4 not found in repositories
ERROR: [Hsi 55-1594] Core emacps of version 3.3 not found in repositories

19:34:52 ERROR : (XSDB Server)ERROR: [Hsi 55-1594] Core gpiops of version 3.1 not found in repositories

19:34:52 ERROR : (XSDB Server)ERROR: [Hsi 55-1594] Core qspips of version 3.3 not found in repositories

19:34:52 ERROR : (XSDB Server)ERROR: [Hsi 55-1594] Core scugic of version 3.5 not found in repositories

19:34:52 ERROR : (XSDB Server)ERROR: [Hsi 55-1594] Core sdps of version 3.1 not found in repositories

19:34:52 ERROR : (XSDB Server)ERROR: [Hsi 55-1594] Core ttcps of version 3.2 not found in repositories

19:34:52 ERROR : (XSDB Server)ERROR: [Hsi 55-1594] Core uartps of version 3.3 not found in repositories

19:34:52 ERROR : (XSDB Server)ERROR: [Hsi 55-1594] Core standalone of version 6.1 not found in repositories

19:34:52 ERROR : (XSDB Server)ERROR: [Hsi 55-1594] Core xilffs of version 3.5 not found in repositories
ERROR: [Hsi 55-1452] Error: running open_sw_design.

19:34:52 ERROR : Failed to closesw "C:/Users/Qlala/Documents/M2_SETI/A2/git/A2/Sobel_Filter_HLS_System/Sobel_System/Sobel_system_ddr/Sobel_system_ddr.sdk/standalone_bsp_0/system.mss"
Reason: Cannot close sw design 'C:/Users/Qlala/Documents/M2_SETI/A2/git/A2/Sobel_Filter_HLS_System/Sobel_System/Sobel_system_ddr/Sobel_system_ddr.sdk/standalone_bsp_0/system.mss'.
Design is not opened in the current session.


19:34:53 ERROR : (XSDB Server)ERROR: [Hsi 55-1594] Core cpu_cortexa9 of version 2.3 not found in repositories

19:34:53 ERROR : (XSDB Server)ERROR: [Hsi 55-1594] Core devcfg of version 3.4 not found in repositories
ERROR: [Hsi 55-1594] Core emacps of version 3.3 not found in repositories
ERROR: [Hsi 55-1594] Core gpiops of version 3.1 not found in repositories
ERROR: [Hsi 55-1594] Core qspips of version 3.3 not found in repositories
ERROR: [Hsi 55-1594] Core scugic of version 3.5 not found in repositories
ERROR: [Hsi 55-1594] Core sdps of version 3.1 not found in repositories
ERROR: [Hsi 55-1594] Core ttcps of version 3.2 not found in repositories
ERROR: [Hsi 55-1594] Core uartps of version 3.3 not found in repositories
ERROR: [Hsi 55-1594] Core standalone of version 6.1 not found in repositories
ERROR: [Hsi 55-1594] Core xilffs of version 3.5 not found in repositories
ERROR: [Hsi 55-1452] Error: running open_sw_design.

19:34:53 ERROR :  [Common 17-39] 'hsi::open_sw_design' failed due to earlier errors.
19:34:53 ERROR : (XSDB Server)ERROR: [Hsi 55-1594] Core cpu_cortexa9 of version 2.3 not found in repositories

19:34:53 ERROR : (XSDB Server)ERROR: [Hsi 55-1594] Core devcfg of version 3.4 not found in repositories
ERROR: [Hsi 55-1594] Core emacps of version 3.3 not found in repositories
ERROR: [Hsi 55-1594] Core gpiops of version 3.1 not found in repositories
ERROR: [Hsi 55-1594] Core qspips of version 3.3 not found in repositories
ERROR: [Hsi 55-1594] Core scugic of version 3.5 not found in repositories
ERROR: [Hsi 55-1594] Core sdps of version 3.1 not found in repositories
ERROR: [Hsi 55-1594] Core ttcps of version 3.2 not found in repositories
ERROR: [Hsi 55-1594] Core uartps of version 3.3 not found in repositories
ERROR: [Hsi 55-1594] Core standalone of version 6.1 not found in repositories
ERROR: [Hsi 55-1594] Core xilffs of version 3.5 not found in repositories
ERROR: [Hsi 55-1452] Error: running open_sw_design.

19:34:53 INFO  : Unable to read in MSS file C:\Users\Qlala\Documents\M2_SETI\A2\git\A2\Sobel_Filter_HLS_System\Sobel_System\Sobel_system_ddr\Sobel_system_ddr.sdk\standalone_bsp_0\system.mss : null
19:36:56 ERROR : (XSDB Server)ERROR: [Hsi 55-1594] Core cpu_cortexa9 of version 2.3 not found in repositories

19:36:56 ERROR : (XSDB Server)ERROR: [Hsi 55-1452] Error: running open_sw_design.

19:36:56 ERROR :  [Common 17-39] 'hsi::open_sw_design' failed due to earlier errors.
19:36:56 ERROR : (XSDB Server)ERROR: [Hsi 55-1452] Error: running open_sw_design.

19:36:57 INFO  : Unable to read in MSS file C:\Users\Qlala\Documents\M2_SETI\A2\git\A2\Sobel_Filter_HLS_System\Sobel_System\Sobel_system_ddr\Sobel_system_ddr.sdk\standalone_bsp_0\system.mss : null
19:36:57 ERROR : (XSDB Server)ERROR: [Hsi 55-1452] Error: running open_sw_design.

19:36:57 ERROR : (XSDB Server)ERROR: [Hsi 55-1452] Error: running open_sw_design.

19:36:57 ERROR : Failed to get_connected_periphs
Reason: ERROR: [Common 17-55] 'get_property' expects at least one object.
Resolution: If [get_<value>] was used to populate the object, check to make sure this command returns at least one valid object.

20:02:54 INFO  : Registering command handlers for SDK TCF services
20:02:57 INFO  : Launching XSCT server: xsct.bat -interactive E:\Users\Qlala\Documents\A2\A2\Sobel_Filter_HLS_System\Sobel_System\Sobel_system_ddr\Sobel_system_ddr.sdk\temp_xsdb_launch_script.tcl
20:03:06 INFO  : XSCT server has started successfully.
20:03:36 INFO  : Successfully done setting XSCT server connection channel  
20:03:36 INFO  : Successfully done setting SDK workspace  
20:03:36 INFO  : Processing command line option -hwspec E:/Users/Qlala/Documents/A2/A2/Sobel_Filter_HLS_System/Sobel_System/Sobel_system_ddr/Sobel_system_ddr.sdk/design_1_wrapper.hdf.
