21:57:17 INFO  : Registering command handlers for SDK TCF services
21:57:19 INFO  : Launching XSCT server: xsct.bat -interactive C:\Users\Qlala\Documents\M2_SETI\A2\git\A2\Hardware\Vivado\multiprocessor\project_microblaze_test\project_microblaze_test.sdk\temp_xsdb_launch_script.tcl
21:57:24 INFO  : XSCT server has started successfully.
21:57:28 INFO  : Processing command line option -hwspec C:/Users/Qlala/Documents/M2_SETI/A2/git/A2/Hardware/Vivado/multiprocessor/project_microblaze_test/project_microblaze_test.sdk/design_mb_wrapper.hdf.
21:57:28 INFO  : Successfully done setting XSCT server connection channel  
21:57:28 INFO  : Successfully done setting SDK workspace  
21:59:43 INFO  : Connected to target on host '127.0.0.1' and port '3121'.
22:00:11 INFO  : Connected to target on host '127.0.0.1' and port '3121'.
22:00:11 INFO  : 'targets -set -filter {jtag_cable_name =~ "Digilent Zed 210248686847" && level==0} -index 1' command is executed.
22:00:13 INFO  : FPGA configured successfully with bitstream "C:/Users/Qlala/Documents/M2_SETI/A2/git/A2/Hardware/Vivado/multiprocessor/project_microblaze_test/project_microblaze_test.sdk/design_mb_wrapper_hw_platform_0/download.bit"
22:01:06 INFO  : 'targets -set -filter {jtag_cable_name =~ "Digilent Zed 210248686847" && level==0} -index 1' command is executed.
22:01:06 INFO  : 'fpga -state' command is executed.
22:01:06 INFO  : Connected to target on host '127.0.0.1' and port '3121'.
22:01:07 INFO  : Jtag cable 'Digilent Zed 210248686847' is selected.
22:01:07 INFO  : 'jtag frequency' command is executed.
22:01:07 INFO  : Sourcing of 'C:/Users/Qlala/Documents/M2_SETI/A2/git/A2/Hardware/Vivado/multiprocessor/project_microblaze_test/project_microblaze_test.sdk/design_mb_wrapper_hw_platform_0/ps7_init.tcl' is done.
22:01:07 INFO  : Context for 'APU' is selected.
22:01:07 INFO  : Hardware design information is loaded from 'C:/Users/Qlala/Documents/M2_SETI/A2/git/A2/Hardware/Vivado/multiprocessor/project_microblaze_test/project_microblaze_test.sdk/design_mb_wrapper_hw_platform_0/system.hdf'.
22:01:07 INFO  : 'configparams force-mem-access 1' command is executed.
22:01:07 INFO  : Context for 'APU' is selected.
22:01:07 INFO  : 'stop' command is executed.
22:01:07 INFO  : 'ps7_init' command is executed.
22:01:07 INFO  : 'ps7_post_config' command is executed.
22:01:07 INFO  : 'configparams mdm-detect-bscan-mask 2' command is executed.
22:01:07 INFO  : Context for processor 'microblaze_0' is selected.
22:01:07 INFO  : Processor reset is completed for 'microblaze_0'.
22:01:08 INFO  : Context for processor 'microblaze_0' is selected.
22:01:08 INFO  : The application 'C:/Users/Qlala/Documents/M2_SETI/A2/git/A2/Hardware/Vivado/multiprocessor/project_microblaze_test/project_microblaze_test.sdk/micro_hello/Debug/micro_hello.elf' is downloaded to processor 'microblaze_0'.
22:01:08 INFO  : 'configparams force-mem-access 0' command is executed.
22:01:08 INFO  : ----------------XSDB Script----------------
connect -url tcp:127.0.0.1:3121
source C:/Users/Qlala/Documents/M2_SETI/A2/git/A2/Hardware/Vivado/multiprocessor/project_microblaze_test/project_microblaze_test.sdk/design_mb_wrapper_hw_platform_0/ps7_init.tcl
targets -set -nocase -filter {name =~"APU*" && jtag_cable_name =~ "Digilent Zed 210248686847"} -index 0
loadhw -hw C:/Users/Qlala/Documents/M2_SETI/A2/git/A2/Hardware/Vivado/multiprocessor/project_microblaze_test/project_microblaze_test.sdk/design_mb_wrapper_hw_platform_0/system.hdf -mem-ranges [list {0x40000000 0xbfffffff}]
configparams force-mem-access 1
targets -set -nocase -filter {name =~"APU*" && jtag_cable_name =~ "Digilent Zed 210248686847"} -index 0
stop
ps7_init
ps7_post_config
configparams mdm-detect-bscan-mask 2
targets -set -nocase -filter {name =~ "microblaze*#0" && bscan=="USER2"  && jtag_cable_name =~ "Digilent Zed 210248686847"} -index 1
rst -processor
targets -set -nocase -filter {name =~ "microblaze*#0" && bscan=="USER2"  && jtag_cable_name =~ "Digilent Zed 210248686847"} -index 1
dow C:/Users/Qlala/Documents/M2_SETI/A2/git/A2/Hardware/Vivado/multiprocessor/project_microblaze_test/project_microblaze_test.sdk/micro_hello/Debug/micro_hello.elf
configparams force-mem-access 0
----------------End of Script----------------

22:01:08 INFO  : Memory regions updated for context APU
22:01:08 INFO  : Memory regions updated for context PA
22:01:08 INFO  : Memory regions updated for context MicroBlaze Debug Module at USER2
22:01:08 INFO  : Context for processor 'microblaze_0' is selected.
22:01:08 INFO  : 'con' command is executed.
22:01:08 INFO  : ----------------XSDB Script (After Launch)----------------
targets -set -nocase -filter {name =~ "microblaze*#0" && bscan=="USER2"  && jtag_cable_name =~ "Digilent Zed 210248686847"} -index 1
con
----------------End of Script----------------

22:01:08 INFO  : Launch script is exported to file 'C:\Users\Qlala\Documents\M2_SETI\A2\git\A2\Hardware\Vivado\multiprocessor\project_microblaze_test\project_microblaze_test.sdk\.sdk\launch_scripts\xilinx_c-c++_application_(system_debugger)\system_debugger_using_debug_micro_hello.elf_on_local.tcl'
22:45:19 INFO  : SDK has detected change in the last modified timestamps for source hardware specification file Source:1582839830882,  Project:1582836747510
22:45:19 INFO  : Project design_mb_wrapper_hw_platform_0's source hardware specification located at C:/Users/Qlala/Documents/M2_SETI/A2/git/A2/Hardware/Vivado/multiprocessor/project_microblaze_test/project_microblaze_test.sdk/design_mb_wrapper.hdf is now different from the local copy.
		 The local copy will be replaced with the source specification and your workspace will be updated.
22:45:23 INFO  : Copied contents of C:/Users/Qlala/Documents/M2_SETI/A2/git/A2/Hardware/Vivado/multiprocessor/project_microblaze_test/project_microblaze_test.sdk/design_mb_wrapper.hdf into \design_mb_wrapper_hw_platform_0\system.hdf.
22:45:29 INFO  : Synchronizing projects in the workspace with the hardware platform specification changes.
22:45:35 INFO  : 
22:45:36 INFO  : Updating hardware inferred compiler options for micro_hello.
22:45:36 INFO  : Clearing existing target manager status.
22:45:36 INFO  : Closing and re-opening the MSS file of ther project micro_hello_bsp
22:45:37 INFO  : Workspace synchronized with the new hardware specification file. Cleaning dependent projects...
22:45:39 WARN  : Linker script will not be updated automatically. Users need to update it manually.
22:46:11 INFO  : Refreshed build settings on project micro_hello
22:46:51 INFO  : Connected to target on host '127.0.0.1' and port '3121'.
22:46:51 INFO  : 'targets -set -filter {jtag_cable_name =~ "Digilent Zed 210248686847" && level==0} -index 1' command is executed.
22:46:53 INFO  : FPGA configured successfully with bitstream "C:/Users/Qlala/Documents/M2_SETI/A2/git/A2/Hardware/Vivado/multiprocessor/project_microblaze_test/project_microblaze_test.sdk/design_mb_wrapper_hw_platform_0/download.bit"
22:47:36 INFO  : Disconnected from the channel tcfchan#1.
22:47:38 INFO  : 'targets -set -filter {jtag_cable_name =~ "Digilent Zed 210248686847" && level==0} -index 1' command is executed.
22:47:38 INFO  : 'fpga -state' command is executed.
22:47:38 INFO  : Connected to target on host '127.0.0.1' and port '3121'.
22:47:39 INFO  : Jtag cable 'Digilent Zed 210248686847' is selected.
22:47:39 INFO  : 'jtag frequency' command is executed.
22:47:39 INFO  : Sourcing of 'C:/Users/Qlala/Documents/M2_SETI/A2/git/A2/Hardware/Vivado/multiprocessor/project_microblaze_test/project_microblaze_test.sdk/design_mb_wrapper_hw_platform_0/ps7_init.tcl' is done.
22:47:39 INFO  : Context for 'APU' is selected.
22:47:39 INFO  : Hardware design information is loaded from 'C:/Users/Qlala/Documents/M2_SETI/A2/git/A2/Hardware/Vivado/multiprocessor/project_microblaze_test/project_microblaze_test.sdk/design_mb_wrapper_hw_platform_0/system.hdf'.
22:47:39 INFO  : 'configparams force-mem-access 1' command is executed.
22:47:39 INFO  : Context for 'APU' is selected.
22:47:39 INFO  : 'stop' command is executed.
22:47:39 INFO  : 'ps7_init' command is executed.
22:47:39 INFO  : 'ps7_post_config' command is executed.
22:47:39 INFO  : 'configparams mdm-detect-bscan-mask 2' command is executed.
22:47:39 INFO  : Context for processor 'microblaze_0' is selected.
22:47:40 INFO  : Processor reset is completed for 'microblaze_0'.
22:47:40 INFO  : Context for processor 'microblaze_0' is selected.
22:47:40 INFO  : The application 'C:/Users/Qlala/Documents/M2_SETI/A2/git/A2/Hardware/Vivado/multiprocessor/project_microblaze_test/project_microblaze_test.sdk/micro_hello/Debug/micro_hello.elf' is downloaded to processor 'microblaze_0'.
22:47:40 INFO  : 'configparams force-mem-access 0' command is executed.
22:47:40 INFO  : ----------------XSDB Script----------------
connect -url tcp:127.0.0.1:3121
source C:/Users/Qlala/Documents/M2_SETI/A2/git/A2/Hardware/Vivado/multiprocessor/project_microblaze_test/project_microblaze_test.sdk/design_mb_wrapper_hw_platform_0/ps7_init.tcl
targets -set -nocase -filter {name =~"APU*" && jtag_cable_name =~ "Digilent Zed 210248686847"} -index 0
loadhw -hw C:/Users/Qlala/Documents/M2_SETI/A2/git/A2/Hardware/Vivado/multiprocessor/project_microblaze_test/project_microblaze_test.sdk/design_mb_wrapper_hw_platform_0/system.hdf -mem-ranges [list {0x40000000 0xbfffffff}]
configparams force-mem-access 1
targets -set -nocase -filter {name =~"APU*" && jtag_cable_name =~ "Digilent Zed 210248686847"} -index 0
stop
ps7_init
ps7_post_config
configparams mdm-detect-bscan-mask 2
targets -set -nocase -filter {name =~ "microblaze*#0" && bscan=="USER2"  && jtag_cable_name =~ "Digilent Zed 210248686847"} -index 1
rst -processor
targets -set -nocase -filter {name =~ "microblaze*#0" && bscan=="USER2"  && jtag_cable_name =~ "Digilent Zed 210248686847"} -index 1
dow C:/Users/Qlala/Documents/M2_SETI/A2/git/A2/Hardware/Vivado/multiprocessor/project_microblaze_test/project_microblaze_test.sdk/micro_hello/Debug/micro_hello.elf
configparams force-mem-access 0
----------------End of Script----------------

22:47:40 INFO  : Memory regions updated for context APU
22:47:40 INFO  : Memory regions updated for context PA
22:47:40 INFO  : Memory regions updated for context MicroBlaze Debug Module at USER2
22:47:40 INFO  : Context for processor 'microblaze_0' is selected.
22:47:40 INFO  : 'con' command is executed.
22:47:40 INFO  : ----------------XSDB Script (After Launch)----------------
targets -set -nocase -filter {name =~ "microblaze*#0" && bscan=="USER2"  && jtag_cable_name =~ "Digilent Zed 210248686847"} -index 1
con
----------------End of Script----------------

22:47:40 INFO  : Launch script is exported to file 'C:\Users\Qlala\Documents\M2_SETI\A2\git\A2\Hardware\Vivado\multiprocessor\project_microblaze_test\project_microblaze_test.sdk\.sdk\launch_scripts\xilinx_c-c++_application_(system_debugger)\system_debugger_using_debug_micro_hello.elf_on_local.tcl'
22:47:47 INFO  : Disconnected from the channel tcfchan#2.
22:47:48 INFO  : 'targets -set -filter {jtag_cable_name =~ "Digilent Zed 210248686847" && level==0} -index 1' command is executed.
22:47:48 INFO  : 'fpga -state' command is executed.
22:47:48 INFO  : Connected to target on host '127.0.0.1' and port '3121'.
22:47:49 INFO  : Jtag cable 'Digilent Zed 210248686847' is selected.
22:47:49 INFO  : 'jtag frequency' command is executed.
22:47:49 INFO  : Sourcing of 'C:/Users/Qlala/Documents/M2_SETI/A2/git/A2/Hardware/Vivado/multiprocessor/project_microblaze_test/project_microblaze_test.sdk/design_mb_wrapper_hw_platform_0/ps7_init.tcl' is done.
22:47:49 INFO  : Context for 'APU' is selected.
22:47:51 INFO  : Hardware design information is loaded from 'C:/Users/Qlala/Documents/M2_SETI/A2/git/A2/Hardware/Vivado/multiprocessor/project_microblaze_test/project_microblaze_test.sdk/design_mb_wrapper_hw_platform_0/system.hdf'.
22:47:51 INFO  : 'configparams force-mem-access 1' command is executed.
22:47:51 INFO  : Context for 'APU' is selected.
22:47:51 INFO  : 'stop' command is executed.
22:47:52 INFO  : 'ps7_init' command is executed.
22:47:52 INFO  : 'ps7_post_config' command is executed.
22:47:52 INFO  : 'configparams mdm-detect-bscan-mask 2' command is executed.
22:47:52 INFO  : Context for processor 'microblaze_0' is selected.
22:47:52 INFO  : Processor reset is completed for 'microblaze_0'.
22:47:52 INFO  : Context for processor 'microblaze_0' is selected.
22:47:52 INFO  : The application 'C:/Users/Qlala/Documents/M2_SETI/A2/git/A2/Hardware/Vivado/multiprocessor/project_microblaze_test/project_microblaze_test.sdk/micro_hello/Debug/micro_hello.elf' is downloaded to processor 'microblaze_0'.
22:47:52 INFO  : 'configparams force-mem-access 0' command is executed.
22:47:52 INFO  : ----------------XSDB Script----------------
connect -url tcp:127.0.0.1:3121
source C:/Users/Qlala/Documents/M2_SETI/A2/git/A2/Hardware/Vivado/multiprocessor/project_microblaze_test/project_microblaze_test.sdk/design_mb_wrapper_hw_platform_0/ps7_init.tcl
targets -set -nocase -filter {name =~"APU*" && jtag_cable_name =~ "Digilent Zed 210248686847"} -index 0
loadhw -hw C:/Users/Qlala/Documents/M2_SETI/A2/git/A2/Hardware/Vivado/multiprocessor/project_microblaze_test/project_microblaze_test.sdk/design_mb_wrapper_hw_platform_0/system.hdf -mem-ranges [list {0x40000000 0xbfffffff}]
configparams force-mem-access 1
targets -set -nocase -filter {name =~"APU*" && jtag_cable_name =~ "Digilent Zed 210248686847"} -index 0
stop
ps7_init
ps7_post_config
configparams mdm-detect-bscan-mask 2
targets -set -nocase -filter {name =~ "microblaze*#0" && bscan=="USER2"  && jtag_cable_name =~ "Digilent Zed 210248686847"} -index 1
rst -processor
targets -set -nocase -filter {name =~ "microblaze*#0" && bscan=="USER2"  && jtag_cable_name =~ "Digilent Zed 210248686847"} -index 1
dow C:/Users/Qlala/Documents/M2_SETI/A2/git/A2/Hardware/Vivado/multiprocessor/project_microblaze_test/project_microblaze_test.sdk/micro_hello/Debug/micro_hello.elf
configparams force-mem-access 0
----------------End of Script----------------

22:47:52 INFO  : Memory regions updated for context APU
22:47:52 INFO  : Memory regions updated for context PA
22:47:52 INFO  : Memory regions updated for context MicroBlaze Debug Module at USER2
22:47:52 INFO  : Context for processor 'microblaze_0' is selected.
22:47:52 INFO  : 'con' command is executed.
22:47:52 INFO  : ----------------XSDB Script (After Launch)----------------
targets -set -nocase -filter {name =~ "microblaze*#0" && bscan=="USER2"  && jtag_cable_name =~ "Digilent Zed 210248686847"} -index 1
con
----------------End of Script----------------

22:47:52 INFO  : Launch script is exported to file 'C:\Users\Qlala\Documents\M2_SETI\A2\git\A2\Hardware\Vivado\multiprocessor\project_microblaze_test\project_microblaze_test.sdk\.sdk\launch_scripts\xilinx_c-c++_application_(system_debugger)\system_debugger_using_debug_micro_hello.elf_on_local.tcl'
22:52:11 INFO  : Inferring section assignments and sizes from elf file: C:\Users\Qlala\Documents\M2_SETI\A2\git\A2\Hardware\Vivado\multiprocessor\project_microblaze_test\project_microblaze_test.sdk\micro_hello\Debug\micro_hello.elf
22:52:21 INFO  : Successfully generated C:\Users\Qlala\Documents\M2_SETI\A2\git\A2\Hardware\Vivado\multiprocessor\project_microblaze_test\project_microblaze_test.sdk\micro_hello\src\lscript.ld.
22:52:21 INFO  : Applying linker script to all configurations of project micro_hello.
22:52:21 INFO  : Setting rebuild state to true for all configurations of project micro_hello.
22:52:26 INFO  : Disconnected from the channel tcfchan#3.
22:52:27 INFO  : 'targets -set -filter {jtag_cable_name =~ "Digilent Zed 210248686847" && level==0} -index 1' command is executed.
22:52:27 INFO  : 'fpga -state' command is executed.
22:52:27 INFO  : Connected to target on host '127.0.0.1' and port '3121'.
22:52:28 INFO  : Jtag cable 'Digilent Zed 210248686847' is selected.
22:52:28 INFO  : 'jtag frequency' command is executed.
22:52:28 INFO  : Sourcing of 'C:/Users/Qlala/Documents/M2_SETI/A2/git/A2/Hardware/Vivado/multiprocessor/project_microblaze_test/project_microblaze_test.sdk/design_mb_wrapper_hw_platform_0/ps7_init.tcl' is done.
22:52:28 INFO  : Context for 'APU' is selected.
22:52:28 INFO  : Hardware design information is loaded from 'C:/Users/Qlala/Documents/M2_SETI/A2/git/A2/Hardware/Vivado/multiprocessor/project_microblaze_test/project_microblaze_test.sdk/design_mb_wrapper_hw_platform_0/system.hdf'.
22:52:28 INFO  : 'configparams force-mem-access 1' command is executed.
22:52:28 INFO  : Context for 'APU' is selected.
22:52:28 INFO  : 'stop' command is executed.
22:52:28 INFO  : 'ps7_init' command is executed.
22:52:28 INFO  : 'ps7_post_config' command is executed.
22:52:28 INFO  : 'configparams mdm-detect-bscan-mask 2' command is executed.
22:52:28 INFO  : Context for processor 'microblaze_0' is selected.
22:52:29 INFO  : Processor reset is completed for 'microblaze_0'.
22:52:29 INFO  : Context for processor 'microblaze_0' is selected.
22:52:29 INFO  : The application 'C:/Users/Qlala/Documents/M2_SETI/A2/git/A2/Hardware/Vivado/multiprocessor/project_microblaze_test/project_microblaze_test.sdk/micro_hello/Debug/micro_hello.elf' is downloaded to processor 'microblaze_0'.
22:52:29 INFO  : 'configparams force-mem-access 0' command is executed.
22:52:29 INFO  : ----------------XSDB Script----------------
connect -url tcp:127.0.0.1:3121
source C:/Users/Qlala/Documents/M2_SETI/A2/git/A2/Hardware/Vivado/multiprocessor/project_microblaze_test/project_microblaze_test.sdk/design_mb_wrapper_hw_platform_0/ps7_init.tcl
targets -set -nocase -filter {name =~"APU*" && jtag_cable_name =~ "Digilent Zed 210248686847"} -index 0
loadhw -hw C:/Users/Qlala/Documents/M2_SETI/A2/git/A2/Hardware/Vivado/multiprocessor/project_microblaze_test/project_microblaze_test.sdk/design_mb_wrapper_hw_platform_0/system.hdf -mem-ranges [list {0x40000000 0xbfffffff}]
configparams force-mem-access 1
targets -set -nocase -filter {name =~"APU*" && jtag_cable_name =~ "Digilent Zed 210248686847"} -index 0
stop
ps7_init
ps7_post_config
configparams mdm-detect-bscan-mask 2
targets -set -nocase -filter {name =~ "microblaze*#0" && bscan=="USER2"  && jtag_cable_name =~ "Digilent Zed 210248686847"} -index 1
rst -processor
targets -set -nocase -filter {name =~ "microblaze*#0" && bscan=="USER2"  && jtag_cable_name =~ "Digilent Zed 210248686847"} -index 1
dow C:/Users/Qlala/Documents/M2_SETI/A2/git/A2/Hardware/Vivado/multiprocessor/project_microblaze_test/project_microblaze_test.sdk/micro_hello/Debug/micro_hello.elf
configparams force-mem-access 0
----------------End of Script----------------

22:52:29 INFO  : Memory regions updated for context APU
22:52:29 INFO  : Memory regions updated for context PA
22:52:29 INFO  : Memory regions updated for context MicroBlaze Debug Module at USER2
22:52:29 INFO  : Context for processor 'microblaze_0' is selected.
22:52:29 INFO  : 'con' command is executed.
22:52:29 INFO  : ----------------XSDB Script (After Launch)----------------
targets -set -nocase -filter {name =~ "microblaze*#0" && bscan=="USER2"  && jtag_cable_name =~ "Digilent Zed 210248686847"} -index 1
con
----------------End of Script----------------

22:52:29 INFO  : Launch script is exported to file 'C:\Users\Qlala\Documents\M2_SETI\A2\git\A2\Hardware\Vivado\multiprocessor\project_microblaze_test\project_microblaze_test.sdk\.sdk\launch_scripts\xilinx_c-c++_application_(system_debugger)\system_debugger_using_debug_micro_hello.elf_on_local.tcl'
22:57:14 INFO  : Inferring section assignments and sizes from elf file: C:\Users\Qlala\Documents\M2_SETI\A2\git\A2\Hardware\Vivado\multiprocessor\project_microblaze_test\project_microblaze_test.sdk\zynq_hello\Debug\zynq_hello.elf
22:57:35 INFO  : Disconnected from the channel tcfchan#4.
22:57:36 INFO  : 'targets -set -filter {jtag_cable_name =~ "Digilent Zed 210248686847" && level==0} -index 1' command is executed.
22:57:36 INFO  : 'fpga -state' command is executed.
22:57:36 INFO  : Connected to target on host '127.0.0.1' and port '3121'.
22:57:36 INFO  : Jtag cable 'Digilent Zed 210248686847' is selected.
22:57:36 INFO  : 'jtag frequency' command is executed.
22:57:36 INFO  : Sourcing of 'C:/Users/Qlala/Documents/M2_SETI/A2/git/A2/Hardware/Vivado/multiprocessor/project_microblaze_test/project_microblaze_test.sdk/design_mb_wrapper_hw_platform_0/ps7_init.tcl' is done.
22:57:36 INFO  : Context for 'APU' is selected.
22:57:36 INFO  : Hardware design information is loaded from 'C:/Users/Qlala/Documents/M2_SETI/A2/git/A2/Hardware/Vivado/multiprocessor/project_microblaze_test/project_microblaze_test.sdk/design_mb_wrapper_hw_platform_0/system.hdf'.
22:57:36 INFO  : 'configparams force-mem-access 1' command is executed.
22:57:36 INFO  : Context for 'APU' is selected.
22:57:36 INFO  : 'stop' command is executed.
22:57:37 INFO  : 'ps7_init' command is executed.
22:57:37 INFO  : 'ps7_post_config' command is executed.
22:57:37 INFO  : 'configparams mdm-detect-bscan-mask 2' command is executed.
22:57:37 INFO  : Context for processor 'ps7_cortexa9_0' is selected.
22:57:37 INFO  : Processor reset is completed for 'ps7_cortexa9_0'.
22:57:37 INFO  : Context for processor 'ps7_cortexa9_0' is selected.
22:57:37 INFO  : The application 'C:/Users/Qlala/Documents/M2_SETI/A2/git/A2/Hardware/Vivado/multiprocessor/project_microblaze_test/project_microblaze_test.sdk/zynq_hello/Debug/zynq_hello.elf' is downloaded to processor 'ps7_cortexa9_0'.
22:57:37 INFO  : 'configparams force-mem-access 0' command is executed.
22:57:37 INFO  : ----------------XSDB Script----------------
connect -url tcp:127.0.0.1:3121
source C:/Users/Qlala/Documents/M2_SETI/A2/git/A2/Hardware/Vivado/multiprocessor/project_microblaze_test/project_microblaze_test.sdk/design_mb_wrapper_hw_platform_0/ps7_init.tcl
targets -set -nocase -filter {name =~"APU*" && jtag_cable_name =~ "Digilent Zed 210248686847"} -index 0
loadhw -hw C:/Users/Qlala/Documents/M2_SETI/A2/git/A2/Hardware/Vivado/multiprocessor/project_microblaze_test/project_microblaze_test.sdk/design_mb_wrapper_hw_platform_0/system.hdf -mem-ranges [list {0x40000000 0xbfffffff}]
configparams force-mem-access 1
targets -set -nocase -filter {name =~"APU*" && jtag_cable_name =~ "Digilent Zed 210248686847"} -index 0
stop
ps7_init
ps7_post_config
configparams mdm-detect-bscan-mask 2
targets -set -nocase -filter {name =~ "ARM*#0" && jtag_cable_name =~ "Digilent Zed 210248686847"} -index 0
rst -processor
targets -set -nocase -filter {name =~ "ARM*#0" && jtag_cable_name =~ "Digilent Zed 210248686847"} -index 0
dow C:/Users/Qlala/Documents/M2_SETI/A2/git/A2/Hardware/Vivado/multiprocessor/project_microblaze_test/project_microblaze_test.sdk/zynq_hello/Debug/zynq_hello.elf
configparams force-mem-access 0
----------------End of Script----------------

22:57:37 INFO  : Memory regions updated for context APU
22:57:37 INFO  : Memory regions updated for context PA
22:57:37 INFO  : Memory regions updated for context MicroBlaze Debug Module at USER2
22:57:37 INFO  : Context for processor 'ps7_cortexa9_0' is selected.
22:57:37 INFO  : 'con' command is executed.
22:57:37 INFO  : ----------------XSDB Script (After Launch)----------------
targets -set -nocase -filter {name =~ "ARM*#0" && jtag_cable_name =~ "Digilent Zed 210248686847"} -index 0
con
----------------End of Script----------------

22:57:37 INFO  : Launch script is exported to file 'C:\Users\Qlala\Documents\M2_SETI\A2\git\A2\Hardware\Vivado\multiprocessor\project_microblaze_test\project_microblaze_test.sdk\.sdk\launch_scripts\xilinx_c-c++_application_(system_debugger)\system_debugger_using_debug_zynq_hello.elf_on_local.tcl'
22:58:12 INFO  : Disconnected from the channel tcfchan#5.
22:58:13 INFO  : 'targets -set -filter {jtag_cable_name =~ "Digilent Zed 210248686847" && level==0} -index 1' command is executed.
22:58:13 INFO  : 'fpga -state' command is executed.
22:58:13 INFO  : Connected to target on host '127.0.0.1' and port '3121'.
22:58:14 INFO  : Jtag cable 'Digilent Zed 210248686847' is selected.
22:58:14 INFO  : 'jtag frequency' command is executed.
22:58:14 INFO  : Sourcing of 'C:/Users/Qlala/Documents/M2_SETI/A2/git/A2/Hardware/Vivado/multiprocessor/project_microblaze_test/project_microblaze_test.sdk/design_mb_wrapper_hw_platform_0/ps7_init.tcl' is done.
22:58:14 INFO  : Context for 'APU' is selected.
22:58:14 INFO  : Hardware design information is loaded from 'C:/Users/Qlala/Documents/M2_SETI/A2/git/A2/Hardware/Vivado/multiprocessor/project_microblaze_test/project_microblaze_test.sdk/design_mb_wrapper_hw_platform_0/system.hdf'.
22:58:14 INFO  : 'configparams force-mem-access 1' command is executed.
22:58:14 INFO  : Context for 'APU' is selected.
22:58:14 INFO  : 'stop' command is executed.
22:58:14 INFO  : 'ps7_init' command is executed.
22:58:14 INFO  : 'ps7_post_config' command is executed.
22:58:14 INFO  : 'configparams mdm-detect-bscan-mask 2' command is executed.
22:58:14 INFO  : Context for processor 'microblaze_0' is selected.
22:58:15 INFO  : Processor reset is completed for 'microblaze_0'.
22:58:15 INFO  : Context for processor 'microblaze_0' is selected.
22:58:15 INFO  : The application 'C:/Users/Qlala/Documents/M2_SETI/A2/git/A2/Hardware/Vivado/multiprocessor/project_microblaze_test/project_microblaze_test.sdk/micro_hello/Debug/micro_hello.elf' is downloaded to processor 'microblaze_0'.
22:58:15 INFO  : 'configparams force-mem-access 0' command is executed.
22:58:15 INFO  : ----------------XSDB Script----------------
connect -url tcp:127.0.0.1:3121
source C:/Users/Qlala/Documents/M2_SETI/A2/git/A2/Hardware/Vivado/multiprocessor/project_microblaze_test/project_microblaze_test.sdk/design_mb_wrapper_hw_platform_0/ps7_init.tcl
targets -set -nocase -filter {name =~"APU*" && jtag_cable_name =~ "Digilent Zed 210248686847"} -index 0
loadhw -hw C:/Users/Qlala/Documents/M2_SETI/A2/git/A2/Hardware/Vivado/multiprocessor/project_microblaze_test/project_microblaze_test.sdk/design_mb_wrapper_hw_platform_0/system.hdf -mem-ranges [list {0x40000000 0xbfffffff}]
configparams force-mem-access 1
targets -set -nocase -filter {name =~"APU*" && jtag_cable_name =~ "Digilent Zed 210248686847"} -index 0
stop
ps7_init
ps7_post_config
configparams mdm-detect-bscan-mask 2
targets -set -nocase -filter {name =~ "microblaze*#0" && bscan=="USER2"  && jtag_cable_name =~ "Digilent Zed 210248686847"} -index 1
rst -processor
targets -set -nocase -filter {name =~ "microblaze*#0" && bscan=="USER2"  && jtag_cable_name =~ "Digilent Zed 210248686847"} -index 1
dow C:/Users/Qlala/Documents/M2_SETI/A2/git/A2/Hardware/Vivado/multiprocessor/project_microblaze_test/project_microblaze_test.sdk/micro_hello/Debug/micro_hello.elf
configparams force-mem-access 0
----------------End of Script----------------

22:58:15 INFO  : Memory regions updated for context APU
22:58:15 INFO  : Memory regions updated for context PA
22:58:15 INFO  : Memory regions updated for context MicroBlaze Debug Module at USER2
22:58:15 INFO  : Context for processor 'microblaze_0' is selected.
22:58:15 INFO  : 'con' command is executed.
22:58:15 INFO  : ----------------XSDB Script (After Launch)----------------
targets -set -nocase -filter {name =~ "microblaze*#0" && bscan=="USER2"  && jtag_cable_name =~ "Digilent Zed 210248686847"} -index 1
con
----------------End of Script----------------

22:58:15 INFO  : Launch script is exported to file 'C:\Users\Qlala\Documents\M2_SETI\A2\git\A2\Hardware\Vivado\multiprocessor\project_microblaze_test\project_microblaze_test.sdk\.sdk\launch_scripts\xilinx_c-c++_application_(system_debugger)\system_debugger_using_debug_micro_hello.elf_on_local.tcl'
22:58:29 INFO  : Disconnected from the channel tcfchan#6.
22:58:30 INFO  : 'targets -set -filter {jtag_cable_name =~ "Digilent Zed 210248686847" && level==0} -index 1' command is executed.
22:58:30 INFO  : 'fpga -state' command is executed.
22:58:30 INFO  : Connected to target on host '127.0.0.1' and port '3121'.
22:58:31 INFO  : Jtag cable 'Digilent Zed 210248686847' is selected.
22:58:31 INFO  : 'jtag frequency' command is executed.
22:58:31 INFO  : Sourcing of 'C:/Users/Qlala/Documents/M2_SETI/A2/git/A2/Hardware/Vivado/multiprocessor/project_microblaze_test/project_microblaze_test.sdk/design_mb_wrapper_hw_platform_0/ps7_init.tcl' is done.
22:58:31 INFO  : Context for 'APU' is selected.
22:58:31 INFO  : Hardware design information is loaded from 'C:/Users/Qlala/Documents/M2_SETI/A2/git/A2/Hardware/Vivado/multiprocessor/project_microblaze_test/project_microblaze_test.sdk/design_mb_wrapper_hw_platform_0/system.hdf'.
22:58:31 INFO  : 'configparams force-mem-access 1' command is executed.
22:58:31 INFO  : Context for 'APU' is selected.
22:58:31 INFO  : 'stop' command is executed.
22:58:31 INFO  : 'ps7_init' command is executed.
22:58:31 INFO  : 'ps7_post_config' command is executed.
22:58:31 INFO  : 'configparams mdm-detect-bscan-mask 2' command is executed.
22:58:31 INFO  : Context for processor 'microblaze_0' is selected.
22:58:31 INFO  : Processor reset is completed for 'microblaze_0'.
22:58:32 INFO  : Context for processor 'microblaze_0' is selected.
22:58:32 INFO  : The application 'C:/Users/Qlala/Documents/M2_SETI/A2/git/A2/Hardware/Vivado/multiprocessor/project_microblaze_test/project_microblaze_test.sdk/micro_hello/Debug/micro_hello.elf' is downloaded to processor 'microblaze_0'.
22:58:32 INFO  : 'configparams force-mem-access 0' command is executed.
22:58:32 INFO  : ----------------XSDB Script----------------
connect -url tcp:127.0.0.1:3121
source C:/Users/Qlala/Documents/M2_SETI/A2/git/A2/Hardware/Vivado/multiprocessor/project_microblaze_test/project_microblaze_test.sdk/design_mb_wrapper_hw_platform_0/ps7_init.tcl
targets -set -nocase -filter {name =~"APU*" && jtag_cable_name =~ "Digilent Zed 210248686847"} -index 0
loadhw -hw C:/Users/Qlala/Documents/M2_SETI/A2/git/A2/Hardware/Vivado/multiprocessor/project_microblaze_test/project_microblaze_test.sdk/design_mb_wrapper_hw_platform_0/system.hdf -mem-ranges [list {0x40000000 0xbfffffff}]
configparams force-mem-access 1
targets -set -nocase -filter {name =~"APU*" && jtag_cable_name =~ "Digilent Zed 210248686847"} -index 0
stop
ps7_init
ps7_post_config
configparams mdm-detect-bscan-mask 2
targets -set -nocase -filter {name =~ "microblaze*#0" && bscan=="USER2"  && jtag_cable_name =~ "Digilent Zed 210248686847"} -index 1
rst -processor
targets -set -nocase -filter {name =~ "microblaze*#0" && bscan=="USER2"  && jtag_cable_name =~ "Digilent Zed 210248686847"} -index 1
dow C:/Users/Qlala/Documents/M2_SETI/A2/git/A2/Hardware/Vivado/multiprocessor/project_microblaze_test/project_microblaze_test.sdk/micro_hello/Debug/micro_hello.elf
configparams force-mem-access 0
----------------End of Script----------------

22:58:32 INFO  : Memory regions updated for context APU
22:58:32 INFO  : Memory regions updated for context PA
22:58:32 INFO  : Memory regions updated for context MicroBlaze Debug Module at USER2
22:58:32 INFO  : Context for processor 'microblaze_0' is selected.
22:58:32 INFO  : 'con' command is executed.
22:58:32 INFO  : ----------------XSDB Script (After Launch)----------------
targets -set -nocase -filter {name =~ "microblaze*#0" && bscan=="USER2"  && jtag_cable_name =~ "Digilent Zed 210248686847"} -index 1
con
----------------End of Script----------------

22:58:32 INFO  : Launch script is exported to file 'C:\Users\Qlala\Documents\M2_SETI\A2\git\A2\Hardware\Vivado\multiprocessor\project_microblaze_test\project_microblaze_test.sdk\.sdk\launch_scripts\xilinx_c-c++_application_(system_debugger)\system_debugger_using_debug_micro_hello.elf_on_local.tcl'
22:59:26 INFO  : Disconnected from the channel tcfchan#7.
22:59:27 INFO  : Connected to target on host '127.0.0.1' and port '3121'.
22:59:28 INFO  : Jtag cable 'Digilent Zed 210248686847' is selected.
22:59:28 INFO  : 'jtag frequency' command is executed.
22:59:28 INFO  : Sourcing of 'C:/Users/Qlala/Documents/M2_SETI/A2/git/A2/Hardware/Vivado/multiprocessor/project_microblaze_test/project_microblaze_test.sdk/design_mb_wrapper_hw_platform_0/ps7_init.tcl' is done.
22:59:28 INFO  : 'targets -set -filter {jtag_cable_name =~ "Digilent Zed 210248686847" && level==0} -index 1' command is executed.
22:59:31 INFO  : FPGA configured successfully with bitstream "C:/Users/Qlala/Documents/M2_SETI/A2/git/A2/Hardware/Vivado/multiprocessor/project_microblaze_test/project_microblaze_test.sdk/design_mb_wrapper_hw_platform_0/download.bit"
22:59:31 INFO  : Context for 'APU' is selected.
22:59:31 INFO  : Hardware design information is loaded from 'C:/Users/Qlala/Documents/M2_SETI/A2/git/A2/Hardware/Vivado/multiprocessor/project_microblaze_test/project_microblaze_test.sdk/design_mb_wrapper_hw_platform_0/system.hdf'.
22:59:31 INFO  : 'configparams force-mem-access 1' command is executed.
22:59:31 INFO  : Context for 'APU' is selected.
22:59:31 INFO  : 'stop' command is executed.
22:59:31 INFO  : 'ps7_init' command is executed.
22:59:31 INFO  : 'ps7_post_config' command is executed.
22:59:31 INFO  : 'configparams mdm-detect-bscan-mask 2' command is executed.
22:59:31 INFO  : Context for processor 'microblaze_0' is selected.
22:59:32 INFO  : Processor reset is completed for 'microblaze_0'.
22:59:32 INFO  : Context for processor 'ps7_cortexa9_0' is selected.
22:59:32 INFO  : Processor reset is completed for 'ps7_cortexa9_0'.
22:59:32 INFO  : Context for processor 'microblaze_0' is selected.
22:59:32 INFO  : The application 'C:/Users/Qlala/Documents/M2_SETI/A2/git/A2/Hardware/Vivado/multiprocessor/project_microblaze_test/project_microblaze_test.sdk/micro_hello/Debug/micro_hello.elf' is downloaded to processor 'microblaze_0'.
22:59:32 INFO  : Context for processor 'ps7_cortexa9_0' is selected.
22:59:32 INFO  : The application 'C:/Users/Qlala/Documents/M2_SETI/A2/git/A2/Hardware/Vivado/multiprocessor/project_microblaze_test/project_microblaze_test.sdk/zynq_hello/Debug/zynq_hello.elf' is downloaded to processor 'ps7_cortexa9_0'.
22:59:32 INFO  : 'configparams force-mem-access 0' command is executed.
22:59:32 INFO  : ----------------XSDB Script----------------
connect -url tcp:127.0.0.1:3121
source C:/Users/Qlala/Documents/M2_SETI/A2/git/A2/Hardware/Vivado/multiprocessor/project_microblaze_test/project_microblaze_test.sdk/design_mb_wrapper_hw_platform_0/ps7_init.tcl
targets -set -filter {jtag_cable_name =~ "Digilent Zed 210248686847" && level==0} -index 1
fpga -file C:/Users/Qlala/Documents/M2_SETI/A2/git/A2/Hardware/Vivado/multiprocessor/project_microblaze_test/project_microblaze_test.sdk/design_mb_wrapper_hw_platform_0/download.bit
targets -set -nocase -filter {name =~"APU*" && jtag_cable_name =~ "Digilent Zed 210248686847"} -index 0
loadhw -hw C:/Users/Qlala/Documents/M2_SETI/A2/git/A2/Hardware/Vivado/multiprocessor/project_microblaze_test/project_microblaze_test.sdk/design_mb_wrapper_hw_platform_0/system.hdf -mem-ranges [list {0x40000000 0xbfffffff}]
configparams force-mem-access 1
targets -set -nocase -filter {name =~"APU*" && jtag_cable_name =~ "Digilent Zed 210248686847"} -index 0
stop
ps7_init
ps7_post_config
configparams mdm-detect-bscan-mask 2
targets -set -nocase -filter {name =~ "microblaze*#0" && bscan=="USER2"  && jtag_cable_name =~ "Digilent Zed 210248686847"} -index 1
rst -processor
targets -set -nocase -filter {name =~ "ARM*#0" && jtag_cable_name =~ "Digilent Zed 210248686847"} -index 0
rst -processor
targets -set -nocase -filter {name =~ "microblaze*#0" && bscan=="USER2"  && jtag_cable_name =~ "Digilent Zed 210248686847"} -index 1
dow C:/Users/Qlala/Documents/M2_SETI/A2/git/A2/Hardware/Vivado/multiprocessor/project_microblaze_test/project_microblaze_test.sdk/micro_hello/Debug/micro_hello.elf
targets -set -nocase -filter {name =~ "ARM*#0" && jtag_cable_name =~ "Digilent Zed 210248686847"} -index 0
dow C:/Users/Qlala/Documents/M2_SETI/A2/git/A2/Hardware/Vivado/multiprocessor/project_microblaze_test/project_microblaze_test.sdk/zynq_hello/Debug/zynq_hello.elf
configparams force-mem-access 0
----------------End of Script----------------

22:59:32 INFO  : Memory regions updated for context APU
22:59:32 INFO  : Memory regions updated for context PA
22:59:32 INFO  : Memory regions updated for context MicroBlaze Debug Module at USER2
22:59:32 INFO  : Context for processor 'microblaze_0' is selected.
22:59:32 INFO  : 'con' command is executed.
22:59:32 INFO  : Context for processor 'ps7_cortexa9_0' is selected.
22:59:32 INFO  : 'con' command is executed.
22:59:32 INFO  : ----------------XSDB Script (After Launch)----------------
targets -set -nocase -filter {name =~ "microblaze*#0" && bscan=="USER2"  && jtag_cable_name =~ "Digilent Zed 210248686847"} -index 1
con
targets -set -nocase -filter {name =~ "ARM*#0" && jtag_cable_name =~ "Digilent Zed 210248686847"} -index 0
con
----------------End of Script----------------

22:59:32 INFO  : Launch script is exported to file 'C:\Users\Qlala\Documents\M2_SETI\A2\git\A2\Hardware\Vivado\multiprocessor\project_microblaze_test\project_microblaze_test.sdk\.sdk\launch_scripts\xilinx_c-c++_application_(system_debugger)\system_debugger_on_local.tcl'
22:59:44 INFO  : Disconnected from the channel tcfchan#8.
22:59:45 INFO  : Connected to target on host '127.0.0.1' and port '3121'.
22:59:45 INFO  : Jtag cable 'Digilent Zed 210248686847' is selected.
22:59:46 INFO  : 'jtag frequency' command is executed.
22:59:46 INFO  : Sourcing of 'C:/Users/Qlala/Documents/M2_SETI/A2/git/A2/Hardware/Vivado/multiprocessor/project_microblaze_test/project_microblaze_test.sdk/design_mb_wrapper_hw_platform_0/ps7_init.tcl' is done.
22:59:46 INFO  : 'targets -set -filter {jtag_cable_name =~ "Digilent Zed 210248686847" && level==0} -index 1' command is executed.
22:59:48 INFO  : FPGA configured successfully with bitstream "C:/Users/Qlala/Documents/M2_SETI/A2/git/A2/Hardware/Vivado/multiprocessor/project_microblaze_test/project_microblaze_test.sdk/design_mb_wrapper_hw_platform_0/download.bit"
22:59:48 INFO  : Context for 'APU' is selected.
22:59:48 INFO  : Hardware design information is loaded from 'C:/Users/Qlala/Documents/M2_SETI/A2/git/A2/Hardware/Vivado/multiprocessor/project_microblaze_test/project_microblaze_test.sdk/design_mb_wrapper_hw_platform_0/system.hdf'.
22:59:48 INFO  : 'configparams force-mem-access 1' command is executed.
22:59:48 INFO  : Context for 'APU' is selected.
22:59:48 INFO  : 'stop' command is executed.
22:59:49 INFO  : 'ps7_init' command is executed.
22:59:49 INFO  : 'ps7_post_config' command is executed.
22:59:49 INFO  : 'configparams mdm-detect-bscan-mask 2' command is executed.
22:59:49 INFO  : Context for processor 'microblaze_0' is selected.
22:59:49 INFO  : Processor reset is completed for 'microblaze_0'.
22:59:49 INFO  : Context for processor 'ps7_cortexa9_0' is selected.
22:59:49 INFO  : Processor reset is completed for 'ps7_cortexa9_0'.
22:59:49 INFO  : Context for processor 'microblaze_0' is selected.
22:59:49 INFO  : The application 'C:/Users/Qlala/Documents/M2_SETI/A2/git/A2/Hardware/Vivado/multiprocessor/project_microblaze_test/project_microblaze_test.sdk/micro_hello/Debug/micro_hello.elf' is downloaded to processor 'microblaze_0'.
22:59:49 INFO  : Context for processor 'ps7_cortexa9_0' is selected.
22:59:49 INFO  : The application 'C:/Users/Qlala/Documents/M2_SETI/A2/git/A2/Hardware/Vivado/multiprocessor/project_microblaze_test/project_microblaze_test.sdk/zynq_hello/Debug/zynq_hello.elf' is downloaded to processor 'ps7_cortexa9_0'.
22:59:49 INFO  : 'configparams force-mem-access 0' command is executed.
22:59:49 INFO  : ----------------XSDB Script----------------
connect -url tcp:127.0.0.1:3121
source C:/Users/Qlala/Documents/M2_SETI/A2/git/A2/Hardware/Vivado/multiprocessor/project_microblaze_test/project_microblaze_test.sdk/design_mb_wrapper_hw_platform_0/ps7_init.tcl
targets -set -filter {jtag_cable_name =~ "Digilent Zed 210248686847" && level==0} -index 1
fpga -file C:/Users/Qlala/Documents/M2_SETI/A2/git/A2/Hardware/Vivado/multiprocessor/project_microblaze_test/project_microblaze_test.sdk/design_mb_wrapper_hw_platform_0/download.bit
targets -set -nocase -filter {name =~"APU*" && jtag_cable_name =~ "Digilent Zed 210248686847"} -index 0
loadhw -hw C:/Users/Qlala/Documents/M2_SETI/A2/git/A2/Hardware/Vivado/multiprocessor/project_microblaze_test/project_microblaze_test.sdk/design_mb_wrapper_hw_platform_0/system.hdf -mem-ranges [list {0x40000000 0xbfffffff}]
configparams force-mem-access 1
targets -set -nocase -filter {name =~"APU*" && jtag_cable_name =~ "Digilent Zed 210248686847"} -index 0
stop
ps7_init
ps7_post_config
configparams mdm-detect-bscan-mask 2
targets -set -nocase -filter {name =~ "microblaze*#0" && bscan=="USER2"  && jtag_cable_name =~ "Digilent Zed 210248686847"} -index 1
rst -processor
targets -set -nocase -filter {name =~ "ARM*#0" && jtag_cable_name =~ "Digilent Zed 210248686847"} -index 0
rst -processor
targets -set -nocase -filter {name =~ "microblaze*#0" && bscan=="USER2"  && jtag_cable_name =~ "Digilent Zed 210248686847"} -index 1
dow C:/Users/Qlala/Documents/M2_SETI/A2/git/A2/Hardware/Vivado/multiprocessor/project_microblaze_test/project_microblaze_test.sdk/micro_hello/Debug/micro_hello.elf
targets -set -nocase -filter {name =~ "ARM*#0" && jtag_cable_name =~ "Digilent Zed 210248686847"} -index 0
dow C:/Users/Qlala/Documents/M2_SETI/A2/git/A2/Hardware/Vivado/multiprocessor/project_microblaze_test/project_microblaze_test.sdk/zynq_hello/Debug/zynq_hello.elf
configparams force-mem-access 0
----------------End of Script----------------

22:59:49 INFO  : Memory regions updated for context APU
22:59:49 INFO  : Memory regions updated for context PA
22:59:49 INFO  : Memory regions updated for context MicroBlaze Debug Module at USER2
22:59:49 INFO  : Context for processor 'microblaze_0' is selected.
22:59:49 INFO  : 'con' command is executed.
22:59:50 INFO  : Context for processor 'ps7_cortexa9_0' is selected.
22:59:50 INFO  : 'con' command is executed.
22:59:50 INFO  : ----------------XSDB Script (After Launch)----------------
targets -set -nocase -filter {name =~ "microblaze*#0" && bscan=="USER2"  && jtag_cable_name =~ "Digilent Zed 210248686847"} -index 1
con
targets -set -nocase -filter {name =~ "ARM*#0" && jtag_cable_name =~ "Digilent Zed 210248686847"} -index 0
con
----------------End of Script----------------

22:59:50 INFO  : Launch script is exported to file 'C:\Users\Qlala\Documents\M2_SETI\A2\git\A2\Hardware\Vivado\multiprocessor\project_microblaze_test\project_microblaze_test.sdk\.sdk\launch_scripts\xilinx_c-c++_application_(system_debugger)\system_debugger_on_local.tcl'
