
*** Running vivado
    with args -log design_1_xbar_0.vds -m64 -product Vivado -mode batch -messageDb vivado.pb -notrace -source design_1_xbar_0.tcl

awk: symbol lookup error: awk: undefined symbol: mpfr_z_sub

****** Vivado v2016.4 (64-bit)
  **** SW Build 1756540 on Mon Jan 23 19:11:19 MST 2017
  **** IP Build 1755317 on Mon Jan 23 20:30:07 MST 2017
    ** Copyright 1986-2016 Xilinx, Inc. All Rights Reserved.

source design_1_xbar_0.tcl -notrace
awk: symbol lookup error: awk: undefined symbol: mpfr_z_sub
Starting RTL Elaboration : Time (s): cpu = 00:00:13 ; elapsed = 00:00:14 . Memory (MB): peak = 1080.566 ; gain = 150.086 ; free physical = 133 ; free virtual = 5613
INFO: [Synth 8-638] synthesizing module 'design_1_xbar_0' [/home/nikkatsa/Documents/Sobel_system_ddr/Sobel_system_ddr.srcs/sources_1/bd/design_1/ip/design_1_xbar_0/synth/design_1_xbar_0.v:59]
INFO: [Synth 8-638] synthesizing module 'axi_crossbar_v2_1_12_axi_crossbar' [/home/nikkatsa/Documents/Sobel_system_ddr/Sobel_system_ddr.srcs/sources_1/bd/design_1/ipshared/896d/hdl/axi_crossbar_v2_1_vl_rfs.v:4882]
INFO: [Synth 8-638] synthesizing module 'axi_crossbar_v2_1_12_crossbar' [/home/nikkatsa/Documents/Sobel_system_ddr/Sobel_system_ddr.srcs/sources_1/bd/design_1/ipshared/896d/hdl/axi_crossbar_v2_1_vl_rfs.v:2239]
INFO: [Synth 8-638] synthesizing module 'axi_crossbar_v2_1_12_si_transactor' [/home/nikkatsa/Documents/Sobel_system_ddr/Sobel_system_ddr.srcs/sources_1/bd/design_1/ipshared/896d/hdl/axi_crossbar_v2_1_vl_rfs.v:3798]
INFO: [Synth 8-638] synthesizing module 'axi_crossbar_v2_1_12_addr_decoder' [/home/nikkatsa/Documents/Sobel_system_ddr/Sobel_system_ddr.srcs/sources_1/bd/design_1/ipshared/896d/hdl/axi_crossbar_v2_1_vl_rfs.v:794]
INFO: [Synth 8-638] synthesizing module 'generic_baseblocks_v2_1_0_comparator_static' [/home/nikkatsa/Documents/Sobel_system_ddr/Sobel_system_ddr.srcs/sources_1/bd/design_1/ipshared/7ee0/hdl/generic_baseblocks_v2_1_vl_rfs.v:2133]
INFO: [Synth 8-638] synthesizing module 'generic_baseblocks_v2_1_0_carry_and' [/home/nikkatsa/Documents/Sobel_system_ddr/Sobel_system_ddr.srcs/sources_1/bd/design_1/ipshared/7ee0/hdl/generic_baseblocks_v2_1_vl_rfs.v:62]
INFO: [Synth 8-256] done synthesizing module 'generic_baseblocks_v2_1_0_carry_and' (1#1) [/home/nikkatsa/Documents/Sobel_system_ddr/Sobel_system_ddr.srcs/sources_1/bd/design_1/ipshared/7ee0/hdl/generic_baseblocks_v2_1_vl_rfs.v:62]
INFO: [Synth 8-256] done synthesizing module 'generic_baseblocks_v2_1_0_comparator_static' (2#1) [/home/nikkatsa/Documents/Sobel_system_ddr/Sobel_system_ddr.srcs/sources_1/bd/design_1/ipshared/7ee0/hdl/generic_baseblocks_v2_1_vl_rfs.v:2133]
INFO: [Synth 8-256] done synthesizing module 'axi_crossbar_v2_1_12_addr_decoder' (3#1) [/home/nikkatsa/Documents/Sobel_system_ddr/Sobel_system_ddr.srcs/sources_1/bd/design_1/ipshared/896d/hdl/axi_crossbar_v2_1_vl_rfs.v:794]
INFO: [Synth 8-638] synthesizing module 'axi_data_fifo_v2_1_10_axic_srl_fifo' [/home/nikkatsa/Documents/Sobel_system_ddr/Sobel_system_ddr.srcs/sources_1/bd/design_1/ipshared/39ba/hdl/axi_data_fifo_v2_1_vl_rfs.v:698]
INFO: [Synth 8-638] synthesizing module 'axi_data_fifo_v2_1_10_ndeep_srl' [/home/nikkatsa/Documents/Sobel_system_ddr/Sobel_system_ddr.srcs/sources_1/bd/design_1/ipshared/39ba/hdl/axi_data_fifo_v2_1_vl_rfs.v:1134]
INFO: [Synth 8-638] synthesizing module 'SRLC32E' [/opt/Xilinx/Vivado/2016.4/scripts/rt/data/unisim_comp.v:43478]
INFO: [Synth 8-256] done synthesizing module 'SRLC32E' (4#1) [/opt/Xilinx/Vivado/2016.4/scripts/rt/data/unisim_comp.v:43478]
INFO: [Synth 8-256] done synthesizing module 'axi_data_fifo_v2_1_10_ndeep_srl' (5#1) [/home/nikkatsa/Documents/Sobel_system_ddr/Sobel_system_ddr.srcs/sources_1/bd/design_1/ipshared/39ba/hdl/axi_data_fifo_v2_1_vl_rfs.v:1134]
INFO: [Synth 8-256] done synthesizing module 'axi_data_fifo_v2_1_10_axic_srl_fifo' (6#1) [/home/nikkatsa/Documents/Sobel_system_ddr/Sobel_system_ddr.srcs/sources_1/bd/design_1/ipshared/39ba/hdl/axi_data_fifo_v2_1_vl_rfs.v:698]
INFO: [Synth 8-638] synthesizing module 'generic_baseblocks_v2_1_0_mux_enc' [/home/nikkatsa/Documents/Sobel_system_ddr/Sobel_system_ddr.srcs/sources_1/bd/design_1/ipshared/7ee0/hdl/generic_baseblocks_v2_1_vl_rfs.v:2452]
INFO: [Synth 8-256] done synthesizing module 'generic_baseblocks_v2_1_0_mux_enc' (7#1) [/home/nikkatsa/Documents/Sobel_system_ddr/Sobel_system_ddr.srcs/sources_1/bd/design_1/ipshared/7ee0/hdl/generic_baseblocks_v2_1_vl_rfs.v:2452]
INFO: [Synth 8-256] done synthesizing module 'axi_crossbar_v2_1_12_si_transactor' (8#1) [/home/nikkatsa/Documents/Sobel_system_ddr/Sobel_system_ddr.srcs/sources_1/bd/design_1/ipshared/896d/hdl/axi_crossbar_v2_1_vl_rfs.v:3798]
INFO: [Synth 8-638] synthesizing module 'axi_crossbar_v2_1_12_si_transactor__parameterized0' [/home/nikkatsa/Documents/Sobel_system_ddr/Sobel_system_ddr.srcs/sources_1/bd/design_1/ipshared/896d/hdl/axi_crossbar_v2_1_vl_rfs.v:3798]
INFO: [Synth 8-638] synthesizing module 'generic_baseblocks_v2_1_0_mux_enc__parameterized0' [/home/nikkatsa/Documents/Sobel_system_ddr/Sobel_system_ddr.srcs/sources_1/bd/design_1/ipshared/7ee0/hdl/generic_baseblocks_v2_1_vl_rfs.v:2452]
INFO: [Synth 8-256] done synthesizing module 'generic_baseblocks_v2_1_0_mux_enc__parameterized0' (8#1) [/home/nikkatsa/Documents/Sobel_system_ddr/Sobel_system_ddr.srcs/sources_1/bd/design_1/ipshared/7ee0/hdl/generic_baseblocks_v2_1_vl_rfs.v:2452]
INFO: [Synth 8-256] done synthesizing module 'axi_crossbar_v2_1_12_si_transactor__parameterized0' (8#1) [/home/nikkatsa/Documents/Sobel_system_ddr/Sobel_system_ddr.srcs/sources_1/bd/design_1/ipshared/896d/hdl/axi_crossbar_v2_1_vl_rfs.v:3798]
INFO: [Synth 8-638] synthesizing module 'axi_crossbar_v2_1_12_splitter' [/home/nikkatsa/Documents/Sobel_system_ddr/Sobel_system_ddr.srcs/sources_1/bd/design_1/ipshared/896d/hdl/axi_crossbar_v2_1_vl_rfs.v:4459]
INFO: [Synth 8-256] done synthesizing module 'axi_crossbar_v2_1_12_splitter' (9#1) [/home/nikkatsa/Documents/Sobel_system_ddr/Sobel_system_ddr.srcs/sources_1/bd/design_1/ipshared/896d/hdl/axi_crossbar_v2_1_vl_rfs.v:4459]
INFO: [Synth 8-638] synthesizing module 'axi_crossbar_v2_1_12_wdata_router' [/home/nikkatsa/Documents/Sobel_system_ddr/Sobel_system_ddr.srcs/sources_1/bd/design_1/ipshared/896d/hdl/axi_crossbar_v2_1_vl_rfs.v:4734]
INFO: [Synth 8-638] synthesizing module 'axi_data_fifo_v2_1_10_axic_reg_srl_fifo' [/home/nikkatsa/Documents/Sobel_system_ddr/Sobel_system_ddr.srcs/sources_1/bd/design_1/ipshared/39ba/hdl/axi_data_fifo_v2_1_vl_rfs.v:889]
INFO: [Synth 8-638] synthesizing module 'axi_data_fifo_v2_1_10_ndeep_srl__parameterized0' [/home/nikkatsa/Documents/Sobel_system_ddr/Sobel_system_ddr.srcs/sources_1/bd/design_1/ipshared/39ba/hdl/axi_data_fifo_v2_1_vl_rfs.v:1134]
INFO: [Synth 8-256] done synthesizing module 'axi_data_fifo_v2_1_10_ndeep_srl__parameterized0' (9#1) [/home/nikkatsa/Documents/Sobel_system_ddr/Sobel_system_ddr.srcs/sources_1/bd/design_1/ipshared/39ba/hdl/axi_data_fifo_v2_1_vl_rfs.v:1134]
INFO: [Synth 8-256] done synthesizing module 'axi_data_fifo_v2_1_10_axic_reg_srl_fifo' (10#1) [/home/nikkatsa/Documents/Sobel_system_ddr/Sobel_system_ddr.srcs/sources_1/bd/design_1/ipshared/39ba/hdl/axi_data_fifo_v2_1_vl_rfs.v:889]
INFO: [Synth 8-256] done synthesizing module 'axi_crossbar_v2_1_12_wdata_router' (11#1) [/home/nikkatsa/Documents/Sobel_system_ddr/Sobel_system_ddr.srcs/sources_1/bd/design_1/ipshared/896d/hdl/axi_crossbar_v2_1_vl_rfs.v:4734]
INFO: [Synth 8-638] synthesizing module 'axi_crossbar_v2_1_12_si_transactor__parameterized1' [/home/nikkatsa/Documents/Sobel_system_ddr/Sobel_system_ddr.srcs/sources_1/bd/design_1/ipshared/896d/hdl/axi_crossbar_v2_1_vl_rfs.v:3798]
INFO: [Synth 8-256] done synthesizing module 'axi_crossbar_v2_1_12_si_transactor__parameterized1' (11#1) [/home/nikkatsa/Documents/Sobel_system_ddr/Sobel_system_ddr.srcs/sources_1/bd/design_1/ipshared/896d/hdl/axi_crossbar_v2_1_vl_rfs.v:3798]
INFO: [Synth 8-638] synthesizing module 'axi_crossbar_v2_1_12_si_transactor__parameterized2' [/home/nikkatsa/Documents/Sobel_system_ddr/Sobel_system_ddr.srcs/sources_1/bd/design_1/ipshared/896d/hdl/axi_crossbar_v2_1_vl_rfs.v:3798]
INFO: [Synth 8-638] synthesizing module 'generic_baseblocks_v2_1_0_mux_enc__parameterized1' [/home/nikkatsa/Documents/Sobel_system_ddr/Sobel_system_ddr.srcs/sources_1/bd/design_1/ipshared/7ee0/hdl/generic_baseblocks_v2_1_vl_rfs.v:2452]
INFO: [Synth 8-256] done synthesizing module 'generic_baseblocks_v2_1_0_mux_enc__parameterized1' (11#1) [/home/nikkatsa/Documents/Sobel_system_ddr/Sobel_system_ddr.srcs/sources_1/bd/design_1/ipshared/7ee0/hdl/generic_baseblocks_v2_1_vl_rfs.v:2452]
INFO: [Synth 8-256] done synthesizing module 'axi_crossbar_v2_1_12_si_transactor__parameterized2' (11#1) [/home/nikkatsa/Documents/Sobel_system_ddr/Sobel_system_ddr.srcs/sources_1/bd/design_1/ipshared/896d/hdl/axi_crossbar_v2_1_vl_rfs.v:3798]
INFO: [Synth 8-638] synthesizing module 'axi_crossbar_v2_1_12_addr_decoder__parameterized0' [/home/nikkatsa/Documents/Sobel_system_ddr/Sobel_system_ddr.srcs/sources_1/bd/design_1/ipshared/896d/hdl/axi_crossbar_v2_1_vl_rfs.v:794]
INFO: [Synth 8-256] done synthesizing module 'axi_crossbar_v2_1_12_addr_decoder__parameterized0' (11#1) [/home/nikkatsa/Documents/Sobel_system_ddr/Sobel_system_ddr.srcs/sources_1/bd/design_1/ipshared/896d/hdl/axi_crossbar_v2_1_vl_rfs.v:794]
INFO: [Synth 8-638] synthesizing module 'axi_crossbar_v2_1_12_addr_decoder__parameterized1' [/home/nikkatsa/Documents/Sobel_system_ddr/Sobel_system_ddr.srcs/sources_1/bd/design_1/ipshared/896d/hdl/axi_crossbar_v2_1_vl_rfs.v:794]
INFO: [Synth 8-256] done synthesizing module 'axi_crossbar_v2_1_12_addr_decoder__parameterized1' (11#1) [/home/nikkatsa/Documents/Sobel_system_ddr/Sobel_system_ddr.srcs/sources_1/bd/design_1/ipshared/896d/hdl/axi_crossbar_v2_1_vl_rfs.v:794]
INFO: [Synth 8-638] synthesizing module 'axi_data_fifo_v2_1_10_axic_srl_fifo__parameterized0' [/home/nikkatsa/Documents/Sobel_system_ddr/Sobel_system_ddr.srcs/sources_1/bd/design_1/ipshared/39ba/hdl/axi_data_fifo_v2_1_vl_rfs.v:698]
INFO: [Synth 8-638] synthesizing module 'axi_data_fifo_v2_1_10_ndeep_srl__parameterized1' [/home/nikkatsa/Documents/Sobel_system_ddr/Sobel_system_ddr.srcs/sources_1/bd/design_1/ipshared/39ba/hdl/axi_data_fifo_v2_1_vl_rfs.v:1134]
INFO: [Synth 8-256] done synthesizing module 'axi_data_fifo_v2_1_10_ndeep_srl__parameterized1' (11#1) [/home/nikkatsa/Documents/Sobel_system_ddr/Sobel_system_ddr.srcs/sources_1/bd/design_1/ipshared/39ba/hdl/axi_data_fifo_v2_1_vl_rfs.v:1134]
INFO: [Synth 8-638] synthesizing module 'axi_data_fifo_v2_1_10_ndeep_srl__parameterized2' [/home/nikkatsa/Documents/Sobel_system_ddr/Sobel_system_ddr.srcs/sources_1/bd/design_1/ipshared/39ba/hdl/axi_data_fifo_v2_1_vl_rfs.v:1134]
INFO: [Synth 8-256] done synthesizing module 'axi_data_fifo_v2_1_10_ndeep_srl__parameterized2' (11#1) [/home/nikkatsa/Documents/Sobel_system_ddr/Sobel_system_ddr.srcs/sources_1/bd/design_1/ipshared/39ba/hdl/axi_data_fifo_v2_1_vl_rfs.v:1134]
INFO: [Synth 8-638] synthesizing module 'axi_data_fifo_v2_1_10_ndeep_srl__parameterized3' [/home/nikkatsa/Documents/Sobel_system_ddr/Sobel_system_ddr.srcs/sources_1/bd/design_1/ipshared/39ba/hdl/axi_data_fifo_v2_1_vl_rfs.v:1134]
INFO: [Synth 8-256] done synthesizing module 'axi_data_fifo_v2_1_10_ndeep_srl__parameterized3' (11#1) [/home/nikkatsa/Documents/Sobel_system_ddr/Sobel_system_ddr.srcs/sources_1/bd/design_1/ipshared/39ba/hdl/axi_data_fifo_v2_1_vl_rfs.v:1134]
INFO: [Synth 8-638] synthesizing module 'axi_data_fifo_v2_1_10_ndeep_srl__parameterized4' [/home/nikkatsa/Documents/Sobel_system_ddr/Sobel_system_ddr.srcs/sources_1/bd/design_1/ipshared/39ba/hdl/axi_data_fifo_v2_1_vl_rfs.v:1134]
INFO: [Synth 8-256] done synthesizing module 'axi_data_fifo_v2_1_10_ndeep_srl__parameterized4' (11#1) [/home/nikkatsa/Documents/Sobel_system_ddr/Sobel_system_ddr.srcs/sources_1/bd/design_1/ipshared/39ba/hdl/axi_data_fifo_v2_1_vl_rfs.v:1134]
INFO: [Synth 8-638] synthesizing module 'axi_data_fifo_v2_1_10_ndeep_srl__parameterized5' [/home/nikkatsa/Documents/Sobel_system_ddr/Sobel_system_ddr.srcs/sources_1/bd/design_1/ipshared/39ba/hdl/axi_data_fifo_v2_1_vl_rfs.v:1134]
INFO: [Synth 8-256] done synthesizing module 'axi_data_fifo_v2_1_10_ndeep_srl__parameterized5' (11#1) [/home/nikkatsa/Documents/Sobel_system_ddr/Sobel_system_ddr.srcs/sources_1/bd/design_1/ipshared/39ba/hdl/axi_data_fifo_v2_1_vl_rfs.v:1134]
INFO: [Synth 8-638] synthesizing module 'axi_data_fifo_v2_1_10_ndeep_srl__parameterized6' [/home/nikkatsa/Documents/Sobel_system_ddr/Sobel_system_ddr.srcs/sources_1/bd/design_1/ipshared/39ba/hdl/axi_data_fifo_v2_1_vl_rfs.v:1134]
INFO: [Synth 8-256] done synthesizing module 'axi_data_fifo_v2_1_10_ndeep_srl__parameterized6' (11#1) [/home/nikkatsa/Documents/Sobel_system_ddr/Sobel_system_ddr.srcs/sources_1/bd/design_1/ipshared/39ba/hdl/axi_data_fifo_v2_1_vl_rfs.v:1134]
INFO: [Synth 8-638] synthesizing module 'axi_data_fifo_v2_1_10_ndeep_srl__parameterized7' [/home/nikkatsa/Documents/Sobel_system_ddr/Sobel_system_ddr.srcs/sources_1/bd/design_1/ipshared/39ba/hdl/axi_data_fifo_v2_1_vl_rfs.v:1134]
INFO: [Synth 8-256] done synthesizing module 'axi_data_fifo_v2_1_10_ndeep_srl__parameterized7' (11#1) [/home/nikkatsa/Documents/Sobel_system_ddr/Sobel_system_ddr.srcs/sources_1/bd/design_1/ipshared/39ba/hdl/axi_data_fifo_v2_1_vl_rfs.v:1134]
INFO: [Synth 8-638] synthesizing module 'axi_data_fifo_v2_1_10_ndeep_srl__parameterized8' [/home/nikkatsa/Documents/Sobel_system_ddr/Sobel_system_ddr.srcs/sources_1/bd/design_1/ipshared/39ba/hdl/axi_data_fifo_v2_1_vl_rfs.v:1134]
INFO: [Synth 8-256] done synthesizing module 'axi_data_fifo_v2_1_10_ndeep_srl__parameterized8' (11#1) [/home/nikkatsa/Documents/Sobel_system_ddr/Sobel_system_ddr.srcs/sources_1/bd/design_1/ipshared/39ba/hdl/axi_data_fifo_v2_1_vl_rfs.v:1134]
INFO: [Synth 8-256] done synthesizing module 'axi_data_fifo_v2_1_10_axic_srl_fifo__parameterized0' (11#1) [/home/nikkatsa/Documents/Sobel_system_ddr/Sobel_system_ddr.srcs/sources_1/bd/design_1/ipshared/39ba/hdl/axi_data_fifo_v2_1_vl_rfs.v:698]
INFO: [Synth 8-638] synthesizing module 'axi_crossbar_v2_1_12_wdata_mux' [/home/nikkatsa/Documents/Sobel_system_ddr/Sobel_system_ddr.srcs/sources_1/bd/design_1/ipshared/896d/hdl/axi_crossbar_v2_1_vl_rfs.v:4559]
INFO: [Synth 8-638] synthesizing module 'axi_data_fifo_v2_1_10_axic_reg_srl_fifo__parameterized0' [/home/nikkatsa/Documents/Sobel_system_ddr/Sobel_system_ddr.srcs/sources_1/bd/design_1/ipshared/39ba/hdl/axi_data_fifo_v2_1_vl_rfs.v:889]
INFO: [Synth 8-638] synthesizing module 'axi_data_fifo_v2_1_10_ndeep_srl__parameterized9' [/home/nikkatsa/Documents/Sobel_system_ddr/Sobel_system_ddr.srcs/sources_1/bd/design_1/ipshared/39ba/hdl/axi_data_fifo_v2_1_vl_rfs.v:1134]
INFO: [Synth 8-256] done synthesizing module 'axi_data_fifo_v2_1_10_ndeep_srl__parameterized9' (11#1) [/home/nikkatsa/Documents/Sobel_system_ddr/Sobel_system_ddr.srcs/sources_1/bd/design_1/ipshared/39ba/hdl/axi_data_fifo_v2_1_vl_rfs.v:1134]
INFO: [Synth 8-256] done synthesizing module 'axi_data_fifo_v2_1_10_axic_reg_srl_fifo__parameterized0' (11#1) [/home/nikkatsa/Documents/Sobel_system_ddr/Sobel_system_ddr.srcs/sources_1/bd/design_1/ipshared/39ba/hdl/axi_data_fifo_v2_1_vl_rfs.v:889]
INFO: [Synth 8-638] synthesizing module 'generic_baseblocks_v2_1_0_mux_enc__parameterized2' [/home/nikkatsa/Documents/Sobel_system_ddr/Sobel_system_ddr.srcs/sources_1/bd/design_1/ipshared/7ee0/hdl/generic_baseblocks_v2_1_vl_rfs.v:2452]
INFO: [Synth 8-256] done synthesizing module 'generic_baseblocks_v2_1_0_mux_enc__parameterized2' (11#1) [/home/nikkatsa/Documents/Sobel_system_ddr/Sobel_system_ddr.srcs/sources_1/bd/design_1/ipshared/7ee0/hdl/generic_baseblocks_v2_1_vl_rfs.v:2452]
INFO: [Synth 8-256] done synthesizing module 'axi_crossbar_v2_1_12_wdata_mux' (12#1) [/home/nikkatsa/Documents/Sobel_system_ddr/Sobel_system_ddr.srcs/sources_1/bd/design_1/ipshared/896d/hdl/axi_crossbar_v2_1_vl_rfs.v:4559]
INFO: [Synth 8-638] synthesizing module 'axi_register_slice_v2_1_11_axi_register_slice' [/home/nikkatsa/Documents/Sobel_system_ddr/Sobel_system_ddr.srcs/sources_1/bd/design_1/ipshared/0b6b/hdl/axi_register_slice_v2_1_vl_rfs.v:791]
INFO: [Synth 8-638] synthesizing module 'axi_infrastructure_v1_1_0_axi2vector' [/home/nikkatsa/Documents/Sobel_system_ddr/Sobel_system_ddr.srcs/sources_1/bd/design_1/ipshared/7e3a/hdl/axi_infrastructure_v1_1_vl_rfs.v:60]
INFO: [Synth 8-256] done synthesizing module 'axi_infrastructure_v1_1_0_axi2vector' (13#1) [/home/nikkatsa/Documents/Sobel_system_ddr/Sobel_system_ddr.srcs/sources_1/bd/design_1/ipshared/7e3a/hdl/axi_infrastructure_v1_1_vl_rfs.v:60]
INFO: [Synth 8-638] synthesizing module 'axi_register_slice_v2_1_11_axic_register_slice' [/home/nikkatsa/Documents/Sobel_system_ddr/Sobel_system_ddr.srcs/sources_1/bd/design_1/ipshared/0b6b/hdl/axi_register_slice_v2_1_vl_rfs.v:85]
INFO: [Synth 8-256] done synthesizing module 'axi_register_slice_v2_1_11_axic_register_slice' (14#1) [/home/nikkatsa/Documents/Sobel_system_ddr/Sobel_system_ddr.srcs/sources_1/bd/design_1/ipshared/0b6b/hdl/axi_register_slice_v2_1_vl_rfs.v:85]
INFO: [Synth 8-638] synthesizing module 'axi_register_slice_v2_1_11_axic_register_slice__parameterized0' [/home/nikkatsa/Documents/Sobel_system_ddr/Sobel_system_ddr.srcs/sources_1/bd/design_1/ipshared/0b6b/hdl/axi_register_slice_v2_1_vl_rfs.v:85]
INFO: [Synth 8-256] done synthesizing module 'axi_register_slice_v2_1_11_axic_register_slice__parameterized0' (14#1) [/home/nikkatsa/Documents/Sobel_system_ddr/Sobel_system_ddr.srcs/sources_1/bd/design_1/ipshared/0b6b/hdl/axi_register_slice_v2_1_vl_rfs.v:85]
INFO: [Synth 8-638] synthesizing module 'axi_register_slice_v2_1_11_axic_register_slice__parameterized1' [/home/nikkatsa/Documents/Sobel_system_ddr/Sobel_system_ddr.srcs/sources_1/bd/design_1/ipshared/0b6b/hdl/axi_register_slice_v2_1_vl_rfs.v:85]
INFO: [Synth 8-256] done synthesizing module 'axi_register_slice_v2_1_11_axic_register_slice__parameterized1' (14#1) [/home/nikkatsa/Documents/Sobel_system_ddr/Sobel_system_ddr.srcs/sources_1/bd/design_1/ipshared/0b6b/hdl/axi_register_slice_v2_1_vl_rfs.v:85]
INFO: [Synth 8-638] synthesizing module 'axi_register_slice_v2_1_11_axic_register_slice__parameterized2' [/home/nikkatsa/Documents/Sobel_system_ddr/Sobel_system_ddr.srcs/sources_1/bd/design_1/ipshared/0b6b/hdl/axi_register_slice_v2_1_vl_rfs.v:85]
INFO: [Synth 8-256] done synthesizing module 'axi_register_slice_v2_1_11_axic_register_slice__parameterized2' (14#1) [/home/nikkatsa/Documents/Sobel_system_ddr/Sobel_system_ddr.srcs/sources_1/bd/design_1/ipshared/0b6b/hdl/axi_register_slice_v2_1_vl_rfs.v:85]
INFO: [Synth 8-638] synthesizing module 'axi_infrastructure_v1_1_0_vector2axi' [/home/nikkatsa/Documents/Sobel_system_ddr/Sobel_system_ddr.srcs/sources_1/bd/design_1/ipshared/7e3a/hdl/axi_infrastructure_v1_1_vl_rfs.v:474]
INFO: [Synth 8-256] done synthesizing module 'axi_infrastructure_v1_1_0_vector2axi' (15#1) [/home/nikkatsa/Documents/Sobel_system_ddr/Sobel_system_ddr.srcs/sources_1/bd/design_1/ipshared/7e3a/hdl/axi_infrastructure_v1_1_vl_rfs.v:474]
INFO: [Synth 8-256] done synthesizing module 'axi_register_slice_v2_1_11_axi_register_slice' (16#1) [/home/nikkatsa/Documents/Sobel_system_ddr/Sobel_system_ddr.srcs/sources_1/bd/design_1/ipshared/0b6b/hdl/axi_register_slice_v2_1_vl_rfs.v:791]
INFO: [Synth 8-638] synthesizing module 'axi_crossbar_v2_1_12_addr_decoder__parameterized2' [/home/nikkatsa/Documents/Sobel_system_ddr/Sobel_system_ddr.srcs/sources_1/bd/design_1/ipshared/896d/hdl/axi_crossbar_v2_1_vl_rfs.v:794]
INFO: [Synth 8-256] done synthesizing module 'axi_crossbar_v2_1_12_addr_decoder__parameterized2' (16#1) [/home/nikkatsa/Documents/Sobel_system_ddr/Sobel_system_ddr.srcs/sources_1/bd/design_1/ipshared/896d/hdl/axi_crossbar_v2_1_vl_rfs.v:794]
INFO: [Synth 8-638] synthesizing module 'axi_crossbar_v2_1_12_addr_decoder__parameterized3' [/home/nikkatsa/Documents/Sobel_system_ddr/Sobel_system_ddr.srcs/sources_1/bd/design_1/ipshared/896d/hdl/axi_crossbar_v2_1_vl_rfs.v:794]
INFO: [Synth 8-256] done synthesizing module 'axi_crossbar_v2_1_12_addr_decoder__parameterized3' (16#1) [/home/nikkatsa/Documents/Sobel_system_ddr/Sobel_system_ddr.srcs/sources_1/bd/design_1/ipshared/896d/hdl/axi_crossbar_v2_1_vl_rfs.v:794]
INFO: [Synth 8-638] synthesizing module 'axi_data_fifo_v2_1_10_axic_srl_fifo__parameterized1' [/home/nikkatsa/Documents/Sobel_system_ddr/Sobel_system_ddr.srcs/sources_1/bd/design_1/ipshared/39ba/hdl/axi_data_fifo_v2_1_vl_rfs.v:698]
INFO: [Synth 8-638] synthesizing module 'axi_data_fifo_v2_1_10_ndeep_srl__parameterized10' [/home/nikkatsa/Documents/Sobel_system_ddr/Sobel_system_ddr.srcs/sources_1/bd/design_1/ipshared/39ba/hdl/axi_data_fifo_v2_1_vl_rfs.v:1134]
INFO: [Synth 8-256] done synthesizing module 'axi_data_fifo_v2_1_10_ndeep_srl__parameterized10' (16#1) [/home/nikkatsa/Documents/Sobel_system_ddr/Sobel_system_ddr.srcs/sources_1/bd/design_1/ipshared/39ba/hdl/axi_data_fifo_v2_1_vl_rfs.v:1134]
INFO: [Synth 8-638] synthesizing module 'axi_data_fifo_v2_1_10_ndeep_srl__parameterized11' [/home/nikkatsa/Documents/Sobel_system_ddr/Sobel_system_ddr.srcs/sources_1/bd/design_1/ipshared/39ba/hdl/axi_data_fifo_v2_1_vl_rfs.v:1134]
INFO: [Synth 8-256] done synthesizing module 'axi_data_fifo_v2_1_10_ndeep_srl__parameterized11' (16#1) [/home/nikkatsa/Documents/Sobel_system_ddr/Sobel_system_ddr.srcs/sources_1/bd/design_1/ipshared/39ba/hdl/axi_data_fifo_v2_1_vl_rfs.v:1134]
INFO: [Synth 8-638] synthesizing module 'axi_data_fifo_v2_1_10_ndeep_srl__parameterized12' [/home/nikkatsa/Documents/Sobel_system_ddr/Sobel_system_ddr.srcs/sources_1/bd/design_1/ipshared/39ba/hdl/axi_data_fifo_v2_1_vl_rfs.v:1134]
INFO: [Synth 8-256] done synthesizing module 'axi_data_fifo_v2_1_10_ndeep_srl__parameterized12' (16#1) [/home/nikkatsa/Documents/Sobel_system_ddr/Sobel_system_ddr.srcs/sources_1/bd/design_1/ipshared/39ba/hdl/axi_data_fifo_v2_1_vl_rfs.v:1134]
INFO: [Synth 8-638] synthesizing module 'axi_data_fifo_v2_1_10_ndeep_srl__parameterized13' [/home/nikkatsa/Documents/Sobel_system_ddr/Sobel_system_ddr.srcs/sources_1/bd/design_1/ipshared/39ba/hdl/axi_data_fifo_v2_1_vl_rfs.v:1134]
INFO: [Synth 8-256] done synthesizing module 'axi_data_fifo_v2_1_10_ndeep_srl__parameterized13' (16#1) [/home/nikkatsa/Documents/Sobel_system_ddr/Sobel_system_ddr.srcs/sources_1/bd/design_1/ipshared/39ba/hdl/axi_data_fifo_v2_1_vl_rfs.v:1134]
INFO: [Synth 8-638] synthesizing module 'axi_data_fifo_v2_1_10_ndeep_srl__parameterized14' [/home/nikkatsa/Documents/Sobel_system_ddr/Sobel_system_ddr.srcs/sources_1/bd/design_1/ipshared/39ba/hdl/axi_data_fifo_v2_1_vl_rfs.v:1134]
INFO: [Synth 8-256] done synthesizing module 'axi_data_fifo_v2_1_10_ndeep_srl__parameterized14' (16#1) [/home/nikkatsa/Documents/Sobel_system_ddr/Sobel_system_ddr.srcs/sources_1/bd/design_1/ipshared/39ba/hdl/axi_data_fifo_v2_1_vl_rfs.v:1134]
INFO: [Synth 8-638] synthesizing module 'axi_data_fifo_v2_1_10_ndeep_srl__parameterized15' [/home/nikkatsa/Documents/Sobel_system_ddr/Sobel_system_ddr.srcs/sources_1/bd/design_1/ipshared/39ba/hdl/axi_data_fifo_v2_1_vl_rfs.v:1134]
INFO: [Synth 8-256] done synthesizing module 'axi_data_fifo_v2_1_10_ndeep_srl__parameterized15' (16#1) [/home/nikkatsa/Documents/Sobel_system_ddr/Sobel_system_ddr.srcs/sources_1/bd/design_1/ipshared/39ba/hdl/axi_data_fifo_v2_1_vl_rfs.v:1134]
INFO: [Synth 8-638] synthesizing module 'axi_data_fifo_v2_1_10_ndeep_srl__parameterized16' [/home/nikkatsa/Documents/Sobel_system_ddr/Sobel_system_ddr.srcs/sources_1/bd/design_1/ipshared/39ba/hdl/axi_data_fifo_v2_1_vl_rfs.v:1134]
INFO: [Synth 8-256] done synthesizing module 'axi_data_fifo_v2_1_10_ndeep_srl__parameterized16' (16#1) [/home/nikkatsa/Documents/Sobel_system_ddr/Sobel_system_ddr.srcs/sources_1/bd/design_1/ipshared/39ba/hdl/axi_data_fifo_v2_1_vl_rfs.v:1134]
INFO: [Synth 8-638] synthesizing module 'axi_data_fifo_v2_1_10_ndeep_srl__parameterized17' [/home/nikkatsa/Documents/Sobel_system_ddr/Sobel_system_ddr.srcs/sources_1/bd/design_1/ipshared/39ba/hdl/axi_data_fifo_v2_1_vl_rfs.v:1134]
INFO: [Synth 8-256] done synthesizing module 'axi_data_fifo_v2_1_10_ndeep_srl__parameterized17' (16#1) [/home/nikkatsa/Documents/Sobel_system_ddr/Sobel_system_ddr.srcs/sources_1/bd/design_1/ipshared/39ba/hdl/axi_data_fifo_v2_1_vl_rfs.v:1134]
INFO: [Synth 8-256] done synthesizing module 'axi_data_fifo_v2_1_10_axic_srl_fifo__parameterized1' (16#1) [/home/nikkatsa/Documents/Sobel_system_ddr/Sobel_system_ddr.srcs/sources_1/bd/design_1/ipshared/39ba/hdl/axi_data_fifo_v2_1_vl_rfs.v:698]
INFO: [Synth 8-638] synthesizing module 'axi_crossbar_v2_1_12_wdata_mux__parameterized0' [/home/nikkatsa/Documents/Sobel_system_ddr/Sobel_system_ddr.srcs/sources_1/bd/design_1/ipshared/896d/hdl/axi_crossbar_v2_1_vl_rfs.v:4559]
INFO: [Synth 8-638] synthesizing module 'axi_data_fifo_v2_1_10_axic_reg_srl_fifo__parameterized1' [/home/nikkatsa/Documents/Sobel_system_ddr/Sobel_system_ddr.srcs/sources_1/bd/design_1/ipshared/39ba/hdl/axi_data_fifo_v2_1_vl_rfs.v:889]
INFO: [Synth 8-638] synthesizing module 'axi_data_fifo_v2_1_10_ndeep_srl__parameterized18' [/home/nikkatsa/Documents/Sobel_system_ddr/Sobel_system_ddr.srcs/sources_1/bd/design_1/ipshared/39ba/hdl/axi_data_fifo_v2_1_vl_rfs.v:1134]
INFO: [Synth 8-256] done synthesizing module 'axi_data_fifo_v2_1_10_ndeep_srl__parameterized18' (16#1) [/home/nikkatsa/Documents/Sobel_system_ddr/Sobel_system_ddr.srcs/sources_1/bd/design_1/ipshared/39ba/hdl/axi_data_fifo_v2_1_vl_rfs.v:1134]
INFO: [Synth 8-256] done synthesizing module 'axi_data_fifo_v2_1_10_axic_reg_srl_fifo__parameterized1' (16#1) [/home/nikkatsa/Documents/Sobel_system_ddr/Sobel_system_ddr.srcs/sources_1/bd/design_1/ipshared/39ba/hdl/axi_data_fifo_v2_1_vl_rfs.v:889]
INFO: [Synth 8-638] synthesizing module 'generic_baseblocks_v2_1_0_mux_enc__parameterized3' [/home/nikkatsa/Documents/Sobel_system_ddr/Sobel_system_ddr.srcs/sources_1/bd/design_1/ipshared/7ee0/hdl/generic_baseblocks_v2_1_vl_rfs.v:2452]
INFO: [Synth 8-256] done synthesizing module 'generic_baseblocks_v2_1_0_mux_enc__parameterized3' (16#1) [/home/nikkatsa/Documents/Sobel_system_ddr/Sobel_system_ddr.srcs/sources_1/bd/design_1/ipshared/7ee0/hdl/generic_baseblocks_v2_1_vl_rfs.v:2452]
INFO: [Synth 8-256] done synthesizing module 'axi_crossbar_v2_1_12_wdata_mux__parameterized0' (16#1) [/home/nikkatsa/Documents/Sobel_system_ddr/Sobel_system_ddr.srcs/sources_1/bd/design_1/ipshared/896d/hdl/axi_crossbar_v2_1_vl_rfs.v:4559]
INFO: [Synth 8-638] synthesizing module 'axi_crossbar_v2_1_12_decerr_slave' [/home/nikkatsa/Documents/Sobel_system_ddr/Sobel_system_ddr.srcs/sources_1/bd/design_1/ipshared/896d/hdl/axi_crossbar_v2_1_vl_rfs.v:3500]
INFO: [Synth 8-256] done synthesizing module 'axi_crossbar_v2_1_12_decerr_slave' (17#1) [/home/nikkatsa/Documents/Sobel_system_ddr/Sobel_system_ddr.srcs/sources_1/bd/design_1/ipshared/896d/hdl/axi_crossbar_v2_1_vl_rfs.v:3500]
INFO: [Synth 8-638] synthesizing module 'axi_crossbar_v2_1_12_addr_arbiter' [/home/nikkatsa/Documents/Sobel_system_ddr/Sobel_system_ddr.srcs/sources_1/bd/design_1/ipshared/896d/hdl/axi_crossbar_v2_1_vl_rfs.v:423]
INFO: [Synth 8-638] synthesizing module 'generic_baseblocks_v2_1_0_mux_enc__parameterized4' [/home/nikkatsa/Documents/Sobel_system_ddr/Sobel_system_ddr.srcs/sources_1/bd/design_1/ipshared/7ee0/hdl/generic_baseblocks_v2_1_vl_rfs.v:2452]
INFO: [Synth 8-256] done synthesizing module 'generic_baseblocks_v2_1_0_mux_enc__parameterized4' (17#1) [/home/nikkatsa/Documents/Sobel_system_ddr/Sobel_system_ddr.srcs/sources_1/bd/design_1/ipshared/7ee0/hdl/generic_baseblocks_v2_1_vl_rfs.v:2452]
INFO: [Synth 8-638] synthesizing module 'generic_baseblocks_v2_1_0_mux_enc__parameterized5' [/home/nikkatsa/Documents/Sobel_system_ddr/Sobel_system_ddr.srcs/sources_1/bd/design_1/ipshared/7ee0/hdl/generic_baseblocks_v2_1_vl_rfs.v:2452]
INFO: [Synth 8-256] done synthesizing module 'generic_baseblocks_v2_1_0_mux_enc__parameterized5' (17#1) [/home/nikkatsa/Documents/Sobel_system_ddr/Sobel_system_ddr.srcs/sources_1/bd/design_1/ipshared/7ee0/hdl/generic_baseblocks_v2_1_vl_rfs.v:2452]
INFO: [Synth 8-256] done synthesizing module 'axi_crossbar_v2_1_12_addr_arbiter' (18#1) [/home/nikkatsa/Documents/Sobel_system_ddr/Sobel_system_ddr.srcs/sources_1/bd/design_1/ipshared/896d/hdl/axi_crossbar_v2_1_vl_rfs.v:423]
INFO: [Synth 8-256] done synthesizing module 'axi_crossbar_v2_1_12_crossbar' (19#1) [/home/nikkatsa/Documents/Sobel_system_ddr/Sobel_system_ddr.srcs/sources_1/bd/design_1/ipshared/896d/hdl/axi_crossbar_v2_1_vl_rfs.v:2239]
INFO: [Synth 8-256] done synthesizing module 'axi_crossbar_v2_1_12_axi_crossbar' (20#1) [/home/nikkatsa/Documents/Sobel_system_ddr/Sobel_system_ddr.srcs/sources_1/bd/design_1/ipshared/896d/hdl/axi_crossbar_v2_1_vl_rfs.v:4882]
INFO: [Synth 8-256] done synthesizing module 'design_1_xbar_0' (21#1) [/home/nikkatsa/Documents/Sobel_system_ddr/Sobel_system_ddr.srcs/sources_1/bd/design_1/ip/design_1_xbar_0/synth/design_1_xbar_0.v:59]
Finished RTL Elaboration : Time (s): cpu = 00:00:22 ; elapsed = 00:00:24 . Memory (MB): peak = 1207.035 ; gain = 276.555 ; free physical = 132 ; free virtual = 4801
Finished RTL Optimization Phase 1 : Time (s): cpu = 00:00:22 ; elapsed = 00:00:24 . Memory (MB): peak = 1207.035 ; gain = 276.555 ; free physical = 119 ; free virtual = 4781
INFO: [Device 21-403] Loading part xc7z020clg484-1
Constraint Validation Runtime : Time (s): cpu = 00:00:00.10 ; elapsed = 00:00:00.09 . Memory (MB): peak = 1518.910 ; gain = 0.000 ; free physical = 123 ; free virtual = 4362
Finished Constraint Validation : Time (s): cpu = 00:00:38 ; elapsed = 00:00:41 . Memory (MB): peak = 1518.910 ; gain = 588.430 ; free physical = 147 ; free virtual = 4351
Finished Loading Part and Timing Information : Time (s): cpu = 00:00:38 ; elapsed = 00:00:41 . Memory (MB): peak = 1518.910 ; gain = 588.430 ; free physical = 147 ; free virtual = 4351
Finished applying 'set_property' XDC Constraints : Time (s): cpu = 00:00:38 ; elapsed = 00:00:41 . Memory (MB): peak = 1518.910 ; gain = 588.430 ; free physical = 147 ; free virtual = 4351
Finished RTL Optimization Phase 2 : Time (s): cpu = 00:00:40 ; elapsed = 00:00:43 . Memory (MB): peak = 1518.910 ; gain = 588.430 ; free physical = 130 ; free virtual = 4335
Finished Cross Boundary and Area Optimization : Time (s): cpu = 00:00:45 ; elapsed = 00:00:48 . Memory (MB): peak = 1518.910 ; gain = 588.430 ; free physical = 122 ; free virtual = 4250
Finished Applying XDC Timing Constraints : Time (s): cpu = 00:01:00 ; elapsed = 00:01:04 . Memory (MB): peak = 1518.910 ; gain = 588.430 ; free physical = 454 ; free virtual = 4279
Finished Timing Optimization : Time (s): cpu = 00:01:02 ; elapsed = 00:01:06 . Memory (MB): peak = 1518.910 ; gain = 588.430 ; free physical = 318 ; free virtual = 4127
Finished Technology Mapping : Time (s): cpu = 00:01:03 ; elapsed = 00:01:07 . Memory (MB): peak = 1524.988 ; gain = 594.508 ; free physical = 274 ; free virtual = 4084
Finished IO Insertion : Time (s): cpu = 00:01:03 ; elapsed = 00:01:07 . Memory (MB): peak = 1524.988 ; gain = 594.508 ; free physical = 935 ; free virtual = 4746
Finished Renaming Generated Instances : Time (s): cpu = 00:01:03 ; elapsed = 00:01:07 . Memory (MB): peak = 1524.988 ; gain = 594.508 ; free physical = 934 ; free virtual = 4745
Finished Rebuilding User Hierarchy : Time (s): cpu = 00:01:04 ; elapsed = 00:01:07 . Memory (MB): peak = 1524.988 ; gain = 594.508 ; free physical = 920 ; free virtual = 4731
Finished Renaming Generated Ports : Time (s): cpu = 00:01:04 ; elapsed = 00:01:07 . Memory (MB): peak = 1524.988 ; gain = 594.508 ; free physical = 920 ; free virtual = 4731
Finished Handling Custom Attributes : Time (s): cpu = 00:01:04 ; elapsed = 00:01:08 . Memory (MB): peak = 1524.988 ; gain = 594.508 ; free physical = 916 ; free virtual = 4727
Finished Renaming Generated Nets : Time (s): cpu = 00:01:04 ; elapsed = 00:01:08 . Memory (MB): peak = 1524.988 ; gain = 594.508 ; free physical = 916 ; free virtual = 4727

Report Cell Usage: 
+------+--------+------+
|      |Cell    |Count |
+------+--------+------+
|1     |LUT1    |    11|
|2     |LUT2    |   154|
|3     |LUT3    |   305|
|4     |LUT4    |    40|
|5     |LUT5    |    55|
|6     |LUT6    |   109|
|7     |SRLC32E |     4|
|8     |FDRE    |   376|
|9     |FDSE    |    17|
+------+--------+------+
Finished Writing Synthesis Report : Time (s): cpu = 00:01:04 ; elapsed = 00:01:08 . Memory (MB): peak = 1524.988 ; gain = 594.508 ; free physical = 915 ; free virtual = 4727
synth_design: Time (s): cpu = 00:01:03 ; elapsed = 00:01:06 . Memory (MB): peak = 1557.004 ; gain = 559.020 ; free physical = 900 ; free virtual = 4721
