#-----------------------------------------------------------
# Vivado v2019.1.3 (64-bit)
# SW Build 2644227 on Wed Sep  4 09:45:24 MDT 2019
# IP Build 2633630 on Wed Sep  4 12:30:14 MDT 2019
# Start of session at: Mon Mar  2 18:53:03 2020
# Process ID: 12728
# Current directory: C:/A2_project/Vivado/Demo_IP_HLS/Demo_IP_HLS_mul64
# Command line: vivado.exe -gui_launcher_event rodinguilauncherevent8564 C:\A2_project\Vivado\Demo_IP_HLS\Demo_IP_HLS_mul64\Demo_IP_HLS_mul64.xpr
# Log file: C:/A2_project/Vivado/Demo_IP_HLS/Demo_IP_HLS_mul64/vivado.log
# Journal file: C:/A2_project/Vivado/Demo_IP_HLS/Demo_IP_HLS_mul64\vivado.jou
#-----------------------------------------------------------
start_gui
open_project C:/A2_project/Vivado/Demo_IP_HLS/Demo_IP_HLS_mul64/Demo_IP_HLS_mul64.xpr
Scanning sources...
Finished scanning sources
WARNING: [filemgmt 56-3] Board Part Repository Path: Could not find the directory 'C:/../../../../../AppData/Roaming/Xilinx/Vivado/2019.1/xhub/board_store'.
INFO: [IP_Flow 19-234] Refreshing IP repositories
INFO: [IP_Flow 19-1700] Loaded user IP repository 'c:/A2_project/HLS'.
INFO: [IP_Flow 19-2313] Loaded Vivado IP repository 'C:/Xilinx/Vivado/2019.1/data/ip'.
WARNING: [IP_Flow 19-1663] Duplicate IP found for 'xilinx.com:hls:multiply_block:1.0'. The one found in IP location 'c:/A2_project/HLS/xilinx_com_hls_multiply_block_1_0' will take precedence over the same IP in location c:/A2_project/HLS/Block_Matrix_HLS/block_matrix/solution2/impl/ip
open_project: Time (s): cpu = 00:00:31 ; elapsed = 00:00:22 . Memory (MB): peak = 996.016 ; gain = 125.137
update_compile_order -fileset sources_1
