==============================================================
Vivado(TM) HLS - High-Level Synthesis from C, C++ and SystemC v2019.1 (64-bit)
Copyright 1986-2019 Xilinx, Inc. All Rights Reserved.
==============================================================
==============================================================
Vivado(TM) HLS - High-Level Synthesis from C, C++ and SystemC v2019.1 (64-bit)
Copyright 1986-2019 Xilinx, Inc. All Rights Reserved.
==============================================================
==============================================================
Vivado(TM) HLS - High-Level Synthesis from C, C++ and SystemC v2019.1 (64-bit)
Copyright 1986-2019 Xilinx, Inc. All Rights Reserved.
==============================================================
==============================================================
Vivado(TM) HLS - High-Level Synthesis from C, C++ and SystemC v2019.1 (64-bit)
Copyright 1986-2019 Xilinx, Inc. All Rights Reserved.
==============================================================
==============================================================
Vivado(TM) HLS - High-Level Synthesis from C, C++ and SystemC v2019.1 (64-bit)
Copyright 1986-2019 Xilinx, Inc. All Rights Reserved.
==============================================================
==============================================================
Vivado(TM) HLS - High-Level Synthesis from C, C++ and SystemC v2019.1 (64-bit)
Copyright 1986-2019 Xilinx, Inc. All Rights Reserved.
==============================================================
==============================================================
Vivado(TM) HLS - High-Level Synthesis from C, C++ and SystemC v2019.1 (64-bit)
Copyright 1986-2019 Xilinx, Inc. All Rights Reserved.
==============================================================
==============================================================
Vivado(TM) HLS - High-Level Synthesis from C, C++ and SystemC v2019.1 (64-bit)
Copyright 1986-2019 Xilinx, Inc. All Rights Reserved.
==============================================================
==============================================================
Vivado(TM) HLS - High-Level Synthesis from C, C++ and SystemC v2019.1 (64-bit)
Copyright 1986-2019 Xilinx, Inc. All Rights Reserved.
==============================================================
==============================================================
Vivado(TM) HLS - High-Level Synthesis from C, C++ and SystemC v2019.1 (64-bit)
Copyright 1986-2019 Xilinx, Inc. All Rights Reserved.
==============================================================
==============================================================
Vivado(TM) HLS - High-Level Synthesis from C, C++ and SystemC v2019.1 (64-bit)
Copyright 1986-2019 Xilinx, Inc. All Rights Reserved.
==============================================================
==============================================================
Vivado(TM) HLS - High-Level Synthesis from C, C++ and SystemC v2019.1 (64-bit)
Copyright 1986-2019 Xilinx, Inc. All Rights Reserved.
==============================================================
==============================================================
Vivado(TM) HLS - High-Level Synthesis from C, C++ and SystemC v2019.1 (64-bit)
Copyright 1986-2019 Xilinx, Inc. All Rights Reserved.
==============================================================
INFO: [SYN 201-201] Setting up clock 'default' with a period of 10ns.
WARNING: [HLS 200-40] Cannot find library '/mnt/side_windows/Vivado_linux/Vivado/2019.1/common/technology/xilinx/Zynq-7000/Zynq-7000.lib'.
WARNING: [HLS 200-40] Cannot find library 'xilinx/Zynq-7000/Zynq-7000'.
INFO: [HLS 200-10] Setting target device to 'xc7z010i-clg225-1L'
INFO: [SCHED 204-61] Option 'relax_ii_for_timing' is enabled, will increase II to preserve clock frequency constraints.
INFO: [HLS 200-10] Analyzing design file 'src/kmeans.c' ... 
ERROR: [HLS 200-70] Compilation errors found: In file included from src/kmeans.c:1:
src/kmeans.c:22:2: warning: implicitly declaring library function 'memcpy' with type 'void *(void *, const void *, unsigned long)'
 memcpy(X,in_X,128,sizeof(float));
 ^
src/kmeans.c:22:2: note: please include the header <string.h> or explicitly provide a declaration for 'memcpy'
src/kmeans.c:22:20: error: too many arguments to function call, expected 3, have 4
 memcpy(X,in_X,128,sizeof(float));
 ~~~~~~            ^~~~~~~~~~~~~
src/kmeans.c:23:20: error: too many arguments to function call, expected 3, have 4
 memcpy(Y,in_Y,128,sizeof(float));
 ~~~~~~            ^~~~~~~~~~~~~
src/kmeans.c:24:28: error: too many arguments to function call, expected 3, have 4
 memcpy(X_prot,in_X_prot,8,sizeof(float));
 ~~~~~~                    ^~~~~~~~~~~~~
src/kmeans.c:25:28: error: too many arguments to function call, expected 3, have 4
 memcpy(Y_prot,in_Y_prot,8,sizeof(float));
 ~~~~~~                    ^~~~~~~~~~~~~
src/kmeans.c:72:34: error: too many arguments to function call, expected 3, have 4
 memcpy(out_cluster, cluster,128,sizeof(int));
 ~~~~~~                          ^~~~~~~~~~~
1 warning and 5 errors generated.
==============================================================
Vivado(TM) HLS - High-Level Synthesis from C, C++ and SystemC v2019.1 (64-bit)
Copyright 1986-2019 Xilinx, Inc. All Rights Reserved.
==============================================================
==============================================================
Vivado(TM) HLS - High-Level Synthesis from C, C++ and SystemC v2019.1 (64-bit)
Copyright 1986-2019 Xilinx, Inc. All Rights Reserved.
==============================================================
==============================================================
Vivado(TM) HLS - High-Level Synthesis from C, C++ and SystemC v2019.1 (64-bit)
Copyright 1986-2019 Xilinx, Inc. All Rights Reserved.
==============================================================
==============================================================
Vivado(TM) HLS - High-Level Synthesis from C, C++ and SystemC v2019.1 (64-bit)
Copyright 1986-2019 Xilinx, Inc. All Rights Reserved.
==============================================================
==============================================================
Vivado(TM) HLS - High-Level Synthesis from C, C++ and SystemC v2019.1 (64-bit)
Copyright 1986-2019 Xilinx, Inc. All Rights Reserved.
==============================================================
==============================================================
Vivado(TM) HLS - High-Level Synthesis from C, C++ and SystemC v2019.1 (64-bit)
Copyright 1986-2019 Xilinx, Inc. All Rights Reserved.
==============================================================
==============================================================
Vivado(TM) HLS - High-Level Synthesis from C, C++ and SystemC v2019.1 (64-bit)
Copyright 1986-2019 Xilinx, Inc. All Rights Reserved.
==============================================================
==============================================================
Vivado(TM) HLS - High-Level Synthesis from C, C++ and SystemC v2019.1 (64-bit)
Copyright 1986-2019 Xilinx, Inc. All Rights Reserved.
==============================================================
==============================================================
Vivado(TM) HLS - High-Level Synthesis from C, C++ and SystemC v2019.1 (64-bit)
Copyright 1986-2019 Xilinx, Inc. All Rights Reserved.
==============================================================
==============================================================
Vivado(TM) HLS - High-Level Synthesis from C, C++ and SystemC v2019.1 (64-bit)
Copyright 1986-2019 Xilinx, Inc. All Rights Reserved.
==============================================================
==============================================================
Vivado(TM) HLS - High-Level Synthesis from C, C++ and SystemC v2019.1 (64-bit)
Copyright 1986-2019 Xilinx, Inc. All Rights Reserved.
==============================================================
INFO: [SYN 201-201] Setting up clock 'default' with a period of 10ns.
WARNING: [HLS 200-40] Cannot find library '/mnt/side_windows/Vivado_linux/Vivado/2019.1/common/technology/xilinx/Zynq-7000/Zynq-7000.lib'.
WARNING: [HLS 200-40] Cannot find library 'xilinx/Zynq-7000/Zynq-7000'.
INFO: [HLS 200-10] Setting target device to 'xc7z010i-clg225-1L'
INFO: [SCHED 204-61] Option 'relax_ii_for_timing' is enabled, will increase II to preserve clock frequency constraints.
INFO: [HLS 200-10] Analyzing design file 'src/kmeans.c' ... 
INFO: [HLS 200-111] Finished Linking Time (s): cpu = 00:00:08 ; elapsed = 00:00:09 . Memory (MB): peak = 836.230 ; gain = 128.000 ; free physical = 2115 ; free virtual = 11416
INFO: [HLS 200-111] Finished Checking Pragmas Time (s): cpu = 00:00:08 ; elapsed = 00:00:09 . Memory (MB): peak = 836.230 ; gain = 128.000 ; free physical = 2115 ; free virtual = 11416
INFO: [HLS 200-10] Starting code transformations ...
INFO: [HLS 200-111] Finished Standard Transforms Time (s): cpu = 00:00:09 ; elapsed = 00:00:10 . Memory (MB): peak = 836.230 ; gain = 128.000 ; free physical = 2098 ; free virtual = 11403
INFO: [HLS 200-10] Checking synthesizability ...
INFO: [XFORM 203-602] Inlining function 'fp_struct<double>::data' into 'fp_struct<double>::to_double' (/wrk/2019.1/continuous/2019_05_24_2552052/src/products/hls/hls_lib/src/hls/utils/x_hls_utils.h:512) automatically.
INFO: [XFORM 203-602] Inlining function 'fp_struct<double>::to_double' into 'fp_struct<double>::to_ieee' (/wrk/2019.1/continuous/2019_05_24_2552052/src/products/hls/hls_lib/src/hls/utils/x_hls_utils.h:526) automatically.
INFO: [XFORM 203-602] Inlining function 'fp_struct<double>::to_ieee' into 'generic_copysign<double>' (/wrk/2019.1/continuous/2019_05_24_2552052/src/products/hls/hls_lib/hlsmath/include/FloatingPoint/hls_copysign.h:14) automatically.
INFO: [XFORM 203-602] Inlining function 'generic_copysign<double>' into 'generic_fabs<double>' (/wrk/2019.1/continuous/2019_05_24_2552052/src/products/hls/hls_lib/hlsmath/include/FloatingPoint/hls_fabs.h:13) automatically.
INFO: [XFORM 203-602] Inlining function 'generic_fabs<double>' into 'fabs' (/wrk/2019.1/continuous/2019_05_24_2552052/src/products/hls/hls_lib/hlsmath/src/c/fabsdouble.cpp:8) automatically.
INFO: [XFORM 203-602] Inlining function 'fabs' into 'distance' (src/kmeans.c:83) automatically.
INFO: [XFORM 203-602] Inlining function 'distance' into 'kmeans' (src/kmeans.c:45) automatically.
INFO: [XFORM 203-602] Inlining function 'moy' into 'kmeans' (src/kmeans.c:70) automatically.
INFO: [HLS 200-111] Finished Checking Synthesizability Time (s): cpu = 00:00:09 ; elapsed = 00:00:11 . Memory (MB): peak = 836.230 ; gain = 128.000 ; free physical = 2087 ; free virtual = 11393
INFO: [XFORM 203-102] Automatically partitioning small array 'X_prot' (src/kmeans.c:20) completely based on array size.
INFO: [XFORM 203-102] Automatically partitioning small array 'Y_prot' (src/kmeans.c:21) completely based on array size.
INFO: [XFORM 203-101] Partitioning array 'X_prot' (src/kmeans.c:20) in dimension 1 completely.
INFO: [XFORM 203-101] Partitioning array 'Y_prot' (src/kmeans.c:21) in dimension 1 completely.
INFO: [XFORM 203-602] Inlining function 'fp_struct<double>::data' into 'fp_struct<double>::to_double' (/wrk/2019.1/continuous/2019_05_24_2552052/src/products/hls/hls_lib/src/hls/utils/x_hls_utils.h:512) automatically.
INFO: [XFORM 203-602] Inlining function 'fp_struct<double>::to_double' into 'fp_struct<double>::to_ieee' (/wrk/2019.1/continuous/2019_05_24_2552052/src/products/hls/hls_lib/src/hls/utils/x_hls_utils.h:526) automatically.
INFO: [XFORM 203-602] Inlining function 'fp_struct<double>::to_ieee' into 'generic_copysign<double>' (/wrk/2019.1/continuous/2019_05_24_2552052/src/products/hls/hls_lib/hlsmath/include/FloatingPoint/hls_copysign.h:14) automatically.
INFO: [XFORM 203-602] Inlining function 'generic_copysign<double>' into 'generic_fabs<double>' (/wrk/2019.1/continuous/2019_05_24_2552052/src/products/hls/hls_lib/hlsmath/include/FloatingPoint/hls_fabs.h:13) automatically.
INFO: [XFORM 203-602] Inlining function 'generic_fabs<double>' into 'fabs' (/wrk/2019.1/continuous/2019_05_24_2552052/src/products/hls/hls_lib/hlsmath/src/c/fabsdouble.cpp:8) automatically.
INFO: [XFORM 203-602] Inlining function 'fabs' into 'distance' (src/kmeans.c:83) automatically.
INFO: [XFORM 203-602] Inlining function 'distance' into 'kmeans' (src/kmeans.c:45) automatically.
INFO: [XFORM 203-602] Inlining function 'moy' into 'kmeans' (src/kmeans.c:70) automatically.
INFO: [XFORM 203-401] Performing if-conversion on hyperblock from (src/kmeans.c:62:43) to (src/kmeans.c:62:37) in function 'kmeans'... converting 3 basic blocks.
INFO: [XFORM 203-401] Performing if-conversion on hyperblock from (src/kmeans.c:70:16) to (src/kmeans.c:90:2) in function 'kmeans'... converting 6 basic blocks.
INFO: [XFORM 203-401] Performing if-conversion on hyperblock from (src/kmeans.c:71:16) to (src/kmeans.c:56:35) in function 'kmeans'... converting 6 basic blocks.
INFO: [HLS 200-111] Finished Pre-synthesis Time (s): cpu = 00:00:10 ; elapsed = 00:00:11 . Memory (MB): peak = 908.230 ; gain = 200.000 ; free physical = 2054 ; free virtual = 11364
INFO: [HLS 200-444] Inferring multiple bus burst read of a total cumulative length 128 on port 'INPUT' (src/kmeans.c:25:2). These data requests might be further partitioned to multiple requests during RTL generation, based on max_read_burst_length or max_write_burst_length settings.
INFO: [HLS 200-444] Inferring multiple bus burst read of a total cumulative length 128 on port 'INPUT' (src/kmeans.c:26:2). These data requests might be further partitioned to multiple requests during RTL generation, based on max_read_burst_length or max_write_burst_length settings.
INFO: [HLS 200-444] Inferring multiple bus burst read of a total cumulative length 4 on port 'INPUT' (src/kmeans.c:27:2). These data requests might be further partitioned to multiple requests during RTL generation, based on max_read_burst_length or max_write_burst_length settings.
INFO: [HLS 200-444] Inferring multiple bus burst read of a total cumulative length 4 on port 'INPUT' (src/kmeans.c:28:2). These data requests might be further partitioned to multiple requests during RTL generation, based on max_read_burst_length or max_write_burst_length settings.
INFO: [HLS 200-444] Inferring multiple bus burst write of a total cumulative length 128 on port 'OUTPUT' (src/kmeans.c:75:2). These data requests might be further partitioned to multiple requests during RTL generation, based on max_read_burst_length or max_write_burst_length settings.
INFO: [HLS 200-111] Finished Architecture Synthesis Time (s): cpu = 00:00:10 ; elapsed = 00:00:11 . Memory (MB): peak = 908.793 ; gain = 200.562 ; free physical = 2044 ; free virtual = 11356
INFO: [HLS 200-10] Starting hardware synthesis ...
INFO: [HLS 200-10] Synthesizing 'kmeans' ...
WARNING: [SYN 201-107] Renaming port name 'kmeans/INPUT' to 'kmeans/INPUT_r' to avoid the conflict with HDL keywords or other object names.
WARNING: [SYN 201-107] Renaming port name 'kmeans/OUTPUT' to 'kmeans/OUTPUT_r' to avoid the conflict with HDL keywords or other object names.
INFO: [HLS 200-10] ----------------------------------------------------------------
INFO: [HLS 200-42] -- Implementing module 'kmeans' 
INFO: [HLS 200-10] ----------------------------------------------------------------
INFO: [SCHED 204-11] Starting scheduling ...
INFO: [SCHED 204-61] Pipelining loop 'memcpy.X.in_X'.
INFO: [SCHED 204-61] Pipelining result : Target II = 1, Final II = 1, Depth = 3.
INFO: [SCHED 204-61] Pipelining loop 'memcpy.Y.in_Y'.
INFO: [SCHED 204-61] Pipelining result : Target II = 1, Final II = 1, Depth = 3.
INFO: [SCHED 204-61] Pipelining loop 'memcpy.X_prot.in_X_prot'.
INFO: [SCHED 204-61] Pipelining result : Target II = 1, Final II = 1, Depth = 2.
INFO: [SCHED 204-61] Pipelining loop 'memcpy.Y_prot.in_Y_prot'.
INFO: [SCHED 204-61] Pipelining result : Target II = 1, Final II = 1, Depth = 2.
INFO: [SCHED 204-61] Pipelining loop 'memcpy.out_cluster.cluster.gep'.
INFO: [SCHED 204-61] Pipelining result : Target II = 1, Final II = 1, Depth = 3.
INFO: [SCHED 204-11]==============================================================
Vivado(TM) HLS - High-Level Synthesis from C, C++ and SystemC v2019.1 (64-bit)
Copyright 1986-2019 Xilinx, Inc. All Rights Reserved.
==============================================================
