17:00:23 INFO  : Registering command handlers for SDK TCF services
17:00:24 INFO  : Launching XSCT server: xsct.bat -interactive C:\A2_project\Board_Project_A2_multi_processor.sdk\temp_xsdb_launch_script.tcl
17:00:28 INFO  : XSCT server has started successfully.
17:00:28 INFO  : Processing command line option -hwspec C:/A2_project/Board_Project_A2_multi_processor.sdk/design_multi_wrapper.hdf.
17:00:28 INFO  : Successfully done setting XSCT server connection channel  
17:00:28 INFO  : Successfully done setting SDK workspace  
17:05:05 INFO  : Connected to target on host '127.0.0.1' and port '3121'.
17:05:06 INFO  : 'targets -set -filter {jtag_cable_name =~ "Digilent Zed 210248686847" && level==0} -index 1' command is executed.
17:05:08 INFO  : FPGA configured successfully with bitstream "C:/A2_project/Board_Project_A2_multi_processor.sdk/design_multi_wrapper_hw_platform_0/download.bit"
17:05:31 INFO  : 'targets -set -filter {jtag_cable_name =~ "Digilent Zed 210248686847" && level==0} -index 1' command is executed.
17:05:31 INFO  : 'fpga -state' command is executed.
17:05:31 INFO  : Connected to target on host '127.0.0.1' and port '3121'.
17:05:31 INFO  : Jtag cable 'Digilent Zed 210248686847' is selected.
17:05:31 INFO  : 'jtag frequency' command is executed.
17:05:31 INFO  : Sourcing of 'C:/A2_project/Board_Project_A2_multi_processor.sdk/design_multi_wrapper_hw_platform_0/ps7_init.tcl' is done.
17:05:31 INFO  : Context for 'APU' is selected.
17:05:31 INFO  : Hardware design information is loaded from 'C:/A2_project/Board_Project_A2_multi_processor.sdk/design_multi_wrapper_hw_platform_0/system.hdf'.
17:05:31 INFO  : 'configparams force-mem-access 1' command is executed.
17:05:31 INFO  : Context for 'APU' is selected.
17:05:31 INFO  : 'stop' command is executed.
17:05:32 INFO  : 'ps7_init' command is executed.
17:05:32 INFO  : 'ps7_post_config' command is executed.
17:05:32 INFO  : 'configparams mdm-detect-bscan-mask 2' command is executed.
17:05:32 INFO  : Context for processor 'ps7_cortexa9_0' is selected.
17:05:32 INFO  : Processor reset is completed for 'ps7_cortexa9_0'.
17:05:32 INFO  : Context for processor 'ps7_cortexa9_0' is selected.
17:05:32 INFO  : The application 'C:/A2_project/Board_Project_A2_multi_processor.sdk/test_zynq/Debug/test_zynq.elf' is downloaded to processor 'ps7_cortexa9_0'.
17:05:32 INFO  : 'configparams force-mem-access 0' command is executed.
17:05:32 INFO  : ----------------XSDB Script----------------
connect -url tcp:127.0.0.1:3121
source C:/A2_project/Board_Project_A2_multi_processor.sdk/design_multi_wrapper_hw_platform_0/ps7_init.tcl
targets -set -nocase -filter {name =~"APU*" && jtag_cable_name =~ "Digilent Zed 210248686847"} -index 0
loadhw -hw C:/A2_project/Board_Project_A2_multi_processor.sdk/design_multi_wrapper_hw_platform_0/system.hdf -mem-ranges [list {0x40000000 0xbfffffff}]
configparams force-mem-access 1
targets -set -nocase -filter {name =~"APU*" && jtag_cable_name =~ "Digilent Zed 210248686847"} -index 0
stop
ps7_init
ps7_post_config
configparams mdm-detect-bscan-mask 2
targets -set -nocase -filter {name =~ "ARM*#0" && jtag_cable_name =~ "Digilent Zed 210248686847"} -index 0
rst -processor
targets -set -nocase -filter {name =~ "ARM*#0" && jtag_cable_name =~ "Digilent Zed 210248686847"} -index 0
dow C:/A2_project/Board_Project_A2_multi_processor.sdk/test_zynq/Debug/test_zynq.elf
configparams force-mem-access 0
----------------End of Script----------------

17:05:32 INFO  : Memory regions updated for context APU
17:05:32 INFO  : Memory regions updated for context PA
17:05:32 INFO  : Memory regions updated for context MicroBlaze Debug Module at USER2
17:05:32 INFO  : Context for processor 'ps7_cortexa9_0' is selected.
17:05:33 INFO  : 'con' command is executed.
17:05:33 INFO  : ----------------XSDB Script (After Launch)----------------
targets -set -nocase -filter {name =~ "ARM*#0" && jtag_cable_name =~ "Digilent Zed 210248686847"} -index 0
con
----------------End of Script----------------

17:05:33 INFO  : Launch script is exported to file 'C:\A2_project\Board_Project_A2_multi_processor.sdk\.sdk\launch_scripts\xilinx_c-c++_application_(system_debugger)\system_debugger_using_debug_test_zynq.elf_on_local.tcl'
17:05:50 INFO  : Disconnected from the channel tcfchan#1.
17:05:52 INFO  : 'targets -set -filter {jtag_cable_name =~ "Digilent Zed 210248686847" && level==0} -index 1' command is executed.
17:05:52 INFO  : 'fpga -state' command is executed.
17:05:52 INFO  : Connected to target on host '127.0.0.1' and port '3121'.
17:05:52 INFO  : Jtag cable 'Digilent Zed 210248686847' is selected.
17:05:52 INFO  : 'jtag frequency' command is executed.
17:05:52 INFO  : Sourcing of 'C:/A2_project/Board_Project_A2_multi_processor.sdk/design_multi_wrapper_hw_platform_0/ps7_init.tcl' is done.
17:05:52 INFO  : Context for 'APU' is selected.
17:05:56 INFO  : Hardware design information is loaded from 'C:/A2_project/Board_Project_A2_multi_processor.sdk/design_multi_wrapper_hw_platform_0/system.hdf'.
17:05:56 INFO  : 'configparams force-mem-access 1' command is executed.
17:05:56 INFO  : Context for 'APU' is selected.
17:05:56 INFO  : 'stop' command is executed.
17:05:56 INFO  : 'ps7_init' command is executed.
17:05:56 INFO  : 'ps7_post_config' command is executed.
17:05:56 INFO  : 'configparams mdm-detect-bscan-mask 2' command is executed.
17:05:56 INFO  : Context for processor 'ps7_cortexa9_0' is selected.
17:05:56 INFO  : Processor reset is completed for 'ps7_cortexa9_0'.
17:05:57 INFO  : Context for processor 'ps7_cortexa9_0' is selected.
17:05:57 INFO  : The application 'C:/A2_project/Board_Project_A2_multi_processor.sdk/test_zynq/Debug/test_zynq.elf' is downloaded to processor 'ps7_cortexa9_0'.
17:05:57 INFO  : 'configparams force-mem-access 0' command is executed.
17:05:57 INFO  : ----------------XSDB Script----------------
connect -url tcp:127.0.0.1:3121
source C:/A2_project/Board_Project_A2_multi_processor.sdk/design_multi_wrapper_hw_platform_0/ps7_init.tcl
targets -set -nocase -filter {name =~"APU*" && jtag_cable_name =~ "Digilent Zed 210248686847"} -index 0
loadhw -hw C:/A2_project/Board_Project_A2_multi_processor.sdk/design_multi_wrapper_hw_platform_0/system.hdf -mem-ranges [list {0x40000000 0xbfffffff}]
configparams force-mem-access 1
targets -set -nocase -filter {name =~"APU*" && jtag_cable_name =~ "Digilent Zed 210248686847"} -index 0
stop
ps7_init
ps7_post_config
configparams mdm-detect-bscan-mask 2
targets -set -nocase -filter {name =~ "ARM*#0" && jtag_cable_name =~ "Digilent Zed 210248686847"} -index 0
rst -processor
targets -set -nocase -filter {name =~ "ARM*#0" && jtag_cable_name =~ "Digilent Zed 210248686847"} -index 0
dow C:/A2_project/Board_Project_A2_multi_processor.sdk/test_zynq/Debug/test_zynq.elf
configparams force-mem-access 0
----------------End of Script----------------

17:05:57 INFO  : Memory regions updated for context APU
17:05:57 INFO  : Memory regions updated for context PA
17:05:57 INFO  : Memory regions updated for context MicroBlaze Debug Module at USER2
17:05:57 INFO  : Context for processor 'ps7_cortexa9_0' is selected.
17:05:57 INFO  : 'con' command is executed.
17:05:57 INFO  : ----------------XSDB Script (After Launch)----------------
targets -set -nocase -filter {name =~ "ARM*#0" && jtag_cable_name =~ "Digilent Zed 210248686847"} -index 0
con
----------------End of Script----------------

17:05:57 INFO  : Launch script is exported to file 'C:\A2_project\Board_Project_A2_multi_processor.sdk\.sdk\launch_scripts\xilinx_c-c++_application_(system_debugger)\system_debugger_using_debug_test_zynq.elf_on_local.tcl'
17:06:55 INFO  : Disconnected from the channel tcfchan#2.
17:06:56 INFO  : 'targets -set -filter {jtag_cable_name =~ "Digilent Zed 210248686847" && level==0} -index 1' command is executed.
17:06:56 INFO  : 'fpga -state' command is executed.
17:06:56 INFO  : Connected to target on host '127.0.0.1' and port '3121'.
17:06:57 INFO  : Jtag cable 'Digilent Zed 210248686847' is selected.
17:06:57 INFO  : 'jtag frequency' command is executed.
17:06:57 INFO  : Sourcing of 'C:/A2_project/Board_Project_A2_multi_processor.sdk/design_multi_wrapper_hw_platform_0/ps7_init.tcl' is done.
17:06:57 INFO  : Context for 'APU' is selected.
17:07:00 INFO  : Hardware design information is loaded from 'C:/A2_project/Board_Project_A2_multi_processor.sdk/design_multi_wrapper_hw_platform_0/system.hdf'.
17:07:00 INFO  : 'configparams force-mem-access 1' command is executed.
17:07:00 INFO  : Context for 'APU' is selected.
17:07:00 INFO  : 'stop' command is executed.
17:07:00 INFO  : 'ps7_init' command is executed.
17:07:00 INFO  : 'ps7_post_config' command is executed.
17:07:00 INFO  : 'configparams mdm-detect-bscan-mask 2' command is executed.
17:07:00 INFO  : Context for processor 'ps7_cortexa9_0' is selected.
17:07:00 INFO  : Processor reset is completed for 'ps7_cortexa9_0'.
17:07:00 INFO  : Context for processor 'ps7_cortexa9_0' is selected.
17:07:01 INFO  : The application 'C:/A2_project/Board_Project_A2_multi_processor.sdk/test_zynq/Debug/test_zynq.elf' is downloaded to processor 'ps7_cortexa9_0'.
17:07:01 INFO  : 'configparams force-mem-access 0' command is executed.
17:07:01 INFO  : ----------------XSDB Script----------------
connect -url tcp:127.0.0.1:3121
source C:/A2_project/Board_Project_A2_multi_processor.sdk/design_multi_wrapper_hw_platform_0/ps7_init.tcl
targets -set -nocase -filter {name =~"APU*" && jtag_cable_name =~ "Digilent Zed 210248686847"} -index 0
loadhw -hw C:/A2_project/Board_Project_A2_multi_processor.sdk/design_multi_wrapper_hw_platform_0/system.hdf -mem-ranges [list {0x40000000 0xbfffffff}]
configparams force-mem-access 1
targets -set -nocase -filter {name =~"APU*" && jtag_cable_name =~ "Digilent Zed 210248686847"} -index 0
stop
ps7_init
ps7_post_config
configparams mdm-detect-bscan-mask 2
targets -set -nocase -filter {name =~ "ARM*#0" && jtag_cable_name =~ "Digilent Zed 210248686847"} -index 0
rst -processor
targets -set -nocase -filter {name =~ "ARM*#0" && jtag_cable_name =~ "Digilent Zed 210248686847"} -index 0
dow C:/A2_project/Board_Project_A2_multi_processor.sdk/test_zynq/Debug/test_zynq.elf
configparams force-mem-access 0
----------------End of Script----------------

17:07:01 INFO  : Memory regions updated for context APU
17:07:01 INFO  : Memory regions updated for context PA
17:07:01 INFO  : Memory regions updated for context MicroBlaze Debug Module at USER2
17:07:01 INFO  : Context for processor 'ps7_cortexa9_0' is selected.
17:07:01 INFO  : 'con' command is executed.
17:07:01 INFO  : ----------------XSDB Script (After Launch)----------------
targets -set -nocase -filter {name =~ "ARM*#0" && jtag_cable_name =~ "Digilent Zed 210248686847"} -index 0
con
----------------End of Script----------------

17:07:01 INFO  : Launch script is exported to file 'C:\A2_project\Board_Project_A2_multi_processor.sdk\.sdk\launch_scripts\xilinx_c-c++_application_(system_debugger)\system_debugger_using_debug_test_zynq.elf_on_local.tcl'
17:32:27 INFO  : Disconnected from the channel tcfchan#3.
17:32:28 INFO  : Connected to target on host '127.0.0.1' and port '3121'.
17:32:28 INFO  : Jtag cable 'Digilent Zed 210248686847' is selected.
17:32:28 INFO  : 'jtag frequency' command is executed.
17:32:28 INFO  : Sourcing of 'C:/A2_project/Board_Project_A2_multi_processor.sdk/design_multi_wrapper_hw_platform_0/ps7_init.tcl' is done.
17:32:28 INFO  : Context for 'APU' is selected.
17:32:29 INFO  : System reset is completed.
17:32:32 INFO  : 'after 3000' command is executed.
17:32:32 INFO  : 'targets -set -filter {jtag_cable_name =~ "Digilent Zed 210248686847" && level==0} -index 1' command is executed.
17:32:34 INFO  : FPGA configured successfully with bitstream "C:/A2_project/Board_Project_A2_multi_processor.sdk/design_multi_wrapper_hw_platform_0/download.bit"
17:32:34 INFO  : Context for 'APU' is selected.
17:32:38 INFO  : Hardware design information is loaded from 'C:/A2_project/Board_Project_A2_multi_processor.sdk/design_multi_wrapper_hw_platform_0/system.hdf'.
17:32:38 INFO  : 'configparams force-mem-access 1' command is executed.
17:32:38 INFO  : Context for 'APU' is selected.
17:32:38 INFO  : 'ps7_init' command is executed.
17:32:38 INFO  : 'ps7_post_config' command is executed.
17:32:38 INFO  : 'configparams mdm-detect-bscan-mask 2' command is executed.
17:32:38 INFO  : Context for processor 'microblaze_0' is selected.
17:32:39 INFO  : The application 'C:/A2_project/Board_Project_A2_multi_processor.sdk/test_micro/Debug/test_micro.elf' is downloaded to processor 'microblaze_0'.
17:32:39 INFO  : Context for processor 'ps7_cortexa9_0' is selected.
17:32:39 INFO  : The application 'C:/A2_project/Board_Project_A2_multi_processor.sdk/test_zynq/Debug/test_zynq.elf' is downloaded to processor 'ps7_cortexa9_0'.
17:32:39 INFO  : 'configparams force-mem-access 0' command is executed.
17:32:39 INFO  : ----------------XSDB Script----------------
connect -url tcp:127.0.0.1:3121
source C:/A2_project/Board_Project_A2_multi_processor.sdk/design_multi_wrapper_hw_platform_0/ps7_init.tcl
targets -set -nocase -filter {name =~"APU*" && jtag_cable_name =~ "Digilent Zed 210248686847"} -index 0
rst -system
after 3000
targets -set -filter {jtag_cable_name =~ "Digilent Zed 210248686847" && level==0} -index 1
fpga -file C:/A2_project/Board_Project_A2_multi_processor.sdk/design_multi_wrapper_hw_platform_0/download.bit
targets -set -nocase -filter {name =~"APU*" && jtag_cable_name =~ "Digilent Zed 210248686847"} -index 0
loadhw -hw C:/A2_project/Board_Project_A2_multi_processor.sdk/design_multi_wrapper_hw_platform_0/system.hdf -mem-ranges [list {0x40000000 0xbfffffff}]
configparams force-mem-access 1
targets -set -nocase -filter {name =~"APU*" && jtag_cable_name =~ "Digilent Zed 210248686847"} -index 0
ps7_init
ps7_post_config
configparams mdm-detect-bscan-mask 2
targets -set -nocase -filter {name =~ "microblaze*#0" && bscan=="USER2"  && jtag_cable_name =~ "Digilent Zed 210248686847"} -index 1
dow C:/A2_project/Board_Project_A2_multi_processor.sdk/test_micro/Debug/test_micro.elf
targets -set -nocase -filter {name =~ "ARM*#0" && jtag_cable_name =~ "Digilent Zed 210248686847"} -index 0
dow C:/A2_project/Board_Project_A2_multi_processor.sdk/test_zynq/Debug/test_zynq.elf
configparams force-mem-access 0
----------------End of Script----------------

17:32:40 INFO  : Memory regions updated for context APU
17:32:40 INFO  : Memory regions updated for context PA
17:32:40 INFO  : Memory regions updated for context MicroBlaze Debug Module at USER2
17:32:40 INFO  : Context for processor 'microblaze_0' is selected.
17:32:40 INFO  : 'con' command is executed.
17:32:40 INFO  : Context for processor 'ps7_cortexa9_0' is selected.
17:32:40 INFO  : 'con' command is executed.
17:32:40 INFO  : ----------------XSDB Script (After Launch)----------------
targets -set -nocase -filter {name =~ "microblaze*#0" && bscan=="USER2"  && jtag_cable_name =~ "Digilent Zed 210248686847"} -index 1
con
targets -set -nocase -filter {name =~ "ARM*#0" && jtag_cable_name =~ "Digilent Zed 210248686847"} -index 0
con
----------------End of Script----------------

17:32:40 INFO  : Launch script is exported to file 'C:\A2_project\Board_Project_A2_multi_processor.sdk\.sdk\launch_scripts\xilinx_c-c++_application_(system_debugger)\system_debugger_on_local.tcl'
17:34:25 INFO  : Disconnected from the channel tcfchan#4.
17:34:26 INFO  : Connected to target on host '127.0.0.1' and port '3121'.
17:34:26 INFO  : Jtag cable 'Digilent Zed 210248686847' is selected.
17:34:26 INFO  : 'jtag frequency' command is executed.
17:34:26 INFO  : Sourcing of 'C:/A2_project/Board_Project_A2_multi_processor.sdk/design_multi_wrapper_hw_platform_0/ps7_init.tcl' is done.
17:34:26 INFO  : Context for 'APU' is selected.
17:34:27 INFO  : System reset is completed.
17:34:30 INFO  : 'after 3000' command is executed.
17:34:30 INFO  : 'targets -set -filter {jtag_cable_name =~ "Digilent Zed 210248686847" && level==0} -index 1' command is executed.
17:34:32 INFO  : FPGA configured successfully with bitstream "C:/A2_project/Board_Project_A2_multi_processor.sdk/design_multi_wrapper_hw_platform_0/download.bit"
17:34:32 INFO  : Context for 'APU' is selected.
17:34:35 INFO  : Hardware design information is loaded from 'C:/A2_project/Board_Project_A2_multi_processor.sdk/design_multi_wrapper_hw_platform_0/system.hdf'.
17:34:35 INFO  : 'configparams force-mem-access 1' command is executed.
17:34:35 INFO  : Context for 'APU' is selected.
17:34:35 INFO  : 'ps7_init' command is executed.
17:34:35 INFO  : 'ps7_post_config' command is executed.
17:34:35 INFO  : 'configparams mdm-detect-bscan-mask 2' command is executed.
17:34:36 INFO  : Context for processor 'microblaze_0' is selected.
17:34:36 INFO  : The application 'C:/A2_project/Board_Project_A2_multi_processor.sdk/test_micro/Debug/test_micro.elf' is downloaded to processor 'microblaze_0'.
17:34:36 INFO  : Context for processor 'ps7_cortexa9_0' is selected.
17:34:37 INFO  : The application 'C:/A2_project/Board_Project_A2_multi_processor.sdk/test_zynq/Debug/test_zynq.elf' is downloaded to processor 'ps7_cortexa9_0'.
17:34:37 INFO  : 'configparams force-mem-access 0' command is executed.
17:34:37 INFO  : ----------------XSDB Script----------------
connect -url tcp:127.0.0.1:3121
source C:/A2_project/Board_Project_A2_multi_processor.sdk/design_multi_wrapper_hw_platform_0/ps7_init.tcl
targets -set -nocase -filter {name =~"APU*" && jtag_cable_name =~ "Digilent Zed 210248686847"} -index 0
rst -system
after 3000
targets -set -filter {jtag_cable_name =~ "Digilent Zed 210248686847" && level==0} -index 1
fpga -file C:/A2_project/Board_Project_A2_multi_processor.sdk/design_multi_wrapper_hw_platform_0/download.bit
targets -set -nocase -filter {name =~"APU*" && jtag_cable_name =~ "Digilent Zed 210248686847"} -index 0
loadhw -hw C:/A2_project/Board_Project_A2_multi_processor.sdk/design_multi_wrapper_hw_platform_0/system.hdf -mem-ranges [list {0x40000000 0xbfffffff}]
configparams force-mem-access 1
targets -set -nocase -filter {name =~"APU*" && jtag_cable_name =~ "Digilent Zed 210248686847"} -index 0
ps7_init
ps7_post_config
configparams mdm-detect-bscan-mask 2
targets -set -nocase -filter {name =~ "microblaze*#0" && bscan=="USER2"  && jtag_cable_name =~ "Digilent Zed 210248686847"} -index 1
dow C:/A2_project/Board_Project_A2_multi_processor.sdk/test_micro/Debug/test_micro.elf
targets -set -nocase -filter {name =~ "ARM*#0" && jtag_cable_name =~ "Digilent Zed 210248686847"} -index 0
dow C:/A2_project/Board_Project_A2_multi_processor.sdk/test_zynq/Debug/test_zynq.elf
configparams force-mem-access 0
----------------End of Script----------------

17:34:37 INFO  : Memory regions updated for context APU
17:34:37 INFO  : Memory regions updated for context PA
17:34:37 INFO  : Memory regions updated for context MicroBlaze Debug Module at USER2
17:34:37 INFO  : Context for processor 'microblaze_0' is selected.
17:34:37 INFO  : 'con' command is executed.
17:34:37 INFO  : Context for processor 'ps7_cortexa9_0' is selected.
17:34:37 INFO  : 'con' command is executed.
17:34:37 INFO  : ----------------XSDB Script (After Launch)----------------
targets -set -nocase -filter {name =~ "microblaze*#0" && bscan=="USER2"  && jtag_cable_name =~ "Digilent Zed 210248686847"} -index 1
con
targets -set -nocase -filter {name =~ "ARM*#0" && jtag_cable_name =~ "Digilent Zed 210248686847"} -index 0
con
----------------End of Script----------------

17:34:37 INFO  : Launch script is exported to file 'C:\A2_project\Board_Project_A2_multi_processor.sdk\.sdk\launch_scripts\xilinx_c-c++_application_(system_debugger)\system_debugger_on_local.tcl'
17:35:33 INFO  : Disconnected from the channel tcfchan#5.
17:35:34 INFO  : Connected to target on host '127.0.0.1' and port '3121'.
17:35:35 INFO  : Jtag cable 'Digilent Zed 210248686847' is selected.
17:35:35 INFO  : 'jtag frequency' command is executed.
17:35:35 INFO  : Sourcing of 'C:/A2_project/Board_Project_A2_multi_processor.sdk/design_multi_wrapper_hw_platform_0/ps7_init.tcl' is done.
17:35:35 INFO  : Context for 'APU' is selected.
17:35:35 INFO  : System reset is completed.
17:35:38 INFO  : 'after 3000' command is executed.
17:35:38 INFO  : 'targets -set -filter {jtag_cable_name =~ "Digilent Zed 210248686847" && level==0} -index 1' command is executed.
17:35:40 INFO  : FPGA configured successfully with bitstream "C:/A2_project/Board_Project_A2_multi_processor.sdk/design_multi_wrapper_hw_platform_0/download.bit"
17:35:40 INFO  : Context for 'APU' is selected.
17:35:43 INFO  : Hardware design information is loaded from 'C:/A2_project/Board_Project_A2_multi_processor.sdk/design_multi_wrapper_hw_platform_0/system.hdf'.
17:35:43 INFO  : 'configparams force-mem-access 1' command is executed.
17:35:43 INFO  : Context for 'APU' is selected.
17:35:44 INFO  : 'ps7_init' command is executed.
17:35:44 INFO  : 'ps7_post_config' command is executed.
17:35:44 INFO  : 'configparams mdm-detect-bscan-mask 2' command is executed.
17:35:44 INFO  : Context for processor 'microblaze_0' is selected.
17:35:44 INFO  : The application 'C:/A2_project/Board_Project_A2_multi_processor.sdk/test_micro/Debug/test_micro.elf' is downloaded to processor 'microblaze_0'.
17:35:44 INFO  : Context for processor 'ps7_cortexa9_0' is selected.
17:35:45 INFO  : The application 'C:/A2_project/Board_Project_A2_multi_processor.sdk/test_zynq/Debug/test_zynq.elf' is downloaded to processor 'ps7_cortexa9_0'.
17:35:45 INFO  : 'configparams force-mem-access 0' command is executed.
17:35:45 INFO  : ----------------XSDB Script----------------
connect -url tcp:127.0.0.1:3121
source C:/A2_project/Board_Project_A2_multi_processor.sdk/design_multi_wrapper_hw_platform_0/ps7_init.tcl
targets -set -nocase -filter {name =~"APU*" && jtag_cable_name =~ "Digilent Zed 210248686847"} -index 0
rst -system
after 3000
targets -set -filter {jtag_cable_name =~ "Digilent Zed 210248686847" && level==0} -index 1
fpga -file C:/A2_project/Board_Project_A2_multi_processor.sdk/design_multi_wrapper_hw_platform_0/download.bit
targets -set -nocase -filter {name =~"APU*" && jtag_cable_name =~ "Digilent Zed 210248686847"} -index 0
loadhw -hw C:/A2_project/Board_Project_A2_multi_processor.sdk/design_multi_wrapper_hw_platform_0/system.hdf -mem-ranges [list {0x40000000 0xbfffffff}]
configparams force-mem-access 1
targets -set -nocase -filter {name =~"APU*" && jtag_cable_name =~ "Digilent Zed 210248686847"} -index 0
ps7_init
ps7_post_config
configparams mdm-detect-bscan-mask 2
targets -set -nocase -filter {name =~ "microblaze*#0" && bscan=="USER2"  && jtag_cable_name =~ "Digilent Zed 210248686847"} -index 1
dow C:/A2_project/Board_Project_A2_multi_processor.sdk/test_micro/Debug/test_micro.elf
targets -set -nocase -filter {name =~ "ARM*#0" && jtag_cable_name =~ "Digilent Zed 210248686847"} -index 0
dow C:/A2_project/Board_Project_A2_multi_processor.sdk/test_zynq/Debug/test_zynq.elf
configparams force-mem-access 0
----------------End of Script----------------

17:35:45 INFO  : Memory regions updated for context APU
17:35:45 INFO  : Memory regions updated for context PA
17:35:45 INFO  : Memory regions updated for context MicroBlaze Debug Module at USER2
17:35:45 INFO  : Context for processor 'microblaze_0' is selected.
17:35:45 INFO  : 'con' command is executed.
17:35:45 INFO  : Context for processor 'ps7_cortexa9_0' is selected.
17:35:45 INFO  : 'con' command is executed.
17:35:45 INFO  : ----------------XSDB Script (After Launch)----------------
targets -set -nocase -filter {name =~ "microblaze*#0" && bscan=="USER2"  && jtag_cable_name =~ "Digilent Zed 210248686847"} -index 1
con
targets -set -nocase -filter {name =~ "ARM*#0" && jtag_cable_name =~ "Digilent Zed 210248686847"} -index 0
con
----------------End of Script----------------

17:35:45 INFO  : Launch script is exported to file 'C:\A2_project\Board_Project_A2_multi_processor.sdk\.sdk\launch_scripts\xilinx_c-c++_application_(system_debugger)\system_debugger_on_local.tcl'
17:36:40 INFO  : Disconnected from the channel tcfchan#6.
17:36:41 INFO  : Connected to target on host '127.0.0.1' and port '3121'.
17:36:41 INFO  : Jtag cable 'Digilent Zed 210248686847' is selected.
17:36:41 INFO  : 'jtag frequency' command is executed.
17:36:41 INFO  : Sourcing of 'C:/A2_project/Board_Project_A2_multi_processor.sdk/design_multi_wrapper_hw_platform_0/ps7_init.tcl' is done.
17:36:41 INFO  : Context for 'APU' is selected.
17:36:41 INFO  : System reset is completed.
17:36:44 INFO  : 'after 3000' command is executed.
17:36:45 INFO  : 'targets -set -filter {jtag_cable_name =~ "Digilent Zed 210248686847" && level==0} -index 1' command is executed.
17:36:47 INFO  : FPGA configured successfully with bitstream "C:/A2_project/Board_Project_A2_multi_processor.sdk/design_multi_wrapper_hw_platform_0/download.bit"
17:36:47 INFO  : Context for 'APU' is selected.
17:36:50 INFO  : Hardware design information is loaded from 'C:/A2_project/Board_Project_A2_multi_processor.sdk/design_multi_wrapper_hw_platform_0/system.hdf'.
17:36:50 INFO  : 'configparams force-mem-access 1' command is executed.
17:36:50 INFO  : Context for 'APU' is selected.
17:36:51 INFO  : 'ps7_init' command is executed.
17:36:51 INFO  : 'ps7_post_config' command is executed.
17:36:51 INFO  : 'configparams mdm-detect-bscan-mask 2' command is executed.
17:36:51 INFO  : Context for processor 'microblaze_0' is selected.
17:36:51 INFO  : The application 'C:/A2_project/Board_Project_A2_multi_processor.sdk/test_micro/Debug/test_micro.elf' is downloaded to processor 'microblaze_0'.
17:36:51 INFO  : Context for processor 'ps7_cortexa9_0' is selected.
17:36:52 INFO  : The application 'C:/A2_project/Board_Project_A2_multi_processor.sdk/test_zynq/Debug/test_zynq.elf' is downloaded to processor 'ps7_cortexa9_0'.
17:36:52 INFO  : 'configparams force-mem-access 0' command is executed.
17:36:52 INFO  : ----------------XSDB Script----------------
connect -url tcp:127.0.0.1:3121
source C:/A2_project/Board_Project_A2_multi_processor.sdk/design_multi_wrapper_hw_platform_0/ps7_init.tcl
targets -set -nocase -filter {name =~"APU*" && jtag_cable_name =~ "Digilent Zed 210248686847"} -index 0
rst -system
after 3000
targets -set -filter {jtag_cable_name =~ "Digilent Zed 210248686847" && level==0} -index 1
fpga -file C:/A2_project/Board_Project_A2_multi_processor.sdk/design_multi_wrapper_hw_platform_0/download.bit
targets -set -nocase -filter {name =~"APU*" && jtag_cable_name =~ "Digilent Zed 210248686847"} -index 0
loadhw -hw C:/A2_project/Board_Project_A2_multi_processor.sdk/design_multi_wrapper_hw_platform_0/system.hdf -mem-ranges [list {0x40000000 0xbfffffff}]
configparams force-mem-access 1
targets -set -nocase -filter {name =~"APU*" && jtag_cable_name =~ "Digilent Zed 210248686847"} -index 0
ps7_init
ps7_post_config
configparams mdm-detect-bscan-mask 2
targets -set -nocase -filter {name =~ "microblaze*#0" && bscan=="USER2"  && jtag_cable_name =~ "Digilent Zed 210248686847"} -index 1
dow C:/A2_project/Board_Project_A2_multi_processor.sdk/test_micro/Debug/test_micro.elf
targets -set -nocase -filter {name =~ "ARM*#0" && jtag_cable_name =~ "Digilent Zed 210248686847"} -index 0
dow C:/A2_project/Board_Project_A2_multi_processor.sdk/test_zynq/Debug/test_zynq.elf
configparams force-mem-access 0
----------------End of Script----------------

17:36:52 INFO  : Memory regions updated for context APU
17:36:52 INFO  : Memory regions updated for context PA
17:36:52 INFO  : Memory regions updated for context MicroBlaze Debug Module at USER2
17:36:52 INFO  : Context for processor 'microblaze_0' is selected.
17:36:52 INFO  : 'con' command is executed.
17:36:52 INFO  : Context for processor 'ps7_cortexa9_0' is selected.
17:36:52 INFO  : 'con' command is executed.
17:36:52 INFO  : ----------------XSDB Script (After Launch)----------------
targets -set -nocase -filter {name =~ "microblaze*#0" && bscan=="USER2"  && jtag_cable_name =~ "Digilent Zed 210248686847"} -index 1
con
targets -set -nocase -filter {name =~ "ARM*#0" && jtag_cable_name =~ "Digilent Zed 210248686847"} -index 0
con
----------------End of Script----------------

17:36:52 INFO  : Launch script is exported to file 'C:\A2_project\Board_Project_A2_multi_processor.sdk\.sdk\launch_scripts\xilinx_c-c++_application_(system_debugger)\system_debugger_on_local.tcl'
17:42:03 INFO  : Disconnected from the channel tcfchan#7.
17:42:04 INFO  : Connected to target on host '127.0.0.1' and port '3121'.
17:42:04 INFO  : Jtag cable 'Digilent Zed 210248686847' is selected.
17:42:04 INFO  : 'jtag frequency' command is executed.
17:42:04 INFO  : Sourcing of 'C:/A2_project/Board_Project_A2_multi_processor.sdk/design_multi_wrapper_hw_platform_0/ps7_init.tcl' is done.
17:42:04 INFO  : Context for 'APU' is selected.
17:42:04 INFO  : System reset is completed.
17:42:07 INFO  : 'after 3000' command is executed.
17:42:08 INFO  : 'targets -set -filter {jtag_cable_name =~ "Digilent Zed 210248686847" && level==0} -index 1' command is executed.
17:42:10 INFO  : FPGA configured successfully with bitstream "C:/A2_project/Board_Project_A2_multi_processor.sdk/design_multi_wrapper_hw_platform_0/download.bit"
17:42:10 INFO  : Context for 'APU' is selected.
17:42:13 INFO  : Hardware design information is loaded from 'C:/A2_project/Board_Project_A2_multi_processor.sdk/design_multi_wrapper_hw_platform_0/system.hdf'.
17:42:13 INFO  : 'configparams force-mem-access 1' command is executed.
17:42:13 INFO  : Context for 'APU' is selected.
17:42:14 INFO  : 'ps7_init' command is executed.
17:42:14 INFO  : 'ps7_post_config' command is executed.
17:42:14 INFO  : 'configparams mdm-detect-bscan-mask 2' command is executed.
17:42:14 INFO  : Context for processor 'microblaze_0' is selected.
17:42:14 INFO  : The application 'C:/A2_project/Board_Project_A2_multi_processor.sdk/test_micro/Debug/test_micro.elf' is downloaded to processor 'microblaze_0'.
17:42:15 INFO  : Context for processor 'ps7_cortexa9_0' is selected.
17:42:15 INFO  : The application 'C:/A2_project/Board_Project_A2_multi_processor.sdk/test_zynq/Debug/test_zynq.elf' is downloaded to processor 'ps7_cortexa9_0'.
17:42:15 INFO  : 'configparams force-mem-access 0' command is executed.
17:42:15 INFO  : ----------------XSDB Script----------------
connect -url tcp:127.0.0.1:3121
source C:/A2_project/Board_Project_A2_multi_processor.sdk/design_multi_wrapper_hw_platform_0/ps7_init.tcl
targets -set -nocase -filter {name =~"APU*" && jtag_cable_name =~ "Digilent Zed 210248686847"} -index 0
rst -system
after 3000
targets -set -filter {jtag_cable_name =~ "Digilent Zed 210248686847" && level==0} -index 1
fpga -file C:/A2_project/Board_Project_A2_multi_processor.sdk/design_multi_wrapper_hw_platform_0/download.bit
targets -set -nocase -filter {name =~"APU*" && jtag_cable_name =~ "Digilent Zed 210248686847"} -index 0
loadhw -hw C:/A2_project/Board_Project_A2_multi_processor.sdk/design_multi_wrapper_hw_platform_0/system.hdf -mem-ranges [list {0x40000000 0xbfffffff}]
configparams force-mem-access 1
targets -set -nocase -filter {name =~"APU*" && jtag_cable_name =~ "Digilent Zed 210248686847"} -index 0
ps7_init
ps7_post_config
configparams mdm-detect-bscan-mask 2
targets -set -nocase -filter {name =~ "microblaze*#0" && bscan=="USER2"  && jtag_cable_name =~ "Digilent Zed 210248686847"} -index 1
dow C:/A2_project/Board_Project_A2_multi_processor.sdk/test_micro/Debug/test_micro.elf
targets -set -nocase -filter {name =~ "ARM*#0" && jtag_cable_name =~ "Digilent Zed 210248686847"} -index 0
dow C:/A2_project/Board_Project_A2_multi_processor.sdk/test_zynq/Debug/test_zynq.elf
configparams force-mem-access 0
----------------End of Script----------------

17:42:15 INFO  : Memory regions updated for context APU
17:42:15 INFO  : Memory regions updated for context PA
17:42:15 INFO  : Memory regions updated for context MicroBlaze Debug Module at USER2
17:42:15 INFO  : Context for processor 'microblaze_0' is selected.
17:42:15 INFO  : 'con' command is executed.
17:42:15 INFO  : Context for processor 'ps7_cortexa9_0' is selected.
17:42:16 INFO  : 'con' command is executed.
17:42:16 INFO  : ----------------XSDB Script (After Launch)----------------
targets -set -nocase -filter {name =~ "microblaze*#0" && bscan=="USER2"  && jtag_cable_name =~ "Digilent Zed 210248686847"} -index 1
con
targets -set -nocase -filter {name =~ "ARM*#0" && jtag_cable_name =~ "Digilent Zed 210248686847"} -index 0
con
----------------End of Script----------------

17:42:16 INFO  : Launch script is exported to file 'C:\A2_project\Board_Project_A2_multi_processor.sdk\.sdk\launch_scripts\xilinx_c-c++_application_(system_debugger)\system_debugger_on_local.tcl'
19:31:28 INFO  : SDK has detected change in the last modified timestamps for source hardware specification file Source:1580927192712,  Project:1580916928583
19:31:28 INFO  : Project design_multi_wrapper_hw_platform_0's source hardware specification located at C:/A2_project/Board_Project_A2_multi_processor.sdk/design_multi_wrapper.hdf is now different from the local copy.
		 The local copy will be replaced with the source specification and your workspace will be updated.
19:31:34 INFO  : Copied contents of C:/A2_project/Board_Project_A2_multi_processor.sdk/design_multi_wrapper.hdf into \design_multi_wrapper_hw_platform_0\system.hdf.
19:31:42 INFO  : Synchronizing projects in the workspace with the hardware platform specification changes.
19:31:50 INFO  : 
19:31:55 INFO  : 
19:31:56 INFO  : Updating hardware inferred compiler options for test_micro.
19:31:57 INFO  : Updating hardware inferred compiler options for test_zynq.
19:31:57 INFO  : Clearing existing target manager status.
19:31:57 INFO  : Closing and re-opening the MSS file of ther project test_zynq_bsp
19:31:59 INFO  : Closing and re-opening the MSS file of ther project test_micro_bsp
19:32:00 INFO  : Closing and re-opening the MSS file of ther project test_micro_bsp
19:32:01 INFO  : Workspace synchronized with the new hardware specification file. Cleaning dependent projects...
19:32:08 WARN  : Linker script will not be updated automatically. Users need to update it manually.
20:22:13 INFO  : Disconnected from the channel tcfchan#8.
14:45:03 INFO  : Registering command handlers for SDK TCF services
14:45:04 INFO  : Launching XSCT server: xsct.bat -interactive C:\A2_project\Board_Project_A2_multi_processor.sdk\temp_xsdb_launch_script.tcl
14:45:09 INFO  : XSCT server has started successfully.
14:45:09 INFO  : Successfully done setting XSCT server connection channel  
14:45:12 INFO  : Processing command line option -hwspec C:/A2_project/Board_Project_A2_multi_processor.sdk/design_multi_wrapper.hdf.
14:45:12 INFO  : Successfully done setting SDK workspace  
14:45:13 INFO  : Checking for hwspec changes in the project design_multi_wrapper_hw_platform_0.
