Copyright 1986-2019 Xilinx, Inc. All Rights Reserved.
-------------------------------------------------------------------------------------------------------------------------------------------------------------------------
| Tool Version     : Vivado v.2019.1.3 (win64) Build 2644227 Wed Sep  4 09:45:24 MDT 2019
| Date             : Sat Feb 29 23:04:13 2020
| Host             : Qlala-Blade running 64-bit major release  (build 9200)
| Command          : report_power -file design_IP_wrapper_power_routed.rpt -pb design_IP_wrapper_power_summary_routed.pb -rpx design_IP_wrapper_power_routed.rpx
| Design           : design_IP_wrapper
| Device           : xc7z020clg484-1
| Design State     : routed
| Grade            : commercial
| Process          : typical
| Characterization : Production
-------------------------------------------------------------------------------------------------------------------------------------------------------------------------

Power Report

Table of Contents
-----------------
1. Summary
1.1 On-Chip Components
1.2 Power Supply Summary
1.3 Confidence Level
2. Settings
2.1 Environment
2.2 Clock Constraints
3. Detailed Reports
3.1 By Hierarchy

1. Summary
----------

+--------------------------+--------------+
| Total On-Chip Power (W)  | 1.899        |
| Design Power Budget (W)  | Unspecified* |
| Power Budget Margin (W)  | NA           |
| Dynamic (W)              | 1.748        |
| Device Static (W)        | 0.151        |
| Effective TJA (C/W)      | 11.5         |
| Max Ambient (C)          | 63.1         |
| Junction Temperature (C) | 46.9         |
| Confidence Level         | Medium       |
| Setting File             | ---          |
| Simulation Activity File | ---          |
| Design Nets Matched      | NA           |
+--------------------------+--------------+
* Specify Design Power Budget using, set_operating_conditions -design_power_budget <value in Watts>


1.1 On-Chip Components
----------------------

+--------------------------+-----------+----------+-----------+-----------------+
| On-Chip                  | Power (W) | Used     | Available | Utilization (%) |
+--------------------------+-----------+----------+-----------+-----------------+
| Clocks                   |     0.044 |        7 |       --- |             --- |
| Slice Logic              |     0.029 |    20330 |       --- |             --- |
|   LUT as Logic           |     0.024 |     5884 |     53200 |           11.06 |
|   CARRY4                 |     0.002 |      441 |     13300 |            3.32 |
|   Register               |     0.002 |     9964 |    106400 |            9.36 |
|   LUT as Distributed RAM |    <0.001 |      470 |     17400 |            2.70 |
|   LUT as Shift Register  |    <0.001 |      238 |     17400 |            1.37 |
|   F7/F8 Muxes            |    <0.001 |       13 |     53200 |            0.02 |
|   Others                 |     0.000 |     1365 |       --- |             --- |
| Signals                  |     0.038 |    14966 |       --- |             --- |
| Block RAM                |     0.014 |      2.5 |       140 |            1.79 |
| MMCM                     |     0.085 |        1 |         4 |           25.00 |
| DSPs                     |     0.004 |        7 |       220 |            3.18 |
| I/O                      |    <0.001 |        8 |       200 |            4.00 |
| PS7                      |     1.533 |        1 |       --- |             --- |
| Static Power             |     0.151 |          |           |                 |
| Total                    |     1.899 |          |           |                 |
+--------------------------+-----------+----------+-----------+-----------------+


1.2 Power Supply Summary
------------------------

+-----------+-------------+-----------+-------------+------------+
| Source    | Voltage (V) | Total (A) | Dynamic (A) | Static (A) |
+-----------+-------------+-----------+-------------+------------+
| Vccint    |       1.000 |     0.146 |       0.130 |      0.017 |
| Vccaux    |       1.800 |     0.063 |       0.047 |      0.016 |
| Vcco33    |       3.300 |     0.001 |       0.000 |      0.001 |
| Vcco25    |       2.500 |     0.000 |       0.000 |      0.000 |
| Vcco18    |       1.800 |     0.000 |       0.000 |      0.000 |
| Vcco15    |       1.500 |     0.000 |       0.000 |      0.000 |
| Vcco135   |       1.350 |     0.000 |       0.000 |      0.000 |
| Vcco12    |       1.200 |     0.000 |       0.000 |      0.000 |
| Vccaux_io |       1.800 |     0.000 |       0.000 |      0.000 |
| Vccbram   |       1.000 |     0.002 |       0.001 |      0.001 |
| MGTAVcc   |       1.000 |     0.000 |       0.000 |      0.000 |
| MGTAVtt   |       1.200 |     0.000 |       0.000 |      0.000 |
| MGTVccaux |       1.800 |     0.000 |       0.000 |      0.000 |
| Vccpint   |       1.000 |     0.755 |       0.722 |      0.033 |
| Vccpaux   |       1.800 |     0.061 |       0.051 |      0.010 |
| Vccpll    |       1.800 |     0.017 |       0.014 |      0.003 |
| Vcco_ddr  |       1.500 |     0.459 |       0.457 |      0.002 |
| Vcco_mio0 |       3.300 |     0.003 |       0.002 |      0.001 |
| Vcco_mio1 |       1.800 |     0.003 |       0.002 |      0.001 |
| Vccadc    |       1.800 |     0.020 |       0.000 |      0.020 |
+-----------+-------------+-----------+-------------+------------+


1.3 Confidence Level
--------------------

+-----------------------------+------------+------------------------------------------------+------------------------------------------------------------------------------------------------------------+
| User Input Data             | Confidence | Details                                        | Action                                                                                                     |
+-----------------------------+------------+------------------------------------------------+------------------------------------------------------------------------------------------------------------+
| Design implementation state | High       | Design is routed                               |                                                                                                            |
| Clock nodes activity        | High       | User specified more than 95% of clocks         |                                                                                                            |
| I/O nodes activity          | High       | User specified more than 95% of inputs         |                                                                                                            |
| Internal nodes activity     | Medium     | User specified less than 25% of internal nodes | Provide missing internal nodes activity with simulation results or by editing the "By Resource Type" views |
| Device models               | High       | Device models are Production                   |                                                                                                            |
|                             |            |                                                |                                                                                                            |
| Overall confidence level    | Medium     |                                                |                                                                                                            |
+-----------------------------+------------+------------------------------------------------+------------------------------------------------------------------------------------------------------------+


2. Settings
-----------

2.1 Environment
---------------

+-----------------------+------------------------+
| Ambient Temp (C)      | 25.0                   |
| ThetaJA (C/W)         | 11.5                   |
| Airflow (LFM)         | 250                    |
| Heat Sink             | none                   |
| ThetaSA (C/W)         | 0.0                    |
| Board Selection       | medium (10"x10")       |
| # of Board Layers     | 8to11 (8 to 11 Layers) |
| Board Temperature (C) | 25.0                   |
+-----------------------+------------------------+


2.2 Clock Constraints
---------------------

+--------------------------------+--------------------------------------------------------------+-----------------+
| Clock                          | Domain                                                       | Constraint (ns) |
+--------------------------------+--------------------------------------------------------------+-----------------+
| AXI_CLK_design_IP_clk_wiz_0_0  | design_IP_i/clk_wiz_0/inst/AXI_CLK_design_IP_clk_wiz_0_0     |            10.0 |
| HLS_CLK_design_IP_clk_wiz_0_0  | design_IP_i/clk_wiz_0/inst/HLS_CLK_design_IP_clk_wiz_0_0     |             8.3 |
| clk_fpga_0                     | design_IP_i/processing_system7_0/inst/FCLK_CLK0              |            10.0 |
| clk_fpga_0                     | design_IP_i/processing_system7_0/inst/FCLK_CLK_unbuffered[0] |            10.0 |
| clkfbout_design_IP_clk_wiz_0_0 | design_IP_i/clk_wiz_0/inst/clkfbout_design_IP_clk_wiz_0_0    |            10.0 |
+--------------------------------+--------------------------------------------------------------+-----------------+


3. Detailed Reports
-------------------

3.1 By Hierarchy
----------------

+--------------------------+-----------+
| Name                     | Power (W) |
+--------------------------+-----------+
| design_IP_wrapper        |     1.748 |
|   design_IP_i            |     1.748 |
|     axi_interconnect_0   |     0.022 |
|       m00_couplers       |     0.002 |
|       s00_couplers       |     0.009 |
|       s01_couplers       |     0.007 |
|       xbar               |     0.003 |
|     clk_wiz_0            |     0.086 |
|       inst               |     0.086 |
|     kmeans_0             |     0.088 |
|       U0                 |     0.088 |
|     processing_system7_0 |     1.534 |
|       inst               |     1.534 |
|     ps7_0_axi_periph     |     0.003 |
|       s00_couplers       |     0.003 |
|     ps7_0_axi_periph_1   |     0.014 |
|       s00_couplers       |     0.014 |
+--------------------------+-----------+


