Copyright 1986-2019 Xilinx, Inc. All Rights Reserved.
--------------------------------------------------------------------------------------
| Tool Version : Vivado v.2019.1.3 (win64) Build 2644227 Wed Sep  4 09:45:24 MDT 2019
| Date         : Tue Feb 25 23:51:54 2020
| Host         : Qlala-Blade running 64-bit major release  (build 9200)
| Command      : upgrade_ip
| Device       : xc7z020clg484-1
--------------------------------------------------------------------------------------

Upgrade Log for IP 'design_IP_multiply_block_0_0'

1. Summary
----------

SUCCESS in the conversion of design_IP_multiply_block_0_0 (xilinx.com:hls:multiply_block:1.0 (Rev. 2002251925)) to Vivado generation flows.






Copyright 1986-2019 Xilinx, Inc. All Rights Reserved.
--------------------------------------------------------------------------------------
| Tool Version : Vivado v.2019.1.3 (win64) Build 2644227 Wed Sep  4 09:45:24 MDT 2019
| Date         : Tue Feb 25 20:13:52 2020
| Host         : Qlala-Blade running 64-bit major release  (build 9200)
| Command      : upgrade_ip
| Device       : xc7z020clg484-1
--------------------------------------------------------------------------------------

Upgrade Log for IP 'design_IP_multiply_block_0_0'

1. Summary
----------

SUCCESS in the upgrade of design_IP_multiply_block_0_0 (xilinx.com:hls:multiply_block:1.0) from (Rev. 2002151622) to (Rev. 2002251925)

