09:05:52 **** Auto Build of configuration Debug for project zynq_hello ****
make pre-build main-build 
a9-linaro-pre-build-step
' '
'Building file: ../src/zynq_hello.c'
'Invoking: ARM v7 gcc compiler'
arm-none-eabi-gcc -Wall -O0 -g3 -c -fmessage-length=0 -MT"src/zynq_hello.o" -mcpu=cortex-a9 -mfpu=vfpv3 -mfloat-abi=hard -I../../zynq_hello_bsp/ps7_cortexa9_0/include -MMD -MP -MF"src/zynq_hello.d" -MT"src/zynq_hello.o" -o "src/zynq_hello.o" "../src/zynq_hello.c"
In file included from ../src/zynq_hello.c:52:
../../zynq_hello_bsp/ps7_cortexa9_0/include/xtime_l.h:87:9: note: #pragma message: For the sleep routines, Global timer is being used
 #pragma message ("For the sleep routines, Global timer is being used")
         ^~~~~~~
../src/zynq_hello.c: In function 'init_bram':
../src/zynq_hello.c:60:8: warning: unused variable 'output' [-Wunused-variable]
  char* output;
        ^~~~~~
'Finished building: ../src/zynq_hello.c'
' '
'Building target: zynq_hello.elf'
'Invoking: ARM v7 gcc linker'
arm-none-eabi-gcc -mcpu=cortex-a9 -mfpu=vfpv3 -mfloat-abi=hard -Wl,-build-id=none -specs=Xilinx.spec -Wl,-T -Wl,../src/lscript.ld -L../../zynq_hello_bsp/ps7_cortexa9_0/lib -o "zynq_hello.elf"  ./src/platform.o ./src/zynq_hello.o   -Wl,--start-group,-lxil,-lgcc,-lc,--end-group
'Finished building target: zynq_hello.elf'
' '
'Invoking: ARM v7 Print Size'
arm-none-eabi-size zynq_hello.elf  |tee "zynq_hello.elf.size"
   text	   data	    bss	    dec	    hex	filename
  75120	   2656	   9008	  86784	  15300	zynq_hello.elf
'Finished building: zynq_hello.elf.size'
' '

09:05:53 Build Finished (took 1s.51ms)

