21:29:53 INFO  : Registering command handlers for SDK TCF services
21:29:54 INFO  : Launching XSCT server: xsct.bat -interactive C:\Users\Qlala\Documents\M2_SETI\A2\git\A2\Hardware\Vivado\Demo_IP_HLS\Demo_IP_HLS_mul64\Demo_IP_HLS_mul64.sdk\temp_xsdb_launch_script.tcl
21:29:59 INFO  : XSCT server has started successfully.
21:30:03 INFO  : Processing command line option -hwspec C:/Users/Qlala/Documents/M2_SETI/A2/git/A2/Hardware/Vivado/Demo_IP_HLS/Demo_IP_HLS_mul64/Demo_IP_HLS_mul64.sdk/design_IP_wrapper.hdf.
21:30:03 INFO  : Successfully done setting XSCT server connection channel  
21:30:03 INFO  : Successfully done setting SDK workspace  
21:33:13 INFO  : Connected to target on host '127.0.0.1' and port '3121'.
21:33:14 INFO  : 'targets -set -filter {jtag_cable_name =~ "Digilent Zed 210248686847" && level==0} -index 1' command is executed.
21:33:16 INFO  : FPGA configured successfully with bitstream "C:/Users/Qlala/Documents/M2_SETI/A2/git/A2/Hardware/Vivado/Demo_IP_HLS/Demo_IP_HLS_mul64/Demo_IP_HLS_mul64.sdk/design_IP_wrapper_hw_platform_0/design_IP_wrapper.bit"
21:33:42 INFO  : 'targets -set -filter {jtag_cable_name =~ "Digilent Zed 210248686847" && level==0} -index 1' command is executed.
21:33:42 INFO  : 'fpga -state' command is executed.
21:33:42 INFO  : Connected to target on host '127.0.0.1' and port '3121'.
21:33:43 INFO  : Jtag cable 'Digilent Zed 210248686847' is selected.
21:33:43 INFO  : 'jtag frequency' command is executed.
21:33:43 INFO  : Sourcing of 'C:/Users/Qlala/Documents/M2_SETI/A2/git/A2/Hardware/Vivado/Demo_IP_HLS/Demo_IP_HLS_mul64/Demo_IP_HLS_mul64.sdk/design_IP_wrapper_hw_platform_0/ps7_init.tcl' is done.
21:33:43 INFO  : Context for 'APU' is selected.
21:33:43 INFO  : Hardware design information is loaded from 'C:/Users/Qlala/Documents/M2_SETI/A2/git/A2/Hardware/Vivado/Demo_IP_HLS/Demo_IP_HLS_mul64/Demo_IP_HLS_mul64.sdk/design_IP_wrapper_hw_platform_0/system.hdf'.
21:33:43 INFO  : 'configparams force-mem-access 1' command is executed.
21:33:43 INFO  : Context for 'APU' is selected.
21:33:43 INFO  : 'stop' command is executed.
21:33:43 ERROR : Memory read error at 0xF8007080. AHB AP transaction error, DAP status f0000021
21:33:43 INFO  : ----------------XSDB Script----------------
connect -url tcp:127.0.0.1:3121
source C:/Users/Qlala/Documents/M2_SETI/A2/git/A2/Hardware/Vivado/Demo_IP_HLS/Demo_IP_HLS_mul64/Demo_IP_HLS_mul64.sdk/design_IP_wrapper_hw_platform_0/ps7_init.tcl
targets -set -nocase -filter {name =~"APU*" && jtag_cable_name =~ "Digilent Zed 210248686847"} -index 0
loadhw -hw C:/Users/Qlala/Documents/M2_SETI/A2/git/A2/Hardware/Vivado/Demo_IP_HLS/Demo_IP_HLS_mul64/Demo_IP_HLS_mul64.sdk/design_IP_wrapper_hw_platform_0/system.hdf -mem-ranges [list {0x40000000 0xbfffffff}]
configparams force-mem-access 1
targets -set -nocase -filter {name =~"APU*" && jtag_cable_name =~ "Digilent Zed 210248686847"} -index 0
stop
ps7_init
----------------End of Script----------------

21:34:00 INFO  : Connected to target on host '127.0.0.1' and port '3121'.
21:34:00 INFO  : 'targets -set -filter {jtag_cable_name =~ "Digilent Zed 210248686847" && level==0} -index 1' command is executed.
21:34:04 ERROR : fpga configuration failed. DONE PIN is not HIGH
21:34:10 INFO  : Connected to target on host '127.0.0.1' and port '3121'.
21:34:10 INFO  : 'targets -set -filter {jtag_cable_name =~ "Digilent Zed 210248686847" && level==0} -index 1' command is executed.
21:34:13 INFO  : FPGA configured successfully with bitstream "C:/Users/Qlala/Documents/M2_SETI/A2/git/A2/Hardware/Vivado/Demo_IP_HLS/Demo_IP_HLS_mul64/Demo_IP_HLS_mul64.sdk/design_IP_wrapper_hw_platform_0/design_IP_wrapper.bit"
21:34:15 INFO  : 'targets -set -filter {jtag_cable_name =~ "Digilent Zed 210248686847" && level==0} -index 1' command is executed.
21:34:15 INFO  : 'fpga -state' command is executed.
21:34:16 INFO  : Connected to target on host '127.0.0.1' and port '3121'.
21:34:16 INFO  : Jtag cable 'Digilent Zed 210248686847' is selected.
21:34:16 INFO  : 'jtag frequency' command is executed.
21:34:16 INFO  : Sourcing of 'C:/Users/Qlala/Documents/M2_SETI/A2/git/A2/Hardware/Vivado/Demo_IP_HLS/Demo_IP_HLS_mul64/Demo_IP_HLS_mul64.sdk/design_IP_wrapper_hw_platform_0/ps7_init.tcl' is done.
21:34:16 INFO  : Context for 'APU' is selected.
21:34:16 INFO  : Hardware design information is loaded from 'C:/Users/Qlala/Documents/M2_SETI/A2/git/A2/Hardware/Vivado/Demo_IP_HLS/Demo_IP_HLS_mul64/Demo_IP_HLS_mul64.sdk/design_IP_wrapper_hw_platform_0/system.hdf'.
21:34:16 INFO  : 'configparams force-mem-access 1' command is executed.
21:34:16 INFO  : Context for 'APU' is selected.
21:34:16 INFO  : 'stop' command is executed.
21:34:17 INFO  : 'ps7_init' command is executed.
21:34:17 INFO  : 'ps7_post_config' command is executed.
21:34:17 INFO  : Context for processor 'ps7_cortexa9_0' is selected.
21:34:17 INFO  : Processor reset is completed for 'ps7_cortexa9_0'.
21:34:17 INFO  : Context for processor 'ps7_cortexa9_0' is selected.
21:34:17 INFO  : The application 'C:/Users/Qlala/Documents/M2_SETI/A2/git/A2/Hardware/Vivado/Demo_IP_HLS/Demo_IP_HLS_mul64/Demo_IP_HLS_mul64.sdk/test_mul64/Debug/test_mul64.elf' is downloaded to processor 'ps7_cortexa9_0'.
21:34:17 INFO  : 'configparams force-mem-access 0' command is executed.
21:34:17 INFO  : ----------------XSDB Script----------------
connect -url tcp:127.0.0.1:3121
source C:/Users/Qlala/Documents/M2_SETI/A2/git/A2/Hardware/Vivado/Demo_IP_HLS/Demo_IP_HLS_mul64/Demo_IP_HLS_mul64.sdk/design_IP_wrapper_hw_platform_0/ps7_init.tcl
targets -set -nocase -filter {name =~"APU*" && jtag_cable_name =~ "Digilent Zed 210248686847"} -index 0
loadhw -hw C:/Users/Qlala/Documents/M2_SETI/A2/git/A2/Hardware/Vivado/Demo_IP_HLS/Demo_IP_HLS_mul64/Demo_IP_HLS_mul64.sdk/design_IP_wrapper_hw_platform_0/system.hdf -mem-ranges [list {0x40000000 0xbfffffff}]
configparams force-mem-access 1
targets -set -nocase -filter {name =~"APU*" && jtag_cable_name =~ "Digilent Zed 210248686847"} -index 0
stop
ps7_init
ps7_post_config
targets -set -nocase -filter {name =~ "ARM*#0" && jtag_cable_name =~ "Digilent Zed 210248686847"} -index 0
rst -processor
targets -set -nocase -filter {name =~ "ARM*#0" && jtag_cable_name =~ "Digilent Zed 210248686847"} -index 0
dow C:/Users/Qlala/Documents/M2_SETI/A2/git/A2/Hardware/Vivado/Demo_IP_HLS/Demo_IP_HLS_mul64/Demo_IP_HLS_mul64.sdk/test_mul64/Debug/test_mul64.elf
configparams force-mem-access 0
----------------End of Script----------------

21:34:17 INFO  : Memory regions updated for context APU
21:34:17 INFO  : Context for processor 'ps7_cortexa9_0' is selected.
21:34:17 INFO  : 'con' command is executed.
21:34:17 INFO  : ----------------XSDB Script (After Launch)----------------
targets -set -nocase -filter {name =~ "ARM*#0" && jtag_cable_name =~ "Digilent Zed 210248686847"} -index 0
con
----------------End of Script----------------

21:34:17 INFO  : Launch script is exported to file 'C:\Users\Qlala\Documents\M2_SETI\A2\git\A2\Hardware\Vivado\Demo_IP_HLS\Demo_IP_HLS_mul64\Demo_IP_HLS_mul64.sdk\.sdk\launch_scripts\xilinx_c-c++_application_(system_debugger)\system_debugger_using_debug_test_mul64.elf_on_local.tcl'
21:53:59 INFO  : SDK has detected change in the last modified timestamps for source hardware specification file Source:1582923030409,  Project:1582834122524
21:53:59 INFO  : Project design_IP_wrapper_hw_platform_0's source hardware specification located at C:/Users/Qlala/Documents/M2_SETI/A2/git/A2/Hardware/Vivado/Demo_IP_HLS/Demo_IP_HLS_mul64/Demo_IP_HLS_mul64.sdk/design_IP_wrapper.hdf is now different from the local copy.
		 The local copy will be replaced with the source specification and your workspace will be updated.
21:54:39 INFO  : Copied contents of C:/Users/Qlala/Documents/M2_SETI/A2/git/A2/Hardware/Vivado/Demo_IP_HLS/Demo_IP_HLS_mul64/Demo_IP_HLS_mul64.sdk/design_IP_wrapper.hdf into \design_IP_wrapper_hw_platform_0\system.hdf.
21:54:46 INFO  : Synchronizing projects in the workspace with the hardware platform specification changes.
21:54:53 INFO  : 
21:54:54 INFO  : Updating hardware inferred compiler options for test_mul64.
21:54:54 INFO  : Clearing existing target manager status.
21:54:54 INFO  : Closing and re-opening the MSS file of ther project test_mul64_bsp
21:54:56 INFO  : Workspace synchronized with the new hardware specification file. Cleaning dependent projects...
21:54:59 WARN  : Linker script will not be updated automatically. Users need to update it manually.
21:57:41 INFO  : Connected to target on host '127.0.0.1' and port '3121'.
21:57:41 INFO  : 'targets -set -filter {jtag_cable_name =~ "Digilent Zed 210248686847" && level==0} -index 1' command is executed.
21:57:43 INFO  : FPGA configured successfully with bitstream "C:/Users/Qlala/Documents/M2_SETI/A2/git/A2/Hardware/Vivado/Demo_IP_HLS/Demo_IP_HLS_mul64/Demo_IP_HLS_mul64.sdk/design_IP_wrapper_hw_platform_0/design_IP_wrapper.bit"
21:57:51 INFO  : Disconnected from the channel tcfchan#1.
21:57:52 INFO  : 'targets -set -filter {jtag_cable_name =~ "Digilent Zed 210248686847" && level==0} -index 1' command is executed.
21:57:52 INFO  : 'fpga -state' command is executed.
21:57:52 INFO  : Connected to target on host '127.0.0.1' and port '3121'.
21:57:53 INFO  : Jtag cable 'Digilent Zed 210248686847' is selected.
21:57:53 INFO  : 'jtag frequency' command is executed.
21:57:53 INFO  : Sourcing of 'C:/Users/Qlala/Documents/M2_SETI/A2/git/A2/Hardware/Vivado/Demo_IP_HLS/Demo_IP_HLS_mul64/Demo_IP_HLS_mul64.sdk/design_IP_wrapper_hw_platform_0/ps7_init.tcl' is done.
21:57:53 INFO  : Context for 'APU' is selected.
21:57:53 INFO  : Hardware design information is loaded from 'C:/Users/Qlala/Documents/M2_SETI/A2/git/A2/Hardware/Vivado/Demo_IP_HLS/Demo_IP_HLS_mul64/Demo_IP_HLS_mul64.sdk/design_IP_wrapper_hw_platform_0/system.hdf'.
21:57:53 INFO  : 'configparams force-mem-access 1' command is executed.
21:57:53 INFO  : Context for 'APU' is selected.
21:57:53 INFO  : 'stop' command is executed.
21:57:54 INFO  : 'ps7_init' command is executed.
21:57:54 INFO  : 'ps7_post_config' command is executed.
21:57:54 INFO  : Context for processor 'ps7_cortexa9_0' is selected.
21:57:54 INFO  : Processor reset is completed for 'ps7_cortexa9_0'.
21:57:54 INFO  : Context for processor 'ps7_cortexa9_0' is selected.
21:57:54 INFO  : The application 'C:/Users/Qlala/Documents/M2_SETI/A2/git/A2/Hardware/Vivado/Demo_IP_HLS/Demo_IP_HLS_mul64/Demo_IP_HLS_mul64.sdk/test_mul64/Debug/test_mul64.elf' is downloaded to processor 'ps7_cortexa9_0'.
21:57:54 INFO  : 'configparams force-mem-access 0' command is executed.
21:57:54 INFO  : ----------------XSDB Script----------------
connect -url tcp:127.0.0.1:3121
source C:/Users/Qlala/Documents/M2_SETI/A2/git/A2/Hardware/Vivado/Demo_IP_HLS/Demo_IP_HLS_mul64/Demo_IP_HLS_mul64.sdk/design_IP_wrapper_hw_platform_0/ps7_init.tcl
targets -set -nocase -filter {name =~"APU*" && jtag_cable_name =~ "Digilent Zed 210248686847"} -index 0
loadhw -hw C:/Users/Qlala/Documents/M2_SETI/A2/git/A2/Hardware/Vivado/Demo_IP_HLS/Demo_IP_HLS_mul64/Demo_IP_HLS_mul64.sdk/design_IP_wrapper_hw_platform_0/system.hdf -mem-ranges [list {0x40000000 0xbfffffff}]
configparams force-mem-access 1
targets -set -nocase -filter {name =~"APU*" && jtag_cable_name =~ "Digilent Zed 210248686847"} -index 0
stop
ps7_init
ps7_post_config
targets -set -nocase -filter {name =~ "ARM*#0" && jtag_cable_name =~ "Digilent Zed 210248686847"} -index 0
rst -processor
targets -set -nocase -filter {name =~ "ARM*#0" && jtag_cable_name =~ "Digilent Zed 210248686847"} -index 0
dow C:/Users/Qlala/Documents/M2_SETI/A2/git/A2/Hardware/Vivado/Demo_IP_HLS/Demo_IP_HLS_mul64/Demo_IP_HLS_mul64.sdk/test_mul64/Debug/test_mul64.elf
configparams force-mem-access 0
----------------End of Script----------------

21:57:54 INFO  : Memory regions updated for context APU
21:57:55 INFO  : Context for processor 'ps7_cortexa9_0' is selected.
21:57:55 INFO  : 'con' command is executed.
21:57:55 INFO  : ----------------XSDB Script (After Launch)----------------
targets -set -nocase -filter {name =~ "ARM*#0" && jtag_cable_name =~ "Digilent Zed 210248686847"} -index 0
con
----------------End of Script----------------

21:57:55 INFO  : Launch script is exported to file 'C:\Users\Qlala\Documents\M2_SETI\A2\git\A2\Hardware\Vivado\Demo_IP_HLS\Demo_IP_HLS_mul64\Demo_IP_HLS_mul64.sdk\.sdk\launch_scripts\xilinx_c-c++_application_(system_debugger)\system_debugger_using_debug_test_mul64.elf_on_local.tcl'
21:58:50 INFO  : Disconnected from the channel tcfchan#2.
21:58:51 INFO  : 'targets -set -filter {jtag_cable_name =~ "Digilent Zed 210248686847" && level==0} -index 1' command is executed.
21:58:51 INFO  : 'fpga -state' command is executed.
21:58:51 INFO  : Connected to target on host '127.0.0.1' and port '3121'.
21:58:51 INFO  : Jtag cable 'Digilent Zed 210248686847' is selected.
21:58:51 INFO  : 'jtag frequency' command is executed.
21:58:51 INFO  : Sourcing of 'C:/Users/Qlala/Documents/M2_SETI/A2/git/A2/Hardware/Vivado/Demo_IP_HLS/Demo_IP_HLS_mul64/Demo_IP_HLS_mul64.sdk/design_IP_wrapper_hw_platform_0/ps7_init.tcl' is done.
21:58:51 INFO  : Context for 'APU' is selected.
21:58:54 INFO  : Hardware design information is loaded from 'C:/Users/Qlala/Documents/M2_SETI/A2/git/A2/Hardware/Vivado/Demo_IP_HLS/Demo_IP_HLS_mul64/Demo_IP_HLS_mul64.sdk/design_IP_wrapper_hw_platform_0/system.hdf'.
21:58:54 INFO  : 'configparams force-mem-access 1' command is executed.
21:58:55 INFO  : Context for 'APU' is selected.
21:58:55 INFO  : 'stop' command is executed.
21:58:55 INFO  : 'ps7_init' command is executed.
21:58:55 INFO  : 'ps7_post_config' command is executed.
21:58:55 INFO  : Context for processor 'ps7_cortexa9_0' is selected.
21:58:55 INFO  : Processor reset is completed for 'ps7_cortexa9_0'.
21:58:55 INFO  : Context for processor 'ps7_cortexa9_0' is selected.
21:58:55 INFO  : The application 'C:/Users/Qlala/Documents/M2_SETI/A2/git/A2/Hardware/Vivado/Demo_IP_HLS/Demo_IP_HLS_mul64/Demo_IP_HLS_mul64.sdk/test_mul64/Debug/test_mul64.elf' is downloaded to processor 'ps7_cortexa9_0'.
21:58:55 INFO  : 'configparams force-mem-access 0' command is executed.
21:58:55 INFO  : ----------------XSDB Script----------------
connect -url tcp:127.0.0.1:3121
source C:/Users/Qlala/Documents/M2_SETI/A2/git/A2/Hardware/Vivado/Demo_IP_HLS/Demo_IP_HLS_mul64/Demo_IP_HLS_mul64.sdk/design_IP_wrapper_hw_platform_0/ps7_init.tcl
targets -set -nocase -filter {name =~"APU*" && jtag_cable_name =~ "Digilent Zed 210248686847"} -index 0
loadhw -hw C:/Users/Qlala/Documents/M2_SETI/A2/git/A2/Hardware/Vivado/Demo_IP_HLS/Demo_IP_HLS_mul64/Demo_IP_HLS_mul64.sdk/design_IP_wrapper_hw_platform_0/system.hdf -mem-ranges [list {0x40000000 0xbfffffff}]
configparams force-mem-access 1
targets -set -nocase -filter {name =~"APU*" && jtag_cable_name =~ "Digilent Zed 210248686847"} -index 0
stop
ps7_init
ps7_post_config
targets -set -nocase -filter {name =~ "ARM*#0" && jtag_cable_name =~ "Digilent Zed 210248686847"} -index 0
rst -processor
targets -set -nocase -filter {name =~ "ARM*#0" && jtag_cable_name =~ "Digilent Zed 210248686847"} -index 0
dow C:/Users/Qlala/Documents/M2_SETI/A2/git/A2/Hardware/Vivado/Demo_IP_HLS/Demo_IP_HLS_mul64/Demo_IP_HLS_mul64.sdk/test_mul64/Debug/test_mul64.elf
configparams force-mem-access 0
----------------End of Script----------------

21:58:56 INFO  : Memory regions updated for context APU
21:58:56 INFO  : Context for processor 'ps7_cortexa9_0' is selected.
21:58:56 INFO  : 'con' command is executed.
21:58:56 INFO  : ----------------XSDB Script (After Launch)----------------
targets -set -nocase -filter {name =~ "ARM*#0" && jtag_cable_name =~ "Digilent Zed 210248686847"} -index 0
con
----------------End of Script----------------

21:58:56 INFO  : Launch script is exported to file 'C:\Users\Qlala\Documents\M2_SETI\A2\git\A2\Hardware\Vivado\Demo_IP_HLS\Demo_IP_HLS_mul64\Demo_IP_HLS_mul64.sdk\.sdk\launch_scripts\xilinx_c-c++_application_(system_debugger)\system_debugger_using_debug_test_mul64.elf_on_local.tcl'
22:01:23 INFO  : Disconnected from the channel tcfchan#3.
22:01:25 INFO  : 'targets -set -filter {jtag_cable_name =~ "Digilent Zed 210248686847" && level==0} -index 1' command is executed.
22:01:25 INFO  : 'fpga -state' command is executed.
22:01:25 INFO  : Connected to target on host '127.0.0.1' and port '3121'.
22:01:25 INFO  : Jtag cable 'Digilent Zed 210248686847' is selected.
22:01:25 INFO  : 'jtag frequency' command is executed.
22:01:25 INFO  : Sourcing of 'C:/Users/Qlala/Documents/M2_SETI/A2/git/A2/Hardware/Vivado/Demo_IP_HLS/Demo_IP_HLS_mul64/Demo_IP_HLS_mul64.sdk/design_IP_wrapper_hw_platform_0/ps7_init.tcl' is done.
22:01:25 INFO  : Context for 'APU' is selected.
22:01:25 INFO  : Hardware design information is loaded from 'C:/Users/Qlala/Documents/M2_SETI/A2/git/A2/Hardware/Vivado/Demo_IP_HLS/Demo_IP_HLS_mul64/Demo_IP_HLS_mul64.sdk/design_IP_wrapper_hw_platform_0/system.hdf'.
22:01:25 INFO  : 'configparams force-mem-access 1' command is executed.
22:01:25 INFO  : Context for 'APU' is selected.
22:01:25 INFO  : 'stop' command is executed.
22:01:26 INFO  : 'ps7_init' command is executed.
22:01:26 INFO  : 'ps7_post_config' command is executed.
22:01:26 INFO  : Context for processor 'ps7_cortexa9_0' is selected.
22:01:26 INFO  : Processor reset is completed for 'ps7_cortexa9_0'.
22:01:26 INFO  : Context for processor 'ps7_cortexa9_0' is selected.
22:01:26 INFO  : The application 'C:/Users/Qlala/Documents/M2_SETI/A2/git/A2/Hardware/Vivado/Demo_IP_HLS/Demo_IP_HLS_mul64/Demo_IP_HLS_mul64.sdk/test_mul64/Debug/test_mul64.elf' is downloaded to processor 'ps7_cortexa9_0'.
22:01:26 INFO  : 'configparams force-mem-access 0' command is executed.
22:01:26 INFO  : ----------------XSDB Script----------------
connect -url tcp:127.0.0.1:3121
source C:/Users/Qlala/Documents/M2_SETI/A2/git/A2/Hardware/Vivado/Demo_IP_HLS/Demo_IP_HLS_mul64/Demo_IP_HLS_mul64.sdk/design_IP_wrapper_hw_platform_0/ps7_init.tcl
targets -set -nocase -filter {name =~"APU*" && jtag_cable_name =~ "Digilent Zed 210248686847"} -index 0
loadhw -hw C:/Users/Qlala/Documents/M2_SETI/A2/git/A2/Hardware/Vivado/Demo_IP_HLS/Demo_IP_HLS_mul64/Demo_IP_HLS_mul64.sdk/design_IP_wrapper_hw_platform_0/system.hdf -mem-ranges [list {0x40000000 0xbfffffff}]
configparams force-mem-access 1
targets -set -nocase -filter {name =~"APU*" && jtag_cable_name =~ "Digilent Zed 210248686847"} -index 0
stop
ps7_init
ps7_post_config
targets -set -nocase -filter {name =~ "ARM*#0" && jtag_cable_name =~ "Digilent Zed 210248686847"} -index 0
rst -processor
targets -set -nocase -filter {name =~ "ARM*#0" && jtag_cable_name =~ "Digilent Zed 210248686847"} -index 0
dow C:/Users/Qlala/Documents/M2_SETI/A2/git/A2/Hardware/Vivado/Demo_IP_HLS/Demo_IP_HLS_mul64/Demo_IP_HLS_mul64.sdk/test_mul64/Debug/test_mul64.elf
configparams force-mem-access 0
----------------End of Script----------------

22:01:26 INFO  : Memory regions updated for context APU
22:01:26 INFO  : Context for processor 'ps7_cortexa9_0' is selected.
22:01:26 INFO  : 'con' command is executed.
22:01:26 INFO  : ----------------XSDB Script (After Launch)----------------
targets -set -nocase -filter {name =~ "ARM*#0" && jtag_cable_name =~ "Digilent Zed 210248686847"} -index 0
con
----------------End of Script----------------

22:01:26 INFO  : Launch script is exported to file 'C:\Users\Qlala\Documents\M2_SETI\A2\git\A2\Hardware\Vivado\Demo_IP_HLS\Demo_IP_HLS_mul64\Demo_IP_HLS_mul64.sdk\.sdk\launch_scripts\xilinx_c-c++_application_(system_debugger)\system_debugger_using_debug_test_mul64.elf_on_local.tcl'
22:30:07 INFO  : SDK has detected change in the last modified timestamps for source hardware specification file Source:1582925216416,  Project:1582923030409
22:30:07 INFO  : Project design_IP_wrapper_hw_platform_0's source hardware specification located at C:/Users/Qlala/Documents/M2_SETI/A2/git/A2/Hardware/Vivado/Demo_IP_HLS/Demo_IP_HLS_mul64/Demo_IP_HLS_mul64.sdk/design_IP_wrapper.hdf is now different from the local copy.
		 The local copy will be replaced with the source specification and your workspace will be updated.
22:30:54 INFO  : Copied contents of C:/Users/Qlala/Documents/M2_SETI/A2/git/A2/Hardware/Vivado/Demo_IP_HLS/Demo_IP_HLS_mul64/Demo_IP_HLS_mul64.sdk/design_IP_wrapper.hdf into \design_IP_wrapper_hw_platform_0\system.hdf.
22:31:01 INFO  : Synchronizing projects in the workspace with the hardware platform specification changes.
22:31:05 INFO  : 
22:31:06 INFO  : Updating hardware inferred compiler options for test_mul64.
22:31:06 INFO  : Clearing existing target manager status.
22:31:06 INFO  : Closing and re-opening the MSS file of ther project test_mul64_bsp
22:31:08 INFO  : Workspace synchronized with the new hardware specification file. Cleaning dependent projects...
22:31:10 WARN  : Linker script will not be updated automatically. Users need to update it manually.
22:33:33 INFO  : Connected to target on host '127.0.0.1' and port '3121'.
22:33:33 INFO  : 'targets -set -filter {jtag_cable_name =~ "Digilent Zed 210248686847" && level==0} -index 1' command is executed.
22:33:36 INFO  : FPGA configured successfully with bitstream "C:/Users/Qlala/Documents/M2_SETI/A2/git/A2/Hardware/Vivado/Demo_IP_HLS/Demo_IP_HLS_mul64/Demo_IP_HLS_mul64.sdk/design_IP_wrapper_hw_platform_0/design_IP_wrapper.bit"
22:33:53 INFO  : Disconnected from the channel tcfchan#4.
22:33:55 INFO  : 'targets -set -filter {jtag_cable_name =~ "Digilent Zed 210248686847" && level==0} -index 1' command is executed.
22:33:55 INFO  : 'fpga -state' command is executed.
22:33:55 INFO  : Connected to target on host '127.0.0.1' and port '3121'.
22:33:56 INFO  : Jtag cable 'Digilent Zed 210248686847' is selected.
22:33:56 INFO  : 'jtag frequency' command is executed.
22:33:56 INFO  : Sourcing of 'C:/Users/Qlala/Documents/M2_SETI/A2/git/A2/Hardware/Vivado/Demo_IP_HLS/Demo_IP_HLS_mul64/Demo_IP_HLS_mul64.sdk/design_IP_wrapper_hw_platform_0/ps7_init.tcl' is done.
22:33:56 INFO  : Context for 'APU' is selected.
22:33:56 INFO  : Hardware design information is loaded from 'C:/Users/Qlala/Documents/M2_SETI/A2/git/A2/Hardware/Vivado/Demo_IP_HLS/Demo_IP_HLS_mul64/Demo_IP_HLS_mul64.sdk/design_IP_wrapper_hw_platform_0/system.hdf'.
22:33:56 INFO  : 'configparams force-mem-access 1' command is executed.
22:33:56 INFO  : Context for 'APU' is selected.
22:33:56 INFO  : 'stop' command is executed.
22:33:56 INFO  : 'ps7_init' command is executed.
22:33:56 INFO  : 'ps7_post_config' command is executed.
22:33:56 INFO  : Context for processor 'ps7_cortexa9_0' is selected.
22:33:56 INFO  : Processor reset is completed for 'ps7_cortexa9_0'.
22:33:56 INFO  : Context for processor 'ps7_cortexa9_0' is selected.
22:33:57 INFO  : The application 'C:/Users/Qlala/Documents/M2_SETI/A2/git/A2/Hardware/Vivado/Demo_IP_HLS/Demo_IP_HLS_mul64/Demo_IP_HLS_mul64.sdk/test_mul64/Debug/test_mul64.elf' is downloaded to processor 'ps7_cortexa9_0'.
22:33:57 INFO  : 'configparams force-mem-access 0' command is executed.
22:33:57 INFO  : ----------------XSDB Script----------------
connect -url tcp:127.0.0.1:3121
source C:/Users/Qlala/Documents/M2_SETI/A2/git/A2/Hardware/Vivado/Demo_IP_HLS/Demo_IP_HLS_mul64/Demo_IP_HLS_mul64.sdk/design_IP_wrapper_hw_platform_0/ps7_init.tcl
targets -set -nocase -filter {name =~"APU*" && jtag_cable_name =~ "Digilent Zed 210248686847"} -index 0
loadhw -hw C:/Users/Qlala/Documents/M2_SETI/A2/git/A2/Hardware/Vivado/Demo_IP_HLS/Demo_IP_HLS_mul64/Demo_IP_HLS_mul64.sdk/design_IP_wrapper_hw_platform_0/system.hdf -mem-ranges [list {0x40000000 0xbfffffff}]
configparams force-mem-access 1
targets -set -nocase -filter {name =~"APU*" && jtag_cable_name =~ "Digilent Zed 210248686847"} -index 0
stop
ps7_init
ps7_post_config
targets -set -nocase -filter {name =~ "ARM*#0" && jtag_cable_name =~ "Digilent Zed 210248686847"} -index 0
rst -processor
targets -set -nocase -filter {name =~ "ARM*#0" && jtag_cable_name =~ "Digilent Zed 210248686847"} -index 0
dow C:/Users/Qlala/Documents/M2_SETI/A2/git/A2/Hardware/Vivado/Demo_IP_HLS/Demo_IP_HLS_mul64/Demo_IP_HLS_mul64.sdk/test_mul64/Debug/test_mul64.elf
configparams force-mem-access 0
----------------End of Script----------------

22:33:57 INFO  : Memory regions updated for context APU
22:33:57 INFO  : Context for processor 'ps7_cortexa9_0' is selected.
22:33:57 INFO  : 'con' command is executed.
22:33:57 INFO  : ----------------XSDB Script (After Launch)----------------
targets -set -nocase -filter {name =~ "ARM*#0" && jtag_cable_name =~ "Digilent Zed 210248686847"} -index 0
con
----------------End of Script----------------

22:33:57 INFO  : Launch script is exported to file 'C:\Users\Qlala\Documents\M2_SETI\A2\git\A2\Hardware\Vivado\Demo_IP_HLS\Demo_IP_HLS_mul64\Demo_IP_HLS_mul64.sdk\.sdk\launch_scripts\xilinx_c-c++_application_(system_debugger)\system_debugger_using_debug_test_mul64.elf_on_local.tcl'
00:59:09 INFO  : Disconnected from the channel tcfchan#5.
00:12:59 INFO  : Registering command handlers for SDK TCF services
00:13:00 INFO  : Launching XSCT server: xsct.bat -interactive C:\Users\Qlala\Documents\M2_SETI\A2\git\A2\Hardware\Vivado\Demo_IP_HLS\Demo_IP_HLS_mul64\Demo_IP_HLS_mul64.sdk\temp_xsdb_launch_script.tcl
00:13:04 INFO  : XSCT server has started successfully.
00:13:04 INFO  : Successfully done setting XSCT server connection channel  
00:13:08 INFO  : Processing command line option -hwspec C:/Users/Qlala/Documents/M2_SETI/A2/git/A2/Hardware/Vivado/Demo_IP_HLS/Demo_IP_HLS_mul64/Demo_IP_HLS_mul64.sdk/design_IP_wrapper.hdf.
00:13:08 INFO  : Successfully done setting SDK workspace  
00:13:08 INFO  : Checking for hwspec changes in the project design_IP_wrapper_hw_platform_0.
00:13:14 INFO  : SDK has detected change in the last modified timestamps for source hardware specification file Source:1583017833476,  Project:1582925216416
00:13:14 INFO  : The hardware specification for project 'design_IP_wrapper_hw_platform_0' is different from C:/Users/Qlala/Documents/M2_SETI/A2/git/A2/Hardware/Vivado/Demo_IP_HLS/Demo_IP_HLS_mul64/Demo_IP_HLS_mul64.sdk/design_IP_wrapper.hdf.
00:13:14 INFO  : Copied contents of C:/Users/Qlala/Documents/M2_SETI/A2/git/A2/Hardware/Vivado/Demo_IP_HLS/Demo_IP_HLS_mul64/Demo_IP_HLS_mul64.sdk/design_IP_wrapper.hdf into \design_IP_wrapper_hw_platform_0\system.hdf.
00:13:20 INFO  : Synchronizing projects in the workspace with the hardware platform specification changes.
00:13:26 INFO  : 
00:13:26 INFO  : Updating hardware inferred compiler options for test_mul64.
00:13:26 INFO  : Clearing existing target manager status.
00:16:40 INFO  : Connected to target on host '127.0.0.1' and port '3121'.
00:16:40 INFO  : 'targets -set -filter {jtag_cable_name =~ "Digilent Zed 210248686847" && level==0} -index 1' command is executed.
00:16:43 INFO  : FPGA configured successfully with bitstream "C:/Users/Qlala/Documents/M2_SETI/A2/git/A2/Hardware/Vivado/Demo_IP_HLS/Demo_IP_HLS_mul64/Demo_IP_HLS_mul64.sdk/design_IP_wrapper_hw_platform_0/design_IP_wrapper.bit"
00:16:47 INFO  : 'targets -set -filter {jtag_cable_name =~ "Digilent Zed 210248686847" && level==0} -index 1' command is executed.
00:16:47 INFO  : 'fpga -state' command is executed.
00:16:47 INFO  : Connected to target on host '127.0.0.1' and port '3121'.
00:16:48 INFO  : Jtag cable 'Digilent Zed 210248686847' is selected.
00:16:48 INFO  : 'jtag frequency' command is executed.
00:16:48 INFO  : Sourcing of 'C:/Users/Qlala/Documents/M2_SETI/A2/git/A2/Hardware/Vivado/Demo_IP_HLS/Demo_IP_HLS_mul64/Demo_IP_HLS_mul64.sdk/design_IP_wrapper_hw_platform_0/ps7_init.tcl' is done.
00:16:48 INFO  : Context for 'APU' is selected.
00:16:48 INFO  : Hardware design information is loaded from 'C:/Users/Qlala/Documents/M2_SETI/A2/git/A2/Hardware/Vivado/Demo_IP_HLS/Demo_IP_HLS_mul64/Demo_IP_HLS_mul64.sdk/design_IP_wrapper_hw_platform_0/system.hdf'.
00:16:48 INFO  : 'configparams force-mem-access 1' command is executed.
00:16:48 INFO  : Context for 'APU' is selected.
00:16:48 INFO  : 'stop' command is executed.
00:16:49 INFO  : 'ps7_init' command is executed.
00:16:49 INFO  : 'ps7_post_config' command is executed.
00:16:49 INFO  : Context for processor 'ps7_cortexa9_0' is selected.
00:16:49 INFO  : Processor reset is completed for 'ps7_cortexa9_0'.
00:16:49 INFO  : Context for processor 'ps7_cortexa9_0' is selected.
00:16:49 INFO  : The application 'C:/Users/Qlala/Documents/M2_SETI/A2/git/A2/Hardware/Vivado/Demo_IP_HLS/Demo_IP_HLS_mul64/Demo_IP_HLS_mul64.sdk/test_mul64/Debug/test_mul64.elf' is downloaded to processor 'ps7_cortexa9_0'.
00:16:49 INFO  : 'configparams force-mem-access 0' command is executed.
00:16:49 INFO  : ----------------XSDB Script----------------
connect -url tcp:127.0.0.1:3121
source C:/Users/Qlala/Documents/M2_SETI/A2/git/A2/Hardware/Vivado/Demo_IP_HLS/Demo_IP_HLS_mul64/Demo_IP_HLS_mul64.sdk/design_IP_wrapper_hw_platform_0/ps7_init.tcl
targets -set -nocase -filter {name =~"APU*" && jtag_cable_name =~ "Digilent Zed 210248686847"} -index 0
loadhw -hw C:/Users/Qlala/Documents/M2_SETI/A2/git/A2/Hardware/Vivado/Demo_IP_HLS/Demo_IP_HLS_mul64/Demo_IP_HLS_mul64.sdk/design_IP_wrapper_hw_platform_0/system.hdf -mem-ranges [list {0x40000000 0xbfffffff}]
configparams force-mem-access 1
targets -set -nocase -filter {name =~"APU*" && jtag_cable_name =~ "Digilent Zed 210248686847"} -index 0
stop
ps7_init
ps7_post_config
targets -set -nocase -filter {name =~ "ARM*#0" && jtag_cable_name =~ "Digilent Zed 210248686847"} -index 0
rst -processor
targets -set -nocase -filter {name =~ "ARM*#0" && jtag_cable_name =~ "Digilent Zed 210248686847"} -index 0
dow C:/Users/Qlala/Documents/M2_SETI/A2/git/A2/Hardware/Vivado/Demo_IP_HLS/Demo_IP_HLS_mul64/Demo_IP_HLS_mul64.sdk/test_mul64/Debug/test_mul64.elf
configparams force-mem-access 0
----------------End of Script----------------

00:16:49 INFO  : Memory regions updated for context APU
00:16:49 INFO  : Context for processor 'ps7_cortexa9_0' is selected.
00:16:49 INFO  : 'con' command is executed.
00:16:49 INFO  : ----------------XSDB Script (After Launch)----------------
targets -set -nocase -filter {name =~ "ARM*#0" && jtag_cable_name =~ "Digilent Zed 210248686847"} -index 0
con
----------------End of Script----------------

00:16:49 INFO  : Launch script is exported to file 'C:\Users\Qlala\Documents\M2_SETI\A2\git\A2\Hardware\Vivado\Demo_IP_HLS\Demo_IP_HLS_mul64\Demo_IP_HLS_mul64.sdk\.sdk\launch_scripts\xilinx_c-c++_application_(system_debugger)\system_debugger_using_debug_test_mul64.elf_on_local.tcl'
09:55:25 INFO  : SDK has detected change in the last modified timestamps for source hardware specification file Source:1583025632300,  Project:1583017833476
09:55:25 INFO  : Project design_IP_wrapper_hw_platform_0's source hardware specification located at C:/Users/Qlala/Documents/M2_SETI/A2/git/A2/Hardware/Vivado/Demo_IP_HLS/Demo_IP_HLS_mul64/Demo_IP_HLS_mul64.sdk/design_IP_wrapper.hdf is now different from the local copy.
		 The local copy will be replaced with the source specification and your workspace will be updated.
09:55:33 INFO  : Copied contents of C:/Users/Qlala/Documents/M2_SETI/A2/git/A2/Hardware/Vivado/Demo_IP_HLS/Demo_IP_HLS_mul64/Demo_IP_HLS_mul64.sdk/design_IP_wrapper.hdf into \design_IP_wrapper_hw_platform_0\system.hdf.
09:55:39 INFO  : Synchronizing projects in the workspace with the hardware platform specification changes.
09:55:46 INFO  : 
09:55:46 INFO  : Updating hardware inferred compiler options for test_mul64.
09:55:46 INFO  : Clearing existing target manager status.
09:55:56 INFO  : Connected to target on host '127.0.0.1' and port '3121'.
09:55:56 INFO  : 'targets -set -filter {jtag_cable_name =~ "Digilent Zed 210248686847" && level==0} -index 1' command is executed.
09:55:58 INFO  : FPGA configured successfully with bitstream "C:/Users/Qlala/Documents/M2_SETI/A2/git/A2/Hardware/Vivado/Demo_IP_HLS/Demo_IP_HLS_mul64/Demo_IP_HLS_mul64.sdk/design_IP_wrapper_hw_platform_0/design_IP_wrapper.bit"
09:56:06 INFO  : Disconnected from the channel tcfchan#1.
09:56:08 INFO  : 'targets -set -filter {jtag_cable_name =~ "Digilent Zed 210248686847" && level==0} -index 1' command is executed.
09:56:08 INFO  : 'fpga -state' command is executed.
09:56:08 INFO  : Connected to target on host '127.0.0.1' and port '3121'.
09:56:08 INFO  : Jtag cable 'Digilent Zed 210248686847' is selected.
09:56:08 INFO  : 'jtag frequency' command is executed.
09:56:08 INFO  : Sourcing of 'C:/Users/Qlala/Documents/M2_SETI/A2/git/A2/Hardware/Vivado/Demo_IP_HLS/Demo_IP_HLS_mul64/Demo_IP_HLS_mul64.sdk/design_IP_wrapper_hw_platform_0/ps7_init.tcl' is done.
09:56:08 INFO  : Context for 'APU' is selected.
09:56:08 INFO  : Hardware design information is loaded from 'C:/Users/Qlala/Documents/M2_SETI/A2/git/A2/Hardware/Vivado/Demo_IP_HLS/Demo_IP_HLS_mul64/Demo_IP_HLS_mul64.sdk/design_IP_wrapper_hw_platform_0/system.hdf'.
09:56:08 INFO  : 'configparams force-mem-access 1' command is executed.
09:56:08 INFO  : Context for 'APU' is selected.
09:56:08 INFO  : 'stop' command is executed.
09:56:08 ERROR : Memory read error at 0xF8007080. AHB AP transaction error, DAP status f0000021
09:56:08 INFO  : ----------------XSDB Script----------------
connect -url tcp:127.0.0.1:3121
source C:/Users/Qlala/Documents/M2_SETI/A2/git/A2/Hardware/Vivado/Demo_IP_HLS/Demo_IP_HLS_mul64/Demo_IP_HLS_mul64.sdk/design_IP_wrapper_hw_platform_0/ps7_init.tcl
targets -set -nocase -filter {name =~"APU*" && jtag_cable_name =~ "Digilent Zed 210248686847"} -index 0
loadhw -hw C:/Users/Qlala/Documents/M2_SETI/A2/git/A2/Hardware/Vivado/Demo_IP_HLS/Demo_IP_HLS_mul64/Demo_IP_HLS_mul64.sdk/design_IP_wrapper_hw_platform_0/system.hdf -mem-ranges [list {0x40000000 0xbfffffff}]
configparams force-mem-access 1
targets -set -nocase -filter {name =~"APU*" && jtag_cable_name =~ "Digilent Zed 210248686847"} -index 0
stop
ps7_init
----------------End of Script----------------

09:56:31 INFO  : Connected to target on host '127.0.0.1' and port '3121'.
09:56:31 INFO  : 'targets -set -filter {jtag_cable_name =~ "Digilent Zed 210248686847" && level==0} -index 1' command is executed.
09:56:35 ERROR : fpga configuration failed. DONE PIN is not HIGH
09:56:49 INFO  : Connected to target on host '127.0.0.1' and port '3121'.
09:56:49 INFO  : 'targets -set -filter {jtag_cable_name =~ "Digilent Zed 210248686847" && level==0} -index 1' command is executed.
09:56:53 ERROR : fpga configuration failed. DONE PIN is not HIGH
09:57:02 INFO  : Connected to target on host '127.0.0.1' and port '3121'.
09:57:02 INFO  : 'targets -set -filter {jtag_cable_name =~ "Digilent Zed 210248686847" && level==0} -index 1' command is executed.
09:57:04 INFO  : FPGA configured successfully with bitstream "C:/Users/Qlala/Documents/M2_SETI/A2/git/A2/Hardware/Vivado/Demo_IP_HLS/Demo_IP_HLS_mul64/Demo_IP_HLS_mul64.sdk/design_IP_wrapper_hw_platform_0/design_IP_wrapper.bit"
09:57:29 INFO  : 'targets -set -filter {jtag_cable_name =~ "Digilent Zed 210248686847" && level==0} -index 1' command is executed.
09:57:29 INFO  : 'fpga -state' command is executed.
09:57:29 INFO  : Connected to target on host '127.0.0.1' and port '3121'.
09:57:29 INFO  : Jtag cable 'Digilent Zed 210248686847' is selected.
09:57:29 INFO  : 'jtag frequency' command is executed.
09:57:29 INFO  : Sourcing of 'C:/Users/Qlala/Documents/M2_SETI/A2/git/A2/Hardware/Vivado/Demo_IP_HLS/Demo_IP_HLS_mul64/Demo_IP_HLS_mul64.sdk/design_IP_wrapper_hw_platform_0/ps7_init.tcl' is done.
09:57:29 INFO  : Context for 'APU' is selected.
09:57:29 INFO  : Hardware design information is loaded from 'C:/Users/Qlala/Documents/M2_SETI/A2/git/A2/Hardware/Vivado/Demo_IP_HLS/Demo_IP_HLS_mul64/Demo_IP_HLS_mul64.sdk/design_IP_wrapper_hw_platform_0/system.hdf'.
09:57:29 INFO  : 'configparams force-mem-access 1' command is executed.
09:57:29 INFO  : Context for 'APU' is selected.
09:57:30 INFO  : 'stop' command is executed.
09:57:30 INFO  : 'ps7_init' command is executed.
09:57:30 INFO  : 'ps7_post_config' command is executed.
09:57:30 INFO  : Context for processor 'ps7_cortexa9_0' is selected.
09:57:30 INFO  : Processor reset is completed for 'ps7_cortexa9_0'.
09:57:30 INFO  : Context for processor 'ps7_cortexa9_0' is selected.
09:57:30 INFO  : The application 'C:/Users/Qlala/Documents/M2_SETI/A2/git/A2/Hardware/Vivado/Demo_IP_HLS/Demo_IP_HLS_mul64/Demo_IP_HLS_mul64.sdk/test_mul64/Debug/test_mul64.elf' is downloaded to processor 'ps7_cortexa9_0'.
09:57:30 INFO  : 'configparams force-mem-access 0' command is executed.
09:57:30 INFO  : ----------------XSDB Script----------------
connect -url tcp:127.0.0.1:3121
source C:/Users/Qlala/Documents/M2_SETI/A2/git/A2/Hardware/Vivado/Demo_IP_HLS/Demo_IP_HLS_mul64/Demo_IP_HLS_mul64.sdk/design_IP_wrapper_hw_platform_0/ps7_init.tcl
targets -set -nocase -filter {name =~"APU*" && jtag_cable_name =~ "Digilent Zed 210248686847"} -index 0
loadhw -hw C:/Users/Qlala/Documents/M2_SETI/A2/git/A2/Hardware/Vivado/Demo_IP_HLS/Demo_IP_HLS_mul64/Demo_IP_HLS_mul64.sdk/design_IP_wrapper_hw_platform_0/system.hdf -mem-ranges [list {0x40000000 0xbfffffff}]
configparams force-mem-access 1
targets -set -nocase -filter {name =~"APU*" && jtag_cable_name =~ "Digilent Zed 210248686847"} -index 0
stop
ps7_init
ps7_post_config
targets -set -nocase -filter {name =~ "ARM*#0" && jtag_cable_name =~ "Digilent Zed 210248686847"} -index 0
rst -processor
targets -set -nocase -filter {name =~ "ARM*#0" && jtag_cable_name =~ "Digilent Zed 210248686847"} -index 0
dow C:/Users/Qlala/Documents/M2_SETI/A2/git/A2/Hardware/Vivado/Demo_IP_HLS/Demo_IP_HLS_mul64/Demo_IP_HLS_mul64.sdk/test_mul64/Debug/test_mul64.elf
configparams force-mem-access 0
----------------End of Script----------------

09:57:30 INFO  : Memory regions updated for context APU
09:57:31 INFO  : Context for processor 'ps7_cortexa9_0' is selected.
09:57:31 INFO  : 'con' command is executed.
09:57:31 INFO  : ----------------XSDB Script (After Launch)----------------
targets -set -nocase -filter {name =~ "ARM*#0" && jtag_cable_name =~ "Digilent Zed 210248686847"} -index 0
con
----------------End of Script----------------

09:57:31 INFO  : Launch script is exported to file 'C:\Users\Qlala\Documents\M2_SETI\A2\git\A2\Hardware\Vivado\Demo_IP_HLS\Demo_IP_HLS_mul64\Demo_IP_HLS_mul64.sdk\.sdk\launch_scripts\xilinx_c-c++_application_(system_debugger)\system_debugger_using_debug_test_mul64.elf_on_local.tcl'
23:12:36 INFO  : Disconnected from the channel tcfchan#2.
