20:47:23 INFO  : Registering command handlers for SDK TCF services
20:47:24 INFO  : Launching XSCT server: xsct.bat -interactive C:\Users\Qlala\Documents\M2_SETI\A2\git\A2\Hardware\Vivado\Demo_IP_HLS\Demo_IP_HLS_mul32\Demo_IP_HLS_mul32.sdk\temp_xsdb_launch_script.tcl
20:47:28 INFO  : XSCT server has started successfully.
20:47:28 INFO  : Successfully done setting XSCT server connection channel  
20:47:29 INFO  : Processing command line option -hwspec C:/Users/Qlala/Documents/M2_SETI/A2/git/A2/Hardware/Vivado/Demo_IP_HLS/Demo_IP_HLS_mul32/Demo_IP_HLS_mul32.sdk/design_IP_wrapper.hdf.
20:47:29 INFO  : Successfully done setting SDK workspace  
20:51:49 INFO  : Connected to target on host '127.0.0.1' and port '3121'.
20:51:50 INFO  : 'targets -set -filter {jtag_cable_name =~ "Digilent Zed 210248686847" && level==0} -index 1' command is executed.
20:51:52 INFO  : FPGA configured successfully with bitstream "C:/Users/Qlala/Documents/M2_SETI/A2/git/A2/Hardware/Vivado/Demo_IP_HLS/Demo_IP_HLS_mul32/Demo_IP_HLS_mul32.sdk/design_IP_wrapper_hw_platform_0/design_IP_wrapper.bit"
20:52:00 INFO  : 'targets -set -filter {jtag_cable_name =~ "Digilent Zed 210248686847" && level==0} -index 1' command is executed.
20:52:00 INFO  : 'fpga -state' command is executed.
20:52:00 INFO  : Connected to target on host '127.0.0.1' and port '3121'.
20:52:00 INFO  : Jtag cable 'Digilent Zed 210248686847' is selected.
20:52:00 INFO  : 'jtag frequency' command is executed.
20:52:00 INFO  : Sourcing of 'C:/Users/Qlala/Documents/M2_SETI/A2/git/A2/Hardware/Vivado/Demo_IP_HLS/Demo_IP_HLS_mul32/Demo_IP_HLS_mul32.sdk/design_IP_wrapper_hw_platform_0/ps7_init.tcl' is done.
20:52:00 INFO  : Context for 'APU' is selected.
20:52:00 INFO  : Hardware design information is loaded from 'C:/Users/Qlala/Documents/M2_SETI/A2/git/A2/Hardware/Vivado/Demo_IP_HLS/Demo_IP_HLS_mul32/Demo_IP_HLS_mul32.sdk/design_IP_wrapper_hw_platform_0/system.hdf'.
20:52:00 INFO  : 'configparams force-mem-access 1' command is executed.
20:52:00 INFO  : Context for 'APU' is selected.
20:52:00 INFO  : 'stop' command is executed.
20:52:01 INFO  : 'ps7_init' command is executed.
20:52:01 INFO  : 'ps7_post_config' command is executed.
20:52:01 INFO  : Context for processor 'ps7_cortexa9_0' is selected.
20:52:01 INFO  : Processor reset is completed for 'ps7_cortexa9_0'.
20:52:01 INFO  : Context for processor 'ps7_cortexa9_0' is selected.
20:52:01 INFO  : The application 'C:/Users/Qlala/Documents/M2_SETI/A2/git/A2/Hardware/Vivado/Demo_IP_HLS/Demo_IP_HLS_mul32/Demo_IP_HLS_mul32.sdk/test_mul32/Debug/test_mul32.elf' is downloaded to processor 'ps7_cortexa9_0'.
20:52:01 INFO  : 'configparams force-mem-access 0' command is executed.
20:52:01 INFO  : ----------------XSDB Script----------------
connect -url tcp:127.0.0.1:3121
source C:/Users/Qlala/Documents/M2_SETI/A2/git/A2/Hardware/Vivado/Demo_IP_HLS/Demo_IP_HLS_mul32/Demo_IP_HLS_mul32.sdk/design_IP_wrapper_hw_platform_0/ps7_init.tcl
targets -set -nocase -filter {name =~"APU*" && jtag_cable_name =~ "Digilent Zed 210248686847"} -index 0
loadhw -hw C:/Users/Qlala/Documents/M2_SETI/A2/git/A2/Hardware/Vivado/Demo_IP_HLS/Demo_IP_HLS_mul32/Demo_IP_HLS_mul32.sdk/design_IP_wrapper_hw_platform_0/system.hdf -mem-ranges [list {0x40000000 0xbfffffff}]
configparams force-mem-access 1
targets -set -nocase -filter {name =~"APU*" && jtag_cable_name =~ "Digilent Zed 210248686847"} -index 0
stop
ps7_init
ps7_post_config
targets -set -nocase -filter {name =~ "ARM*#0" && jtag_cable_name =~ "Digilent Zed 210248686847"} -index 0
rst -processor
targets -set -nocase -filter {name =~ "ARM*#0" && jtag_cable_name =~ "Digilent Zed 210248686847"} -index 0
dow C:/Users/Qlala/Documents/M2_SETI/A2/git/A2/Hardware/Vivado/Demo_IP_HLS/Demo_IP_HLS_mul32/Demo_IP_HLS_mul32.sdk/test_mul32/Debug/test_mul32.elf
configparams force-mem-access 0
----------------End of Script----------------

20:52:01 INFO  : Memory regions updated for context APU
20:52:01 INFO  : Context for processor 'ps7_cortexa9_0' is selected.
20:52:02 INFO  : 'con' command is executed.
20:52:02 INFO  : ----------------XSDB Script (After Launch)----------------
targets -set -nocase -filter {name =~ "ARM*#0" && jtag_cable_name =~ "Digilent Zed 210248686847"} -index 0
con
----------------End of Script----------------

20:52:02 INFO  : Launch script is exported to file 'C:\Users\Qlala\Documents\M2_SETI\A2\git\A2\Hardware\Vivado\Demo_IP_HLS\Demo_IP_HLS_mul32\Demo_IP_HLS_mul32.sdk\.sdk\launch_scripts\xilinx_c-c++_application_(system_debugger)\system_debugger_using_debug_test_mul32.elf_on_local.tcl'
20:52:40 INFO  : Disconnected from the channel tcfchan#1.
20:52:41 INFO  : 'targets -set -filter {jtag_cable_name =~ "Digilent Zed 210248686847" && level==0} -index 1' command is executed.
20:52:41 INFO  : 'fpga -state' command is executed.
20:52:41 INFO  : Connected to target on host '127.0.0.1' and port '3121'.
20:52:41 INFO  : Jtag cable 'Digilent Zed 210248686847' is selected.
20:52:41 INFO  : 'jtag frequency' command is executed.
20:52:41 INFO  : Sourcing of 'C:/Users/Qlala/Documents/M2_SETI/A2/git/A2/Hardware/Vivado/Demo_IP_HLS/Demo_IP_HLS_mul32/Demo_IP_HLS_mul32.sdk/design_IP_wrapper_hw_platform_0/ps7_init.tcl' is done.
20:52:41 INFO  : Context for 'APU' is selected.
20:52:45 INFO  : Hardware design information is loaded from 'C:/Users/Qlala/Documents/M2_SETI/A2/git/A2/Hardware/Vivado/Demo_IP_HLS/Demo_IP_HLS_mul32/Demo_IP_HLS_mul32.sdk/design_IP_wrapper_hw_platform_0/system.hdf'.
20:52:45 INFO  : 'configparams force-mem-access 1' command is executed.
20:52:45 INFO  : Context for 'APU' is selected.
20:52:45 INFO  : 'stop' command is executed.
20:52:45 INFO  : 'ps7_init' command is executed.
20:52:45 INFO  : 'ps7_post_config' command is executed.
20:52:46 INFO  : Context for processor 'ps7_cortexa9_0' is selected.
20:52:46 INFO  : Processor reset is completed for 'ps7_cortexa9_0'.
20:52:46 INFO  : Context for processor 'ps7_cortexa9_0' is selected.
20:52:46 INFO  : The application 'C:/Users/Qlala/Documents/M2_SETI/A2/git/A2/Hardware/Vivado/Demo_IP_HLS/Demo_IP_HLS_mul32/Demo_IP_HLS_mul32.sdk/test_mul32/Debug/test_mul32.elf' is downloaded to processor 'ps7_cortexa9_0'.
20:52:46 INFO  : 'configparams force-mem-access 0' command is executed.
20:52:46 INFO  : ----------------XSDB Script----------------
connect -url tcp:127.0.0.1:3121
source C:/Users/Qlala/Documents/M2_SETI/A2/git/A2/Hardware/Vivado/Demo_IP_HLS/Demo_IP_HLS_mul32/Demo_IP_HLS_mul32.sdk/design_IP_wrapper_hw_platform_0/ps7_init.tcl
targets -set -nocase -filter {name =~"APU*" && jtag_cable_name =~ "Digilent Zed 210248686847"} -index 0
loadhw -hw C:/Users/Qlala/Documents/M2_SETI/A2/git/A2/Hardware/Vivado/Demo_IP_HLS/Demo_IP_HLS_mul32/Demo_IP_HLS_mul32.sdk/design_IP_wrapper_hw_platform_0/system.hdf -mem-ranges [list {0x40000000 0xbfffffff}]
configparams force-mem-access 1
targets -set -nocase -filter {name =~"APU*" && jtag_cable_name =~ "Digilent Zed 210248686847"} -index 0
stop
ps7_init
ps7_post_config
targets -set -nocase -filter {name =~ "ARM*#0" && jtag_cable_name =~ "Digilent Zed 210248686847"} -index 0
rst -processor
targets -set -nocase -filter {name =~ "ARM*#0" && jtag_cable_name =~ "Digilent Zed 210248686847"} -index 0
dow C:/Users/Qlala/Documents/M2_SETI/A2/git/A2/Hardware/Vivado/Demo_IP_HLS/Demo_IP_HLS_mul32/Demo_IP_HLS_mul32.sdk/test_mul32/Debug/test_mul32.elf
configparams force-mem-access 0
----------------End of Script----------------

20:52:46 INFO  : Memory regions updated for context APU
20:52:46 INFO  : Context for processor 'ps7_cortexa9_0' is selected.
20:52:46 INFO  : 'con' command is executed.
20:52:46 INFO  : ----------------XSDB Script (After Launch)----------------
targets -set -nocase -filter {name =~ "ARM*#0" && jtag_cable_name =~ "Digilent Zed 210248686847"} -index 0
con
----------------End of Script----------------

20:52:46 INFO  : Launch script is exported to file 'C:\Users\Qlala\Documents\M2_SETI\A2\git\A2\Hardware\Vivado\Demo_IP_HLS\Demo_IP_HLS_mul32\Demo_IP_HLS_mul32.sdk\.sdk\launch_scripts\xilinx_c-c++_application_(system_debugger)\system_debugger_using_debug_test_mul32.elf_on_local.tcl'
20:53:06 INFO  : Disconnected from the channel tcfchan#2.
20:53:07 INFO  : 'targets -set -filter {jtag_cable_name =~ "Digilent Zed 210248686847" && level==0} -index 1' command is executed.
20:53:07 INFO  : 'fpga -state' command is executed.
20:53:07 INFO  : Connected to target on host '127.0.0.1' and port '3121'.
20:53:07 INFO  : Jtag cable 'Digilent Zed 210248686847' is selected.
20:53:07 INFO  : 'jtag frequency' command is executed.
20:53:07 INFO  : Sourcing of 'C:/Users/Qlala/Documents/M2_SETI/A2/git/A2/Hardware/Vivado/Demo_IP_HLS/Demo_IP_HLS_mul32/Demo_IP_HLS_mul32.sdk/design_IP_wrapper_hw_platform_0/ps7_init.tcl' is done.
20:53:07 INFO  : Context for 'APU' is selected.
20:53:11 INFO  : Hardware design information is loaded from 'C:/Users/Qlala/Documents/M2_SETI/A2/git/A2/Hardware/Vivado/Demo_IP_HLS/Demo_IP_HLS_mul32/Demo_IP_HLS_mul32.sdk/design_IP_wrapper_hw_platform_0/system.hdf'.
20:53:11 INFO  : 'configparams force-mem-access 1' command is executed.
20:53:11 INFO  : Context for 'APU' is selected.
20:53:11 INFO  : 'stop' command is executed.
20:53:12 INFO  : 'ps7_init' command is executed.
20:53:12 INFO  : 'ps7_post_config' command is executed.
20:53:12 INFO  : Context for processor 'ps7_cortexa9_0' is selected.
20:53:12 INFO  : Processor reset is completed for 'ps7_cortexa9_0'.
20:53:12 INFO  : Context for processor 'ps7_cortexa9_0' is selected.
20:53:12 INFO  : The application 'C:/Users/Qlala/Documents/M2_SETI/A2/git/A2/Hardware/Vivado/Demo_IP_HLS/Demo_IP_HLS_mul32/Demo_IP_HLS_mul32.sdk/test_mul32/Debug/test_mul32.elf' is downloaded to processor 'ps7_cortexa9_0'.
20:53:12 INFO  : 'configparams force-mem-access 0' command is executed.
20:53:12 INFO  : ----------------XSDB Script----------------
connect -url tcp:127.0.0.1:3121
source C:/Users/Qlala/Documents/M2_SETI/A2/git/A2/Hardware/Vivado/Demo_IP_HLS/Demo_IP_HLS_mul32/Demo_IP_HLS_mul32.sdk/design_IP_wrapper_hw_platform_0/ps7_init.tcl
targets -set -nocase -filter {name =~"APU*" && jtag_cable_name =~ "Digilent Zed 210248686847"} -index 0
loadhw -hw C:/Users/Qlala/Documents/M2_SETI/A2/git/A2/Hardware/Vivado/Demo_IP_HLS/Demo_IP_HLS_mul32/Demo_IP_HLS_mul32.sdk/design_IP_wrapper_hw_platform_0/system.hdf -mem-ranges [list {0x40000000 0xbfffffff}]
configparams force-mem-access 1
targets -set -nocase -filter {name =~"APU*" && jtag_cable_name =~ "Digilent Zed 210248686847"} -index 0
stop
ps7_init
ps7_post_config
targets -set -nocase -filter {name =~ "ARM*#0" && jtag_cable_name =~ "Digilent Zed 210248686847"} -index 0
rst -processor
targets -set -nocase -filter {name =~ "ARM*#0" && jtag_cable_name =~ "Digilent Zed 210248686847"} -index 0
dow C:/Users/Qlala/Documents/M2_SETI/A2/git/A2/Hardware/Vivado/Demo_IP_HLS/Demo_IP_HLS_mul32/Demo_IP_HLS_mul32.sdk/test_mul32/Debug/test_mul32.elf
configparams force-mem-access 0
----------------End of Script----------------

20:53:13 INFO  : Memory regions updated for context APU
20:53:13 INFO  : Context for processor 'ps7_cortexa9_0' is selected.
20:53:13 INFO  : 'con' command is executed.
20:53:13 INFO  : ----------------XSDB Script (After Launch)----------------
targets -set -nocase -filter {name =~ "ARM*#0" && jtag_cable_name =~ "Digilent Zed 210248686847"} -index 0
con
----------------End of Script----------------

20:53:13 INFO  : Launch script is exported to file 'C:\Users\Qlala\Documents\M2_SETI\A2\git\A2\Hardware\Vivado\Demo_IP_HLS\Demo_IP_HLS_mul32\Demo_IP_HLS_mul32.sdk\.sdk\launch_scripts\xilinx_c-c++_application_(system_debugger)\system_debugger_using_debug_test_mul32.elf_on_local.tcl'
20:57:22 INFO  : Disconnected from the channel tcfchan#3.
20:57:23 INFO  : 'targets -set -filter {jtag_cable_name =~ "Digilent Zed 210248686847" && level==0} -index 1' command is executed.
20:57:23 INFO  : 'fpga -state' command is executed.
20:57:23 INFO  : Connected to target on host '127.0.0.1' and port '3121'.
20:57:24 INFO  : Jtag cable 'Digilent Zed 210248686847' is selected.
20:57:24 INFO  : 'jtag frequency' command is executed.
20:57:24 INFO  : Sourcing of 'C:/Users/Qlala/Documents/M2_SETI/A2/git/A2/Hardware/Vivado/Demo_IP_HLS/Demo_IP_HLS_mul32/Demo_IP_HLS_mul32.sdk/design_IP_wrapper_hw_platform_0/ps7_init.tcl' is done.
20:57:24 INFO  : Context for 'APU' is selected.
20:57:27 INFO  : Hardware design information is loaded from 'C:/Users/Qlala/Documents/M2_SETI/A2/git/A2/Hardware/Vivado/Demo_IP_HLS/Demo_IP_HLS_mul32/Demo_IP_HLS_mul32.sdk/design_IP_wrapper_hw_platform_0/system.hdf'.
20:57:27 INFO  : 'configparams force-mem-access 1' command is executed.
20:57:27 INFO  : Context for 'APU' is selected.
20:57:27 INFO  : 'stop' command is executed.
20:57:28 INFO  : 'ps7_init' command is executed.
20:57:28 INFO  : 'ps7_post_config' command is executed.
20:57:28 INFO  : Context for processor 'ps7_cortexa9_0' is selected.
20:57:28 INFO  : Processor reset is completed for 'ps7_cortexa9_0'.
20:57:28 INFO  : Context for processor 'ps7_cortexa9_0' is selected.
20:57:28 INFO  : The application 'C:/Users/Qlala/Documents/M2_SETI/A2/git/A2/Hardware/Vivado/Demo_IP_HLS/Demo_IP_HLS_mul32/Demo_IP_HLS_mul32.sdk/test_mul32/Debug/test_mul32.elf' is downloaded to processor 'ps7_cortexa9_0'.
20:57:28 INFO  : 'configparams force-mem-access 0' command is executed.
20:57:28 INFO  : ----------------XSDB Script----------------
connect -url tcp:127.0.0.1:3121
source C:/Users/Qlala/Documents/M2_SETI/A2/git/A2/Hardware/Vivado/Demo_IP_HLS/Demo_IP_HLS_mul32/Demo_IP_HLS_mul32.sdk/design_IP_wrapper_hw_platform_0/ps7_init.tcl
targets -set -nocase -filter {name =~"APU*" && jtag_cable_name =~ "Digilent Zed 210248686847"} -index 0
loadhw -hw C:/Users/Qlala/Documents/M2_SETI/A2/git/A2/Hardware/Vivado/Demo_IP_HLS/Demo_IP_HLS_mul32/Demo_IP_HLS_mul32.sdk/design_IP_wrapper_hw_platform_0/system.hdf -mem-ranges [list {0x40000000 0xbfffffff}]
configparams force-mem-access 1
targets -set -nocase -filter {name =~"APU*" && jtag_cable_name =~ "Digilent Zed 210248686847"} -index 0
stop
ps7_init
ps7_post_config
targets -set -nocase -filter {name =~ "ARM*#0" && jtag_cable_name =~ "Digilent Zed 210248686847"} -index 0
rst -processor
targets -set -nocase -filter {name =~ "ARM*#0" && jtag_cable_name =~ "Digilent Zed 210248686847"} -index 0
dow C:/Users/Qlala/Documents/M2_SETI/A2/git/A2/Hardware/Vivado/Demo_IP_HLS/Demo_IP_HLS_mul32/Demo_IP_HLS_mul32.sdk/test_mul32/Debug/test_mul32.elf
configparams force-mem-access 0
----------------End of Script----------------

20:57:28 INFO  : Memory regions updated for context APU
20:57:29 INFO  : Context for processor 'ps7_cortexa9_0' is selected.
20:57:29 INFO  : 'con' command is executed.
20:57:29 INFO  : ----------------XSDB Script (After Launch)----------------
targets -set -nocase -filter {name =~ "ARM*#0" && jtag_cable_name =~ "Digilent Zed 210248686847"} -index 0
con
----------------End of Script----------------

20:57:29 INFO  : Launch script is exported to file 'C:\Users\Qlala\Documents\M2_SETI\A2\git\A2\Hardware\Vivado\Demo_IP_HLS\Demo_IP_HLS_mul32\Demo_IP_HLS_mul32.sdk\.sdk\launch_scripts\xilinx_c-c++_application_(system_debugger)\system_debugger_using_debug_test_mul32.elf_on_local.tcl'
21:12:55 INFO  : SDK has detected change in the last modified timestamps for source hardware specification file Source:1582920671205,  Project:1582834114089
21:12:55 INFO  : Project design_IP_wrapper_hw_platform_0's source hardware specification located at C:/Users/Qlala/Documents/M2_SETI/A2/git/A2/Hardware/Vivado/Demo_IP_HLS/Demo_IP_HLS_mul32/Demo_IP_HLS_mul32.sdk/design_IP_wrapper.hdf is now different from the local copy.
		 The local copy will be replaced with the source specification and your workspace will be updated.
21:12:58 INFO  : Copied contents of C:/Users/Qlala/Documents/M2_SETI/A2/git/A2/Hardware/Vivado/Demo_IP_HLS/Demo_IP_HLS_mul32/Demo_IP_HLS_mul32.sdk/design_IP_wrapper.hdf into \design_IP_wrapper_hw_platform_0\system.hdf.
21:13:03 INFO  : Synchronizing projects in the workspace with the hardware platform specification changes.
21:13:10 INFO  : 
21:13:10 INFO  : Updating hardware inferred compiler options for test_mul32.
21:13:10 INFO  : Clearing existing target manager status.
21:13:10 INFO  : Closing and re-opening the MSS file of ther project test_mul32_bsp
21:13:12 INFO  : Workspace synchronized with the new hardware specification file. Cleaning dependent projects...
21:13:15 WARN  : Linker script will not be updated automatically. Users need to update it manually.
21:18:02 INFO  : Connected to target on host '127.0.0.1' and port '3121'.
21:18:02 INFO  : 'targets -set -filter {jtag_cable_name =~ "Digilent Zed 210248686847" && level==0} -index 1' command is executed.
21:18:05 INFO  : FPGA configured successfully with bitstream "C:/Users/Qlala/Documents/M2_SETI/A2/git/A2/Hardware/Vivado/Demo_IP_HLS/Demo_IP_HLS_mul32/Demo_IP_HLS_mul32.sdk/design_IP_wrapper_hw_platform_0/design_IP_wrapper.bit"
21:18:08 INFO  : Disconnected from the channel tcfchan#4.
21:18:10 INFO  : 'targets -set -filter {jtag_cable_name =~ "Digilent Zed 210248686847" && level==0} -index 1' command is executed.
21:18:10 INFO  : 'fpga -state' command is executed.
21:18:10 INFO  : Connected to target on host '127.0.0.1' and port '3121'.
21:18:11 INFO  : Jtag cable 'Digilent Zed 210248686847' is selected.
21:18:11 INFO  : 'jtag frequency' command is executed.
21:18:11 INFO  : Sourcing of 'C:/Users/Qlala/Documents/M2_SETI/A2/git/A2/Hardware/Vivado/Demo_IP_HLS/Demo_IP_HLS_mul32/Demo_IP_HLS_mul32.sdk/design_IP_wrapper_hw_platform_0/ps7_init.tcl' is done.
21:18:11 INFO  : Context for 'APU' is selected.
21:18:11 INFO  : Hardware design information is loaded from 'C:/Users/Qlala/Documents/M2_SETI/A2/git/A2/Hardware/Vivado/Demo_IP_HLS/Demo_IP_HLS_mul32/Demo_IP_HLS_mul32.sdk/design_IP_wrapper_hw_platform_0/system.hdf'.
21:18:11 INFO  : 'configparams force-mem-access 1' command is executed.
21:18:11 INFO  : Context for 'APU' is selected.
21:18:11 INFO  : 'stop' command is executed.
21:18:11 INFO  : 'ps7_init' command is executed.
21:18:11 INFO  : 'ps7_post_config' command is executed.
21:18:11 INFO  : Context for processor 'ps7_cortexa9_0' is selected.
21:18:11 INFO  : Processor reset is completed for 'ps7_cortexa9_0'.
21:18:11 INFO  : Context for processor 'ps7_cortexa9_0' is selected.
21:18:12 INFO  : The application 'C:/Users/Qlala/Documents/M2_SETI/A2/git/A2/Hardware/Vivado/Demo_IP_HLS/Demo_IP_HLS_mul32/Demo_IP_HLS_mul32.sdk/test_mul32/Debug/test_mul32.elf' is downloaded to processor 'ps7_cortexa9_0'.
21:18:12 INFO  : 'configparams force-mem-access 0' command is executed.
21:18:12 INFO  : ----------------XSDB Script----------------
connect -url tcp:127.0.0.1:3121
source C:/Users/Qlala/Documents/M2_SETI/A2/git/A2/Hardware/Vivado/Demo_IP_HLS/Demo_IP_HLS_mul32/Demo_IP_HLS_mul32.sdk/design_IP_wrapper_hw_platform_0/ps7_init.tcl
targets -set -nocase -filter {name =~"APU*" && jtag_cable_name =~ "Digilent Zed 210248686847"} -index 0
loadhw -hw C:/Users/Qlala/Documents/M2_SETI/A2/git/A2/Hardware/Vivado/Demo_IP_HLS/Demo_IP_HLS_mul32/Demo_IP_HLS_mul32.sdk/design_IP_wrapper_hw_platform_0/system.hdf -mem-ranges [list {0x40000000 0xbfffffff}]
configparams force-mem-access 1
targets -set -nocase -filter {name =~"APU*" && jtag_cable_name =~ "Digilent Zed 210248686847"} -index 0
stop
ps7_init
ps7_post_config
targets -set -nocase -filter {name =~ "ARM*#0" && jtag_cable_name =~ "Digilent Zed 210248686847"} -index 0
rst -processor
targets -set -nocase -filter {name =~ "ARM*#0" && jtag_cable_name =~ "Digilent Zed 210248686847"} -index 0
dow C:/Users/Qlala/Documents/M2_SETI/A2/git/A2/Hardware/Vivado/Demo_IP_HLS/Demo_IP_HLS_mul32/Demo_IP_HLS_mul32.sdk/test_mul32/Debug/test_mul32.elf
configparams force-mem-access 0
----------------End of Script----------------

21:18:12 INFO  : Memory regions updated for context APU
21:18:12 INFO  : Context for processor 'ps7_cortexa9_0' is selected.
21:18:12 INFO  : 'con' command is executed.
21:18:12 INFO  : ----------------XSDB Script (After Launch)----------------
targets -set -nocase -filter {name =~ "ARM*#0" && jtag_cable_name =~ "Digilent Zed 210248686847"} -index 0
con
----------------End of Script----------------

21:18:12 INFO  : Launch script is exported to file 'C:\Users\Qlala\Documents\M2_SETI\A2\git\A2\Hardware\Vivado\Demo_IP_HLS\Demo_IP_HLS_mul32\Demo_IP_HLS_mul32.sdk\.sdk\launch_scripts\xilinx_c-c++_application_(system_debugger)\system_debugger_using_debug_test_mul32.elf_on_local.tcl'
22:02:48 INFO  : Connected to target on host '127.0.0.1' and port '3121'.
22:02:49 INFO  : 'targets -set -filter {jtag_cable_name =~ "Digilent Zed 210248686847" && level==0} -index 1' command is executed.
22:02:51 INFO  : FPGA configured successfully with bitstream "C:/Users/Qlala/Documents/M2_SETI/A2/git/A2/Hardware/Vivado/Demo_IP_HLS/Demo_IP_HLS_mul32/Demo_IP_HLS_mul32.sdk/design_IP_wrapper_hw_platform_0/design_IP_wrapper.bit"
22:02:54 INFO  : Disconnected from the channel tcfchan#5.
22:02:56 INFO  : 'targets -set -filter {jtag_cable_name =~ "Digilent Zed 210248686847" && level==0} -index 1' command is executed.
22:02:56 INFO  : 'fpga -state' command is executed.
22:02:56 INFO  : Connected to target on host '127.0.0.1' and port '3121'.
22:02:56 INFO  : Jtag cable 'Digilent Zed 210248686847' is selected.
22:02:56 INFO  : 'jtag frequency' command is executed.
22:02:56 INFO  : Sourcing of 'C:/Users/Qlala/Documents/M2_SETI/A2/git/A2/Hardware/Vivado/Demo_IP_HLS/Demo_IP_HLS_mul32/Demo_IP_HLS_mul32.sdk/design_IP_wrapper_hw_platform_0/ps7_init.tcl' is done.
22:02:56 INFO  : Context for 'APU' is selected.
22:02:59 INFO  : Hardware design information is loaded from 'C:/Users/Qlala/Documents/M2_SETI/A2/git/A2/Hardware/Vivado/Demo_IP_HLS/Demo_IP_HLS_mul32/Demo_IP_HLS_mul32.sdk/design_IP_wrapper_hw_platform_0/system.hdf'.
22:02:59 INFO  : 'configparams force-mem-access 1' command is executed.
22:02:59 INFO  : Context for 'APU' is selected.
22:02:59 INFO  : 'stop' command is executed.
22:03:00 INFO  : 'ps7_init' command is executed.
22:03:00 INFO  : 'ps7_post_config' command is executed.
22:03:00 INFO  : Context for processor 'ps7_cortexa9_0' is selected.
22:03:00 INFO  : Processor reset is completed for 'ps7_cortexa9_0'.
22:03:00 INFO  : Context for processor 'ps7_cortexa9_0' is selected.
22:03:00 INFO  : The application 'C:/Users/Qlala/Documents/M2_SETI/A2/git/A2/Hardware/Vivado/Demo_IP_HLS/Demo_IP_HLS_mul32/Demo_IP_HLS_mul32.sdk/test_mul32/Debug/test_mul32.elf' is downloaded to processor 'ps7_cortexa9_0'.
22:03:00 INFO  : 'configparams force-mem-access 0' command is executed.
22:03:00 INFO  : ----------------XSDB Script----------------
connect -url tcp:127.0.0.1:3121
source C:/Users/Qlala/Documents/M2_SETI/A2/git/A2/Hardware/Vivado/Demo_IP_HLS/Demo_IP_HLS_mul32/Demo_IP_HLS_mul32.sdk/design_IP_wrapper_hw_platform_0/ps7_init.tcl
targets -set -nocase -filter {name =~"APU*" && jtag_cable_name =~ "Digilent Zed 210248686847"} -index 0
loadhw -hw C:/Users/Qlala/Documents/M2_SETI/A2/git/A2/Hardware/Vivado/Demo_IP_HLS/Demo_IP_HLS_mul32/Demo_IP_HLS_mul32.sdk/design_IP_wrapper_hw_platform_0/system.hdf -mem-ranges [list {0x40000000 0xbfffffff}]
configparams force-mem-access 1
targets -set -nocase -filter {name =~"APU*" && jtag_cable_name =~ "Digilent Zed 210248686847"} -index 0
stop
ps7_init
ps7_post_config
targets -set -nocase -filter {name =~ "ARM*#0" && jtag_cable_name =~ "Digilent Zed 210248686847"} -index 0
rst -processor
targets -set -nocase -filter {name =~ "ARM*#0" && jtag_cable_name =~ "Digilent Zed 210248686847"} -index 0
dow C:/Users/Qlala/Documents/M2_SETI/A2/git/A2/Hardware/Vivado/Demo_IP_HLS/Demo_IP_HLS_mul32/Demo_IP_HLS_mul32.sdk/test_mul32/Debug/test_mul32.elf
configparams force-mem-access 0
----------------End of Script----------------

22:03:01 INFO  : Memory regions updated for context APU
22:03:01 INFO  : Context for processor 'ps7_cortexa9_0' is selected.
22:03:01 INFO  : 'con' command is executed.
22:03:01 INFO  : ----------------XSDB Script (After Launch)----------------
targets -set -nocase -filter {name =~ "ARM*#0" && jtag_cable_name =~ "Digilent Zed 210248686847"} -index 0
con
----------------End of Script----------------

22:03:01 INFO  : Launch script is exported to file 'C:\Users\Qlala\Documents\M2_SETI\A2\git\A2\Hardware\Vivado\Demo_IP_HLS\Demo_IP_HLS_mul32\Demo_IP_HLS_mul32.sdk\.sdk\launch_scripts\xilinx_c-c++_application_(system_debugger)\system_debugger_using_debug_test_mul32.elf_on_local.tcl'
22:03:19 INFO  : Connected to target on host '127.0.0.1' and port '3121'.
22:03:19 INFO  : 'targets -set -filter {jtag_cable_name =~ "Digilent Zed 210248686847" && level==0} -index 1' command is executed.
22:03:22 INFO  : FPGA configured successfully with bitstream "C:/Users/Qlala/Documents/M2_SETI/A2/git/A2/Hardware/Vivado/Demo_IP_HLS/Demo_IP_HLS_mul32/Demo_IP_HLS_mul32.sdk/design_IP_wrapper_hw_platform_0/design_IP_wrapper.bit"
22:03:27 INFO  : Disconnected from the channel tcfchan#6.
22:03:28 INFO  : 'targets -set -filter {jtag_cable_name =~ "Digilent Zed 210248686847" && level==0} -index 1' command is executed.
22:03:28 INFO  : 'fpga -state' command is executed.
22:03:28 INFO  : Connected to target on host '127.0.0.1' and port '3121'.
22:03:29 INFO  : Jtag cable 'Digilent Zed 210248686847' is selected.
22:03:29 INFO  : 'jtag frequency' command is executed.
22:03:29 INFO  : Sourcing of 'C:/Users/Qlala/Documents/M2_SETI/A2/git/A2/Hardware/Vivado/Demo_IP_HLS/Demo_IP_HLS_mul32/Demo_IP_HLS_mul32.sdk/design_IP_wrapper_hw_platform_0/ps7_init.tcl' is done.
22:03:29 INFO  : Context for 'APU' is selected.
22:03:29 INFO  : Hardware design information is loaded from 'C:/Users/Qlala/Documents/M2_SETI/A2/git/A2/Hardware/Vivado/Demo_IP_HLS/Demo_IP_HLS_mul32/Demo_IP_HLS_mul32.sdk/design_IP_wrapper_hw_platform_0/system.hdf'.
22:03:29 INFO  : 'configparams force-mem-access 1' command is executed.
22:03:29 INFO  : Context for 'APU' is selected.
22:03:29 INFO  : 'stop' command is executed.
22:03:29 INFO  : 'ps7_init' command is executed.
22:03:29 INFO  : 'ps7_post_config' command is executed.
22:03:29 INFO  : Context for processor 'ps7_cortexa9_0' is selected.
22:03:29 INFO  : Processor reset is completed for 'ps7_cortexa9_0'.
22:03:29 INFO  : Context for processor 'ps7_cortexa9_0' is selected.
22:03:30 INFO  : The application 'C:/Users/Qlala/Documents/M2_SETI/A2/git/A2/Hardware/Vivado/Demo_IP_HLS/Demo_IP_HLS_mul32/Demo_IP_HLS_mul32.sdk/test_mul32/Debug/test_mul32.elf' is downloaded to processor 'ps7_cortexa9_0'.
22:03:30 INFO  : 'configparams force-mem-access 0' command is executed.
22:03:30 INFO  : ----------------XSDB Script----------------
connect -url tcp:127.0.0.1:3121
source C:/Users/Qlala/Documents/M2_SETI/A2/git/A2/Hardware/Vivado/Demo_IP_HLS/Demo_IP_HLS_mul32/Demo_IP_HLS_mul32.sdk/design_IP_wrapper_hw_platform_0/ps7_init.tcl
targets -set -nocase -filter {name =~"APU*" && jtag_cable_name =~ "Digilent Zed 210248686847"} -index 0
loadhw -hw C:/Users/Qlala/Documents/M2_SETI/A2/git/A2/Hardware/Vivado/Demo_IP_HLS/Demo_IP_HLS_mul32/Demo_IP_HLS_mul32.sdk/design_IP_wrapper_hw_platform_0/system.hdf -mem-ranges [list {0x40000000 0xbfffffff}]
configparams force-mem-access 1
targets -set -nocase -filter {name =~"APU*" && jtag_cable_name =~ "Digilent Zed 210248686847"} -index 0
stop
ps7_init
ps7_post_config
targets -set -nocase -filter {name =~ "ARM*#0" && jtag_cable_name =~ "Digilent Zed 210248686847"} -index 0
rst -processor
targets -set -nocase -filter {name =~ "ARM*#0" && jtag_cable_name =~ "Digilent Zed 210248686847"} -index 0
dow C:/Users/Qlala/Documents/M2_SETI/A2/git/A2/Hardware/Vivado/Demo_IP_HLS/Demo_IP_HLS_mul32/Demo_IP_HLS_mul32.sdk/test_mul32/Debug/test_mul32.elf
configparams force-mem-access 0
----------------End of Script----------------

22:03:30 INFO  : Memory regions updated for context APU
22:03:30 INFO  : Context for processor 'ps7_cortexa9_0' is selected.
22:03:30 INFO  : 'con' command is executed.
22:03:30 INFO  : ----------------XSDB Script (After Launch)----------------
targets -set -nocase -filter {name =~ "ARM*#0" && jtag_cable_name =~ "Digilent Zed 210248686847"} -index 0
con
----------------End of Script----------------

22:03:30 INFO  : Launch script is exported to file 'C:\Users\Qlala\Documents\M2_SETI\A2\git\A2\Hardware\Vivado\Demo_IP_HLS\Demo_IP_HLS_mul32\Demo_IP_HLS_mul32.sdk\.sdk\launch_scripts\xilinx_c-c++_application_(system_debugger)\system_debugger_using_debug_test_mul32.elf_on_local.tcl'
00:59:20 INFO  : Disconnected from the channel tcfchan#7.
