
*** Running vivado
    with args -log design_mb_ilmb_v10_7.vds -m64 -product Vivado -mode batch -messageDb vivado.pb -notrace -source design_mb_ilmb_v10_7.tcl


****** Vivado v2019.1.3 (64-bit)
  **** SW Build 2644227 on Wed Sep  4 09:45:24 MDT 2019
  **** IP Build 2633630 on Wed Sep  4 12:30:14 MDT 2019
    ** Copyright 1986-2019 Xilinx, Inc. All Rights Reserved.

source design_mb_ilmb_v10_7.tcl -notrace
Command: synth_design -top design_mb_ilmb_v10_7 -part xc7z020clg484-1 -mode out_of_context
Starting synth_design
Attempting to get a license for feature 'Synthesis' and/or device 'xc7z020'
INFO: [Common 17-349] Got license for feature 'Synthesis' and/or device 'xc7z020'
INFO: [Device 21-403] Loading part xc7z020clg484-1
INFO: Launching helper process for spawning children vivado processes
INFO: Helper process launched with PID 17056 
---------------------------------------------------------------------------------
Starting RTL Elaboration : Time (s): cpu = 00:00:07 ; elapsed = 00:00:08 . Memory (MB): peak = 830.145 ; gain = 178.023
---------------------------------------------------------------------------------
INFO: [Synth 8-638] synthesizing module 'design_mb_ilmb_v10_7' [c:/Users/Qlala/Documents/M2_SETI/A2/git/A2/Hardware/Vivado/multiprocessor/project_microblaze_test/project_microblaze_test.srcs/sources_1/bd/design_mb/ip/design_mb_ilmb_v10_7/synth/design_mb_ilmb_v10_7.vhd:89]
	Parameter C_LMB_NUM_SLAVES bound to: 1 - type: integer 
	Parameter C_LMB_DWIDTH bound to: 32 - type: integer 
	Parameter C_LMB_AWIDTH bound to: 32 - type: integer 
	Parameter C_EXT_RESET_HIGH bound to: 1 - type: integer 
INFO: [Synth 8-3491] module 'lmb_v10' declared at 'c:/Users/Qlala/Documents/M2_SETI/A2/git/A2/Hardware/Vivado/multiprocessor/project_microblaze_test/project_microblaze_test.srcs/sources_1/bd/design_mb/ipshared/78eb/hdl/lmb_v10_v3_0_vh_rfs.vhd:92' bound to instance 'U0' of component 'lmb_v10' [c:/Users/Qlala/Documents/M2_SETI/A2/git/A2/Hardware/Vivado/multiprocessor/project_microblaze_test/project_microblaze_test.srcs/sources_1/bd/design_mb/ip/design_mb_ilmb_v10_7/synth/design_mb_ilmb_v10_7.vhd:164]
INFO: [Synth 8-638] synthesizing module 'lmb_v10' [c:/Users/Qlala/Documents/M2_SETI/A2/git/A2/Hardware/Vivado/multiprocessor/project_microblaze_test/project_microblaze_test.srcs/sources_1/bd/design_mb/ipshared/78eb/hdl/lmb_v10_v3_0_vh_rfs.vhd:140]
	Parameter C_LMB_NUM_SLAVES bound to: 1 - type: integer 
	Parameter C_LMB_DWIDTH bound to: 32 - type: integer 
	Parameter C_LMB_AWIDTH bound to: 32 - type: integer 
	Parameter C_EXT_RESET_HIGH bound to: 1 - type: integer 
INFO: [Synth 8-3491] module 'FDS' declared at 'C:/Xilinx/Vivado/2019.1/scripts/rt/data/unisim_comp.v:13787' bound to instance 'POR_FF_I' of component 'FDS' [c:/Users/Qlala/Documents/M2_SETI/A2/git/A2/Hardware/Vivado/multiprocessor/project_microblaze_test/project_microblaze_test.srcs/sources_1/bd/design_mb/ipshared/78eb/hdl/lmb_v10_v3_0_vh_rfs.vhd:169]
INFO: [Synth 8-6157] synthesizing module 'FDS' [C:/Xilinx/Vivado/2019.1/scripts/rt/data/unisim_comp.v:13787]
	Parameter INIT bound to: 1'b1 
INFO: [Synth 8-6155] done synthesizing module 'FDS' (1#1) [C:/Xilinx/Vivado/2019.1/scripts/rt/data/unisim_comp.v:13787]
INFO: [Synth 8-256] done synthesizing module 'lmb_v10' (2#1) [c:/Users/Qlala/Documents/M2_SETI/A2/git/A2/Hardware/Vivado/multiprocessor/project_microblaze_test/project_microblaze_test.srcs/sources_1/bd/design_mb/ipshared/78eb/hdl/lmb_v10_v3_0_vh_rfs.vhd:140]
INFO: [Synth 8-256] done synthesizing module 'design_mb_ilmb_v10_7' (3#1) [c:/Users/Qlala/Documents/M2_SETI/A2/git/A2/Hardware/Vivado/multiprocessor/project_microblaze_test/project_microblaze_test.srcs/sources_1/bd/design_mb/ip/design_mb_ilmb_v10_7/synth/design_mb_ilmb_v10_7.vhd:89]
---------------------------------------------------------------------------------
Finished RTL Elaboration : Time (s): cpu = 00:00:10 ; elapsed = 00:00:11 . Memory (MB): peak = 896.723 ; gain = 244.602
---------------------------------------------------------------------------------

Report Check Netlist: 
+------+------------------+-------+---------+-------+------------------+
|      |Item              |Errors |Warnings |Status |Description       |
+------+------------------+-------+---------+-------+------------------+
|1     |multi_driven_nets |      0|        0|Passed |Multi driven nets |
+------+------------------+-------+---------+-------+------------------+
---------------------------------------------------------------------------------
Start Handling Custom Attributes
---------------------------------------------------------------------------------
---------------------------------------------------------------------------------
Finished Handling Custom Attributes : Time (s): cpu = 00:00:10 ; elapsed = 00:00:11 . Memory (MB): peak = 896.723 ; gain = 244.602
---------------------------------------------------------------------------------
---------------------------------------------------------------------------------
Finished RTL Optimization Phase 1 : Time (s): cpu = 00:00:10 ; elapsed = 00:00:11 . Memory (MB): peak = 896.723 ; gain = 244.602
---------------------------------------------------------------------------------
INFO: [Netlist 29-17] Analyzing 1 Unisim elements for replacement
INFO: [Netlist 29-28] Unisim Transformation completed in 0 CPU seconds
INFO: [Project 1-570] Preparing netlist for logic optimization

Processing XDC Constraints
Initializing timing engine
Parsing XDC File [c:/Users/Qlala/Documents/M2_SETI/A2/git/A2/Hardware/Vivado/multiprocessor/project_microblaze_test/project_microblaze_test.srcs/sources_1/bd/design_mb/ip/design_mb_ilmb_v10_7/design_mb_ilmb_v10_7_ooc.xdc] for cell 'U0'
Finished Parsing XDC File [c:/Users/Qlala/Documents/M2_SETI/A2/git/A2/Hardware/Vivado/multiprocessor/project_microblaze_test/project_microblaze_test.srcs/sources_1/bd/design_mb/ip/design_mb_ilmb_v10_7/design_mb_ilmb_v10_7_ooc.xdc] for cell 'U0'
Parsing XDC File [c:/Users/Qlala/Documents/M2_SETI/A2/git/A2/Hardware/Vivado/multiprocessor/project_microblaze_test/project_microblaze_test.srcs/sources_1/bd/design_mb/ip/design_mb_ilmb_v10_7/design_mb_ilmb_v10_7.xdc] for cell 'U0'
Finished Parsing XDC File [c:/Users/Qlala/Documents/M2_SETI/A2/git/A2/Hardware/Vivado/multiprocessor/project_microblaze_test/project_microblaze_test.srcs/sources_1/bd/design_mb/ip/design_mb_ilmb_v10_7/design_mb_ilmb_v10_7.xdc] for cell 'U0'
Parsing XDC File [C:/Users/Qlala/Documents/M2_SETI/A2/git/A2/Hardware/Vivado/multiprocessor/project_microblaze_test/project_microblaze_test.runs/design_mb_ilmb_v10_7_synth_1/dont_touch.xdc]
Finished Parsing XDC File [C:/Users/Qlala/Documents/M2_SETI/A2/git/A2/Hardware/Vivado/multiprocessor/project_microblaze_test/project_microblaze_test.runs/design_mb_ilmb_v10_7_synth_1/dont_touch.xdc]
Completed Processing XDC Constraints

Netlist sorting complete. Time (s): cpu = 00:00:00 ; elapsed = 00:00:00 . Memory (MB): peak = 927.219 ; gain = 0.000
INFO: [Project 1-111] Unisim Transformation Summary:
  A total of 1 instances were transformed.
  FDS => FDSE: 1 instances

Constraint Validation Runtime : Time (s): cpu = 00:00:00 ; elapsed = 00:00:00.099 . Memory (MB): peak = 939.492 ; gain = 12.273
---------------------------------------------------------------------------------
Finished Constraint Validation : Time (s): cpu = 00:00:22 ; elapsed = 00:00:25 . Memory (MB): peak = 939.492 ; gain = 287.371
---------------------------------------------------------------------------------
---------------------------------------------------------------------------------
Start Loading Part and Timing Information
---------------------------------------------------------------------------------
Loading part: xc7z020clg484-1
---------------------------------------------------------------------------------
Finished Loading Part and Timing Information : Time (s): cpu = 00:00:22 ; elapsed = 00:00:25 . Memory (MB): peak = 939.492 ; gain = 287.371
---------------------------------------------------------------------------------
---------------------------------------------------------------------------------
Start Applying 'set_property' XDC Constraints
---------------------------------------------------------------------------------
Applied set_property DONT_TOUCH = true for U0. (constraint file  C:/Users/Qlala/Documents/M2_SETI/A2/git/A2/Hardware/Vivado/multiprocessor/project_microblaze_test/project_microblaze_test.runs/design_mb_ilmb_v10_7_synth_1/dont_touch.xdc, line 9).
---------------------------------------------------------------------------------
Finished applying 'set_property' XDC Constraints : Time (s): cpu = 00:00:22 ; elapsed = 00:00:25 . Memory (MB): peak = 939.492 ; gain = 287.371
---------------------------------------------------------------------------------
---------------------------------------------------------------------------------
Finished RTL Optimization Phase 2 : Time (s): cpu = 00:00:23 ; elapsed = 00:00:25 . Memory (MB): peak = 939.492 ; gain = 287.371
---------------------------------------------------------------------------------

Report RTL Partitions: 
+-+--------------+------------+----------+
| |RTL Partition |Replication |Instances |
+-+--------------+------------+----------+
+-+--------------+------------+----------+
---------------------------------------------------------------------------------
Start RTL Component Statistics 
---------------------------------------------------------------------------------
Detailed RTL Component Info : 
---------------------------------------------------------------------------------
Finished RTL Component Statistics 
---------------------------------------------------------------------------------
---------------------------------------------------------------------------------
Start RTL Hierarchical Component Statistics 
---------------------------------------------------------------------------------
Hierarchical RTL Component report 
---------------------------------------------------------------------------------
Finished RTL Hierarchical Component Statistics
---------------------------------------------------------------------------------
---------------------------------------------------------------------------------
Start Part Resource Summary
---------------------------------------------------------------------------------
Part Resources:
DSPs: 220 (col length:60)
BRAMs: 280 (col length: RAMB18 60 RAMB36 30)
---------------------------------------------------------------------------------
Finished Part Resource Summary
---------------------------------------------------------------------------------
---------------------------------------------------------------------------------
Start Cross Boundary and Area Optimization
---------------------------------------------------------------------------------
Warning: Parallel synthesis criteria is not met 
---------------------------------------------------------------------------------
Finished Cross Boundary and Area Optimization : Time (s): cpu = 00:00:25 ; elapsed = 00:00:28 . Memory (MB): peak = 939.492 ; gain = 287.371
---------------------------------------------------------------------------------

Report RTL Partitions: 
+-+--------------+------------+----------+
| |RTL Partition |Replication |Instances |
+-+--------------+------------+----------+
+-+--------------+------------+----------+
---------------------------------------------------------------------------------
Start Applying XDC Timing Constraints
---------------------------------------------------------------------------------
---------------------------------------------------------------------------------
Finished Applying XDC Timing Constraints : Time (s): cpu = 00:00:41 ; elapsed = 00:00:46 . Memory (MB): peak = 966.309 ; gain = 314.188
---------------------------------------------------------------------------------
---------------------------------------------------------------------------------
Start Timing Optimization
---------------------------------------------------------------------------------
---------------------------------------------------------------------------------
Finished Timing Optimization : Time (s): cpu = 00:00:41 ; elapsed = 00:00:46 . Memory (MB): peak = 966.309 ; gain = 314.188
---------------------------------------------------------------------------------

Report RTL Partitions: 
+-+--------------+------------+----------+
| |RTL Partition |Replication |Instances |
+-+--------------+------------+----------+
+-+--------------+------------+----------+
---------------------------------------------------------------------------------
Start Technology Mapping
---------------------------------------------------------------------------------
---------------------------------------------------------------------------------
Finished Technology Mapping : Time (s): cpu = 00:00:41 ; elapsed = 00:00:46 . Memory (MB): peak = 975.840 ; gain = 323.719
---------------------------------------------------------------------------------

Report RTL Partitions: 
+-+--------------+------------+----------+
| |RTL Partition |Replication |Instances |
+-+--------------+------------+----------+
+-+--------------+------------+----------+
---------------------------------------------------------------------------------
Start IO Insertion
---------------------------------------------------------------------------------
---------------------------------------------------------------------------------
Start Flattening Before IO Insertion
---------------------------------------------------------------------------------
---------------------------------------------------------------------------------
Finished Flattening Before IO Insertion
---------------------------------------------------------------------------------
---------------------------------------------------------------------------------
Start Final Netlist Cleanup
---------------------------------------------------------------------------------
---------------------------------------------------------------------------------
Finished Final Netlist Cleanup
---------------------------------------------------------------------------------
---------------------------------------------------------------------------------
Finished IO Insertion : Time (s): cpu = 00:00:45 ; elapsed = 00:00:50 . Memory (MB): peak = 990.652 ; gain = 338.531
---------------------------------------------------------------------------------

Report Check Netlist: 
+------+------------------+-------+---------+-------+------------------+
|      |Item              |Errors |Warnings |Status |Description       |
+------+------------------+-------+---------+-------+------------------+
|1     |multi_driven_nets |      0|        0|Passed |Multi driven nets |
+------+------------------+-------+---------+-------+------------------+
---------------------------------------------------------------------------------
Start Renaming Generated Instances
---------------------------------------------------------------------------------
---------------------------------------------------------------------------------
Finished Renaming Generated Instances : Time (s): cpu = 00:00:45 ; elapsed = 00:00:50 . Memory (MB): peak = 990.652 ; gain = 338.531
---------------------------------------------------------------------------------

Report RTL Partitions: 
+-+--------------+------------+----------+
| |RTL Partition |Replication |Instances |
+-+--------------+------------+----------+
+-+--------------+------------+----------+
---------------------------------------------------------------------------------
Start Rebuilding User Hierarchy
---------------------------------------------------------------------------------
---------------------------------------------------------------------------------
Finished Rebuilding User Hierarchy : Time (s): cpu = 00:00:45 ; elapsed = 00:00:50 . Memory (MB): peak = 990.652 ; gain = 338.531
---------------------------------------------------------------------------------
---------------------------------------------------------------------------------
Start Renaming Generated Ports
---------------------------------------------------------------------------------
---------------------------------------------------------------------------------
Finished Renaming Generated Ports : Time (s): cpu = 00:00:45 ; elapsed = 00:00:50 . Memory (MB): peak = 990.652 ; gain = 338.531
---------------------------------------------------------------------------------
---------------------------------------------------------------------------------
Start Handling Custom Attributes
---------------------------------------------------------------------------------
---------------------------------------------------------------------------------
Finished Handling Custom Attributes : Time (s): cpu = 00:00:45 ; elapsed = 00:00:50 . Memory (MB): peak = 990.652 ; gain = 338.531
---------------------------------------------------------------------------------
---------------------------------------------------------------------------------
Start Renaming Generated Nets
---------------------------------------------------------------------------------
---------------------------------------------------------------------------------
Finished Renaming Generated Nets : Time (s): cpu = 00:00:45 ; elapsed = 00:00:50 . Memory (MB): peak = 990.652 ; gain = 338.531
---------------------------------------------------------------------------------
---------------------------------------------------------------------------------
Start Writing Synthesis Report
---------------------------------------------------------------------------------

Report BlackBoxes: 
+-+--------------+----------+
| |BlackBox name |Instances |
+-+--------------+----------+
+-+--------------+----------+

Report Cell Usage: 
+------+-----+------+
|      |Cell |Count |
+------+-----+------+
|1     |FDS  |     1|
+------+-----+------+

Report Instance Areas: 
+------+---------+--------+------+
|      |Instance |Module  |Cells |
+------+---------+--------+------+
|1     |top      |        |     1|
|2     |  U0     |lmb_v10 |     1|
+------+---------+--------+------+
---------------------------------------------------------------------------------
Finished Writing Synthesis Report : Time (s): cpu = 00:00:45 ; elapsed = 00:00:50 . Memory (MB): peak = 990.652 ; gain = 338.531
---------------------------------------------------------------------------------
Synthesis finished with 0 errors, 0 critical warnings and 0 warnings.
Synthesis Optimization Runtime : Time (s): cpu = 00:00:30 ; elapsed = 00:00:45 . Memory (MB): peak = 990.652 ; gain = 295.762
Synthesis Optimization Complete : Time (s): cpu = 00:00:45 ; elapsed = 00:00:51 . Memory (MB): peak = 990.652 ; gain = 338.531
INFO: [Project 1-571] Translating synthesized netlist
INFO: [Netlist 29-17] Analyzing 1 Unisim elements for replacement
INFO: [Netlist 29-28] Unisim Transformation completed in 0 CPU seconds
INFO: [Project 1-570] Preparing netlist for logic optimization
INFO: [Opt 31-138] Pushed 0 inverter(s) to 0 load pin(s).
Netlist sorting complete. Time (s): cpu = 00:00:00 ; elapsed = 00:00:00 . Memory (MB): peak = 1011.953 ; gain = 0.000
INFO: [Project 1-111] Unisim Transformation Summary:
  A total of 1 instances were transformed.
  FDS => FDSE: 1 instances

INFO: [Common 17-83] Releasing license: Synthesis
21 Infos, 0 Warnings, 0 Critical Warnings and 0 Errors encountered.
synth_design completed successfully
synth_design: Time (s): cpu = 00:00:56 ; elapsed = 00:01:06 . Memory (MB): peak = 1011.953 ; gain = 626.598
Netlist sorting complete. Time (s): cpu = 00:00:00 ; elapsed = 00:00:00 . Memory (MB): peak = 1011.953 ; gain = 0.000
WARNING: [Constraints 18-5210] No constraints selected for write.
Resolution: This message can indicate that there are no constraints for the design, or it can indicate that the used_in flags are set such that the constraints are ignored. This later case is used when running synth_design to not write synthesis constraints to the resulting checkpoint. Instead, project constraints are read when the synthesized design is opened.
INFO: [Common 17-1381] The checkpoint 'C:/Users/Qlala/Documents/M2_SETI/A2/git/A2/Hardware/Vivado/multiprocessor/project_microblaze_test/project_microblaze_test.runs/design_mb_ilmb_v10_7_synth_1/design_mb_ilmb_v10_7.dcp' has been generated.
WARNING: [Common 17-576] 'use_project_ipc' is deprecated. This option is deprecated and no longer used.
INFO: [Coretcl 2-1648] Added synthesis output to IP cache for IP design_mb_ilmb_v10_7, cache-ID = d22145f4f081dc46
Netlist sorting complete. Time (s): cpu = 00:00:00 ; elapsed = 00:00:00.002 . Memory (MB): peak = 1011.953 ; gain = 0.000
WARNING: [Constraints 18-5210] No constraints selected for write.
Resolution: This message can indicate that there are no constraints for the design, or it can indicate that the used_in flags are set such that the constraints are ignored. This later case is used when running synth_design to not write synthesis constraints to the resulting checkpoint. Instead, project constraints are read when the synthesized design is opened.
INFO: [Common 17-1381] The checkpoint 'C:/Users/Qlala/Documents/M2_SETI/A2/git/A2/Hardware/Vivado/multiprocessor/project_microblaze_test/project_microblaze_test.runs/design_mb_ilmb_v10_7_synth_1/design_mb_ilmb_v10_7.dcp' has been generated.
INFO: [runtcl-4] Executing : report_utilization -file design_mb_ilmb_v10_7_utilization_synth.rpt -pb design_mb_ilmb_v10_7_utilization_synth.pb
INFO: [Common 17-206] Exiting Vivado at Thu Feb 27 21:40:28 2020...
