INFO: [SIM 2] *************** CSIM start ***************
INFO: [SIM 4] CSIM will launch GCC as the compiler.
   Compiling(apcc) ../../../../src/BMM_main.c in release mode
INFO: [HLS 200-10] Running '/mnt/side_windows/Vivado_linux/Vivado/2019.1/bin/unwrapped/lnx64.o/apcc'
INFO: [HLS 200-10] For user 'anis' on host 'port' (Linux_x86_64 version 5.3.0-28-generic) on Sat Feb 15 15:28:05 CET 2020
INFO: [HLS 200-10] On os Ubuntu 18.04.4 LTS
INFO: [HLS 200-10] In directory '/mnt/side_windows/UPSUD/A2/HLS/Block_Matrix_HLS/block_matrix/solution1/csim/build'
INFO: [APCC 202-1] APCC is done.
   Compiling(apcc) ../../../../src/BMM_fonctions.c in release mode
INFO: [HLS 200-10] Running '/mnt/side_windows/Vivado_linux/Vivado/2019.1/bin/unwrapped/lnx64.o/apcc'
INFO: [HLS 200-10] For user 'anis' on host 'port' (Linux_x86_64 version 5.3.0-28-generic) on Sat Feb 15 15:28:18 CET 2020
INFO: [HLS 200-10] On os Ubuntu 18.04.4 LTS
INFO: [HLS 200-10] In directory '/mnt/side_windows/UPSUD/A2/HLS/Block_Matrix_HLS/block_matrix/solution1/csim/build'
INFO: [APCC 202-1] APCC is done.
   Generating csim.exe
120.000000  120.000000  120.000000  120.000000  120.000000  120.000000  120.000000  120.000000  120.000000  120.000000  120.000000  120.000000  120.000000  120.000000  120.000000  120.000000  
376.000000  376.000000  376.000000  376.000000  376.000000  376.000000  376.000000  376.000000  376.000000  376.000000  376.000000  376.000000  376.000000  376.000000  376.000000  376.000000  
632.000000  632.000000  632.000000  632.000000  632.000000  632.000000  632.000000  632.000000  632.000000  632.000000  632.000000  632.000000  632.000000  632.000000  632.000000  632.000000  
888.000000  888.000000  888.000000  888.000000  888.000000  888.000000  888.000000  888.000000  888.000000  888.000000  888.000000  888.000000  888.000000  888.000000  888.000000  888.000000  
1144.000000  1144.000000  1144.000000  1144.000000  1144.000000  1144.000000  1144.000000  1144.000000  1144.000000  1144.000000  1144.000000  1144.000000  1144.000000  1144.000000  1144.000000  1144.000000  
1400.000000  1400.000000  1400.000000  1400.000000  1400.000000  1400.000000  1400.000000  1400.000000  1400.000000  1400.000000  1400.000000  1400.000000  1400.000000  1400.000000  1400.000000  1400.000000  
1656.000000  1656.000000  1656.000000  1656.000000  1656.000000  1656.000000  1656.000000  1656.000000  1656.000000  1656.000000  1656.000000  1656.000000  1656.000000  1656.000000  1656.000000  1656.000000  
1912.000000  1912.000000  1912.000000  1912.000000  1912.000000  1912.000000  1912.000000  1912.000000  1912.000000  1912.000000  1912.000000  1912.000000  1912.000000  1912.000000  1912.000000  1912.000000  
2168.000000  2168.000000  2168.000000  2168.000000  2168.000000  2168.000000  2168.000000  2168.000000  2168.000000  2168.000000  2168.000000  2168.000000  2168.000000  2168.000000  2168.000000  2168.000000  
2424.000000  2424.000000  2424.000000  2424.000000  2424.000000  2424.000000  2424.000000  2424.000000  2424.000000  2424.000000  2424.000000  2424.000000  2424.000000  2424.000000  2424.000000  2424.000000  
2680.000000  2680.000000  2680.000000  2680.000000  2680.000000  2680.000000  2680.000000  2680.000000  2680.000000  2680.000000  2680.000000  2680.000000  2680.000000  2680.000000  2680.000000  2680.000000  
2936.000000  2936.000000  2936.000000  2936.000000  2936.000000  2936.000000  2936.000000  2936.000000  2936.000000  2936.000000  2936.000000  2936.000000  2936.000000  2936.000000  2936.000000  2936.000000  
3192.000000  3192.000000  3192.000000  3192.000000  3192.000000  3192.000000  3192.000000  3192.000000  3192.000000  3192.000000  3192.000000  3192.000000  3192.000000  3192.000000  3192.000000  3192.000000  
3448.000000  3448.000000  3448.000000  3448.000000  3448.000000  3448.000000  3448.000000  3448.000000  3448.000000  3448.000000  3448.000000  3448.000000  3448.000000  3448.000000  3448.000000  3448.000000  
3704.000000  3704.000000  3704.000000  3704.000000  3704.000000  3704.000000  3704.000000  3704.000000  3704.000000  3704.000000  3704.000000  3704.000000  3704.000000  3704.000000  3704.000000  3704.000000  
3960.000000  3960.000000  3960.000000  3960.000000  3960.000000  3960.000000  3960.000000  3960.000000  3960.000000  3960.000000  3960.000000  3960.000000  3960.000000  3960.000000  3960.000000  3960.000000  
Time used = 0.0001940000 seconds.
INFO: [SIM 1] CSim done with 0 errors.
INFO: [SIM 3] *************** CSIM finish ***************
